[ 2016-08-16T10:43:32+08:00 ] ::1 /jiaolianyuan/index.php
INFO: [ app_init ] --START--
INFO: Run Behavior\BuildLiteBehavior [ RunTime:0.000037s ]
INFO: [ app_init ] --END-- [ RunTime:0.001782s ]
INFO: [ app_begin ] --START--
INFO: Run Behavior\ReadHtmlCacheBehavior [ RunTime:0.002769s ]
INFO: [ app_begin ] --END-- [ RunTime:0.002973s ]
NOTIC: [8] Undefined index: name D:\myenvironment\AppServ\www\jiaolianyuan\APP\Home\Controller\IndexController.class.php 第 8 行.
NOTIC: [8] Undefined index: face D:\myenvironment\AppServ\www\jiaolianyuan\APP\Home\Controller\IndexController.class.php 第 9 行.
NOTIC: [8] Undefined index: identity D:\myenvironment\AppServ\www\jiaolianyuan\APP\Home\Controller\IndexController.class.php 第 10 行.
SQL: SHOW COLUMNS FROM `cate` [ RunTime:0.0765s ]
NOTIC: [8] Undefined variable: courseCate D:\myenvironment\AppServ\www\jiaolianyuan\APP\Home\Controller\IndexController.class.php 第 44 行.
SQL: SELECT `id`,`cname` FROM `cate`  [ RunTime:0.0008s ]
NOTIC: [8] Undefined variable: courseCate D:\myenvironment\AppServ\www\jiaolianyuan\APP\Home\Controller\IndexController.class.php 第 49 行.
SQL: select * from (select class.id,className,classIntro,classPic from `class` left join `stu_class` on class.id = classId) as a where id=1 [ RunTime:0.0574s ]
SQL: select * from (select class.id,className,classIntro,classPic from `class` left join `stu_class` on class.id = classId) as a where id=2 [ RunTime:0.0009s ]
SQL: select * from (select class.id,className,classIntro,classPic from `class` left join `stu_class` on class.id = classId) as a where id=3 [ RunTime:0.0009s ]
SQL: select * from (select class.id,className,classIntro,classPic from `class` left join `stu_class` on class.id = classId) as a where id=4 [ RunTime:0.0008s ]
SQL: select * from (select class.id,className,classIntro,classPic from `class` left join `stu_class` on class.id = classId) as a where id=5 [ RunTime:0.0009s ]
SQL: SHOW COLUMNS FROM `class` [ RunTime:0.0028s ]
SQL: SELECT `id` FROM `cate` LIMIT 0,1   [ RunTime:0.0007s ]
SQL: SELECT `id`,`classPic`,`classIntro`,`className` FROM `class` WHERE ( classCate=1 ) LIMIT 3,8   [ RunTime:0.0008s ]
INFO: [ view_parse ] --START--
INFO: [ template_filter ] --START--
INFO: Run Behavior\ContentReplaceBehavior [ RunTime:0.000363s ]
INFO: [ template_filter ] --END-- [ RunTime:0.000495s ]
NOTIC: [8] Undefined variable: phone D:\myenvironment\AppServ\www\jiaolianyuan\APP\Runtime\Cache\Home\a59b5e3d0bfe1e0eebc9ef04a084f7b9.php 第 122 行.
NOTIC: [8] Undefined variable: classList D:\myenvironment\AppServ\www\jiaolianyuan\APP\Runtime\Cache\Home\a59b5e3d0bfe1e0eebc9ef04a084f7b9.php 第 175 行.
NOTIC: [8] Undefined variable: classList D:\myenvironment\AppServ\www\jiaolianyuan\APP\Runtime\Cache\Home\a59b5e3d0bfe1e0eebc9ef04a084f7b9.php 第 175 行.
NOTIC: [8] Undefined variable: classList D:\myenvironment\AppServ\www\jiaolianyuan\APP\Runtime\Cache\Home\a59b5e3d0bfe1e0eebc9ef04a084f7b9.php 第 175 行.
NOTIC: [8] Undefined variable: classList D:\myenvironment\AppServ\www\jiaolianyuan\APP\Runtime\Cache\Home\a59b5e3d0bfe1e0eebc9ef04a084f7b9.php 第 175 行.
NOTIC: [8] Undefined variable: classList D:\myenvironment\AppServ\www\jiaolianyuan\APP\Runtime\Cache\Home\a59b5e3d0bfe1e0eebc9ef04a084f7b9.php 第 175 行.
NOTIC: [8] Undefined variable: hotClassList2 D:\myenvironment\AppServ\www\jiaolianyuan\APP\Runtime\Cache\Home\a59b5e3d0bfe1e0eebc9ef04a084f7b9.php 第 237 行.
INFO: Run Behavior\ParseTemplateBehavior [ RunTime:0.041463s ]
INFO: [ view_parse ] --END-- [ RunTime:0.041604s ]
INFO: [ view_filter ] --START--
INFO: Run Behavior\WriteHtmlCacheBehavior [ RunTime:0.001573s ]
INFO: [ view_filter ] --END-- [ RunTime:0.001685s ]
INFO: [ app_end ] --START--
INFO: Run Behavior\ShowPageTraceBehavior [ RunTime:0.002207s ]
INFO: [ app_end ] --END-- [ RunTime:0.002350s ]

[ 2016-08-16T10:43:36+08:00 ] ::1 /jiaolianyuan/index.php/Home/Index/getClassList?cname=PHP%E5%B7%A5%E7%A8%8B%E5%B8%88
INFO: [ app_init ] --START--
INFO: Run Behavior\BuildLiteBehavior [ RunTime:0.000037s ]
INFO: [ app_init ] --END-- [ RunTime:0.001416s ]
INFO: [ app_begin ] --START--
INFO: Run Behavior\ReadHtmlCacheBehavior [ RunTime:0.001777s ]
INFO: [ app_begin ] --END-- [ RunTime:0.001911s ]
SQL: SHOW COLUMNS FROM `class` [ RunTime:0.0037s ]
SQL: SHOW COLUMNS FROM `cate` [ RunTime:0.0033s ]
SQL: SELECT `id` FROM `cate` WHERE `cName` = 'PHP工程师'  [ RunTime:0.0023s ]
SQL: SELECT `id`,`className` FROM `class` WHERE ( classCate=1 )  [ RunTime:0.0010s ]

[ 2016-08-16T10:43:38+08:00 ] ::1 /jiaolianyuan/index.php/Home/Detail/detail/id/1
INFO: [ app_init ] --START--
INFO: Run Behavior\BuildLiteBehavior [ RunTime:0.000037s ]
INFO: [ app_init ] --END-- [ RunTime:0.001775s ]
INFO: [ app_begin ] --START--
INFO: Run Behavior\ReadHtmlCacheBehavior [ RunTime:0.002005s ]
INFO: [ app_begin ] --END-- [ RunTime:0.002206s ]
NOTIC: [8] Undefined index: name D:\myenvironment\AppServ\www\jiaolianyuan\APP\Home\Controller\DetailController.class.php 第 8 行.
NOTIC: [8] Undefined index: face D:\myenvironment\AppServ\www\jiaolianyuan\APP\Home\Controller\DetailController.class.php 第 9 行.
NOTIC: [8] Undefined index: identity D:\myenvironment\AppServ\www\jiaolianyuan\APP\Home\Controller\DetailController.class.php 第 10 行.
SQL: SHOW COLUMNS FROM `class` [ RunTime:0.0045s ]
SQL: SELECT `id`,`className`,`classPrice`,`avePeriod`,`classIntro`,`detailPic` FROM `class` WHERE `id` = 1  [ RunTime:0.0013s ]
SQL: SHOW COLUMNS FROM `class_project` [ RunTime:0.0432s ]
SQL: SHOW COLUMNS FROM `project` [ RunTime:0.0705s ]
SQL: SELECT `projectId` FROM `class_project` WHERE `classId` = 1  [ RunTime:0.0010s ]
SQL: select * from project where id in (select projectId from `class_project` where classId=1) [ RunTime:0.0015s ]
SQL: select a.stuId,face,stuName,time,content,star from ((select stuId,classId,content,star,time from `stu_class` where content is not null and classId=1)as a left join student on a.stuId=student.id) [ RunTime:0.0420s ]
SQL: select id,stuName,face from student where id in (select stuId from `stu_class` where classId=1) [ RunTime:0.0012s ]
INFO: [ view_parse ] --START--
INFO: [ template_filter ] --START--
INFO: Run Behavior\ContentReplaceBehavior [ RunTime:0.000735s ]
INFO: [ template_filter ] --END-- [ RunTime:0.001030s ]
NOTIC: [8] Undefined variable: phone D:\myenvironment\AppServ\www\jiaolianyuan\APP\Runtime\Cache\Home\e673543776cc5ec8f086ffb243bb4ad9.php 第 43 行.
NOTIC: [2] Illegal string offset 'name' D:\myenvironment\AppServ\www\jiaolianyuan\APP\Runtime\Cache\Home\e673543776cc5ec8f086ffb243bb4ad9.php 第 129 行.
NOTIC: [2] Illegal string offset 'name' D:\myenvironment\AppServ\www\jiaolianyuan\APP\Runtime\Cache\Home\e673543776cc5ec8f086ffb243bb4ad9.php 第 129 行.
NOTIC: [2] Illegal string offset 'name' D:\myenvironment\AppServ\www\jiaolianyuan\APP\Runtime\Cache\Home\e673543776cc5ec8f086ffb243bb4ad9.php 第 129 行.
NOTIC: [2] Illegal string offset 'name' D:\myenvironment\AppServ\www\jiaolianyuan\APP\Runtime\Cache\Home\e673543776cc5ec8f086ffb243bb4ad9.php 第 129 行.
NOTIC: [2] Illegal string offset 'name' D:\myenvironment\AppServ\www\jiaolianyuan\APP\Runtime\Cache\Home\e673543776cc5ec8f086ffb243bb4ad9.php 第 129 行.
NOTIC: [2] Illegal string offset 'name' D:\myenvironment\AppServ\www\jiaolianyuan\APP\Runtime\Cache\Home\e673543776cc5ec8f086ffb243bb4ad9.php 第 129 行.
INFO: Run Behavior\ParseTemplateBehavior [ RunTime:0.071300s ]
INFO: [ view_parse ] --END-- [ RunTime:0.071447s ]
INFO: [ view_filter ] --START--
INFO: Run Behavior\WriteHtmlCacheBehavior [ RunTime:0.001277s ]
INFO: [ view_filter ] --END-- [ RunTime:0.001382s ]
INFO: [ app_end ] --START--
INFO: Run Behavior\ShowPageTraceBehavior [ RunTime:0.003223s ]
INFO: [ app_end ] --END-- [ RunTime:0.003425s ]

[ 2016-08-16T10:43:57+08:00 ] ::1 /jiaolianyuan/index.php/Home/Detail/detail/id/1
INFO: [ app_init ] --START--
INFO: Run Behavior\BuildLiteBehavior [ RunTime:0.000036s ]
INFO: [ app_init ] --END-- [ RunTime:0.001694s ]
INFO: [ app_begin ] --START--
INFO: Run Behavior\ReadHtmlCacheBehavior [ RunTime:0.002681s ]
INFO: [ app_begin ] --END-- [ RunTime:0.002885s ]
NOTIC: [8] Undefined index: name D:\myenvironment\AppServ\www\jiaolianyuan\APP\Home\Controller\DetailController.class.php 第 8 行.
NOTIC: [8] Undefined index: face D:\myenvironment\AppServ\www\jiaolianyuan\APP\Home\Controller\DetailController.class.php 第 9 行.
NOTIC: [8] Undefined index: identity D:\myenvironment\AppServ\www\jiaolianyuan\APP\Home\Controller\DetailController.class.php 第 10 行.
SQL: SHOW COLUMNS FROM `class` [ RunTime:0.0057s ]
SQL: SELECT `id`,`className`,`classPrice`,`avePeriod`,`classIntro`,`detailPic` FROM `class` WHERE `id` = 1  [ RunTime:0.0011s ]
SQL: SHOW COLUMNS FROM `class_project` [ RunTime:0.0041s ]
SQL: SHOW COLUMNS FROM `project` [ RunTime:0.0035s ]
SQL: SELECT `projectId` FROM `class_project` WHERE `classId` = 1  [ RunTime:0.0008s ]
SQL: select * from project where id in (select projectId from `class_project` where classId=1) [ RunTime:0.0015s ]
SQL: select a.stuId,face,stuName,time,content,star from ((select stuId,classId,content,star,time from `stu_class` where content is not null and classId=1)as a left join student on a.stuId=student.id) [ RunTime:0.0084s ]
SQL: select id,stuName,face from student where id in (select stuId from `stu_class` where classId=1) [ RunTime:0.0012s ]
INFO: [ view_parse ] --START--
INFO: [ template_filter ] --START--
INFO: Run Behavior\ContentReplaceBehavior [ RunTime:0.000580s ]
INFO: [ template_filter ] --END-- [ RunTime:0.000758s ]
NOTIC: [8] Undefined variable: phone D:\myenvironment\AppServ\www\jiaolianyuan\APP\Runtime\Cache\Home\e673543776cc5ec8f086ffb243bb4ad9.php 第 43 行.
NOTIC: [2] Illegal string offset 'name' D:\myenvironment\AppServ\www\jiaolianyuan\APP\Runtime\Cache\Home\e673543776cc5ec8f086ffb243bb4ad9.php 第 130 行.
NOTIC: [2] Illegal string offset 'name' D:\myenvironment\AppServ\www\jiaolianyuan\APP\Runtime\Cache\Home\e673543776cc5ec8f086ffb243bb4ad9.php 第 130 行.
NOTIC: [2] Illegal string offset 'name' D:\myenvironment\AppServ\www\jiaolianyuan\APP\Runtime\Cache\Home\e673543776cc5ec8f086ffb243bb4ad9.php 第 130 行.
NOTIC: [2] Illegal string offset 'name' D:\myenvironment\AppServ\www\jiaolianyuan\APP\Runtime\Cache\Home\e673543776cc5ec8f086ffb243bb4ad9.php 第 130 行.
NOTIC: [2] Illegal string offset 'name' D:\myenvironment\AppServ\www\jiaolianyuan\APP\Runtime\Cache\Home\e673543776cc5ec8f086ffb243bb4ad9.php 第 130 行.
NOTIC: [2] Illegal string offset 'name' D:\myenvironment\AppServ\www\jiaolianyuan\APP\Runtime\Cache\Home\e673543776cc5ec8f086ffb243bb4ad9.php 第 130 行.
INFO: Run Behavior\ParseTemplateBehavior [ RunTime:0.068430s ]
INFO: [ view_parse ] --END-- [ RunTime:0.068600s ]
INFO: [ view_filter ] --START--
INFO: Run Behavior\WriteHtmlCacheBehavior [ RunTime:0.002112s ]
INFO: [ view_filter ] --END-- [ RunTime:0.002265s ]
INFO: [ app_end ] --START--
INFO: Run Behavior\ShowPageTraceBehavior [ RunTime:0.007255s ]
INFO: [ app_end ] --END-- [ RunTime:0.007515s ]

[ 2016-08-16T10:44:23+08:00 ] ::1 /jiaolianyuan/index.php/Home/Detail/detail/id/1
INFO: [ app_init ] --START--
INFO: Run Behavior\BuildLiteBehavior [ RunTime:0.000036s ]
INFO: [ app_init ] --END-- [ RunTime:0.001357s ]
INFO: [ app_begin ] --START--
INFO: Run Behavior\ReadHtmlCacheBehavior [ RunTime:0.004686s ]
INFO: [ app_begin ] --END-- [ RunTime:0.004938s ]
NOTIC: [8] Undefined index: name D:\myenvironment\AppServ\www\jiaolianyuan\APP\Home\Controller\DetailController.class.php 第 8 行.
NOTIC: [8] Undefined index: face D:\myenvironment\AppServ\www\jiaolianyuan\APP\Home\Controller\DetailController.class.php 第 9 行.
NOTIC: [8] Undefined index: identity D:\myenvironment\AppServ\www\jiaolianyuan\APP\Home\Controller\DetailController.class.php 第 10 行.
SQL: SHOW COLUMNS FROM `class` [ RunTime:0.0060s ]
SQL: SELECT `id`,`className`,`classPrice`,`avePeriod`,`classIntro`,`detailPic` FROM `class` WHERE `id` = 1  [ RunTime:0.0011s ]
SQL: SHOW COLUMNS FROM `class_project` [ RunTime:0.0051s ]
SQL: SHOW COLUMNS FROM `project` [ RunTime:0.0048s ]
SQL: SELECT `projectId` FROM `class_project` WHERE `classId` = 1  [ RunTime:0.0008s ]
SQL: select * from project where id in (select projectId from `class_project` where classId=1) [ RunTime:0.0013s ]
SQL: select a.stuId,face,stuName,time,content,star from ((select stuId,classId,content,star,time from `stu_class` where content is not null and classId=1)as a left join student on a.stuId=student.id) [ RunTime:0.0074s ]
SQL: select id,stuName,face from student where id in (select stuId from `stu_class` where classId=1) [ RunTime:0.0012s ]
INFO: [ view_parse ] --START--
INFO: [ template_filter ] --START--
INFO: Run Behavior\ContentReplaceBehavior [ RunTime:0.000463s ]
INFO: [ template_filter ] --END-- [ RunTime:0.000633s ]
NOTIC: [8] Undefined variable: phone D:\myenvironment\AppServ\www\jiaolianyuan\APP\Runtime\Cache\Home\e673543776cc5ec8f086ffb243bb4ad9.php 第 43 行.
NOTIC: [2] Illegal string offset 'name' D:\myenvironment\AppServ\www\jiaolianyuan\APP\Runtime\Cache\Home\e673543776cc5ec8f086ffb243bb4ad9.php 第 129 行.
NOTIC: [2] Illegal string offset 'name' D:\myenvironment\AppServ\www\jiaolianyuan\APP\Runtime\Cache\Home\e673543776cc5ec8f086ffb243bb4ad9.php 第 129 行.
NOTIC: [2] Illegal string offset 'name' D:\myenvironment\AppServ\www\jiaolianyuan\APP\Runtime\Cache\Home\e673543776cc5ec8f086ffb243bb4ad9.php 第 129 行.
NOTIC: [2] Illegal string offset 'name' D:\myenvironment\AppServ\www\jiaolianyuan\APP\Runtime\Cache\Home\e673543776cc5ec8f086ffb243bb4ad9.php 第 129 行.
NOTIC: [2] Illegal string offset 'name' D:\myenvironment\AppServ\www\jiaolianyuan\APP\Runtime\Cache\Home\e673543776cc5ec8f086ffb243bb4ad9.php 第 129 行.
NOTIC: [2] Illegal string offset 'name' D:\myenvironment\AppServ\www\jiaolianyuan\APP\Runtime\Cache\Home\e673543776cc5ec8f086ffb243bb4ad9.php 第 129 行.
INFO: Run Behavior\ParseTemplateBehavior [ RunTime:0.061169s ]
INFO: [ view_parse ] --END-- [ RunTime:0.061319s ]
INFO: [ view_filter ] --START--
INFO: Run Behavior\WriteHtmlCacheBehavior [ RunTime:0.001645s ]
INFO: [ view_filter ] --END-- [ RunTime:0.001750s ]
INFO: [ app_end ] --START--
INFO: Run Behavior\ShowPageTraceBehavior [ RunTime:0.003335s ]
INFO: [ app_end ] --END-- [ RunTime:0.003506s ]

[ 2016-08-16T21:28:24+08:00 ] ::1 /jiaolianyuan/index.php
INFO: [ app_init ] --START--
INFO: Run Behavior\BuildLiteBehavior [ RunTime:0.000035s ]
INFO: [ app_init ] --END-- [ RunTime:0.003083s ]
INFO: [ app_begin ] --START--
INFO: Run Behavior\ReadHtmlCacheBehavior [ RunTime:0.003115s ]
INFO: [ app_begin ] --END-- [ RunTime:0.003348s ]
NOTIC: [8] Undefined index: name D:\myenvironment\AppServ\www\jiaolianyuan\APP\Home\Controller\IndexController.class.php 第 8 行.
NOTIC: [8] Undefined index: face D:\myenvironment\AppServ\www\jiaolianyuan\APP\Home\Controller\IndexController.class.php 第 9 行.
NOTIC: [8] Undefined index: identity D:\myenvironment\AppServ\www\jiaolianyuan\APP\Home\Controller\IndexController.class.php 第 10 行.
SQL: SHOW COLUMNS FROM `cate` [ RunTime:0.0414s ]
NOTIC: [8] Undefined variable: courseCate D:\myenvironment\AppServ\www\jiaolianyuan\APP\Home\Controller\IndexController.class.php 第 44 行.
SQL: SELECT `id`,`cname` FROM `cate`  [ RunTime:0.0012s ]
NOTIC: [8] Undefined variable: courseCate D:\myenvironment\AppServ\www\jiaolianyuan\APP\Home\Controller\IndexController.class.php 第 49 行.
SQL: select * from (select class.id,className,classIntro,classPic from `class` left join `stu_class` on class.id = classId) as a where id=1 [ RunTime:0.0089s ]
SQL: select * from (select class.id,className,classIntro,classPic from `class` left join `stu_class` on class.id = classId) as a where id=2 [ RunTime:0.0012s ]
SQL: select * from (select class.id,className,classIntro,classPic from `class` left join `stu_class` on class.id = classId) as a where id=3 [ RunTime:0.0010s ]
SQL: select * from (select class.id,className,classIntro,classPic from `class` left join `stu_class` on class.id = classId) as a where id=4 [ RunTime:0.0010s ]
SQL: select * from (select class.id,className,classIntro,classPic from `class` left join `stu_class` on class.id = classId) as a where id=5 [ RunTime:0.0012s ]
SQL: SHOW COLUMNS FROM `class` [ RunTime:0.0022s ]
SQL: SELECT `id` FROM `cate` LIMIT 0,1   [ RunTime:0.0009s ]
SQL: SELECT `id`,`classPic`,`classIntro`,`className` FROM `class` WHERE ( classCate=1 ) LIMIT 3,8   [ RunTime:0.0009s ]
INFO: [ view_parse ] --START--
INFO: [ template_filter ] --START--
INFO: Run Behavior\ContentReplaceBehavior [ RunTime:0.000359s ]
INFO: [ template_filter ] --END-- [ RunTime:0.000493s ]
NOTIC: [8] Undefined variable: phone D:\myenvironment\AppServ\www\jiaolianyuan\APP\Runtime\Cache\Home\a59b5e3d0bfe1e0eebc9ef04a084f7b9.php 第 122 行.
NOTIC: [8] Undefined variable: classList D:\myenvironment\AppServ\www\jiaolianyuan\APP\Runtime\Cache\Home\a59b5e3d0bfe1e0eebc9ef04a084f7b9.php 第 175 行.
NOTIC: [8] Undefined variable: classList D:\myenvironment\AppServ\www\jiaolianyuan\APP\Runtime\Cache\Home\a59b5e3d0bfe1e0eebc9ef04a084f7b9.php 第 175 行.
NOTIC: [8] Undefined variable: classList D:\myenvironment\AppServ\www\jiaolianyuan\APP\Runtime\Cache\Home\a59b5e3d0bfe1e0eebc9ef04a084f7b9.php 第 175 行.
NOTIC: [8] Undefined variable: classList D:\myenvironment\AppServ\www\jiaolianyuan\APP\Runtime\Cache\Home\a59b5e3d0bfe1e0eebc9ef04a084f7b9.php 第 175 行.
NOTIC: [8] Undefined variable: classList D:\myenvironment\AppServ\www\jiaolianyuan\APP\Runtime\Cache\Home\a59b5e3d0bfe1e0eebc9ef04a084f7b9.php 第 175 行.
NOTIC: [8] Undefined variable: hotClassList2 D:\myenvironment\AppServ\www\jiaolianyuan\APP\Runtime\Cache\Home\a59b5e3d0bfe1e0eebc9ef04a084f7b9.php 第 237 行.
INFO: Run Behavior\ParseTemplateBehavior [ RunTime:0.072842s ]
INFO: [ view_parse ] --END-- [ RunTime:0.073171s ]
INFO: [ view_filter ] --START--
INFO: Run Behavior\WriteHtmlCacheBehavior [ RunTime:0.016067s ]
INFO: [ view_filter ] --END-- [ RunTime:0.016225s ]
INFO: [ app_end ] --START--
INFO: Run Behavior\ShowPageTraceBehavior [ RunTime:0.010920s ]
INFO: [ app_end ] --END-- [ RunTime:0.011114s ]

[ 2016-08-16T22:40:52+08:00 ] ::1 /jiaolianyuan/index.php
INFO: [ app_init ] --START--
INFO: Run Behavior\BuildLiteBehavior [ RunTime:0.000038s ]
INFO: [ app_init ] --END-- [ RunTime:0.001587s ]
INFO: [ app_begin ] --START--
INFO: Run Behavior\ReadHtmlCacheBehavior [ RunTime:0.003010s ]
INFO: [ app_begin ] --END-- [ RunTime:0.003231s ]
NOTIC: [8] Undefined index: name D:\myenvironment\AppServ\www\jiaolianyuan\APP\Home\Controller\IndexController.class.php 第 8 行.
NOTIC: [8] Undefined index: face D:\myenvironment\AppServ\www\jiaolianyuan\APP\Home\Controller\IndexController.class.php 第 9 行.
NOTIC: [8] Undefined index: identity D:\myenvironment\AppServ\www\jiaolianyuan\APP\Home\Controller\IndexController.class.php 第 10 行.
SQL: SHOW COLUMNS FROM `cate` [ RunTime:0.0128s ]
NOTIC: [8] Undefined variable: courseCate D:\myenvironment\AppServ\www\jiaolianyuan\APP\Home\Controller\IndexController.class.php 第 44 行.
SQL: SELECT `id`,`cname` FROM `cate`  [ RunTime:0.0019s ]
NOTIC: [8] Undefined variable: courseCate D:\myenvironment\AppServ\www\jiaolianyuan\APP\Home\Controller\IndexController.class.php 第 49 行.
SQL: select * from (select class.id,className,classIntro,classPic from `class` left join `stu_class` on class.id = classId) as a where id=1 [ RunTime:0.0044s ]
SQL: select * from (select class.id,className,classIntro,classPic from `class` left join `stu_class` on class.id = classId) as a where id=2 [ RunTime:0.0013s ]
SQL: select * from (select class.id,className,classIntro,classPic from `class` left join `stu_class` on class.id = classId) as a where id=3 [ RunTime:0.0010s ]
SQL: select * from (select class.id,className,classIntro,classPic from `class` left join `stu_class` on class.id = classId) as a where id=4 [ RunTime:0.0010s ]
SQL: select * from (select class.id,className,classIntro,classPic from `class` left join `stu_class` on class.id = classId) as a where id=5 [ RunTime:0.0010s ]
SQL: SHOW COLUMNS FROM `class` [ RunTime:0.0030s ]
SQL: SELECT `id` FROM `cate` LIMIT 0,1   [ RunTime:0.0009s ]
SQL: SELECT `id`,`classPic`,`classIntro`,`className` FROM `class` WHERE ( classCate=1 ) LIMIT 3,8   [ RunTime:0.0008s ]
INFO: [ view_parse ] --START--
INFO: [ template_filter ] --START--
INFO: Run Behavior\ContentReplaceBehavior [ RunTime:0.000363s ]
INFO: [ template_filter ] --END-- [ RunTime:0.000543s ]
NOTIC: [8] Undefined variable: phone D:\myenvironment\AppServ\www\jiaolianyuan\APP\Runtime\Cache\Home\a59b5e3d0bfe1e0eebc9ef04a084f7b9.php 第 122 行.
NOTIC: [8] Undefined variable: classList D:\myenvironment\AppServ\www\jiaolianyuan\APP\Runtime\Cache\Home\a59b5e3d0bfe1e0eebc9ef04a084f7b9.php 第 175 行.
NOTIC: [8] Undefined variable: classList D:\myenvironment\AppServ\www\jiaolianyuan\APP\Runtime\Cache\Home\a59b5e3d0bfe1e0eebc9ef04a084f7b9.php 第 175 行.
NOTIC: [8] Undefined variable: classList D:\myenvironment\AppServ\www\jiaolianyuan\APP\Runtime\Cache\Home\a59b5e3d0bfe1e0eebc9ef04a084f7b9.php 第 175 行.
NOTIC: [8] Undefined variable: classList D:\myenvironment\AppServ\www\jiaolianyuan\APP\Runtime\Cache\Home\a59b5e3d0bfe1e0eebc9ef04a084f7b9.php 第 175 行.
NOTIC: [8] Undefined variable: classList D:\myenvironment\AppServ\www\jiaolianyuan\APP\Runtime\Cache\Home\a59b5e3d0bfe1e0eebc9ef04a084f7b9.php 第 175 行.
NOTIC: [8] Undefined variable: hotClassList2 D:\myenvironment\AppServ\www\jiaolianyuan\APP\Runtime\Cache\Home\a59b5e3d0bfe1e0eebc9ef04a084f7b9.php 第 237 行.
INFO: Run Behavior\ParseTemplateBehavior [ RunTime:0.060363s ]
INFO: [ view_parse ] --END-- [ RunTime:0.060535s ]
INFO: [ view_filter ] --START--
INFO: Run Behavior\WriteHtmlCacheBehavior [ RunTime:0.001877s ]
INFO: [ view_filter ] --END-- [ RunTime:0.002033s ]
INFO: [ app_end ] --START--
INFO: Run Behavior\ShowPageTraceBehavior [ RunTime:0.002242s ]
INFO: [ app_end ] --END-- [ RunTime:0.002432s ]

[ 2016-08-16T22:41:10+08:00 ] ::1 /jiaolianyuan/index.php/Home/Login/login
INFO: [ app_init ] --START--
INFO: Run Behavior\BuildLiteBehavior [ RunTime:0.000037s ]
INFO: [ app_init ] --END-- [ RunTime:0.001464s ]
INFO: [ app_begin ] --START--
INFO: Run Behavior\ReadHtmlCacheBehavior [ RunTime:0.001928s ]
INFO: [ app_begin ] --END-- [ RunTime:0.002091s ]
INFO: [ view_parse ] --START--
INFO: [ template_filter ] --START--
INFO: Run Behavior\ContentReplaceBehavior [ RunTime:0.000146s ]
INFO: [ template_filter ] --END-- [ RunTime:0.000290s ]
INFO: Run Behavior\ParseTemplateBehavior [ RunTime:0.045123s ]
INFO: [ view_parse ] --END-- [ RunTime:0.045291s ]
INFO: [ view_filter ] --START--
INFO: Run Behavior\WriteHtmlCacheBehavior [ RunTime:0.001299s ]
INFO: [ view_filter ] --END-- [ RunTime:0.001417s ]
INFO: [ app_end ] --START--
INFO: Run Behavior\ShowPageTraceBehavior [ RunTime:0.001719s ]
INFO: [ app_end ] --END-- [ RunTime:0.001840s ]

[ 2016-08-16T22:41:10+08:00 ] ::1 /jiaolianyuan/index.php/Home/Login/verify
INFO: [ app_init ] --START--
INFO: Run Behavior\BuildLiteBehavior [ RunTime:0.000051s ]
INFO: [ app_init ] --END-- [ RunTime:0.001792s ]
INFO: [ app_begin ] --START--
INFO: Run Behavior\ReadHtmlCacheBehavior [ RunTime:0.003067s ]
INFO: [ app_begin ] --END-- [ RunTime:0.003290s ]
INFO: [ app_end ] --START--
INFO: Run Behavior\ShowPageTraceBehavior [ RunTime:0.002756s ]
INFO: [ app_end ] --END-- [ RunTime:0.003021s ]

[ 2016-08-16T22:41:24+08:00 ] ::1 /jiaolianyuan/index.php/Home/Login/do_login
INFO: [ app_init ] --START--
INFO: Run Behavior\BuildLiteBehavior [ RunTime:0.000036s ]
INFO: [ app_init ] --END-- [ RunTime:0.001372s ]
INFO: [ app_begin ] --START--
INFO: Run Behavior\ReadHtmlCacheBehavior [ RunTime:0.001762s ]
INFO: [ app_begin ] --END-- [ RunTime:0.001918s ]
SQL: SHOW COLUMNS FROM `student` [ RunTime:0.0034s ]
SQL: SELECT * FROM `student` WHERE ( stuName='xiaopeng' AND password='3a300c48b47b714d9821dc473304aa84'  ) LIMIT 1   [ RunTime:0.0013s ]
SQL: SELECT * FROM `student` WHERE ( stuName='xiaopeng' AND password='3a300c48b47b714d9821dc473304aa84'  ) LIMIT 1   [ RunTime:0.0007s ]
SQL: SELECT * FROM `student` WHERE ( phone='xiaopeng' AND password='3a300c48b47b714d9821dc473304aa84'  ) LIMIT 1   [ RunTime:0.0010s ]
INFO: [ view_parse ] --START--
INFO: [ template_filter ] --START--
INFO: Run Behavior\ContentReplaceBehavior [ RunTime:0.000145s ]
INFO: [ template_filter ] --END-- [ RunTime:0.000326s ]
INFO: Run Behavior\ParseTemplateBehavior [ RunTime:0.085420s ]
INFO: [ view_parse ] --END-- [ RunTime:0.085613s ]
INFO: [ view_filter ] --START--
INFO: Run Behavior\WriteHtmlCacheBehavior [ RunTime:0.001308s ]
INFO: [ view_filter ] --END-- [ RunTime:0.001502s ]
INFO: [ app_end ] --START--
INFO: Run Behavior\ShowPageTraceBehavior [ RunTime:0.002365s ]
INFO: [ app_end ] --END-- [ RunTime:0.002554s ]

[ 2016-08-16T22:41:28+08:00 ] ::1 /jiaolianyuan/index.php/Home/Index/index.html
INFO: [ app_init ] --START--
INFO: Run Behavior\BuildLiteBehavior [ RunTime:0.000046s ]
INFO: [ app_init ] --END-- [ RunTime:0.001356s ]
INFO: [ app_begin ] --START--
INFO: Run Behavior\ReadHtmlCacheBehavior [ RunTime:0.001556s ]
INFO: [ app_begin ] --END-- [ RunTime:0.001710s ]
SQL: SHOW COLUMNS FROM `cate` [ RunTime:0.0060s ]
NOTIC: [8] Undefined variable: courseCate D:\myenvironment\AppServ\www\jiaolianyuan\APP\Home\Controller\IndexController.class.php 第 44 行.
SQL: SHOW COLUMNS FROM `class` [ RunTime:0.0020s ]
INFO: [ view_parse ] --START--
INFO: [ template_filter ] --START--
INFO: Run Behavior\ContentReplaceBehavior [ RunTime:0.000353s ]
INFO: [ template_filter ] --END-- [ RunTime:0.000488s ]
NOTIC: [8] Undefined variable: classList D:\myenvironment\AppServ\www\jiaolianyuan\APP\Runtime\Cache\Home\a59b5e3d0bfe1e0eebc9ef04a084f7b9.php 第 175 行.
NOTIC: [8] Undefined variable: classList D:\myenvironment\AppServ\www\jiaolianyuan\APP\Runtime\Cache\Home\a59b5e3d0bfe1e0eebc9ef04a084f7b9.php 第 175 行.
NOTIC: [8] Undefined variable: classList D:\myenvironment\AppServ\www\jiaolianyuan\APP\Runtime\Cache\Home\a59b5e3d0bfe1e0eebc9ef04a084f7b9.php 第 175 行.
NOTIC: [8] Undefined variable: classList D:\myenvironment\AppServ\www\jiaolianyuan\APP\Runtime\Cache\Home\a59b5e3d0bfe1e0eebc9ef04a084f7b9.php 第 175 行.
NOTIC: [8] Undefined variable: classList D:\myenvironment\AppServ\www\jiaolianyuan\APP\Runtime\Cache\Home\a59b5e3d0bfe1e0eebc9ef04a084f7b9.php 第 175 行.
NOTIC: [8] Undefined variable: hotClassList2 D:\myenvironment\AppServ\www\jiaolianyuan\APP\Runtime\Cache\Home\a59b5e3d0bfe1e0eebc9ef04a084f7b9.php 第 237 行.
INFO: Run Behavior\ParseTemplateBehavior [ RunTime:0.037891s ]
INFO: [ view_parse ] --END-- [ RunTime:0.038030s ]
INFO: [ view_filter ] --START--
INFO: Run Behavior\WriteHtmlCacheBehavior [ RunTime:0.001124s ]
INFO: [ view_filter ] --END-- [ RunTime:0.001238s ]
INFO: [ app_end ] --START--
INFO: Run Behavior\ShowPageTraceBehavior [ RunTime:0.002178s ]
INFO: [ app_end ] --END-- [ RunTime:0.002357s ]

[ 2016-08-16T22:41:31+08:00 ] ::1 /jiaolianyuan/index.php/Home/Index/getClassList?cname=PHP%E5%B7%A5%E7%A8%8B%E5%B8%88
INFO: [ app_init ] --START--
INFO: Run Behavior\BuildLiteBehavior [ RunTime:0.000048s ]
INFO: [ app_init ] --END-- [ RunTime:0.001616s ]
INFO: [ app_begin ] --START--
INFO: Run Behavior\ReadHtmlCacheBehavior [ RunTime:0.002611s ]
INFO: [ app_begin ] --END-- [ RunTime:0.002837s ]
SQL: SHOW COLUMNS FROM `class` [ RunTime:0.0827s ]
SQL: SHOW COLUMNS FROM `cate` [ RunTime:0.0072s ]
SQL: SELECT `id` FROM `cate` WHERE `cName` = 'PHP工程师'  [ RunTime:0.0008s ]
SQL: SELECT `id`,`className` FROM `class` WHERE ( classCate=1 )  [ RunTime:0.0008s ]

[ 2016-08-16T22:41:32+08:00 ] ::1 /jiaolianyuan/index.php/Home/Index/getClassList?cname=PHP%E5%B7%A5%E7%A8%8B%E5%B8%88
INFO: [ app_init ] --START--
INFO: Run Behavior\BuildLiteBehavior [ RunTime:0.000040s ]
INFO: [ app_init ] --END-- [ RunTime:0.001514s ]
INFO: [ app_begin ] --START--
INFO: Run Behavior\ReadHtmlCacheBehavior [ RunTime:0.002880s ]
INFO: [ app_begin ] --END-- [ RunTime:0.003057s ]
SQL: SHOW COLUMNS FROM `class` [ RunTime:0.0043s ]
SQL: SHOW COLUMNS FROM `cate` [ RunTime:0.0036s ]

[ 2016-08-16T22:41:35+08:00 ] ::1 /jiaolianyuan/index.php/Home/Student/student
INFO: [ app_init ] --START--
INFO: Run Behavior\BuildLiteBehavior [ RunTime:0.000042s ]
INFO: [ app_init ] --END-- [ RunTime:0.001378s ]
INFO: [ app_begin ] --START--
INFO: Run Behavior\ReadHtmlCacheBehavior [ RunTime:0.001924s ]
INFO: [ app_begin ] --END-- [ RunTime:0.002109s ]
SQL: SHOW COLUMNS FROM `student` [ RunTime:0.0064s ]
SQL: SELECT `id`,`school` FROM `student` WHERE `stuName` = 'xiaopeng'  [ RunTime:0.0010s ]
SQL: SHOW COLUMNS FROM `teacher` [ RunTime:0.0051s ]
SQL: SELECT `id`,`stuName` FROM `student` WHERE `stuName` = 'xiaopeng'  [ RunTime:0.0008s ]
SQL: select id,tname,face,onlineTime from teacher where id in (select teacherId from `stu_class` where stuId = 1) [ RunTime:0.0509s ]
INFO: [ view_parse ] --START--
INFO: [ template_filter ] --START--
INFO: Run Behavior\ContentReplaceBehavior [ RunTime:0.000467s ]
INFO: [ template_filter ] --END-- [ RunTime:0.000610s ]
NOTIC: [8] Undefined index: scgool D:\myenvironment\AppServ\www\jiaolianyuan\APP\Runtime\Cache\Home\d42c0beb1de05f81f688c7ce95593f42.php 第 37 行.
INFO: Run Behavior\ParseTemplateBehavior [ RunTime:0.046489s ]
INFO: [ view_parse ] --END-- [ RunTime:0.046652s ]
INFO: [ view_filter ] --START--
INFO: Run Behavior\WriteHtmlCacheBehavior [ RunTime:0.001502s ]
INFO: [ view_filter ] --END-- [ RunTime:0.001616s ]
INFO: [ app_end ] --START--
INFO: Run Behavior\ShowPageTraceBehavior [ RunTime:0.002373s ]
INFO: [ app_end ] --END-- [ RunTime:0.002524s ]

[ 2016-08-16T22:44:41+08:00 ] ::1 /jiaolianyuan/index.php/Home/Index/index
INFO: [ app_init ] --START--
INFO: Run Behavior\BuildLiteBehavior [ RunTime:0.000036s ]
INFO: [ app_init ] --END-- [ RunTime:0.001479s ]
INFO: [ app_begin ] --START--
INFO: Run Behavior\ReadHtmlCacheBehavior [ RunTime:0.003071s ]
INFO: [ app_begin ] --END-- [ RunTime:0.003262s ]
SQL: SHOW COLUMNS FROM `cate` [ RunTime:0.0066s ]
NOTIC: [8] Undefined variable: courseCate D:\myenvironment\AppServ\www\jiaolianyuan\APP\Home\Controller\IndexController.class.php 第 44 行.
SQL: select * from (select class.id,className,classIntro,classPic from `class` left join `stu_class` on class.id = classId) as a where id=1 [ RunTime:0.0084s ]
SQL: select * from (select class.id,className,classIntro,classPic from `class` left join `stu_class` on class.id = classId) as a where id=2 [ RunTime:0.0014s ]
SQL: select * from (select class.id,className,classIntro,classPic from `class` left join `stu_class` on class.id = classId) as a where id=3 [ RunTime:0.0009s ]
SQL: select * from (select class.id,className,classIntro,classPic from `class` left join `stu_class` on class.id = classId) as a where id=4 [ RunTime:0.0009s ]
SQL: select * from (select class.id,className,classIntro,classPic from `class` left join `stu_class` on class.id = classId) as a where id=5 [ RunTime:0.0011s ]
SQL: SHOW COLUMNS FROM `class` [ RunTime:0.0024s ]
SQL: SELECT `id` FROM `cate` LIMIT 0,1   [ RunTime:0.0007s ]
SQL: SELECT `id`,`classPic`,`classIntro`,`className` FROM `class` WHERE ( classCate=1 ) LIMIT 3,8   [ RunTime:0.0008s ]
INFO: [ view_parse ] --START--
INFO: [ template_filter ] --START--
INFO: Run Behavior\ContentReplaceBehavior [ RunTime:0.000474s ]
INFO: [ template_filter ] --END-- [ RunTime:0.000646s ]
NOTIC: [8] Undefined variable: classList D:\myenvironment\AppServ\www\jiaolianyuan\APP\Runtime\Cache\Home\a59b5e3d0bfe1e0eebc9ef04a084f7b9.php 第 175 行.
NOTIC: [8] Undefined variable: classList D:\myenvironment\AppServ\www\jiaolianyuan\APP\Runtime\Cache\Home\a59b5e3d0bfe1e0eebc9ef04a084f7b9.php 第 175 行.
NOTIC: [8] Undefined variable: classList D:\myenvironment\AppServ\www\jiaolianyuan\APP\Runtime\Cache\Home\a59b5e3d0bfe1e0eebc9ef04a084f7b9.php 第 175 行.
NOTIC: [8] Undefined variable: classList D:\myenvironment\AppServ\www\jiaolianyuan\APP\Runtime\Cache\Home\a59b5e3d0bfe1e0eebc9ef04a084f7b9.php 第 175 行.
NOTIC: [8] Undefined variable: classList D:\myenvironment\AppServ\www\jiaolianyuan\APP\Runtime\Cache\Home\a59b5e3d0bfe1e0eebc9ef04a084f7b9.php 第 175 行.
NOTIC: [8] Undefined variable: hotClassList2 D:\myenvironment\AppServ\www\jiaolianyuan\APP\Runtime\Cache\Home\a59b5e3d0bfe1e0eebc9ef04a084f7b9.php 第 237 行.
INFO: Run Behavior\ParseTemplateBehavior [ RunTime:0.052950s ]
INFO: [ view_parse ] --END-- [ RunTime:0.053095s ]
INFO: [ view_filter ] --START--
INFO: Run Behavior\WriteHtmlCacheBehavior [ RunTime:0.001908s ]
INFO: [ view_filter ] --END-- [ RunTime:0.002090s ]
INFO: [ app_end ] --START--
INFO: Run Behavior\ShowPageTraceBehavior [ RunTime:0.005675s ]
INFO: [ app_end ] --END-- [ RunTime:0.005994s ]

[ 2016-08-16T22:44:44+08:00 ] ::1 /jiaolianyuan/index.php/Home/Login/logout
INFO: [ app_init ] --START--
INFO: Run Behavior\BuildLiteBehavior [ RunTime:0.000036s ]
INFO: [ app_init ] --END-- [ RunTime:0.001511s ]
INFO: [ app_begin ] --START--
INFO: Run Behavior\ReadHtmlCacheBehavior [ RunTime:0.001975s ]
INFO: [ app_begin ] --END-- [ RunTime:0.002137s ]
INFO: [ view_parse ] --START--
INFO: [ template_filter ] --START--
INFO: Run Behavior\ContentReplaceBehavior [ RunTime:0.000086s ]
INFO: [ template_filter ] --END-- [ RunTime:0.000236s ]
INFO: Run Behavior\ParseTemplateBehavior [ RunTime:0.016315s ]
INFO: [ view_parse ] --END-- [ RunTime:0.016537s ]
INFO: [ view_filter ] --START--
INFO: Run Behavior\WriteHtmlCacheBehavior [ RunTime:0.001187s ]
INFO: [ view_filter ] --END-- [ RunTime:0.001315s ]
INFO: [ app_end ] --START--
INFO: Run Behavior\ShowPageTraceBehavior [ RunTime:0.001678s ]
INFO: [ app_end ] --END-- [ RunTime:0.001803s ]

[ 2016-08-16T22:44:45+08:00 ] ::1 /jiaolianyuan/index.php/Home/Login/login.html
INFO: [ app_init ] --START--
INFO: Run Behavior\BuildLiteBehavior [ RunTime:0.000037s ]
INFO: [ app_init ] --END-- [ RunTime:0.001387s ]
INFO: [ app_begin ] --START--
INFO: Run Behavior\ReadHtmlCacheBehavior [ RunTime:0.004499s ]
INFO: [ app_begin ] --END-- [ RunTime:0.004693s ]
INFO: [ view_parse ] --START--
INFO: [ template_filter ] --START--
INFO: Run Behavior\ContentReplaceBehavior [ RunTime:0.000146s ]
INFO: [ template_filter ] --END-- [ RunTime:0.000296s ]
INFO: Run Behavior\ParseTemplateBehavior [ RunTime:0.017340s ]
INFO: [ view_parse ] --END-- [ RunTime:0.017517s ]
INFO: [ view_filter ] --START--
INFO: Run Behavior\WriteHtmlCacheBehavior [ RunTime:0.001140s ]
INFO: [ view_filter ] --END-- [ RunTime:0.001261s ]
INFO: [ app_end ] --START--
INFO: Run Behavior\ShowPageTraceBehavior [ RunTime:0.001912s ]
INFO: [ app_end ] --END-- [ RunTime:0.002087s ]

[ 2016-08-16T22:44:45+08:00 ] ::1 /jiaolianyuan/index.php/Home/Login/verify
INFO: [ app_init ] --START--
INFO: Run Behavior\BuildLiteBehavior [ RunTime:0.000063s ]
INFO: [ app_init ] --END-- [ RunTime:0.002156s ]
INFO: [ app_begin ] --START--
INFO: Run Behavior\ReadHtmlCacheBehavior [ RunTime:0.002312s ]
INFO: [ app_begin ] --END-- [ RunTime:0.002582s ]
INFO: [ app_end ] --START--
INFO: Run Behavior\ShowPageTraceBehavior [ RunTime:0.004848s ]
INFO: [ app_end ] --END-- [ RunTime:0.005326s ]

[ 2016-08-16T22:44:56+08:00 ] ::1 /jiaolianyuan/index.php/Home/Login/do_login
INFO: [ app_init ] --START--
INFO: Run Behavior\BuildLiteBehavior [ RunTime:0.000146s ]
INFO: [ app_init ] --END-- [ RunTime:0.001917s ]
INFO: [ app_begin ] --START--
INFO: Run Behavior\ReadHtmlCacheBehavior [ RunTime:0.001560s ]
INFO: [ app_begin ] --END-- [ RunTime:0.001712s ]
SQL: SHOW COLUMNS FROM `teacher` [ RunTime:0.0056s ]
SQL: SELECT * FROM `teacher` WHERE ( phone='dada' AND password='3a300c48b47b714d9821dc473304aa84'  ) LIMIT 1   [ RunTime:0.0011s ]
SQL: SELECT * FROM `teacher` WHERE ( tname='dada' AND password='3a300c48b47b714d9821dc473304aa84'  ) LIMIT 1   [ RunTime:0.0146s ]
INFO: [ view_parse ] --START--
INFO: [ template_filter ] --START--
INFO: Run Behavior\ContentReplaceBehavior [ RunTime:0.000119s ]
INFO: [ template_filter ] --END-- [ RunTime:0.000297s ]
INFO: Run Behavior\ParseTemplateBehavior [ RunTime:0.017504s ]
INFO: [ view_parse ] --END-- [ RunTime:0.017674s ]
INFO: [ view_filter ] --START--
INFO: Run Behavior\WriteHtmlCacheBehavior [ RunTime:0.001031s ]
INFO: [ view_filter ] --END-- [ RunTime:0.001188s ]
INFO: [ app_end ] --START--
INFO: Run Behavior\ShowPageTraceBehavior [ RunTime:0.001658s ]
INFO: [ app_end ] --END-- [ RunTime:0.001789s ]

[ 2016-08-16T22:45:00+08:00 ] ::1 /jiaolianyuan/index.php/Home/Index/index.html
INFO: [ app_init ] --START--
INFO: Run Behavior\BuildLiteBehavior [ RunTime:0.000056s ]
INFO: [ app_init ] --END-- [ RunTime:0.002038s ]
INFO: [ app_begin ] --START--
INFO: Run Behavior\ReadHtmlCacheBehavior [ RunTime:0.003067s ]
INFO: [ app_begin ] --END-- [ RunTime:0.003401s ]
SQL: SHOW COLUMNS FROM `cate` [ RunTime:0.0057s ]
NOTIC: [8] Undefined variable: courseCate D:\myenvironment\AppServ\www\jiaolianyuan\APP\Home\Controller\IndexController.class.php 第 44 行.
SQL: SHOW COLUMNS FROM `class` [ RunTime:0.0061s ]
INFO: [ view_parse ] --START--
INFO: [ template_filter ] --START--
INFO: Run Behavior\ContentReplaceBehavior [ RunTime:0.000720s ]
INFO: [ template_filter ] --END-- [ RunTime:0.001059s ]
NOTIC: [8] Undefined variable: classList D:\myenvironment\AppServ\www\jiaolianyuan\APP\Runtime\Cache\Home\a59b5e3d0bfe1e0eebc9ef04a084f7b9.php 第 175 行.
NOTIC: [8] Undefined variable: classList D:\myenvironment\AppServ\www\jiaolianyuan\APP\Runtime\Cache\Home\a59b5e3d0bfe1e0eebc9ef04a084f7b9.php 第 175 行.
NOTIC: [8] Undefined variable: classList D:\myenvironment\AppServ\www\jiaolianyuan\APP\Runtime\Cache\Home\a59b5e3d0bfe1e0eebc9ef04a084f7b9.php 第 175 行.
NOTIC: [8] Undefined variable: classList D:\myenvironment\AppServ\www\jiaolianyuan\APP\Runtime\Cache\Home\a59b5e3d0bfe1e0eebc9ef04a084f7b9.php 第 175 行.
NOTIC: [8] Undefined variable: classList D:\myenvironment\AppServ\www\jiaolianyuan\APP\Runtime\Cache\Home\a59b5e3d0bfe1e0eebc9ef04a084f7b9.php 第 175 行.
NOTIC: [8] Undefined variable: hotClassList2 D:\myenvironment\AppServ\www\jiaolianyuan\APP\Runtime\Cache\Home\a59b5e3d0bfe1e0eebc9ef04a084f7b9.php 第 237 行.
INFO: Run Behavior\ParseTemplateBehavior [ RunTime:0.071530s ]
INFO: [ view_parse ] --END-- [ RunTime:0.071727s ]
INFO: [ view_filter ] --START--
INFO: Run Behavior\WriteHtmlCacheBehavior [ RunTime:0.001272s ]
INFO: [ view_filter ] --END-- [ RunTime:0.001445s ]
INFO: [ app_end ] --START--
INFO: Run Behavior\ShowPageTraceBehavior [ RunTime:0.017725s ]
INFO: [ app_end ] --END-- [ RunTime:0.017951s ]

[ 2016-08-16T22:45:03+08:00 ] ::1 /jiaolianyuan/index.php/Home/Coach/coach
INFO: [ app_init ] --START--
INFO: Run Behavior\BuildLiteBehavior [ RunTime:0.000036s ]
INFO: [ app_init ] --END-- [ RunTime:0.001375s ]
INFO: [ app_begin ] --START--
INFO: Run Behavior\ReadHtmlCacheBehavior [ RunTime:0.001853s ]
INFO: [ app_begin ] --END-- [ RunTime:0.002127s ]
SQL: SHOW COLUMNS FROM `teacher` [ RunTime:0.0048s ]
SQL: SELECT `id`,`address` FROM `teacher`  [ RunTime:0.0009s ]
SQL: SELECT `id` FROM `teacher`  [ RunTime:0.0010s ]
SQL: select className,id from class where id in (select classId from `stu_class` where teacherId=1) [ RunTime:0.0088s ]
INFO: [ view_parse ] --START--
INFO: [ template_filter ] --START--
INFO: Run Behavior\ContentReplaceBehavior [ RunTime:0.000360s ]
INFO: [ template_filter ] --END-- [ RunTime:0.000529s ]
INFO: Run Behavior\ParseTemplateBehavior [ RunTime:0.094231s ]
INFO: [ view_parse ] --END-- [ RunTime:0.094412s ]
INFO: [ view_filter ] --START--
INFO: Run Behavior\WriteHtmlCacheBehavior [ RunTime:0.001244s ]
INFO: [ view_filter ] --END-- [ RunTime:0.001388s ]
INFO: [ app_end ] --START--
INFO: Run Behavior\ShowPageTraceBehavior [ RunTime:0.002134s ]
INFO: [ app_end ] --END-- [ RunTime:0.002319s ]

[ 2016-08-16T22:45:08+08:00 ] ::1 /jiaolianyuan/index.php/Home/Coach/getClassAndStudentList?classId=1
INFO: [ app_init ] --START--
INFO: Run Behavior\BuildLiteBehavior [ RunTime:0.000050s ]
INFO: [ app_init ] --END-- [ RunTime:0.001888s ]
INFO: [ app_begin ] --START--
INFO: Run Behavior\ReadHtmlCacheBehavior [ RunTime:0.002530s ]
INFO: [ app_begin ] --END-- [ RunTime:0.002668s ]
SQL: SHOW COLUMNS FROM `teacher` [ RunTime:0.0049s ]
SQL: SELECT `id` FROM `teacher`  [ RunTime:0.0008s ]
SQL: select classId,className,stuId,stuName,face from (((select classId,stuId from `stu_class` where teacherId=1)as a left join student on a.stuId=student.id)  left join class on classId=class.id) where class.id=1 [ RunTime:0.0719s ]

[ 2016-08-16T22:48:22+08:00 ] ::1 /jiaolianyuan/index.php/Home/Coach/getClassAndStudentList?classId=2
INFO: [ app_init ] --START--
INFO: Run Behavior\BuildLiteBehavior [ RunTime:0.000054s ]
INFO: [ app_init ] --END-- [ RunTime:0.002147s ]
INFO: [ app_begin ] --START--
INFO: Run Behavior\ReadHtmlCacheBehavior [ RunTime:0.003840s ]
INFO: [ app_begin ] --END-- [ RunTime:0.004065s ]
SQL: SHOW COLUMNS FROM `teacher` [ RunTime:0.0065s ]
SQL: SELECT `id` FROM `teacher`  [ RunTime:0.0009s ]
SQL: select classId,className,stuId,stuName,face from (((select classId,stuId from `stu_class` where teacherId=1)as a left join student on a.stuId=student.id)  left join class on classId=class.id) where class.id=2 [ RunTime:0.0042s ]

[ 2016-08-16T22:48:25+08:00 ] ::1 /jiaolianyuan/index.php/Home/Coach/getClassAndStudentList?classId=1
INFO: [ app_init ] --START--
INFO: Run Behavior\BuildLiteBehavior [ RunTime:0.000036s ]
INFO: [ app_init ] --END-- [ RunTime:0.001474s ]
INFO: [ app_begin ] --START--
INFO: Run Behavior\ReadHtmlCacheBehavior [ RunTime:0.002284s ]
INFO: [ app_begin ] --END-- [ RunTime:0.002433s ]
SQL: SHOW COLUMNS FROM `teacher` [ RunTime:0.0048s ]
SQL: SELECT `id` FROM `teacher`  [ RunTime:0.0009s ]
SQL: select classId,className,stuId,stuName,face from (((select classId,stuId from `stu_class` where teacherId=1)as a left join student on a.stuId=student.id)  left join class on classId=class.id) where class.id=1 [ RunTime:0.0619s ]

[ 2016-08-16T22:48:29+08:00 ] ::1 /jiaolianyuan/index.php/Home/Coach/getClassAndStudentList?classId=2
INFO: [ app_init ] --START--
INFO: Run Behavior\BuildLiteBehavior [ RunTime:0.000044s ]
INFO: [ app_init ] --END-- [ RunTime:0.001432s ]
INFO: [ app_begin ] --START--
INFO: Run Behavior\ReadHtmlCacheBehavior [ RunTime:0.002270s ]
INFO: [ app_begin ] --END-- [ RunTime:0.002414s ]
SQL: SHOW COLUMNS FROM `teacher` [ RunTime:0.0024s ]
SQL: SELECT `id` FROM `teacher`  [ RunTime:0.0008s ]
SQL: select classId,className,stuId,stuName,face from (((select classId,stuId from `stu_class` where teacherId=1)as a left join student on a.stuId=student.id)  left join class on classId=class.id) where class.id=2 [ RunTime:0.0078s ]

[ 2016-08-16T22:48:31+08:00 ] ::1 /jiaolianyuan/index.php/Home/Coach/getClassAndStudentList?classId=1
INFO: [ app_init ] --START--
INFO: Run Behavior\BuildLiteBehavior [ RunTime:0.000036s ]
INFO: [ app_init ] --END-- [ RunTime:0.001429s ]
INFO: [ app_begin ] --START--
INFO: Run Behavior\ReadHtmlCacheBehavior [ RunTime:0.002334s ]
INFO: [ app_begin ] --END-- [ RunTime:0.002481s ]
SQL: SHOW COLUMNS FROM `teacher` [ RunTime:0.0029s ]
SQL: SELECT `id` FROM `teacher`  [ RunTime:0.0009s ]
SQL: select classId,className,stuId,stuName,face from (((select classId,stuId from `stu_class` where teacherId=1)as a left join student on a.stuId=student.id)  left join class on classId=class.id) where class.id=1 [ RunTime:0.0264s ]

[ 2016-08-16T22:49:08+08:00 ] ::1 /jiaolianyuan/index.php/Home/Coach/getClassAndStudentList?classId=2
INFO: [ app_init ] --START--
INFO: Run Behavior\BuildLiteBehavior [ RunTime:0.000038s ]
INFO: [ app_init ] --END-- [ RunTime:0.001653s ]
INFO: [ app_begin ] --START--
INFO: Run Behavior\ReadHtmlCacheBehavior [ RunTime:0.002607s ]
INFO: [ app_begin ] --END-- [ RunTime:0.002795s ]
SQL: SHOW COLUMNS FROM `teacher` [ RunTime:0.0022s ]
SQL: SELECT `id` FROM `teacher`  [ RunTime:0.0010s ]
SQL: select classId,className,stuId,stuName,face from (((select classId,stuId from `stu_class` where teacherId=1)as a left join student on a.stuId=student.id)  left join class on classId=class.id) where class.id=2 [ RunTime:0.0069s ]

[ 2016-08-16T22:49:11+08:00 ] ::1 /jiaolianyuan/index.php/Home/Coach/getClassAndStudentList?classId=1
INFO: [ app_init ] --START--
INFO: Run Behavior\BuildLiteBehavior [ RunTime:0.000048s ]
INFO: [ app_init ] --END-- [ RunTime:0.001578s ]
INFO: [ app_begin ] --START--
INFO: Run Behavior\ReadHtmlCacheBehavior [ RunTime:0.002235s ]
INFO: [ app_begin ] --END-- [ RunTime:0.002377s ]
SQL: SHOW COLUMNS FROM `teacher` [ RunTime:0.0051s ]
SQL: SELECT `id` FROM `teacher`  [ RunTime:0.0008s ]
SQL: select classId,className,stuId,stuName,face from (((select classId,stuId from `stu_class` where teacherId=1)as a left join student on a.stuId=student.id)  left join class on classId=class.id) where class.id=1 [ RunTime:0.0022s ]

