[ 2016-08-28T15:02:44+08:00 ] ::1 /jiaolianyuan/index.php/Home/Login/login.html
INFO: [ app_init ] --START--
INFO: Run Behavior\BuildLiteBehavior [ RunTime:0.000000s ]
INFO: [ app_init ] --END-- [ RunTime:0.000000s ]
INFO: [ app_begin ] --START--
INFO: Run Behavior\ReadHtmlCacheBehavior [ RunTime:0.001000s ]
INFO: [ app_begin ] --END-- [ RunTime:0.001000s ]
INFO: [ view_parse ] --START--
INFO: [ template_filter ] --START--
INFO: Run Behavior\ContentReplaceBehavior [ RunTime:0.000000s ]
INFO: [ template_filter ] --END-- [ RunTime:0.000000s ]
INFO: Run Behavior\ParseTemplateBehavior [ RunTime:0.006001s ]
INFO: [ view_parse ] --END-- [ RunTime:0.006001s ]
INFO: [ view_filter ] --START--
INFO: Run Behavior\WriteHtmlCacheBehavior [ RunTime:0.000000s ]
INFO: [ view_filter ] --END-- [ RunTime:0.000000s ]
INFO: [ app_end ] --START--
INFO: Run Behavior\ShowPageTraceBehavior [ RunTime:0.001000s ]
INFO: [ app_end ] --END-- [ RunTime:0.001000s ]

[ 2016-08-28T15:02:44+08:00 ] ::1 /jiaolianyuan/index.php/Home/Login/verify
INFO: [ app_init ] --START--
INFO: Run Behavior\BuildLiteBehavior [ RunTime:0.000000s ]
INFO: [ app_init ] --END-- [ RunTime:0.000000s ]
INFO: [ app_begin ] --START--
INFO: Run Behavior\ReadHtmlCacheBehavior [ RunTime:0.000000s ]
INFO: [ app_begin ] --END-- [ RunTime:0.000000s ]
INFO: [ app_end ] --START--
INFO: Run Behavior\ShowPageTraceBehavior [ RunTime:0.000000s ]
INFO: [ app_end ] --END-- [ RunTime:0.000000s ]

[ 2016-08-28T15:02:46+08:00 ] ::1 /jiaolianyuan/index.php/Home/Index/index
INFO: [ app_init ] --START--
INFO: Run Behavior\BuildLiteBehavior [ RunTime:0.000000s ]
INFO: [ app_init ] --END-- [ RunTime:0.001000s ]
INFO: [ app_begin ] --START--
INFO: Run Behavior\ReadHtmlCacheBehavior [ RunTime:0.001000s ]
INFO: [ app_begin ] --END-- [ RunTime:0.001000s ]
NOTIC: [8] Undefined index: name D:\AppServ\www\jiaolianyuan\APP\Home\Controller\IndexController.class.php 第 8 行.
NOTIC: [8] Undefined index: face D:\AppServ\www\jiaolianyuan\APP\Home\Controller\IndexController.class.php 第 9 行.
NOTIC: [8] Undefined index: identity D:\AppServ\www\jiaolianyuan\APP\Home\Controller\IndexController.class.php 第 10 行.
SQL: SHOW COLUMNS FROM `cate` [ RunTime:0.0290s ]
NOTIC: [8] Undefined variable: courseCate D:\AppServ\www\jiaolianyuan\APP\Home\Controller\IndexController.class.php 第 44 行.
SQL: SELECT `id`,`cname` FROM `cate`  [ RunTime:0.0010s ]
NOTIC: [8] Undefined variable: courseCate D:\AppServ\www\jiaolianyuan\APP\Home\Controller\IndexController.class.php 第 49 行.
SQL: select * from (select class.id,className,classIntro,classPic from `class` left join `stu_class` on class.id = classId) as a where id=1 [ RunTime:0.1950s ]
SQL: select * from (select class.id,className,classIntro,classPic from `class` left join `stu_class` on class.id = classId) as a where id=2 [ RunTime:0.0010s ]
SQL: select * from (select class.id,className,classIntro,classPic from `class` left join `stu_class` on class.id = classId) as a where id=3 [ RunTime:0.0000s ]
SQL: select * from (select class.id,className,classIntro,classPic from `class` left join `stu_class` on class.id = classId) as a where id=4 [ RunTime:0.0010s ]
SQL: select * from (select class.id,className,classIntro,classPic from `class` left join `stu_class` on class.id = classId) as a where id=5 [ RunTime:0.0000s ]
SQL: SHOW COLUMNS FROM `class` [ RunTime:0.0000s ]
SQL: SELECT `id` FROM `cate` LIMIT 0,1   [ RunTime:0.0000s ]
SQL: SELECT `id`,`classPic`,`classIntro`,`className` FROM `class` WHERE ( classCate=1 ) LIMIT 3,8   [ RunTime:0.0010s ]
INFO: [ view_parse ] --START--
INFO: [ template_filter ] --START--
INFO: Run Behavior\ContentReplaceBehavior [ RunTime:0.000000s ]
INFO: [ template_filter ] --END-- [ RunTime:0.000000s ]
NOTIC: [8] Undefined variable: phone D:\AppServ\www\jiaolianyuan\APP\Runtime\Cache\Home\a59b5e3d0bfe1e0eebc9ef04a084f7b9.php 第 122 行.
INFO: Run Behavior\ParseTemplateBehavior [ RunTime:0.011001s ]
INFO: [ view_parse ] --END-- [ RunTime:0.011001s ]
INFO: [ view_filter ] --START--
INFO: Run Behavior\WriteHtmlCacheBehavior [ RunTime:0.001000s ]
INFO: [ view_filter ] --END-- [ RunTime:0.001000s ]
INFO: [ app_end ] --START--
INFO: Run Behavior\ShowPageTraceBehavior [ RunTime:0.000000s ]
INFO: [ app_end ] --END-- [ RunTime:0.000000s ]

[ 2016-08-28T15:02:47+08:00 ] ::1 /jiaolianyuan/index.php/Home/Index/getClassList?cname=PHP%E5%B7%A5%E7%A8%8B%E5%B8%88
INFO: [ app_init ] --START--
INFO: Run Behavior\BuildLiteBehavior [ RunTime:0.000000s ]
INFO: [ app_init ] --END-- [ RunTime:0.001000s ]
INFO: [ app_begin ] --START--
INFO: Run Behavior\ReadHtmlCacheBehavior [ RunTime:0.001000s ]
INFO: [ app_begin ] --END-- [ RunTime:0.001000s ]
SQL: SHOW COLUMNS FROM `class` [ RunTime:0.0010s ]
SQL: SHOW COLUMNS FROM `cate` [ RunTime:0.0010s ]
SQL: SELECT `id` FROM `cate` WHERE `cName` = 'PHP工程师'  [ RunTime:0.0000s ]
SQL: SELECT `id`,`className` FROM `class` WHERE ( classCate=1 )  [ RunTime:0.0010s ]

[ 2016-08-28T15:02:48+08:00 ] ::1 /jiaolianyuan/index.php/Home/Detail/detail/id/1
INFO: [ app_init ] --START--
INFO: Run Behavior\BuildLiteBehavior [ RunTime:0.000000s ]
INFO: [ app_init ] --END-- [ RunTime:0.001000s ]
INFO: [ app_begin ] --START--
INFO: Run Behavior\ReadHtmlCacheBehavior [ RunTime:0.001000s ]
INFO: [ app_begin ] --END-- [ RunTime:0.001000s ]
NOTIC: [8] Undefined index: name D:\AppServ\www\jiaolianyuan\APP\Home\Controller\DetailController.class.php 第 8 行.
NOTIC: [8] Undefined index: face D:\AppServ\www\jiaolianyuan\APP\Home\Controller\DetailController.class.php 第 9 行.
NOTIC: [8] Undefined index: identity D:\AppServ\www\jiaolianyuan\APP\Home\Controller\DetailController.class.php 第 10 行.
SQL: SHOW COLUMNS FROM `class` [ RunTime:0.0020s ]
SQL: SELECT `id`,`className`,`classPrice`,`avePeriod`,`classIntro`,`detailPic` FROM `class` WHERE `id` = 1  [ RunTime:0.0000s ]
SQL: SHOW COLUMNS FROM `class_project` [ RunTime:0.0110s ]
SQL: SHOW COLUMNS FROM `project` [ RunTime:0.0140s ]
SQL: SELECT `projectId` FROM `class_project` WHERE `classId` = 1  [ RunTime:0.0000s ]
SQL: select * from project where id in (select projectId from `class_project` where classId=1) [ RunTime:0.0010s ]
SQL: select a.stuId,face,stuName,time,content,star from ((select stuId,classId,content,star,time from `stu_class` where content is not null and classId=1)as a left join student on a.stuId=student.id) [ RunTime:0.0120s ]
SQL: select id,stuName,face from student where id in (select stuId from `stu_class` where classId=1) [ RunTime:0.0010s ]
INFO: [ view_parse ] --START--
INFO: [ template_filter ] --START--
INFO: Run Behavior\ContentReplaceBehavior [ RunTime:0.000000s ]
INFO: [ template_filter ] --END-- [ RunTime:0.000000s ]
NOTIC: [8] Undefined variable: phone D:\AppServ\www\jiaolianyuan\APP\Runtime\Cache\Home\e673543776cc5ec8f086ffb243bb4ad9.php 第 41 行.
NOTIC: [2] Illegal string offset 'name' D:\AppServ\www\jiaolianyuan\APP\Runtime\Cache\Home\e673543776cc5ec8f086ffb243bb4ad9.php 第 123 行.
NOTIC: [2] Illegal string offset 'name' D:\AppServ\www\jiaolianyuan\APP\Runtime\Cache\Home\e673543776cc5ec8f086ffb243bb4ad9.php 第 123 行.
NOTIC: [2] Illegal string offset 'name' D:\AppServ\www\jiaolianyuan\APP\Runtime\Cache\Home\e673543776cc5ec8f086ffb243bb4ad9.php 第 123 行.
NOTIC: [2] Illegal string offset 'name' D:\AppServ\www\jiaolianyuan\APP\Runtime\Cache\Home\e673543776cc5ec8f086ffb243bb4ad9.php 第 123 行.
NOTIC: [2] Illegal string offset 'name' D:\AppServ\www\jiaolianyuan\APP\Runtime\Cache\Home\e673543776cc5ec8f086ffb243bb4ad9.php 第 123 行.
NOTIC: [2] Illegal string offset 'name' D:\AppServ\www\jiaolianyuan\APP\Runtime\Cache\Home\e673543776cc5ec8f086ffb243bb4ad9.php 第 123 行.
INFO: Run Behavior\ParseTemplateBehavior [ RunTime:0.015001s ]
INFO: [ view_parse ] --END-- [ RunTime:0.015001s ]
INFO: [ view_filter ] --START--
INFO: Run Behavior\WriteHtmlCacheBehavior [ RunTime:0.000000s ]
INFO: [ view_filter ] --END-- [ RunTime:0.000000s ]
INFO: [ app_end ] --START--
INFO: Run Behavior\ShowPageTraceBehavior [ RunTime:0.000000s ]
INFO: [ app_end ] --END-- [ RunTime:0.000000s ]

[ 2016-08-28T15:02:49+08:00 ] ::1 /jiaolianyuan/index.php/Home/Detail/selectCoach/id/1
INFO: [ app_init ] --START--
INFO: Run Behavior\BuildLiteBehavior [ RunTime:0.000000s ]
INFO: [ app_init ] --END-- [ RunTime:0.001000s ]
INFO: [ app_begin ] --START--
INFO: Run Behavior\ReadHtmlCacheBehavior [ RunTime:0.000000s ]
INFO: [ app_begin ] --END-- [ RunTime:0.000000s ]
SQL: SHOW COLUMNS FROM `class` [ RunTime:0.0010s ]
SQL: SELECT `className`,`id` FROM `class` WHERE `id` = 1  [ RunTime:0.0000s ]
NOTIC: [8] Undefined index: name D:\AppServ\www\jiaolianyuan\APP\Home\Controller\DetailController.class.php 第 121 行.
NOTIC: [8] Undefined index: face D:\AppServ\www\jiaolianyuan\APP\Home\Controller\DetailController.class.php 第 122 行.
NOTIC: [8] Undefined index: identity D:\AppServ\www\jiaolianyuan\APP\Home\Controller\DetailController.class.php 第 123 行.
SQL: select id,tname,sex,face,tIntro,phone,onlineTime from teacher where id in (select teacherId from `teacher_class` where classId =1) [ RunTime:0.0260s ]
INFO: [ view_parse ] --START--
INFO: [ template_filter ] --START--
INFO: Run Behavior\ContentReplaceBehavior [ RunTime:0.000000s ]
INFO: [ template_filter ] --END-- [ RunTime:0.000000s ]
NOTIC: [8] Undefined variable: phone D:\AppServ\www\jiaolianyuan\APP\Runtime\Cache\Home\66194a9e6a860e228e19c3bbf4058d7d.php 第 27 行.
INFO: Run Behavior\ParseTemplateBehavior [ RunTime:0.008000s ]
INFO: [ view_parse ] --END-- [ RunTime:0.008000s ]
INFO: [ view_filter ] --START--
INFO: Run Behavior\WriteHtmlCacheBehavior [ RunTime:0.000000s ]
INFO: [ view_filter ] --END-- [ RunTime:0.000000s ]
INFO: [ app_end ] --START--
INFO: Run Behavior\ShowPageTraceBehavior [ RunTime:0.001000s ]
INFO: [ app_end ] --END-- [ RunTime:0.001000s ]

[ 2016-08-28T15:02:51+08:00 ] ::1 /jiaolianyuan/index.php/Home/Detail/payMoney/classId/1/coach/%E9%BB%84%E6%95%99%E7%BB%83
INFO: [ app_init ] --START--
INFO: Run Behavior\BuildLiteBehavior [ RunTime:0.000000s ]
INFO: [ app_init ] --END-- [ RunTime:0.001000s ]
INFO: [ app_begin ] --START--
INFO: Run Behavior\ReadHtmlCacheBehavior [ RunTime:0.000000s ]
INFO: [ app_begin ] --END-- [ RunTime:0.000000s ]
NOTIC: [8] Undefined index: identity D:\AppServ\www\jiaolianyuan\APP\Home\Controller\DetailController.class.php 第 150 行.
INFO: [ view_parse ] --START--
INFO: [ template_filter ] --START--
INFO: Run Behavior\ContentReplaceBehavior [ RunTime:0.000000s ]
INFO: [ template_filter ] --END-- [ RunTime:0.000000s ]
INFO: Run Behavior\ParseTemplateBehavior [ RunTime:0.005001s ]
INFO: [ view_parse ] --END-- [ RunTime:0.005001s ]
INFO: [ view_filter ] --START--
INFO: Run Behavior\WriteHtmlCacheBehavior [ RunTime:0.000000s ]
INFO: [ view_filter ] --END-- [ RunTime:0.000000s ]

[ 2016-08-28T15:02:56+08:00 ] ::1 /jiaolianyuan/index.php/Home/Index/index.html
INFO: [ app_init ] --START--
INFO: Run Behavior\BuildLiteBehavior [ RunTime:0.000000s ]
INFO: [ app_init ] --END-- [ RunTime:0.000000s ]
INFO: [ app_begin ] --START--
INFO: Run Behavior\ReadHtmlCacheBehavior [ RunTime:0.001000s ]
INFO: [ app_begin ] --END-- [ RunTime:0.001000s ]
NOTIC: [8] Undefined index: name D:\AppServ\www\jiaolianyuan\APP\Home\Controller\IndexController.class.php 第 8 行.
NOTIC: [8] Undefined index: face D:\AppServ\www\jiaolianyuan\APP\Home\Controller\IndexController.class.php 第 9 行.
NOTIC: [8] Undefined index: identity D:\AppServ\www\jiaolianyuan\APP\Home\Controller\IndexController.class.php 第 10 行.
SQL: SHOW COLUMNS FROM `cate` [ RunTime:0.0020s ]
NOTIC: [8] Undefined variable: courseCate D:\AppServ\www\jiaolianyuan\APP\Home\Controller\IndexController.class.php 第 44 行.
SQL: SHOW COLUMNS FROM `class` [ RunTime:0.0020s ]
INFO: [ view_parse ] --START--
INFO: [ template_filter ] --START--
INFO: Run Behavior\ContentReplaceBehavior [ RunTime:0.000000s ]
INFO: [ template_filter ] --END-- [ RunTime:0.000000s ]
NOTIC: [8] Undefined variable: phone D:\AppServ\www\jiaolianyuan\APP\Runtime\Cache\Home\a59b5e3d0bfe1e0eebc9ef04a084f7b9.php 第 122 行.
INFO: Run Behavior\ParseTemplateBehavior [ RunTime:0.010000s ]
INFO: [ view_parse ] --END-- [ RunTime:0.010000s ]
INFO: [ view_filter ] --START--
INFO: Run Behavior\WriteHtmlCacheBehavior [ RunTime:0.000000s ]
INFO: [ view_filter ] --END-- [ RunTime:0.000000s ]
INFO: [ app_end ] --START--
INFO: Run Behavior\ShowPageTraceBehavior [ RunTime:0.000000s ]
INFO: [ app_end ] --END-- [ RunTime:0.000000s ]

[ 2016-08-28T15:04:06+08:00 ] ::1 /jiaolianyuan/index.php/Home/Index/getClassList?cname=HTML5%E5%B7%A5%E7%A8%8B%E5%B8%88
INFO: [ app_init ] --START--
INFO: Run Behavior\BuildLiteBehavior [ RunTime:0.000000s ]
INFO: [ app_init ] --END-- [ RunTime:0.000000s ]
INFO: [ app_begin ] --START--
INFO: Run Behavior\ReadHtmlCacheBehavior [ RunTime:0.000000s ]
INFO: [ app_begin ] --END-- [ RunTime:0.001000s ]
SQL: SHOW COLUMNS FROM `class` [ RunTime:0.0020s ]
SQL: SHOW COLUMNS FROM `cate` [ RunTime:0.0020s ]
SQL: SELECT `id` FROM `cate` WHERE `cName` = 'HTML5工程师'  [ RunTime:0.0000s ]
SQL: SELECT `id`,`className` FROM `class` WHERE ( classCate=4 )  [ RunTime:0.0010s ]

[ 2016-08-28T15:04:09+08:00 ] ::1 /jiaolianyuan/index.php/Home/Index/getClassList?cname=PHP%E5%B7%A5%E7%A8%8B%E5%B8%88
INFO: [ app_init ] --START--
INFO: Run Behavior\BuildLiteBehavior [ RunTime:0.000000s ]
INFO: [ app_init ] --END-- [ RunTime:0.001000s ]
INFO: [ app_begin ] --START--
INFO: Run Behavior\ReadHtmlCacheBehavior [ RunTime:0.001000s ]
INFO: [ app_begin ] --END-- [ RunTime:0.001000s ]
SQL: SHOW COLUMNS FROM `class` [ RunTime:0.0010s ]
SQL: SHOW COLUMNS FROM `cate` [ RunTime:0.0010s ]

[ 2016-08-28T15:04:10+08:00 ] ::1 /jiaolianyuan/index.php/Home/Detail/detail/id/1
INFO: [ app_init ] --START--
INFO: Run Behavior\BuildLiteBehavior [ RunTime:0.000000s ]
INFO: [ app_init ] --END-- [ RunTime:0.000000s ]
INFO: [ app_begin ] --START--
INFO: Run Behavior\ReadHtmlCacheBehavior [ RunTime:0.000000s ]
INFO: [ app_begin ] --END-- [ RunTime:0.000000s ]
NOTIC: [8] Undefined index: name D:\AppServ\www\jiaolianyuan\APP\Home\Controller\DetailController.class.php 第 8 行.
NOTIC: [8] Undefined index: face D:\AppServ\www\jiaolianyuan\APP\Home\Controller\DetailController.class.php 第 9 行.
NOTIC: [8] Undefined index: identity D:\AppServ\www\jiaolianyuan\APP\Home\Controller\DetailController.class.php 第 10 行.
SQL: SHOW COLUMNS FROM `class` [ RunTime:0.0020s ]
SQL: SELECT `id`,`className`,`classPrice`,`avePeriod`,`classIntro`,`detailPic` FROM `class` WHERE `id` = 1  [ RunTime:0.0000s ]
SQL: SHOW COLUMNS FROM `class_project` [ RunTime:0.0010s ]
SQL: SHOW COLUMNS FROM `project` [ RunTime:0.0010s ]
SQL: SELECT `projectId` FROM `class_project` WHERE `classId` = 1  [ RunTime:0.0000s ]
SQL: select * from project where id in (select projectId from `class_project` where classId=1) [ RunTime:0.0010s ]
SQL: select a.stuId,face,stuName,time,content,star from ((select stuId,classId,content,star,time from `stu_class` where content is not null and classId=1)as a left join student on a.stuId=student.id) [ RunTime:0.0010s ]
SQL: select id,stuName,face from student where id in (select stuId from `stu_class` where classId=1) [ RunTime:0.0010s ]
INFO: [ view_parse ] --START--
INFO: [ template_filter ] --START--
INFO: Run Behavior\ContentReplaceBehavior [ RunTime:0.000000s ]
INFO: [ template_filter ] --END-- [ RunTime:0.000000s ]
NOTIC: [8] Undefined variable: phone D:\AppServ\www\jiaolianyuan\APP\Runtime\Cache\Home\e673543776cc5ec8f086ffb243bb4ad9.php 第 41 行.
NOTIC: [2] Illegal string offset 'name' D:\AppServ\www\jiaolianyuan\APP\Runtime\Cache\Home\e673543776cc5ec8f086ffb243bb4ad9.php 第 123 行.
NOTIC: [2] Illegal string offset 'name' D:\AppServ\www\jiaolianyuan\APP\Runtime\Cache\Home\e673543776cc5ec8f086ffb243bb4ad9.php 第 123 行.
NOTIC: [2] Illegal string offset 'name' D:\AppServ\www\jiaolianyuan\APP\Runtime\Cache\Home\e673543776cc5ec8f086ffb243bb4ad9.php 第 123 行.
NOTIC: [2] Illegal string offset 'name' D:\AppServ\www\jiaolianyuan\APP\Runtime\Cache\Home\e673543776cc5ec8f086ffb243bb4ad9.php 第 123 行.
NOTIC: [2] Illegal string offset 'name' D:\AppServ\www\jiaolianyuan\APP\Runtime\Cache\Home\e673543776cc5ec8f086ffb243bb4ad9.php 第 123 行.
NOTIC: [2] Illegal string offset 'name' D:\AppServ\www\jiaolianyuan\APP\Runtime\Cache\Home\e673543776cc5ec8f086ffb243bb4ad9.php 第 123 行.
INFO: Run Behavior\ParseTemplateBehavior [ RunTime:0.014001s ]
INFO: [ view_parse ] --END-- [ RunTime:0.014001s ]
INFO: [ view_filter ] --START--
INFO: Run Behavior\WriteHtmlCacheBehavior [ RunTime:0.001000s ]
INFO: [ view_filter ] --END-- [ RunTime:0.001000s ]
INFO: [ app_end ] --START--
INFO: Run Behavior\ShowPageTraceBehavior [ RunTime:0.001000s ]
INFO: [ app_end ] --END-- [ RunTime:0.001000s ]

[ 2016-08-28T15:04:12+08:00 ] ::1 /jiaolianyuan/index.php/Home/Detail/selectCoach/id/1
INFO: [ app_init ] --START--
INFO: Run Behavior\BuildLiteBehavior [ RunTime:0.000000s ]
INFO: [ app_init ] --END-- [ RunTime:0.001000s ]
INFO: [ app_begin ] --START--
INFO: Run Behavior\ReadHtmlCacheBehavior [ RunTime:0.001000s ]
INFO: [ app_begin ] --END-- [ RunTime:0.001000s ]
SQL: SHOW COLUMNS FROM `class` [ RunTime:0.0010s ]
SQL: SELECT `className`,`id` FROM `class` WHERE `id` = 1  [ RunTime:0.0010s ]
NOTIC: [8] Undefined index: name D:\AppServ\www\jiaolianyuan\APP\Home\Controller\DetailController.class.php 第 121 行.
NOTIC: [8] Undefined index: face D:\AppServ\www\jiaolianyuan\APP\Home\Controller\DetailController.class.php 第 122 行.
NOTIC: [8] Undefined index: identity D:\AppServ\www\jiaolianyuan\APP\Home\Controller\DetailController.class.php 第 123 行.
SQL: select id,tname,sex,face,tIntro,phone,onlineTime from teacher where id in (select teacherId from `teacher_class` where classId =1) [ RunTime:0.0010s ]
INFO: [ view_parse ] --START--
INFO: [ template_filter ] --START--
INFO: Run Behavior\ContentReplaceBehavior [ RunTime:0.000000s ]
INFO: [ template_filter ] --END-- [ RunTime:0.000000s ]
NOTIC: [8] Undefined variable: phone D:\AppServ\www\jiaolianyuan\APP\Runtime\Cache\Home\66194a9e6a860e228e19c3bbf4058d7d.php 第 27 行.
INFO: Run Behavior\ParseTemplateBehavior [ RunTime:0.006000s ]
INFO: [ view_parse ] --END-- [ RunTime:0.006000s ]
INFO: [ view_filter ] --START--
INFO: Run Behavior\WriteHtmlCacheBehavior [ RunTime:0.000000s ]
INFO: [ view_filter ] --END-- [ RunTime:0.000000s ]
INFO: [ app_end ] --START--
INFO: Run Behavior\ShowPageTraceBehavior [ RunTime:0.000000s ]
INFO: [ app_end ] --END-- [ RunTime:0.000000s ]

[ 2016-08-28T15:04:13+08:00 ] ::1 /jiaolianyuan/index.php/Home/Detail/payMoney/classId/1/coach/%E9%BB%84%E6%95%99%E7%BB%83
INFO: [ app_init ] --START--
INFO: Run Behavior\BuildLiteBehavior [ RunTime:0.000000s ]
INFO: [ app_init ] --END-- [ RunTime:0.000000s ]
INFO: [ app_begin ] --START--
INFO: Run Behavior\ReadHtmlCacheBehavior [ RunTime:0.001000s ]
INFO: [ app_begin ] --END-- [ RunTime:0.001000s ]
NOTIC: [8] Undefined index: identity D:\AppServ\www\jiaolianyuan\APP\Home\Controller\DetailController.class.php 第 150 行.
INFO: [ view_parse ] --START--
INFO: [ template_filter ] --START--
INFO: Run Behavior\ContentReplaceBehavior [ RunTime:0.000000s ]
INFO: [ template_filter ] --END-- [ RunTime:0.000000s ]
INFO: Run Behavior\ParseTemplateBehavior [ RunTime:0.004000s ]
INFO: [ view_parse ] --END-- [ RunTime:0.004000s ]
INFO: [ view_filter ] --START--
INFO: Run Behavior\WriteHtmlCacheBehavior [ RunTime:0.001000s ]
INFO: [ view_filter ] --END-- [ RunTime:0.001000s ]

[ 2016-08-28T15:04:17+08:00 ] ::1 /jiaolianyuan/index.php/Home/Index/index.html
INFO: [ app_init ] --START--
INFO: Run Behavior\BuildLiteBehavior [ RunTime:0.000000s ]
INFO: [ app_init ] --END-- [ RunTime:0.001001s ]
INFO: [ app_begin ] --START--
INFO: Run Behavior\ReadHtmlCacheBehavior [ RunTime:0.001000s ]
INFO: [ app_begin ] --END-- [ RunTime:0.001000s ]
NOTIC: [8] Undefined index: name D:\AppServ\www\jiaolianyuan\APP\Home\Controller\IndexController.class.php 第 8 行.
NOTIC: [8] Undefined index: face D:\AppServ\www\jiaolianyuan\APP\Home\Controller\IndexController.class.php 第 9 行.
NOTIC: [8] Undefined index: identity D:\AppServ\www\jiaolianyuan\APP\Home\Controller\IndexController.class.php 第 10 行.
SQL: SHOW COLUMNS FROM `cate` [ RunTime:0.0010s ]
NOTIC: [8] Undefined variable: courseCate D:\AppServ\www\jiaolianyuan\APP\Home\Controller\IndexController.class.php 第 44 行.
SQL: SHOW COLUMNS FROM `class` [ RunTime:0.0010s ]
INFO: [ view_parse ] --START--
INFO: [ template_filter ] --START--
INFO: Run Behavior\ContentReplaceBehavior [ RunTime:0.000000s ]
INFO: [ template_filter ] --END-- [ RunTime:0.000000s ]
NOTIC: [8] Undefined variable: phone D:\AppServ\www\jiaolianyuan\APP\Runtime\Cache\Home\a59b5e3d0bfe1e0eebc9ef04a084f7b9.php 第 122 行.
INFO: Run Behavior\ParseTemplateBehavior [ RunTime:0.010000s ]
INFO: [ view_parse ] --END-- [ RunTime:0.010000s ]
INFO: [ view_filter ] --START--
INFO: Run Behavior\WriteHtmlCacheBehavior [ RunTime:0.001000s ]
INFO: [ view_filter ] --END-- [ RunTime:0.001000s ]
INFO: [ app_end ] --START--
INFO: Run Behavior\ShowPageTraceBehavior [ RunTime:0.000000s ]
INFO: [ app_end ] --END-- [ RunTime:0.001001s ]

[ 2016-08-28T15:04:20+08:00 ] ::1 /jiaolianyuan/index.php/Home/Login/login
INFO: [ app_init ] --START--
INFO: Run Behavior\BuildLiteBehavior [ RunTime:0.000000s ]
INFO: [ app_init ] --END-- [ RunTime:0.001000s ]
INFO: [ app_begin ] --START--
INFO: Run Behavior\ReadHtmlCacheBehavior [ RunTime:0.001000s ]
INFO: [ app_begin ] --END-- [ RunTime:0.001000s ]
INFO: [ view_parse ] --START--
INFO: [ template_filter ] --START--
INFO: Run Behavior\ContentReplaceBehavior [ RunTime:0.000000s ]
INFO: [ template_filter ] --END-- [ RunTime:0.000000s ]
INFO: Run Behavior\ParseTemplateBehavior [ RunTime:0.005000s ]
INFO: [ view_parse ] --END-- [ RunTime:0.005000s ]
INFO: [ view_filter ] --START--
INFO: Run Behavior\WriteHtmlCacheBehavior [ RunTime:0.000000s ]
INFO: [ view_filter ] --END-- [ RunTime:0.000000s ]
INFO: [ app_end ] --START--
INFO: Run Behavior\ShowPageTraceBehavior [ RunTime:0.000000s ]
INFO: [ app_end ] --END-- [ RunTime:0.000000s ]

[ 2016-08-28T15:04:20+08:00 ] ::1 /jiaolianyuan/index.php/Home/Login/verify
INFO: [ app_init ] --START--
INFO: Run Behavior\BuildLiteBehavior [ RunTime:0.000000s ]
INFO: [ app_init ] --END-- [ RunTime:0.000000s ]
INFO: [ app_begin ] --START--
INFO: Run Behavior\ReadHtmlCacheBehavior [ RunTime:0.001000s ]
INFO: [ app_begin ] --END-- [ RunTime:0.001000s ]
INFO: [ app_end ] --START--
INFO: Run Behavior\ShowPageTraceBehavior [ RunTime:0.001000s ]
INFO: [ app_end ] --END-- [ RunTime:0.001000s ]

[ 2016-08-28T15:04:25+08:00 ] ::1 /jiaolianyuan/index.php/Home/Login/do_login
INFO: [ app_init ] --START--
INFO: Run Behavior\BuildLiteBehavior [ RunTime:0.000000s ]
INFO: [ app_init ] --END-- [ RunTime:0.000000s ]
INFO: [ app_begin ] --START--
INFO: Run Behavior\ReadHtmlCacheBehavior [ RunTime:0.000000s ]
INFO: [ app_begin ] --END-- [ RunTime:0.000000s ]
INFO: [ view_parse ] --START--
INFO: [ template_filter ] --START--
INFO: Run Behavior\ContentReplaceBehavior [ RunTime:0.000000s ]
INFO: [ template_filter ] --END-- [ RunTime:0.000000s ]
INFO: Run Behavior\ParseTemplateBehavior [ RunTime:0.005000s ]
INFO: [ view_parse ] --END-- [ RunTime:0.005000s ]
INFO: [ view_filter ] --START--
INFO: Run Behavior\WriteHtmlCacheBehavior [ RunTime:0.000000s ]
INFO: [ view_filter ] --END-- [ RunTime:0.000000s ]

[ 2016-08-28T15:04:28+08:00 ] ::1 /jiaolianyuan/index.php/Home/Login/login.html
INFO: [ app_init ] --START--
INFO: Run Behavior\BuildLiteBehavior [ RunTime:0.000000s ]
INFO: [ app_init ] --END-- [ RunTime:0.001000s ]
INFO: [ app_begin ] --START--
INFO: Run Behavior\ReadHtmlCacheBehavior [ RunTime:0.001000s ]
INFO: [ app_begin ] --END-- [ RunTime:0.001000s ]
INFO: [ view_parse ] --START--
INFO: [ template_filter ] --START--
INFO: Run Behavior\ContentReplaceBehavior [ RunTime:0.000000s ]
INFO: [ template_filter ] --END-- [ RunTime:0.000000s ]
INFO: Run Behavior\ParseTemplateBehavior [ RunTime:0.005000s ]
INFO: [ view_parse ] --END-- [ RunTime:0.005000s ]
INFO: [ view_filter ] --START--
INFO: Run Behavior\WriteHtmlCacheBehavior [ RunTime:0.000000s ]
INFO: [ view_filter ] --END-- [ RunTime:0.000000s ]
INFO: [ app_end ] --START--
INFO: Run Behavior\ShowPageTraceBehavior [ RunTime:0.001000s ]
INFO: [ app_end ] --END-- [ RunTime:0.001000s ]

[ 2016-08-28T15:04:28+08:00 ] ::1 /jiaolianyuan/index.php/Home/Login/verify
INFO: [ app_init ] --START--
INFO: Run Behavior\BuildLiteBehavior [ RunTime:0.000000s ]
INFO: [ app_init ] --END-- [ RunTime:0.000000s ]
INFO: [ app_begin ] --START--
INFO: Run Behavior\ReadHtmlCacheBehavior [ RunTime:0.001000s ]
INFO: [ app_begin ] --END-- [ RunTime:0.001000s ]
INFO: [ app_end ] --START--
INFO: Run Behavior\ShowPageTraceBehavior [ RunTime:0.000000s ]
INFO: [ app_end ] --END-- [ RunTime:0.000000s ]

[ 2016-08-28T15:04:34+08:00 ] ::1 /jiaolianyuan/index.php/Home/Login/do_login
INFO: [ app_init ] --START--
INFO: Run Behavior\BuildLiteBehavior [ RunTime:0.000000s ]
INFO: [ app_init ] --END-- [ RunTime:0.001000s ]
INFO: [ app_begin ] --START--
INFO: Run Behavior\ReadHtmlCacheBehavior [ RunTime:0.001000s ]
INFO: [ app_begin ] --END-- [ RunTime:0.001000s ]
SQL: SHOW COLUMNS FROM `teacher` [ RunTime:0.0010s ]
SQL: SELECT * FROM `teacher` WHERE ( phone='dada' AND password='3a300c48b47b714d9821dc473304aa84'  ) LIMIT 1   [ RunTime:0.0000s ]
SQL: SELECT * FROM `teacher` WHERE ( tname='dada' AND password='3a300c48b47b714d9821dc473304aa84'  ) LIMIT 1   [ RunTime:0.0000s ]
INFO: [ view_parse ] --START--
INFO: [ template_filter ] --START--
INFO: Run Behavior\ContentReplaceBehavior [ RunTime:0.000000s ]
INFO: [ template_filter ] --END-- [ RunTime:0.000000s ]
INFO: Run Behavior\ParseTemplateBehavior [ RunTime:0.004000s ]
INFO: [ view_parse ] --END-- [ RunTime:0.004000s ]
INFO: [ view_filter ] --START--
INFO: Run Behavior\WriteHtmlCacheBehavior [ RunTime:0.000000s ]
INFO: [ view_filter ] --END-- [ RunTime:0.000000s ]
INFO: [ app_end ] --START--
INFO: Run Behavior\ShowPageTraceBehavior [ RunTime:0.001000s ]
INFO: [ app_end ] --END-- [ RunTime:0.001000s ]

[ 2016-08-28T15:04:37+08:00 ] ::1 /jiaolianyuan/index.php/Home/Coach/coach.html
INFO: [ app_init ] --START--
INFO: Run Behavior\BuildLiteBehavior [ RunTime:0.000000s ]
INFO: [ app_init ] --END-- [ RunTime:0.001000s ]
INFO: [ app_begin ] --START--
INFO: Run Behavior\ReadHtmlCacheBehavior [ RunTime:0.001000s ]
INFO: [ app_begin ] --END-- [ RunTime:0.001000s ]
SQL: SHOW COLUMNS FROM `teacher` [ RunTime:0.0020s ]
SQL: SELECT * FROM `teacher` WHERE `phone` = '01234567893'  [ RunTime:0.0010s ]
NOTIC: [8] Undefined offset: 0 D:\AppServ\www\jiaolianyuan\APP\Home\Controller\CoachController.class.php 第 25 行.
SQL: SELECT `id`,`address` FROM `teacher` WHERE `tName` = 'dada'  [ RunTime:0.0000s ]
SQL: SELECT `id` FROM `teacher` WHERE `tName` = 'dada'  [ RunTime:0.0010s ]
SQL: select className,id from class where id in (select classId from `stu_class` where teacherId=4) [ RunTime:0.0020s ]
INFO: [ view_parse ] --START--
INFO: [ template_filter ] --START--
INFO: Run Behavior\ContentReplaceBehavior [ RunTime:0.000000s ]
INFO: [ template_filter ] --END-- [ RunTime:0.000000s ]
INFO: Run Behavior\ParseTemplateBehavior [ RunTime:0.015001s ]
INFO: [ view_parse ] --END-- [ RunTime:0.016001s ]
INFO: [ view_filter ] --START--
INFO: Run Behavior\WriteHtmlCacheBehavior [ RunTime:0.000000s ]
INFO: [ view_filter ] --END-- [ RunTime:0.000000s ]
INFO: [ app_end ] --START--
INFO: Run Behavior\ShowPageTraceBehavior [ RunTime:0.000000s ]
INFO: [ app_end ] --END-- [ RunTime:0.000000s ]

[ 2016-08-28T15:04:41+08:00 ] ::1 /jiaolianyuan/index.php/Home/Index/index
INFO: [ app_init ] --START--
INFO: Run Behavior\BuildLiteBehavior [ RunTime:0.000000s ]
INFO: [ app_init ] --END-- [ RunTime:0.001000s ]
INFO: [ app_begin ] --START--
INFO: Run Behavior\ReadHtmlCacheBehavior [ RunTime:0.001000s ]
INFO: [ app_begin ] --END-- [ RunTime:0.001000s ]
SQL: SHOW COLUMNS FROM `cate` [ RunTime:0.0010s ]
NOTIC: [8] Undefined variable: courseCate D:\AppServ\www\jiaolianyuan\APP\Home\Controller\IndexController.class.php 第 44 行.
SQL: SHOW COLUMNS FROM `class` [ RunTime:0.0010s ]
INFO: [ view_parse ] --START--
INFO: [ template_filter ] --START--
INFO: Run Behavior\ContentReplaceBehavior [ RunTime:0.000000s ]
INFO: [ template_filter ] --END-- [ RunTime:0.000000s ]
INFO: Run Behavior\ParseTemplateBehavior [ RunTime:0.010000s ]
INFO: [ view_parse ] --END-- [ RunTime:0.010000s ]
INFO: [ view_filter ] --START--
INFO: Run Behavior\WriteHtmlCacheBehavior [ RunTime:0.000000s ]
INFO: [ view_filter ] --END-- [ RunTime:0.000000s ]
INFO: [ app_end ] --START--
INFO: Run Behavior\ShowPageTraceBehavior [ RunTime:0.001000s ]
INFO: [ app_end ] --END-- [ RunTime:0.001000s ]

[ 2016-08-28T15:04:42+08:00 ] ::1 /jiaolianyuan/index.php/Home/Index/getClassList?cname=PHP%E5%B7%A5%E7%A8%8B%E5%B8%88
INFO: [ app_init ] --START--
INFO: Run Behavior\BuildLiteBehavior [ RunTime:0.000000s ]
INFO: [ app_init ] --END-- [ RunTime:0.001000s ]
INFO: [ app_begin ] --START--
INFO: Run Behavior\ReadHtmlCacheBehavior [ RunTime:0.000000s ]
INFO: [ app_begin ] --END-- [ RunTime:0.000000s ]
SQL: SHOW COLUMNS FROM `class` [ RunTime:0.0010s ]
SQL: SHOW COLUMNS FROM `cate` [ RunTime:0.0010s ]

[ 2016-08-28T15:04:43+08:00 ] ::1 /jiaolianyuan/index.php/Home/Detail/detail/id/1
INFO: [ app_init ] --START--
INFO: Run Behavior\BuildLiteBehavior [ RunTime:0.000000s ]
INFO: [ app_init ] --END-- [ RunTime:0.000000s ]
INFO: [ app_begin ] --START--
INFO: Run Behavior\ReadHtmlCacheBehavior [ RunTime:0.000000s ]
INFO: [ app_begin ] --END-- [ RunTime:0.001000s ]
SQL: SHOW COLUMNS FROM `class` [ RunTime:0.0010s ]
SQL: SELECT `id`,`className`,`classPrice`,`avePeriod`,`classIntro`,`detailPic` FROM `class` WHERE `id` = 1  [ RunTime:0.0000s ]
SQL: SHOW COLUMNS FROM `class_project` [ RunTime:0.0010s ]
SQL: SHOW COLUMNS FROM `project` [ RunTime:0.0010s ]
SQL: SELECT `projectId` FROM `class_project` WHERE `classId` = 1  [ RunTime:0.0000s ]
SQL: select * from project where id in (select projectId from `class_project` where classId=1) [ RunTime:0.0000s ]
SQL: select a.stuId,face,stuName,time,content,star from ((select stuId,classId,content,star,time from `stu_class` where content is not null and classId=1)as a left join student on a.stuId=student.id) [ RunTime:0.0010s ]
SQL: select id,stuName,face from student where id in (select stuId from `stu_class` where classId=1) [ RunTime:0.0010s ]
INFO: [ view_parse ] --START--
INFO: [ template_filter ] --START--
INFO: Run Behavior\ContentReplaceBehavior [ RunTime:0.000000s ]
INFO: [ template_filter ] --END-- [ RunTime:0.001000s ]
NOTIC: [2] Illegal string offset 'name' D:\AppServ\www\jiaolianyuan\APP\Runtime\Cache\Home\e673543776cc5ec8f086ffb243bb4ad9.php 第 123 行.
NOTIC: [2] Illegal string offset 'name' D:\AppServ\www\jiaolianyuan\APP\Runtime\Cache\Home\e673543776cc5ec8f086ffb243bb4ad9.php 第 123 行.
NOTIC: [2] Illegal string offset 'name' D:\AppServ\www\jiaolianyuan\APP\Runtime\Cache\Home\e673543776cc5ec8f086ffb243bb4ad9.php 第 123 行.
NOTIC: [2] Illegal string offset 'name' D:\AppServ\www\jiaolianyuan\APP\Runtime\Cache\Home\e673543776cc5ec8f086ffb243bb4ad9.php 第 123 行.
NOTIC: [2] Illegal string offset 'name' D:\AppServ\www\jiaolianyuan\APP\Runtime\Cache\Home\e673543776cc5ec8f086ffb243bb4ad9.php 第 123 行.
NOTIC: [2] Illegal string offset 'name' D:\AppServ\www\jiaolianyuan\APP\Runtime\Cache\Home\e673543776cc5ec8f086ffb243bb4ad9.php 第 123 行.
INFO: Run Behavior\ParseTemplateBehavior [ RunTime:0.012001s ]
INFO: [ view_parse ] --END-- [ RunTime:0.012001s ]
INFO: [ view_filter ] --START--
INFO: Run Behavior\WriteHtmlCacheBehavior [ RunTime:0.001000s ]
INFO: [ view_filter ] --END-- [ RunTime:0.001000s ]
INFO: [ app_end ] --START--
INFO: Run Behavior\ShowPageTraceBehavior [ RunTime:0.000000s ]
INFO: [ app_end ] --END-- [ RunTime:0.000000s ]

[ 2016-08-28T15:05:06+08:00 ] ::1 /jiaolianyuan/index.php/Home/Detail/selectCoach/id/2
INFO: [ app_init ] --START--
INFO: Run Behavior\BuildLiteBehavior [ RunTime:0.000000s ]
INFO: [ app_init ] --END-- [ RunTime:0.001000s ]
INFO: [ app_begin ] --START--
INFO: Run Behavior\ReadHtmlCacheBehavior [ RunTime:0.001000s ]
INFO: [ app_begin ] --END-- [ RunTime:0.001000s ]
SQL: SHOW COLUMNS FROM `class` [ RunTime:0.0020s ]
SQL: SELECT `className`,`id` FROM `class` WHERE `id` = 2  [ RunTime:0.0000s ]
SQL: select id,tname,sex,face,tIntro,phone,onlineTime from teacher where id in (select teacherId from `teacher_class` where classId =2) [ RunTime:0.0020s ]
INFO: [ view_parse ] --START--
INFO: [ template_filter ] --START--
INFO: Run Behavior\ContentReplaceBehavior [ RunTime:0.000000s ]
INFO: [ template_filter ] --END-- [ RunTime:0.000000s ]
INFO: Run Behavior\ParseTemplateBehavior [ RunTime:0.007001s ]
INFO: [ view_parse ] --END-- [ RunTime:0.007001s ]
INFO: [ view_filter ] --START--
INFO: Run Behavior\WriteHtmlCacheBehavior [ RunTime:0.000000s ]
INFO: [ view_filter ] --END-- [ RunTime:0.000000s ]
INFO: [ app_end ] --START--
INFO: Run Behavior\ShowPageTraceBehavior [ RunTime:0.000000s ]
INFO: [ app_end ] --END-- [ RunTime:0.001000s ]

[ 2016-08-28T15:05:09+08:00 ] ::1 /jiaolianyuan/index.php/Home/Detail/payMoney/classId/2/coach/%E9%BB%84%E6%95%99%E7%BB%83
INFO: [ app_init ] --START--
INFO: Run Behavior\BuildLiteBehavior [ RunTime:0.000000s ]
INFO: [ app_init ] --END-- [ RunTime:0.001000s ]
INFO: [ app_begin ] --START--
INFO: Run Behavior\ReadHtmlCacheBehavior [ RunTime:0.001000s ]
INFO: [ app_begin ] --END-- [ RunTime:0.001000s ]
INFO: [ view_parse ] --START--
INFO: [ template_filter ] --START--
INFO: Run Behavior\ContentReplaceBehavior [ RunTime:0.000000s ]
INFO: [ template_filter ] --END-- [ RunTime:0.000000s ]
INFO: Run Behavior\ParseTemplateBehavior [ RunTime:0.006000s ]
INFO: [ view_parse ] --END-- [ RunTime:0.006000s ]
INFO: [ view_filter ] --START--
INFO: Run Behavior\WriteHtmlCacheBehavior [ RunTime:0.000000s ]
INFO: [ view_filter ] --END-- [ RunTime:0.000000s ]

[ 2016-08-28T15:05:13+08:00 ] ::1 /jiaolianyuan/index.php/Home/Index/index.html
INFO: [ app_init ] --START--
INFO: Run Behavior\BuildLiteBehavior [ RunTime:0.000000s ]
INFO: [ app_init ] --END-- [ RunTime:0.001001s ]
INFO: [ app_begin ] --START--
INFO: Run Behavior\ReadHtmlCacheBehavior [ RunTime:0.000000s ]
INFO: [ app_begin ] --END-- [ RunTime:0.000000s ]
SQL: SHOW COLUMNS FROM `cate` [ RunTime:0.0010s ]
NOTIC: [8] Undefined variable: courseCate D:\AppServ\www\jiaolianyuan\APP\Home\Controller\IndexController.class.php 第 44 行.
SQL: select * from (select class.id,className,classIntro,classPic from `class` left join `stu_class` on class.id = classId) as a where id=1 [ RunTime:0.0010s ]
SQL: select * from (select class.id,className,classIntro,classPic from `class` left join `stu_class` on class.id = classId) as a where id=2 [ RunTime:0.0000s ]
SQL: select * from (select class.id,className,classIntro,classPic from `class` left join `stu_class` on class.id = classId) as a where id=3 [ RunTime:0.0000s ]
SQL: select * from (select class.id,className,classIntro,classPic from `class` left join `stu_class` on class.id = classId) as a where id=4 [ RunTime:0.0000s ]
SQL: select * from (select class.id,className,classIntro,classPic from `class` left join `stu_class` on class.id = classId) as a where id=5 [ RunTime:0.0000s ]
SQL: SHOW COLUMNS FROM `class` [ RunTime:0.0010s ]
SQL: SELECT `id` FROM `cate` LIMIT 0,1   [ RunTime:0.0000s ]
SQL: SELECT `id`,`classPic`,`classIntro`,`className` FROM `class` WHERE ( classCate=1 ) LIMIT 3,8   [ RunTime:0.0000s ]
INFO: [ view_parse ] --START--
INFO: [ template_filter ] --START--
INFO: Run Behavior\ContentReplaceBehavior [ RunTime:0.000000s ]
INFO: [ template_filter ] --END-- [ RunTime:0.000000s ]
INFO: Run Behavior\ParseTemplateBehavior [ RunTime:0.011000s ]
INFO: [ view_parse ] --END-- [ RunTime:0.011000s ]
INFO: [ view_filter ] --START--
INFO: Run Behavior\WriteHtmlCacheBehavior [ RunTime:0.001000s ]
INFO: [ view_filter ] --END-- [ RunTime:0.001000s ]
INFO: [ app_end ] --START--
INFO: Run Behavior\ShowPageTraceBehavior [ RunTime:0.000000s ]
INFO: [ app_end ] --END-- [ RunTime:0.000000s ]

[ 2016-08-28T15:05:14+08:00 ] ::1 /jiaolianyuan/index.php/Home/Index/getClassList?cname=PHP%E5%B7%A5%E7%A8%8B%E5%B8%88
INFO: [ app_init ] --START--
INFO: Run Behavior\BuildLiteBehavior [ RunTime:0.000000s ]
INFO: [ app_init ] --END-- [ RunTime:0.000000s ]
INFO: [ app_begin ] --START--
INFO: Run Behavior\ReadHtmlCacheBehavior [ RunTime:0.001000s ]
INFO: [ app_begin ] --END-- [ RunTime:0.001000s ]
SQL: SHOW COLUMNS FROM `class` [ RunTime:0.0010s ]
SQL: SHOW COLUMNS FROM `cate` [ RunTime:0.0010s ]
SQL: SELECT `id` FROM `cate` WHERE `cName` = 'PHP工程师'  [ RunTime:0.0010s ]
SQL: SELECT `id`,`className` FROM `class` WHERE ( classCate=1 )  [ RunTime:0.0000s ]

[ 2016-08-28T15:05:15+08:00 ] ::1 /jiaolianyuan/index.php/Home/Index/getClassList?cname=PHP%E5%B7%A5%E7%A8%8B%E5%B8%88
INFO: [ app_init ] --START--
INFO: Run Behavior\BuildLiteBehavior [ RunTime:0.000000s ]
INFO: [ app_init ] --END-- [ RunTime:0.001000s ]
INFO: [ app_begin ] --START--
INFO: Run Behavior\ReadHtmlCacheBehavior [ RunTime:0.000000s ]
INFO: [ app_begin ] --END-- [ RunTime:0.002000s ]
SQL: SHOW COLUMNS FROM `class` [ RunTime:0.0020s ]
SQL: SHOW COLUMNS FROM `cate` [ RunTime:0.0020s ]

[ 2016-08-28T15:05:16+08:00 ] ::1 /jiaolianyuan/index.php/Home/Detail/detail/id/1
INFO: [ app_init ] --START--
INFO: Run Behavior\BuildLiteBehavior [ RunTime:0.000000s ]
INFO: [ app_init ] --END-- [ RunTime:0.001000s ]
INFO: [ app_begin ] --START--
INFO: Run Behavior\ReadHtmlCacheBehavior [ RunTime:0.001000s ]
INFO: [ app_begin ] --END-- [ RunTime:0.001000s ]
SQL: SHOW COLUMNS FROM `class` [ RunTime:0.0020s ]
SQL: SELECT `id`,`className`,`classPrice`,`avePeriod`,`classIntro`,`detailPic` FROM `class` WHERE `id` = 1  [ RunTime:0.0010s ]
SQL: SHOW COLUMNS FROM `class_project` [ RunTime:0.0020s ]
SQL: SHOW COLUMNS FROM `project` [ RunTime:0.0020s ]
SQL: SELECT `projectId` FROM `class_project` WHERE `classId` = 1  [ RunTime:0.0000s ]
SQL: select * from project where id in (select projectId from `class_project` where classId=1) [ RunTime:0.0000s ]
SQL: select a.stuId,face,stuName,time,content,star from ((select stuId,classId,content,star,time from `stu_class` where content is not null and classId=1)as a left join student on a.stuId=student.id) [ RunTime:0.0020s ]
SQL: select id,stuName,face from student where id in (select stuId from `stu_class` where classId=1) [ RunTime:0.0000s ]
INFO: [ view_parse ] --START--
INFO: [ template_filter ] --START--
INFO: Run Behavior\ContentReplaceBehavior [ RunTime:0.000000s ]
INFO: [ template_filter ] --END-- [ RunTime:0.000000s ]
NOTIC: [2] Illegal string offset 'name' D:\AppServ\www\jiaolianyuan\APP\Runtime\Cache\Home\e673543776cc5ec8f086ffb243bb4ad9.php 第 123 行.
NOTIC: [2] Illegal string offset 'name' D:\AppServ\www\jiaolianyuan\APP\Runtime\Cache\Home\e673543776cc5ec8f086ffb243bb4ad9.php 第 123 行.
NOTIC: [2] Illegal string offset 'name' D:\AppServ\www\jiaolianyuan\APP\Runtime\Cache\Home\e673543776cc5ec8f086ffb243bb4ad9.php 第 123 行.
NOTIC: [2] Illegal string offset 'name' D:\AppServ\www\jiaolianyuan\APP\Runtime\Cache\Home\e673543776cc5ec8f086ffb243bb4ad9.php 第 123 行.
NOTIC: [2] Illegal string offset 'name' D:\AppServ\www\jiaolianyuan\APP\Runtime\Cache\Home\e673543776cc5ec8f086ffb243bb4ad9.php 第 123 行.
NOTIC: [2] Illegal string offset 'name' D:\AppServ\www\jiaolianyuan\APP\Runtime\Cache\Home\e673543776cc5ec8f086ffb243bb4ad9.php 第 123 行.
INFO: Run Behavior\ParseTemplateBehavior [ RunTime:0.024001s ]
INFO: [ view_parse ] --END-- [ RunTime:0.024001s ]
INFO: [ view_filter ] --START--
INFO: Run Behavior\WriteHtmlCacheBehavior [ RunTime:0.001000s ]
INFO: [ view_filter ] --END-- [ RunTime:0.001000s ]
INFO: [ app_end ] --START--
INFO: Run Behavior\ShowPageTraceBehavior [ RunTime:0.001000s ]
INFO: [ app_end ] --END-- [ RunTime:0.001000s ]

[ 2016-08-28T15:05:18+08:00 ] ::1 /jiaolianyuan/index.php/Home/Coach/coachProve/id/1
INFO: [ app_init ] --START--
INFO: Run Behavior\BuildLiteBehavior [ RunTime:0.000000s ]
INFO: [ app_init ] --END-- [ RunTime:0.001000s ]
INFO: [ app_begin ] --START--
INFO: Run Behavior\ReadHtmlCacheBehavior [ RunTime:0.001000s ]
INFO: [ app_begin ] --END-- [ RunTime:0.001000s ]
INFO: [ view_parse ] --START--
INFO: [ template_filter ] --START--
INFO: Run Behavior\ContentReplaceBehavior [ RunTime:0.000000s ]
INFO: [ template_filter ] --END-- [ RunTime:0.000000s ]
INFO: Run Behavior\ParseTemplateBehavior [ RunTime:0.018001s ]
INFO: [ view_parse ] --END-- [ RunTime:0.018001s ]
INFO: [ view_filter ] --START--
INFO: Run Behavior\WriteHtmlCacheBehavior [ RunTime:0.000000s ]
INFO: [ view_filter ] --END-- [ RunTime:0.000000s ]
INFO: [ app_end ] --START--
INFO: Run Behavior\ShowPageTraceBehavior [ RunTime:0.000000s ]
INFO: [ app_end ] --END-- [ RunTime:0.001000s ]

[ 2016-08-28T15:05:31+08:00 ] ::1 /jiaolianyuan/index.php/Home/Login/logout
INFO: [ app_init ] --START--
INFO: Run Behavior\BuildLiteBehavior [ RunTime:0.000000s ]
INFO: [ app_init ] --END-- [ RunTime:0.001000s ]
INFO: [ app_begin ] --START--
INFO: Run Behavior\ReadHtmlCacheBehavior [ RunTime:0.000000s ]
INFO: [ app_begin ] --END-- [ RunTime:0.000000s ]
INFO: [ view_parse ] --START--
INFO: [ template_filter ] --START--
INFO: Run Behavior\ContentReplaceBehavior [ RunTime:0.000000s ]
INFO: [ template_filter ] --END-- [ RunTime:0.000000s ]
INFO: Run Behavior\ParseTemplateBehavior [ RunTime:0.009000s ]
INFO: [ view_parse ] --END-- [ RunTime:0.009000s ]
INFO: [ view_filter ] --START--
INFO: Run Behavior\WriteHtmlCacheBehavior [ RunTime:0.000000s ]
INFO: [ view_filter ] --END-- [ RunTime:0.001000s ]
INFO: [ app_end ] --START--
INFO: Run Behavior\ShowPageTraceBehavior [ RunTime:0.001000s ]
INFO: [ app_end ] --END-- [ RunTime:0.001000s ]

[ 2016-08-28T15:05:32+08:00 ] ::1 /jiaolianyuan/index.php/Home/Login/login.html
INFO: [ app_init ] --START--
INFO: Run Behavior\BuildLiteBehavior [ RunTime:0.000000s ]
INFO: [ app_init ] --END-- [ RunTime:0.000000s ]
INFO: [ app_begin ] --START--
INFO: Run Behavior\ReadHtmlCacheBehavior [ RunTime:0.001001s ]
INFO: [ app_begin ] --END-- [ RunTime:0.001001s ]
INFO: [ view_parse ] --START--
INFO: [ template_filter ] --START--
INFO: Run Behavior\ContentReplaceBehavior [ RunTime:0.000000s ]
INFO: [ template_filter ] --END-- [ RunTime:0.000000s ]
INFO: Run Behavior\ParseTemplateBehavior [ RunTime:0.004000s ]
INFO: [ view_parse ] --END-- [ RunTime:0.004000s ]
INFO: [ view_filter ] --START--
INFO: Run Behavior\WriteHtmlCacheBehavior [ RunTime:0.001000s ]
INFO: [ view_filter ] --END-- [ RunTime:0.001000s ]
INFO: [ app_end ] --START--
INFO: Run Behavior\ShowPageTraceBehavior [ RunTime:0.000000s ]
INFO: [ app_end ] --END-- [ RunTime:0.000000s ]

[ 2016-08-28T15:05:32+08:00 ] ::1 /jiaolianyuan/index.php/Home/Login/verify
INFO: [ app_init ] --START--
INFO: Run Behavior\BuildLiteBehavior [ RunTime:0.000000s ]
INFO: [ app_init ] --END-- [ RunTime:0.001000s ]
INFO: [ app_begin ] --START--
INFO: Run Behavior\ReadHtmlCacheBehavior [ RunTime:0.001000s ]
INFO: [ app_begin ] --END-- [ RunTime:0.001000s ]
INFO: [ app_end ] --START--
INFO: Run Behavior\ShowPageTraceBehavior [ RunTime:0.000000s ]
INFO: [ app_end ] --END-- [ RunTime:0.000000s ]

[ 2016-08-28T15:05:43+08:00 ] ::1 /jiaolianyuan/index.php/Home/Login/do_login
INFO: [ app_init ] --START--
INFO: Run Behavior\BuildLiteBehavior [ RunTime:0.000000s ]
INFO: [ app_init ] --END-- [ RunTime:0.000000s ]
INFO: [ app_begin ] --START--
INFO: Run Behavior\ReadHtmlCacheBehavior [ RunTime:0.001000s ]
INFO: [ app_begin ] --END-- [ RunTime:0.001000s ]
INFO: [ view_parse ] --START--
INFO: [ template_filter ] --START--
INFO: Run Behavior\ContentReplaceBehavior [ RunTime:0.000000s ]
INFO: [ template_filter ] --END-- [ RunTime:0.000000s ]
INFO: Run Behavior\ParseTemplateBehavior [ RunTime:0.005001s ]
INFO: [ view_parse ] --END-- [ RunTime:0.005001s ]
INFO: [ view_filter ] --START--
INFO: Run Behavior\WriteHtmlCacheBehavior [ RunTime:0.001000s ]
INFO: [ view_filter ] --END-- [ RunTime:0.001000s ]

[ 2016-08-28T15:05:46+08:00 ] ::1 /jiaolianyuan/index.php/Home/Login/login.html
INFO: [ app_init ] --START--
INFO: Run Behavior\BuildLiteBehavior [ RunTime:0.000000s ]
INFO: [ app_init ] --END-- [ RunTime:0.001000s ]
INFO: [ app_begin ] --START--
INFO: Run Behavior\ReadHtmlCacheBehavior [ RunTime:0.001000s ]
INFO: [ app_begin ] --END-- [ RunTime:0.001000s ]
INFO: [ view_parse ] --START--
INFO: [ template_filter ] --START--
INFO: Run Behavior\ContentReplaceBehavior [ RunTime:0.000000s ]
INFO: [ template_filter ] --END-- [ RunTime:0.000000s ]
INFO: Run Behavior\ParseTemplateBehavior [ RunTime:0.005000s ]
INFO: [ view_parse ] --END-- [ RunTime:0.005000s ]
INFO: [ view_filter ] --START--
INFO: Run Behavior\WriteHtmlCacheBehavior [ RunTime:0.001000s ]
INFO: [ view_filter ] --END-- [ RunTime:0.001000s ]
INFO: [ app_end ] --START--
INFO: Run Behavior\ShowPageTraceBehavior [ RunTime:0.000000s ]
INFO: [ app_end ] --END-- [ RunTime:0.000000s ]

[ 2016-08-28T15:05:46+08:00 ] ::1 /jiaolianyuan/index.php/Home/Login/verify
INFO: [ app_init ] --START--
INFO: Run Behavior\BuildLiteBehavior [ RunTime:0.000000s ]
INFO: [ app_init ] --END-- [ RunTime:0.001000s ]
INFO: [ app_begin ] --START--
INFO: Run Behavior\ReadHtmlCacheBehavior [ RunTime:0.000000s ]
INFO: [ app_begin ] --END-- [ RunTime:0.000000s ]
INFO: [ app_end ] --START--
INFO: Run Behavior\ShowPageTraceBehavior [ RunTime:0.000000s ]
INFO: [ app_end ] --END-- [ RunTime:0.001000s ]

[ 2016-08-28T15:05:51+08:00 ] ::1 /jiaolianyuan/index.php/Home/Login/do_login
INFO: [ app_init ] --START--
INFO: Run Behavior\BuildLiteBehavior [ RunTime:0.000000s ]
INFO: [ app_init ] --END-- [ RunTime:0.000000s ]
INFO: [ app_begin ] --START--
INFO: Run Behavior\ReadHtmlCacheBehavior [ RunTime:0.000000s ]
INFO: [ app_begin ] --END-- [ RunTime:0.001000s ]
SQL: SHOW COLUMNS FROM `student` [ RunTime:0.0010s ]
SQL: SELECT * FROM `student` WHERE ( stuName='xiaopeng' AND password='3a300c48b47b714d9821dc473304aa84'  ) LIMIT 1   [ RunTime:0.0000s ]
SQL: SELECT * FROM `student` WHERE ( stuName='xiaopeng' AND password='3a300c48b47b714d9821dc473304aa84'  ) LIMIT 1   [ RunTime:0.0000s ]
SQL: SELECT * FROM `student` WHERE ( phone='xiaopeng' AND password='3a300c48b47b714d9821dc473304aa84'  ) LIMIT 1   [ RunTime:0.0010s ]
INFO: [ view_parse ] --START--
INFO: [ template_filter ] --START--
INFO: Run Behavior\ContentReplaceBehavior [ RunTime:0.000000s ]
INFO: [ template_filter ] --END-- [ RunTime:0.000000s ]
INFO: Run Behavior\ParseTemplateBehavior [ RunTime:0.005000s ]
INFO: [ view_parse ] --END-- [ RunTime:0.005000s ]
INFO: [ view_filter ] --START--
INFO: Run Behavior\WriteHtmlCacheBehavior [ RunTime:0.000000s ]
INFO: [ view_filter ] --END-- [ RunTime:0.000000s ]
INFO: [ app_end ] --START--
INFO: Run Behavior\ShowPageTraceBehavior [ RunTime:0.001000s ]
INFO: [ app_end ] --END-- [ RunTime:0.001000s ]

[ 2016-08-28T15:05:54+08:00 ] ::1 /jiaolianyuan/index.php/Home/Index/index.html
INFO: [ app_init ] --START--
INFO: Run Behavior\BuildLiteBehavior [ RunTime:0.000000s ]
INFO: [ app_init ] --END-- [ RunTime:0.000000s ]
INFO: [ app_begin ] --START--
INFO: Run Behavior\ReadHtmlCacheBehavior [ RunTime:0.000000s ]
INFO: [ app_begin ] --END-- [ RunTime:0.000000s ]
SQL: SHOW COLUMNS FROM `cate` [ RunTime:0.0000s ]
NOTIC: [8] Undefined variable: courseCate D:\AppServ\www\jiaolianyuan\APP\Home\Controller\IndexController.class.php 第 44 行.
SQL: SHOW COLUMNS FROM `class` [ RunTime:0.0000s ]
INFO: [ view_parse ] --START--
INFO: [ template_filter ] --START--
INFO: Run Behavior\ContentReplaceBehavior [ RunTime:0.000000s ]
INFO: [ template_filter ] --END-- [ RunTime:0.000000s ]
INFO: Run Behavior\ParseTemplateBehavior [ RunTime:0.011000s ]
INFO: [ view_parse ] --END-- [ RunTime:0.011000s ]
INFO: [ view_filter ] --START--
INFO: Run Behavior\WriteHtmlCacheBehavior [ RunTime:0.000000s ]
INFO: [ view_filter ] --END-- [ RunTime:0.000000s ]
INFO: [ app_end ] --START--
INFO: Run Behavior\ShowPageTraceBehavior [ RunTime:0.001001s ]
INFO: [ app_end ] --END-- [ RunTime:0.001001s ]

[ 2016-08-28T15:05:57+08:00 ] ::1 /jiaolianyuan/index.php/Home/Index/getClassList?cname=PHP%E5%B7%A5%E7%A8%8B%E5%B8%88
INFO: [ app_init ] --START--
INFO: Run Behavior\BuildLiteBehavior [ RunTime:0.000000s ]
INFO: [ app_init ] --END-- [ RunTime:0.001000s ]
INFO: [ app_begin ] --START--
INFO: Run Behavior\ReadHtmlCacheBehavior [ RunTime:0.001001s ]
INFO: [ app_begin ] --END-- [ RunTime:0.001001s ]
SQL: SHOW COLUMNS FROM `class` [ RunTime:0.0010s ]
SQL: SHOW COLUMNS FROM `cate` [ RunTime:0.0010s ]

[ 2016-08-28T15:05:59+08:00 ] ::1 /jiaolianyuan/index.php/Home/Detail/detail/id/1
INFO: [ app_init ] --START--
INFO: Run Behavior\BuildLiteBehavior [ RunTime:0.000000s ]
INFO: [ app_init ] --END-- [ RunTime:0.001000s ]
INFO: [ app_begin ] --START--
INFO: Run Behavior\ReadHtmlCacheBehavior [ RunTime:0.001000s ]
INFO: [ app_begin ] --END-- [ RunTime:0.001000s ]
SQL: SHOW COLUMNS FROM `class` [ RunTime:0.0020s ]
SQL: SELECT `id`,`className`,`classPrice`,`avePeriod`,`classIntro`,`detailPic` FROM `class` WHERE `id` = 1  [ RunTime:0.0010s ]
SQL: SHOW COLUMNS FROM `class_project` [ RunTime:0.0010s ]
SQL: SHOW COLUMNS FROM `project` [ RunTime:0.0010s ]
SQL: SELECT `projectId` FROM `class_project` WHERE `classId` = 1  [ RunTime:0.0010s ]
SQL: select * from project where id in (select projectId from `class_project` where classId=1) [ RunTime:0.0000s ]
SQL: select a.stuId,face,stuName,time,content,star from ((select stuId,classId,content,star,time from `stu_class` where content is not null and classId=1)as a left join student on a.stuId=student.id) [ RunTime:0.0000s ]
SQL: select id,stuName,face from student where id in (select stuId from `stu_class` where classId=1) [ RunTime:0.0000s ]
INFO: [ view_parse ] --START--
INFO: [ template_filter ] --START--
INFO: Run Behavior\ContentReplaceBehavior [ RunTime:0.001000s ]
INFO: [ template_filter ] --END-- [ RunTime:0.001000s ]
NOTIC: [2] Illegal string offset 'name' D:\AppServ\www\jiaolianyuan\APP\Runtime\Cache\Home\e673543776cc5ec8f086ffb243bb4ad9.php 第 123 行.
NOTIC: [2] Illegal string offset 'name' D:\AppServ\www\jiaolianyuan\APP\Runtime\Cache\Home\e673543776cc5ec8f086ffb243bb4ad9.php 第 123 行.
NOTIC: [2] Illegal string offset 'name' D:\AppServ\www\jiaolianyuan\APP\Runtime\Cache\Home\e673543776cc5ec8f086ffb243bb4ad9.php 第 123 行.
NOTIC: [2] Illegal string offset 'name' D:\AppServ\www\jiaolianyuan\APP\Runtime\Cache\Home\e673543776cc5ec8f086ffb243bb4ad9.php 第 123 行.
NOTIC: [2] Illegal string offset 'name' D:\AppServ\www\jiaolianyuan\APP\Runtime\Cache\Home\e673543776cc5ec8f086ffb243bb4ad9.php 第 123 行.
NOTIC: [2] Illegal string offset 'name' D:\AppServ\www\jiaolianyuan\APP\Runtime\Cache\Home\e673543776cc5ec8f086ffb243bb4ad9.php 第 123 行.
INFO: Run Behavior\ParseTemplateBehavior [ RunTime:0.015000s ]
INFO: [ view_parse ] --END-- [ RunTime:0.015000s ]
INFO: [ view_filter ] --START--
INFO: Run Behavior\WriteHtmlCacheBehavior [ RunTime:0.000000s ]
INFO: [ view_filter ] --END-- [ RunTime:0.000000s ]
INFO: [ app_end ] --START--
INFO: Run Behavior\ShowPageTraceBehavior [ RunTime:0.001001s ]
INFO: [ app_end ] --END-- [ RunTime:0.001001s ]

[ 2016-08-28T15:06:00+08:00 ] ::1 /jiaolianyuan/index.php/Home/Detail/selectCoach/id/1
INFO: [ app_init ] --START--
INFO: Run Behavior\BuildLiteBehavior [ RunTime:0.000000s ]
INFO: [ app_init ] --END-- [ RunTime:0.000000s ]
INFO: [ app_begin ] --START--
INFO: Run Behavior\ReadHtmlCacheBehavior [ RunTime:0.001000s ]
INFO: [ app_begin ] --END-- [ RunTime:0.001000s ]
SQL: SHOW COLUMNS FROM `class` [ RunTime:0.0010s ]
SQL: SELECT `className`,`id` FROM `class` WHERE `id` = 1  [ RunTime:0.0000s ]
SQL: select id,tname,sex,face,tIntro,phone,onlineTime from teacher where id in (select teacherId from `teacher_class` where classId =1) [ RunTime:0.0000s ]
INFO: [ view_parse ] --START--
INFO: [ template_filter ] --START--
INFO: Run Behavior\ContentReplaceBehavior [ RunTime:0.000000s ]
INFO: [ template_filter ] --END-- [ RunTime:0.000000s ]
INFO: Run Behavior\ParseTemplateBehavior [ RunTime:0.007001s ]
INFO: [ view_parse ] --END-- [ RunTime:0.007001s ]
INFO: [ view_filter ] --START--
INFO: Run Behavior\WriteHtmlCacheBehavior [ RunTime:0.000000s ]
INFO: [ view_filter ] --END-- [ RunTime:0.000000s ]
INFO: [ app_end ] --START--
INFO: Run Behavior\ShowPageTraceBehavior [ RunTime:0.000000s ]
INFO: [ app_end ] --END-- [ RunTime:0.000000s ]

[ 2016-08-28T15:06:02+08:00 ] ::1 /jiaolianyuan/index.php/Home/Detail/payMoney/classId/1/coach/%E9%BB%84%E6%95%99%E7%BB%83
INFO: [ app_init ] --START--
INFO: Run Behavior\BuildLiteBehavior [ RunTime:0.000000s ]
INFO: [ app_init ] --END-- [ RunTime:0.000000s ]
INFO: [ app_begin ] --START--
INFO: Run Behavior\ReadHtmlCacheBehavior [ RunTime:0.000000s ]
INFO: [ app_begin ] --END-- [ RunTime:0.000000s ]
SQL: SHOW COLUMNS FROM `stu_class` [ RunTime:0.0020s ]
SQL: SHOW COLUMNS FROM `student` [ RunTime:0.0010s ]
SQL: SHOW COLUMNS FROM `teacher` [ RunTime:0.0020s ]
SQL: SELECT `id`,`stuName` FROM `student` WHERE `stuName` = 'xiaopeng'  [ RunTime:0.0000s ]
SQL: SELECT * FROM `stu_class` WHERE `stuId` = 1 AND `classId` = 1 LIMIT 1   [ RunTime:0.0010s ]
INFO: [ view_parse ] --START--
INFO: [ template_filter ] --START--
INFO: Run Behavior\ContentReplaceBehavior [ RunTime:0.000000s ]
INFO: [ template_filter ] --END-- [ RunTime:0.000000s ]
INFO: Run Behavior\ParseTemplateBehavior [ RunTime:0.005001s ]
INFO: [ view_parse ] --END-- [ RunTime:0.005001s ]
INFO: [ view_filter ] --START--
INFO: Run Behavior\WriteHtmlCacheBehavior [ RunTime:0.000000s ]
INFO: [ view_filter ] --END-- [ RunTime:0.000000s ]

[ 2016-08-28T15:06:07+08:00 ] ::1 /jiaolianyuan/index.php/Home/Index/index
INFO: [ app_init ] --START--
INFO: Run Behavior\BuildLiteBehavior [ RunTime:0.000000s ]
INFO: [ app_init ] --END-- [ RunTime:0.001000s ]
INFO: [ app_begin ] --START--
INFO: Run Behavior\ReadHtmlCacheBehavior [ RunTime:0.001000s ]
INFO: [ app_begin ] --END-- [ RunTime:0.001000s ]
SQL: SHOW COLUMNS FROM `cate` [ RunTime:0.0010s ]
NOTIC: [8] Undefined variable: courseCate D:\AppServ\www\jiaolianyuan\APP\Home\Controller\IndexController.class.php 第 44 行.
SQL: SHOW COLUMNS FROM `class` [ RunTime:0.0010s ]
INFO: [ view_parse ] --START--
INFO: [ template_filter ] --START--
INFO: Run Behavior\ContentReplaceBehavior [ RunTime:0.000000s ]
INFO: [ template_filter ] --END-- [ RunTime:0.000000s ]
INFO: Run Behavior\ParseTemplateBehavior [ RunTime:0.010000s ]
INFO: [ view_parse ] --END-- [ RunTime:0.010000s ]
INFO: [ view_filter ] --START--
INFO: Run Behavior\WriteHtmlCacheBehavior [ RunTime:0.000000s ]
INFO: [ view_filter ] --END-- [ RunTime:0.000000s ]
INFO: [ app_end ] --START--
INFO: Run Behavior\ShowPageTraceBehavior [ RunTime:0.000000s ]
INFO: [ app_end ] --END-- [ RunTime:0.000000s ]

[ 2016-08-28T15:06:08+08:00 ] ::1 /jiaolianyuan/index.php/Home/Index/getClassList?cname=Android%E5%B7%A5%E7%A8%8B%E5%B8%88
INFO: [ app_init ] --START--
INFO: Run Behavior\BuildLiteBehavior [ RunTime:0.000000s ]
INFO: [ app_init ] --END-- [ RunTime:0.001000s ]
INFO: [ app_begin ] --START--
INFO: Run Behavior\ReadHtmlCacheBehavior [ RunTime:0.001001s ]
INFO: [ app_begin ] --END-- [ RunTime:0.001001s ]
SQL: SHOW COLUMNS FROM `class` [ RunTime:0.0020s ]
SQL: SHOW COLUMNS FROM `cate` [ RunTime:0.0010s ]
SQL: SELECT `id` FROM `cate` WHERE `cName` = 'Android工程师'  [ RunTime:0.0000s ]
SQL: SELECT `id`,`className` FROM `class` WHERE ( classCate=2 )  [ RunTime:0.0000s ]

[ 2016-08-28T15:06:08+08:00 ] ::1 /jiaolianyuan/index.php/Home/Index/getClassList?cname=Android%E5%B7%A5%E7%A8%8B%E5%B8%88
INFO: [ app_init ] --START--
INFO: Run Behavior\BuildLiteBehavior [ RunTime:0.000000s ]
INFO: [ app_init ] --END-- [ RunTime:0.001001s ]
INFO: [ app_begin ] --START--
INFO: Run Behavior\ReadHtmlCacheBehavior [ RunTime:0.001000s ]
INFO: [ app_begin ] --END-- [ RunTime:0.001000s ]
SQL: SHOW COLUMNS FROM `class` [ RunTime:0.0010s ]
SQL: SHOW COLUMNS FROM `cate` [ RunTime:0.0010s ]

[ 2016-08-28T15:06:09+08:00 ] ::1 /jiaolianyuan/index.php/Home/Index/getClassList?cname=PHP%E5%B7%A5%E7%A8%8B%E5%B8%88
INFO: [ app_init ] --START--
INFO: Run Behavior\BuildLiteBehavior [ RunTime:0.000000s ]
INFO: [ app_init ] --END-- [ RunTime:0.001000s ]
INFO: [ app_begin ] --START--
INFO: Run Behavior\ReadHtmlCacheBehavior [ RunTime:0.001000s ]
INFO: [ app_begin ] --END-- [ RunTime:0.001000s ]
SQL: SHOW COLUMNS FROM `class` [ RunTime:0.0010s ]
SQL: SHOW COLUMNS FROM `cate` [ RunTime:0.0010s ]

[ 2016-08-28T15:06:09+08:00 ] ::1 /jiaolianyuan/index.php/Home/Index/getClassList?cname=Android%E5%B7%A5%E7%A8%8B%E5%B8%88
INFO: [ app_init ] --START--
INFO: Run Behavior\BuildLiteBehavior [ RunTime:0.000000s ]
INFO: [ app_init ] --END-- [ RunTime:0.001000s ]
INFO: [ app_begin ] --START--
INFO: Run Behavior\ReadHtmlCacheBehavior [ RunTime:0.001000s ]
INFO: [ app_begin ] --END-- [ RunTime:0.001000s ]
SQL: SHOW COLUMNS FROM `class` [ RunTime:0.0010s ]
SQL: SHOW COLUMNS FROM `cate` [ RunTime:0.0020s ]

[ 2016-08-28T15:06:10+08:00 ] ::1 /jiaolianyuan/index.php/Home/Index/getClassList?cname=%E5%89%8D%E7%AB%AF%E5%B7%A5%E7%A8%8B%E5%B8%88
INFO: [ app_init ] --START--
INFO: Run Behavior\BuildLiteBehavior [ RunTime:0.000000s ]
INFO: [ app_init ] --END-- [ RunTime:0.001000s ]
INFO: [ app_begin ] --START--
INFO: Run Behavior\ReadHtmlCacheBehavior [ RunTime:0.001000s ]
INFO: [ app_begin ] --END-- [ RunTime:0.001000s ]
SQL: SHOW COLUMNS FROM `class` [ RunTime:0.0010s ]
SQL: SHOW COLUMNS FROM `cate` [ RunTime:0.0010s ]
SQL: SELECT `id` FROM `cate` WHERE `cName` = '前端工程师'  [ RunTime:0.0000s ]
SQL: SELECT `id`,`className` FROM `class` WHERE ( classCate=3 )  [ RunTime:0.0000s ]

[ 2016-08-28T15:06:11+08:00 ] ::1 /jiaolianyuan/index.php/Home/Index/getClassList?cname=%E5%89%8D%E7%AB%AF%E5%B7%A5%E7%A8%8B%E5%B8%88
INFO: [ app_init ] --START--
INFO: Run Behavior\BuildLiteBehavior [ RunTime:0.000000s ]
INFO: [ app_init ] --END-- [ RunTime:0.001000s ]
INFO: [ app_begin ] --START--
INFO: Run Behavior\ReadHtmlCacheBehavior [ RunTime:0.000000s ]
INFO: [ app_begin ] --END-- [ RunTime:0.000000s ]
SQL: SHOW COLUMNS FROM `class` [ RunTime:0.0010s ]
SQL: SHOW COLUMNS FROM `cate` [ RunTime:0.0000s ]

[ 2016-08-28T15:06:11+08:00 ] ::1 /jiaolianyuan/index.php/Home/Index/getClassList?cname=Android%E5%B7%A5%E7%A8%8B%E5%B8%88
INFO: [ app_init ] --START--
INFO: Run Behavior\BuildLiteBehavior [ RunTime:0.000000s ]
INFO: [ app_init ] --END-- [ RunTime:0.001000s ]
INFO: [ app_begin ] --START--
INFO: Run Behavior\ReadHtmlCacheBehavior [ RunTime:0.001000s ]
INFO: [ app_begin ] --END-- [ RunTime:0.001000s ]
SQL: SHOW COLUMNS FROM `class` [ RunTime:0.0000s ]
SQL: SHOW COLUMNS FROM `cate` [ RunTime:0.0000s ]

[ 2016-08-28T15:06:12+08:00 ] ::1 /jiaolianyuan/index.php/Home/Detail/detail/id/4
INFO: [ app_init ] --START--
INFO: Run Behavior\BuildLiteBehavior [ RunTime:0.000000s ]
INFO: [ app_init ] --END-- [ RunTime:0.000000s ]
INFO: [ app_begin ] --START--
INFO: Run Behavior\ReadHtmlCacheBehavior [ RunTime:0.001000s ]
INFO: [ app_begin ] --END-- [ RunTime:0.001000s ]
SQL: SHOW COLUMNS FROM `class` [ RunTime:0.0010s ]
SQL: SELECT `id`,`className`,`classPrice`,`avePeriod`,`classIntro`,`detailPic` FROM `class` WHERE `id` = 4  [ RunTime:0.0000s ]
SQL: SHOW COLUMNS FROM `class_project` [ RunTime:0.0010s ]
SQL: SHOW COLUMNS FROM `project` [ RunTime:0.0000s ]
SQL: SELECT `projectId` FROM `class_project` WHERE `classId` = 4  [ RunTime:0.0010s ]
SQL: select * from project where id in (select projectId from `class_project` where classId=4) [ RunTime:0.0000s ]
SQL: select a.stuId,face,stuName,time,content,star from ((select stuId,classId,content,star,time from `stu_class` where content is not null and classId=4)as a left join student on a.stuId=student.id) [ RunTime:0.0010s ]
SQL: select id,stuName,face from student where id in (select stuId from `stu_class` where classId=4) [ RunTime:0.0100s ]
INFO: [ view_parse ] --START--
INFO: [ template_filter ] --START--
INFO: Run Behavior\ContentReplaceBehavior [ RunTime:0.000000s ]
INFO: [ template_filter ] --END-- [ RunTime:0.000000s ]
INFO: Run Behavior\ParseTemplateBehavior [ RunTime:0.012001s ]
INFO: [ view_parse ] --END-- [ RunTime:0.012001s ]
INFO: [ view_filter ] --START--
INFO: Run Behavior\WriteHtmlCacheBehavior [ RunTime:0.001000s ]
INFO: [ view_filter ] --END-- [ RunTime:0.001000s ]
INFO: [ app_end ] --START--
INFO: Run Behavior\ShowPageTraceBehavior [ RunTime:0.000000s ]
INFO: [ app_end ] --END-- [ RunTime:0.000000s ]

[ 2016-08-28T15:06:13+08:00 ] ::1 /jiaolianyuan/index.php/Home/Detail/selectCoach/id/4
INFO: [ app_init ] --START--
INFO: Run Behavior\BuildLiteBehavior [ RunTime:0.000000s ]
INFO: [ app_init ] --END-- [ RunTime:0.001000s ]
INFO: [ app_begin ] --START--
INFO: Run Behavior\ReadHtmlCacheBehavior [ RunTime:0.000000s ]
INFO: [ app_begin ] --END-- [ RunTime:0.000000s ]
SQL: SHOW COLUMNS FROM `class` [ RunTime:0.0010s ]
SQL: SELECT `className`,`id` FROM `class` WHERE `id` = 4  [ RunTime:0.0000s ]
SQL: select id,tname,sex,face,tIntro,phone,onlineTime from teacher where id in (select teacherId from `teacher_class` where classId =4) [ RunTime:0.0010s ]
INFO: [ view_parse ] --START--
INFO: [ template_filter ] --START--
INFO: Run Behavior\ContentReplaceBehavior [ RunTime:0.000000s ]
INFO: [ template_filter ] --END-- [ RunTime:0.000000s ]
INFO: Run Behavior\ParseTemplateBehavior [ RunTime:0.007000s ]
INFO: [ view_parse ] --END-- [ RunTime:0.007000s ]
INFO: [ view_filter ] --START--
INFO: Run Behavior\WriteHtmlCacheBehavior [ RunTime:0.001000s ]
INFO: [ view_filter ] --END-- [ RunTime:0.001000s ]
INFO: [ app_end ] --START--
INFO: Run Behavior\ShowPageTraceBehavior [ RunTime:0.000000s ]
INFO: [ app_end ] --END-- [ RunTime:0.000000s ]

[ 2016-08-28T15:06:14+08:00 ] ::1 /jiaolianyuan/index.php/Home/Detail/payMoney/classId/4/coach/%E9%92%9F%E6%95%99%E7%BB%83
INFO: [ app_init ] --START--
INFO: Run Behavior\BuildLiteBehavior [ RunTime:0.000000s ]
INFO: [ app_init ] --END-- [ RunTime:0.001000s ]
INFO: [ app_begin ] --START--
INFO: Run Behavior\ReadHtmlCacheBehavior [ RunTime:0.001000s ]
INFO: [ app_begin ] --END-- [ RunTime:0.001000s ]
SQL: SHOW COLUMNS FROM `stu_class` [ RunTime:0.0020s ]
SQL: SHOW COLUMNS FROM `student` [ RunTime:0.0010s ]
SQL: SHOW COLUMNS FROM `teacher` [ RunTime:0.0020s ]
SQL: SELECT `id`,`stuName` FROM `student` WHERE `stuName` = 'xiaopeng'  [ RunTime:0.0000s ]
SQL: SELECT * FROM `stu_class` WHERE `stuId` = 1 AND `classId` = 4 LIMIT 1   [ RunTime:0.0190s ]
INFO: [ view_parse ] --START--
INFO: [ template_filter ] --START--
INFO: Run Behavior\ContentReplaceBehavior [ RunTime:0.000000s ]
INFO: [ template_filter ] --END-- [ RunTime:0.000000s ]
INFO: Run Behavior\ParseTemplateBehavior [ RunTime:0.005000s ]
INFO: [ view_parse ] --END-- [ RunTime:0.005000s ]
INFO: [ view_filter ] --START--
INFO: Run Behavior\WriteHtmlCacheBehavior [ RunTime:0.000000s ]
INFO: [ view_filter ] --END-- [ RunTime:0.000000s ]

[ 2016-08-28T15:06:21+08:00 ] ::1 /jiaolianyuan/index.php/Home/Index/index
INFO: [ app_init ] --START--
INFO: Run Behavior\BuildLiteBehavior [ RunTime:0.000000s ]
INFO: [ app_init ] --END-- [ RunTime:0.001000s ]
INFO: [ app_begin ] --START--
INFO: Run Behavior\ReadHtmlCacheBehavior [ RunTime:0.001000s ]
INFO: [ app_begin ] --END-- [ RunTime:0.001000s ]
SQL: SHOW COLUMNS FROM `cate` [ RunTime:0.0010s ]
NOTIC: [8] Undefined variable: courseCate D:\AppServ\www\jiaolianyuan\APP\Home\Controller\IndexController.class.php 第 44 行.
SQL: SHOW COLUMNS FROM `class` [ RunTime:0.0010s ]
INFO: [ view_parse ] --START--
INFO: [ template_filter ] --START--
INFO: Run Behavior\ContentReplaceBehavior [ RunTime:0.000000s ]
INFO: [ template_filter ] --END-- [ RunTime:0.000000s ]
INFO: Run Behavior\ParseTemplateBehavior [ RunTime:0.015001s ]
INFO: [ view_parse ] --END-- [ RunTime:0.016001s ]
INFO: [ view_filter ] --START--
INFO: Run Behavior\WriteHtmlCacheBehavior [ RunTime:0.000000s ]
INFO: [ view_filter ] --END-- [ RunTime:0.000000s ]
INFO: [ app_end ] --START--
INFO: Run Behavior\ShowPageTraceBehavior [ RunTime:0.001000s ]
INFO: [ app_end ] --END-- [ RunTime:0.001000s ]

[ 2016-08-28T15:06:22+08:00 ] ::1 /jiaolianyuan/index.php/Home/Index/getClassList?cname=PHP%E5%B7%A5%E7%A8%8B%E5%B8%88
INFO: [ app_init ] --START--
INFO: Run Behavior\BuildLiteBehavior [ RunTime:0.000000s ]
INFO: [ app_init ] --END-- [ RunTime:0.001000s ]
INFO: [ app_begin ] --START--
INFO: Run Behavior\ReadHtmlCacheBehavior [ RunTime:0.001000s ]
INFO: [ app_begin ] --END-- [ RunTime:0.001000s ]
SQL: SHOW COLUMNS FROM `class` [ RunTime:0.0010s ]
SQL: SHOW COLUMNS FROM `cate` [ RunTime:0.0010s ]

[ 2016-08-28T15:06:25+08:00 ] ::1 /jiaolianyuan/index.php/Home/Index/getClassList?cname=PHP%E5%B7%A5%E7%A8%8B%E5%B8%88
INFO: [ app_init ] --START--
INFO: Run Behavior\BuildLiteBehavior [ RunTime:0.000000s ]
INFO: [ app_init ] --END-- [ RunTime:0.000000s ]
INFO: [ app_begin ] --START--
INFO: Run Behavior\ReadHtmlCacheBehavior [ RunTime:0.000000s ]
INFO: [ app_begin ] --END-- [ RunTime:0.000000s ]
SQL: SHOW COLUMNS FROM `class` [ RunTime:0.0010s ]
SQL: SHOW COLUMNS FROM `cate` [ RunTime:0.0020s ]

[ 2016-08-28T15:06:29+08:00 ] ::1 /jiaolianyuan/index.php/Home/Detail/detail/id/13
INFO: [ app_init ] --START--
INFO: Run Behavior\BuildLiteBehavior [ RunTime:0.000000s ]
INFO: [ app_init ] --END-- [ RunTime:0.000000s ]
INFO: [ app_begin ] --START--
INFO: Run Behavior\ReadHtmlCacheBehavior [ RunTime:0.000000s ]
INFO: [ app_begin ] --END-- [ RunTime:0.000000s ]
SQL: SHOW COLUMNS FROM `class` [ RunTime:0.0010s ]
SQL: SELECT `id`,`className`,`classPrice`,`avePeriod`,`classIntro`,`detailPic` FROM `class` WHERE `id` = 13  [ RunTime:0.0000s ]
SQL: SHOW COLUMNS FROM `class_project` [ RunTime:0.0010s ]
SQL: SHOW COLUMNS FROM `project` [ RunTime:0.0010s ]
SQL: SELECT `projectId` FROM `class_project` WHERE `classId` = 13  [ RunTime:0.0000s ]
SQL: select * from project where id in (select projectId from `class_project` where classId=13) [ RunTime:0.0000s ]
SQL: select a.stuId,face,stuName,time,content,star from ((select stuId,classId,content,star,time from `stu_class` where content is not null and classId=13)as a left join student on a.stuId=student.id) [ RunTime:0.0010s ]
SQL: select id,stuName,face from student where id in (select stuId from `stu_class` where classId=13) [ RunTime:0.0000s ]
INFO: [ view_parse ] --START--
INFO: [ template_filter ] --START--
INFO: Run Behavior\ContentReplaceBehavior [ RunTime:0.000000s ]
INFO: [ template_filter ] --END-- [ RunTime:0.000000s ]
INFO: Run Behavior\ParseTemplateBehavior [ RunTime:0.013001s ]
INFO: [ view_parse ] --END-- [ RunTime:0.013001s ]
INFO: [ view_filter ] --START--
INFO: Run Behavior\WriteHtmlCacheBehavior [ RunTime:0.000000s ]
INFO: [ view_filter ] --END-- [ RunTime:0.000000s ]
INFO: [ app_end ] --START--
INFO: Run Behavior\ShowPageTraceBehavior [ RunTime:0.001000s ]
INFO: [ app_end ] --END-- [ RunTime:0.001000s ]

[ 2016-08-28T15:06:31+08:00 ] ::1 /jiaolianyuan/index.php/Home/Detail/selectCoach/id/13
INFO: [ app_init ] --START--
INFO: Run Behavior\BuildLiteBehavior [ RunTime:0.000000s ]
INFO: [ app_init ] --END-- [ RunTime:0.001000s ]
INFO: [ app_begin ] --START--
INFO: Run Behavior\ReadHtmlCacheBehavior [ RunTime:0.000000s ]
INFO: [ app_begin ] --END-- [ RunTime:0.000000s ]
SQL: SHOW COLUMNS FROM `class` [ RunTime:0.0010s ]
SQL: SELECT `className`,`id` FROM `class` WHERE `id` = 13  [ RunTime:0.0000s ]
SQL: select id,tname,sex,face,tIntro,phone,onlineTime from teacher where id in (select teacherId from `teacher_class` where classId =13) [ RunTime:0.0010s ]
INFO: [ view_parse ] --START--
INFO: [ template_filter ] --START--
INFO: Run Behavior\ContentReplaceBehavior [ RunTime:0.000000s ]
INFO: [ template_filter ] --END-- [ RunTime:0.000000s ]
INFO: Run Behavior\ParseTemplateBehavior [ RunTime:0.007000s ]
INFO: [ view_parse ] --END-- [ RunTime:0.007000s ]
INFO: [ view_filter ] --START--
INFO: Run Behavior\WriteHtmlCacheBehavior [ RunTime:0.000000s ]
INFO: [ view_filter ] --END-- [ RunTime:0.000000s ]
INFO: [ app_end ] --START--
INFO: Run Behavior\ShowPageTraceBehavior [ RunTime:0.000000s ]
INFO: [ app_end ] --END-- [ RunTime:0.000000s ]

[ 2016-08-28T15:06:44+08:00 ] ::1 /jiaolianyuan/index.php/Home/Index/index
INFO: [ app_init ] --START--
INFO: Run Behavior\BuildLiteBehavior [ RunTime:0.000000s ]
INFO: [ app_init ] --END-- [ RunTime:0.001000s ]
INFO: [ app_begin ] --START--
INFO: Run Behavior\ReadHtmlCacheBehavior [ RunTime:0.000000s ]
INFO: [ app_begin ] --END-- [ RunTime:0.000000s ]
SQL: SHOW COLUMNS FROM `cate` [ RunTime:0.0000s ]
NOTIC: [8] Undefined variable: courseCate D:\AppServ\www\jiaolianyuan\APP\Home\Controller\IndexController.class.php 第 44 行.
SQL: SHOW COLUMNS FROM `class` [ RunTime:0.0010s ]
INFO: [ view_parse ] --START--
INFO: [ template_filter ] --START--
INFO: Run Behavior\ContentReplaceBehavior [ RunTime:0.001000s ]
INFO: [ template_filter ] --END-- [ RunTime:0.001000s ]
INFO: Run Behavior\ParseTemplateBehavior [ RunTime:0.012001s ]
INFO: [ view_parse ] --END-- [ RunTime:0.012001s ]
INFO: [ view_filter ] --START--
INFO: Run Behavior\WriteHtmlCacheBehavior [ RunTime:0.001000s ]
INFO: [ view_filter ] --END-- [ RunTime:0.001000s ]
INFO: [ app_end ] --START--
INFO: Run Behavior\ShowPageTraceBehavior [ RunTime:0.001000s ]
INFO: [ app_end ] --END-- [ RunTime:0.001000s ]

[ 2016-08-28T15:06:45+08:00 ] ::1 /jiaolianyuan/index.php/Home/Index/getClassList?cname=PHP%E5%B7%A5%E7%A8%8B%E5%B8%88
INFO: [ app_init ] --START--
INFO: Run Behavior\BuildLiteBehavior [ RunTime:0.000000s ]
INFO: [ app_init ] --END-- [ RunTime:0.000000s ]
INFO: [ app_begin ] --START--
INFO: Run Behavior\ReadHtmlCacheBehavior [ RunTime:0.000000s ]
INFO: [ app_begin ] --END-- [ RunTime:0.001000s ]
SQL: SHOW COLUMNS FROM `class` [ RunTime:0.0010s ]
SQL: SHOW COLUMNS FROM `cate` [ RunTime:0.0010s ]

[ 2016-08-28T15:06:46+08:00 ] ::1 /jiaolianyuan/index.php/Home/Index/getClassList?cname=PHP%E5%B7%A5%E7%A8%8B%E5%B8%88
INFO: [ app_init ] --START--
INFO: Run Behavior\BuildLiteBehavior [ RunTime:0.000000s ]
INFO: [ app_init ] --END-- [ RunTime:0.001000s ]
INFO: [ app_begin ] --START--
INFO: Run Behavior\ReadHtmlCacheBehavior [ RunTime:0.001000s ]
INFO: [ app_begin ] --END-- [ RunTime:0.001000s ]
SQL: SHOW COLUMNS FROM `class` [ RunTime:0.0010s ]
SQL: SHOW COLUMNS FROM `cate` [ RunTime:0.0000s ]

[ 2016-08-28T15:06:57+08:00 ] ::1 /jiaolianyuan/index.php/Home/Detail/detail/id/11
INFO: [ app_init ] --START--
INFO: Run Behavior\BuildLiteBehavior [ RunTime:0.000000s ]
INFO: [ app_init ] --END-- [ RunTime:0.001000s ]
INFO: [ app_begin ] --START--
INFO: Run Behavior\ReadHtmlCacheBehavior [ RunTime:0.001000s ]
INFO: [ app_begin ] --END-- [ RunTime:0.001000s ]
SQL: SHOW COLUMNS FROM `class` [ RunTime:0.0010s ]
SQL: SELECT `id`,`className`,`classPrice`,`avePeriod`,`classIntro`,`detailPic` FROM `class` WHERE `id` = 11  [ RunTime:0.0010s ]
SQL: SHOW COLUMNS FROM `class_project` [ RunTime:0.0010s ]
SQL: SHOW COLUMNS FROM `project` [ RunTime:0.0010s ]
SQL: SELECT `projectId` FROM `class_project` WHERE `classId` = 11  [ RunTime:0.0000s ]
SQL: select * from project where id in (select projectId from `class_project` where classId=11) [ RunTime:0.0010s ]
SQL: select a.stuId,face,stuName,time,content,star from ((select stuId,classId,content,star,time from `stu_class` where content is not null and classId=11)as a left join student on a.stuId=student.id) [ RunTime:0.0010s ]
SQL: select id,stuName,face from student where id in (select stuId from `stu_class` where classId=11) [ RunTime:0.0000s ]
INFO: [ view_parse ] --START--
INFO: [ template_filter ] --START--
INFO: Run Behavior\ContentReplaceBehavior [ RunTime:0.000000s ]
INFO: [ template_filter ] --END-- [ RunTime:0.000000s ]
INFO: Run Behavior\ParseTemplateBehavior [ RunTime:0.013001s ]
INFO: [ view_parse ] --END-- [ RunTime:0.013001s ]
INFO: [ view_filter ] --START--
INFO: Run Behavior\WriteHtmlCacheBehavior [ RunTime:0.000000s ]
INFO: [ view_filter ] --END-- [ RunTime:0.000000s ]
INFO: [ app_end ] --START--
INFO: Run Behavior\ShowPageTraceBehavior [ RunTime:0.001000s ]
INFO: [ app_end ] --END-- [ RunTime:0.001000s ]

[ 2016-08-28T15:06:58+08:00 ] ::1 /jiaolianyuan/index.php/Home/Detail/selectCoach/id/11
INFO: [ app_init ] --START--
INFO: Run Behavior\BuildLiteBehavior [ RunTime:0.000000s ]
INFO: [ app_init ] --END-- [ RunTime:0.001000s ]
INFO: [ app_begin ] --START--
INFO: Run Behavior\ReadHtmlCacheBehavior [ RunTime:0.000000s ]
INFO: [ app_begin ] --END-- [ RunTime:0.000000s ]
SQL: SHOW COLUMNS FROM `class` [ RunTime:0.0010s ]
SQL: SELECT `className`,`id` FROM `class` WHERE `id` = 11  [ RunTime:0.0010s ]
SQL: select id,tname,sex,face,tIntro,phone,onlineTime from teacher where id in (select teacherId from `teacher_class` where classId =11) [ RunTime:0.0010s ]
INFO: [ view_parse ] --START--
INFO: [ template_filter ] --START--
INFO: Run Behavior\ContentReplaceBehavior [ RunTime:0.000000s ]
INFO: [ template_filter ] --END-- [ RunTime:0.000000s ]
INFO: Run Behavior\ParseTemplateBehavior [ RunTime:0.007000s ]
INFO: [ view_parse ] --END-- [ RunTime:0.007000s ]
INFO: [ view_filter ] --START--
INFO: Run Behavior\WriteHtmlCacheBehavior [ RunTime:0.000000s ]
INFO: [ view_filter ] --END-- [ RunTime:0.000000s ]
INFO: [ app_end ] --START--
INFO: Run Behavior\ShowPageTraceBehavior [ RunTime:0.001000s ]
INFO: [ app_end ] --END-- [ RunTime:0.001000s ]

[ 2016-08-28T22:47:37+08:00 ] ::1 /jiaolianyuan/index.php/Home/Login/login.html
INFO: [ app_init ] --START--
INFO: Run Behavior\BuildLiteBehavior [ RunTime:0.000000s ]
INFO: [ app_init ] --END-- [ RunTime:0.000000s ]
INFO: [ app_begin ] --START--
INFO: Run Behavior\ReadHtmlCacheBehavior [ RunTime:0.001000s ]
INFO: [ app_begin ] --END-- [ RunTime:0.001000s ]
INFO: [ view_parse ] --START--
INFO: [ template_filter ] --START--
INFO: Run Behavior\ContentReplaceBehavior [ RunTime:0.000000s ]
INFO: [ template_filter ] --END-- [ RunTime:0.000000s ]
INFO: Run Behavior\ParseTemplateBehavior [ RunTime:0.005000s ]
INFO: [ view_parse ] --END-- [ RunTime:0.005000s ]
INFO: [ view_filter ] --START--
INFO: Run Behavior\WriteHtmlCacheBehavior [ RunTime:0.000000s ]
INFO: [ view_filter ] --END-- [ RunTime:0.001000s ]
INFO: [ app_end ] --START--
INFO: Run Behavior\ShowPageTraceBehavior [ RunTime:0.000000s ]
INFO: [ app_end ] --END-- [ RunTime:0.000000s ]

[ 2016-08-28T22:47:37+08:00 ] ::1 /jiaolianyuan/index.php/Home/Login/verify
INFO: [ app_init ] --START--
INFO: Run Behavior\BuildLiteBehavior [ RunTime:0.000000s ]
INFO: [ app_init ] --END-- [ RunTime:0.000000s ]
INFO: [ app_begin ] --START--
INFO: Run Behavior\ReadHtmlCacheBehavior [ RunTime:0.000000s ]
INFO: [ app_begin ] --END-- [ RunTime:0.000000s ]
INFO: [ app_end ] --START--
INFO: Run Behavior\ShowPageTraceBehavior [ RunTime:0.001000s ]
INFO: [ app_end ] --END-- [ RunTime:0.001000s ]

