[ 2016-09-18T22:57:12+08:00 ] ::1 /jiaolianyuan/index.php/Home/Student/student.html
INFO: [ app_init ] --START--
INFO: Run Behavior\BuildLiteBehavior [ RunTime:0.000000s ]
INFO: [ app_init ] --END-- [ RunTime:0.000000s ]
INFO: [ app_begin ] --START--
INFO: Run Behavior\ReadHtmlCacheBehavior [ RunTime:0.001000s ]
INFO: [ app_begin ] --END-- [ RunTime:0.001000s ]
NOTIC: [8] Undefined index: identity D:\AppServ\www\jiaolianyuan\APP\Home\Controller\StudentcommonController.class.php 第 6 行.
INFO: [ view_parse ] --START--
INFO: [ template_filter ] --START--
INFO: Run Behavior\ContentReplaceBehavior [ RunTime:0.000000s ]
INFO: [ template_filter ] --END-- [ RunTime:0.000000s ]
INFO: Run Behavior\ParseTemplateBehavior [ RunTime:0.018001s ]
INFO: [ view_parse ] --END-- [ RunTime:0.018001s ]
INFO: [ view_filter ] --START--
INFO: Run Behavior\WriteHtmlCacheBehavior [ RunTime:0.000000s ]
INFO: [ view_filter ] --END-- [ RunTime:0.000000s ]

[ 2016-09-18T22:57:13+08:00 ] ::1 /jiaolianyuan/Home/Login/login.html
INFO: [ app_init ] --START--
INFO: Run Behavior\BuildLiteBehavior [ RunTime:0.000000s ]
INFO: [ app_init ] --END-- [ RunTime:0.000000s ]
INFO: [ app_begin ] --START--
INFO: Run Behavior\ReadHtmlCacheBehavior [ RunTime:0.001000s ]
INFO: [ app_begin ] --END-- [ RunTime:0.001000s ]
INFO: [ view_parse ] --START--
INFO: [ template_filter ] --START--
INFO: Run Behavior\ContentReplaceBehavior [ RunTime:0.000000s ]
INFO: [ template_filter ] --END-- [ RunTime:0.000000s ]
INFO: Run Behavior\ParseTemplateBehavior [ RunTime:0.018001s ]
INFO: [ view_parse ] --END-- [ RunTime:0.018001s ]
INFO: [ view_filter ] --START--
INFO: Run Behavior\WriteHtmlCacheBehavior [ RunTime:0.001000s ]
INFO: [ view_filter ] --END-- [ RunTime:0.001000s ]
INFO: [ app_end ] --START--
INFO: Run Behavior\ShowPageTraceBehavior [ RunTime:0.000000s ]
INFO: [ app_end ] --END-- [ RunTime:0.000000s ]

[ 2016-09-18T22:57:13+08:00 ] ::1 /jiaolianyuan/Home/Login/verify
INFO: [ app_init ] --START--
INFO: Run Behavior\BuildLiteBehavior [ RunTime:0.000000s ]
INFO: [ app_init ] --END-- [ RunTime:0.001000s ]
INFO: [ app_begin ] --START--
INFO: Run Behavior\ReadHtmlCacheBehavior [ RunTime:0.000000s ]
INFO: [ app_begin ] --END-- [ RunTime:0.001000s ]
INFO: [ app_end ] --START--
INFO: Run Behavior\ShowPageTraceBehavior [ RunTime:0.001000s ]
INFO: [ app_end ] --END-- [ RunTime:0.001000s ]

[ 2016-09-18T22:57:20+08:00 ] ::1 /jiaolianyuan/Home/Login/do_login
INFO: [ app_init ] --START--
INFO: Run Behavior\BuildLiteBehavior [ RunTime:0.000000s ]
INFO: [ app_init ] --END-- [ RunTime:0.001000s ]
INFO: [ app_begin ] --START--
INFO: Run Behavior\ReadHtmlCacheBehavior [ RunTime:0.000000s ]
INFO: [ app_begin ] --END-- [ RunTime:0.000000s ]
SQL: SHOW COLUMNS FROM `student` [ RunTime:0.0200s ]
SQL: SELECT * FROM `student` WHERE ( stuName='xiaopeng' AND password='3a300c48b47b714d9821dc473304aa84'  ) LIMIT 1   [ RunTime:0.0390s ]
SQL: SELECT * FROM `student` WHERE ( stuName='xiaopeng' AND password='3a300c48b47b714d9821dc473304aa84'  ) LIMIT 1   [ RunTime:0.0000s ]
SQL: SELECT * FROM `student` WHERE ( phone='xiaopeng' AND password='3a300c48b47b714d9821dc473304aa84'  ) LIMIT 1   [ RunTime:0.0000s ]
INFO: [ view_parse ] --START--
INFO: [ template_filter ] --START--
INFO: Run Behavior\ContentReplaceBehavior [ RunTime:0.000000s ]
INFO: [ template_filter ] --END-- [ RunTime:0.000000s ]
INFO: Run Behavior\ParseTemplateBehavior [ RunTime:0.006000s ]
INFO: [ view_parse ] --END-- [ RunTime:0.006000s ]
INFO: [ view_filter ] --START--
INFO: Run Behavior\WriteHtmlCacheBehavior [ RunTime:0.000000s ]
INFO: [ view_filter ] --END-- [ RunTime:0.000000s ]
INFO: [ app_end ] --START--
INFO: Run Behavior\ShowPageTraceBehavior [ RunTime:0.001000s ]
INFO: [ app_end ] --END-- [ RunTime:0.001000s ]

[ 2016-09-18T22:57:21+08:00 ] ::1 /jiaolianyuan/Home/Index/index.html
INFO: [ app_init ] --START--
INFO: Run Behavior\BuildLiteBehavior [ RunTime:0.000000s ]
INFO: [ app_init ] --END-- [ RunTime:0.001000s ]
INFO: [ app_begin ] --START--
INFO: Run Behavior\ReadHtmlCacheBehavior [ RunTime:0.001000s ]
INFO: [ app_begin ] --END-- [ RunTime:0.001000s ]
SQL: SHOW COLUMNS FROM `cate` [ RunTime:0.0090s ]
NOTIC: [8] Undefined variable: courseCate D:\AppServ\www\jiaolianyuan\APP\Home\Controller\IndexController.class.php 第 44 行.
SQL: SELECT `id`,`cname` FROM `cate`  [ RunTime:0.0120s ]
NOTIC: [8] Undefined variable: courseCate D:\AppServ\www\jiaolianyuan\APP\Home\Controller\IndexController.class.php 第 49 行.
SQL: select * from (select class.id,className,classIntro,classPic from `class` left join `stu_class` on class.id = classId) as a where id=1 [ RunTime:0.0180s ]
SQL: select * from (select class.id,className,classIntro,classPic from `class` left join `stu_class` on class.id = classId) as a where id=2 [ RunTime:0.0000s ]
SQL: select * from (select class.id,className,classIntro,classPic from `class` left join `stu_class` on class.id = classId) as a where id=3 [ RunTime:0.0240s ]
SQL: select * from (select class.id,className,classIntro,classPic from `class` left join `stu_class` on class.id = classId) as a where id=4 [ RunTime:0.0000s ]
SQL: select * from (select class.id,className,classIntro,classPic from `class` left join `stu_class` on class.id = classId) as a where id=5 [ RunTime:0.0060s ]
SQL: SHOW COLUMNS FROM `class` [ RunTime:0.0000s ]
SQL: SELECT `id` FROM `cate` LIMIT 0,1   [ RunTime:0.0000s ]
SQL: SELECT `id`,`classPic`,`classIntro`,`className` FROM `class` WHERE ( classCate=1 ) LIMIT 3,8   [ RunTime:0.0010s ]
INFO: [ view_parse ] --START--
INFO: [ template_filter ] --START--
INFO: Run Behavior\ContentReplaceBehavior [ RunTime:0.000000s ]
INFO: [ template_filter ] --END-- [ RunTime:0.000000s ]
INFO: Run Behavior\ParseTemplateBehavior [ RunTime:0.033001s ]
INFO: [ view_parse ] --END-- [ RunTime:0.033001s ]
INFO: [ view_filter ] --START--
INFO: Run Behavior\WriteHtmlCacheBehavior [ RunTime:0.000000s ]
INFO: [ view_filter ] --END-- [ RunTime:0.000000s ]
INFO: [ app_end ] --START--
INFO: Run Behavior\ShowPageTraceBehavior [ RunTime:0.000000s ]
INFO: [ app_end ] --END-- [ RunTime:0.000000s ]

[ 2016-09-18T22:57:23+08:00 ] ::1 /jiaolianyuan/Home/Student/student.html
INFO: [ app_init ] --START--
INFO: Run Behavior\BuildLiteBehavior [ RunTime:0.000000s ]
INFO: [ app_init ] --END-- [ RunTime:0.000000s ]
INFO: [ app_begin ] --START--
INFO: Run Behavior\ReadHtmlCacheBehavior [ RunTime:0.001000s ]
INFO: [ app_begin ] --END-- [ RunTime:0.001000s ]
SQL: SHOW COLUMNS FROM `student` [ RunTime:0.0010s ]
SQL: SELECT * FROM `student` WHERE `phone` = '13922035737'  [ RunTime:0.0010s ]
SQL: SELECT `id`,`school`,`account` FROM `student` WHERE `stuName` = 'xiaopeng'  [ RunTime:0.0000s ]
SQL: SHOW COLUMNS FROM `teacher` [ RunTime:0.0010s ]
SQL: SELECT `id`,`stuName` FROM `student` WHERE `stuName` = 'xiaopeng'  [ RunTime:0.0000s ]
SQL: select id,tname,face,onlineTime from teacher where id in (select teacherId from `stu_class` where stuId = 1) [ RunTime:0.0160s ]
SQL: SELECT `id`,`stuName` FROM `student` WHERE `stuName` = 'xiaopeng'  [ RunTime:0.0010s ]
SQL: select class.id,className,classPic,graduateStatus from ((select classId,graduateStatus from `stu_class` where stuId=1 )as a left join `class` on a.classId = class.id ) order by graduateStatus asc [ RunTime:0.0000s ]
SQL: SELECT `id`,`stuName` FROM `student` WHERE `stuName` = 'xiaopeng'  [ RunTime:0.0000s ]
SQL: select count(*) from ((select classId,graduateStatus from `stu_class` where stuId=1 )as a left join `class` on a.classId = class.id ) order by graduateStatus asc [ RunTime:0.0000s ]
SQL: select class.id,className,classPic,graduateStatus from ((select classId,graduateStatus from `stu_class` where stuId=1 )as a left join `class` on a.classId = class.id ) order by graduateStatus asc limit 0,8 [ RunTime:0.0010s ]
SQL: SHOW COLUMNS FROM `message` [ RunTime:0.0000s ]
SQL: select * from message where senderName='xiaopeng' or targetName='xiaopeng' [ RunTime:0.0050s ]
SQL: SHOW COLUMNS FROM `reply` [ RunTime:0.0220s ]
SQL: SELECT COUNT(*) AS tp_count FROM `reply` WHERE `targetName` = 'xiaopeng' AND `isRead` = 0 LIMIT 1   [ RunTime:0.0230s ]
SQL: SELECT COUNT(*) AS tp_count FROM `message` WHERE `targetName` = 'xiaopeng' AND `isRead` = 0 LIMIT 1   [ RunTime:0.0140s ]
INFO: [ view_parse ] --START--
INFO: [ template_filter ] --START--
INFO: Run Behavior\ContentReplaceBehavior [ RunTime:0.000000s ]
INFO: [ template_filter ] --END-- [ RunTime:0.000000s ]
NOTIC: [8] Undefined index: id D:\AppServ\www\jiaolianyuan\APP\Runtime\Cache\Home\d42c0beb1de05f81f688c7ce95593f42.php 第 25 行.
INFO: Run Behavior\ParseTemplateBehavior [ RunTime:0.012001s ]
INFO: [ view_parse ] --END-- [ RunTime:0.012001s ]
INFO: [ view_filter ] --START--
INFO: Run Behavior\WriteHtmlCacheBehavior [ RunTime:0.001000s ]
INFO: [ view_filter ] --END-- [ RunTime:0.001000s ]
INFO: [ app_end ] --START--
INFO: Run Behavior\ShowPageTraceBehavior [ RunTime:0.001000s ]
INFO: [ app_end ] --END-- [ RunTime:0.001000s ]

[ 2016-09-18T23:03:32+08:00 ] ::1 /jiaolianyuan/Home/Student/student.html
INFO: [ app_init ] --START--
INFO: Run Behavior\BuildLiteBehavior [ RunTime:0.000000s ]
INFO: [ app_init ] --END-- [ RunTime:0.000000s ]
INFO: [ app_begin ] --START--
INFO: Run Behavior\ReadHtmlCacheBehavior [ RunTime:0.001000s ]
INFO: [ app_begin ] --END-- [ RunTime:0.001000s ]
SQL: SHOW COLUMNS FROM `student` [ RunTime:0.0010s ]
SQL: SELECT * FROM `student` WHERE `phone` = '13922035737'  [ RunTime:0.0000s ]
SQL: SELECT `id`,`school`,`account` FROM `student` WHERE `stuName` = 'xiaopeng'  [ RunTime:0.0010s ]
SQL: SHOW COLUMNS FROM `teacher` [ RunTime:0.0000s ]
SQL: SELECT `id`,`stuName` FROM `student` WHERE `stuName` = 'xiaopeng'  [ RunTime:0.0010s ]
SQL: select id,tname,face,onlineTime from teacher where id in (select teacherId from `stu_class` where stuId = 1) [ RunTime:0.0000s ]
SQL: SELECT `id`,`stuName` FROM `student` WHERE `stuName` = 'xiaopeng'  [ RunTime:0.0000s ]
SQL: select class.id,className,classPic,graduateStatus from ((select classId,graduateStatus from `stu_class` where stuId=1 )as a left join `class` on a.classId = class.id ) order by graduateStatus asc [ RunTime:0.0060s ]
SQL: SELECT `id`,`stuName` FROM `student` WHERE `stuName` = 'xiaopeng'  [ RunTime:0.0000s ]
SQL: select count(*) from ((select classId,graduateStatus from `stu_class` where stuId=1 )as a left join `class` on a.classId = class.id ) order by graduateStatus asc [ RunTime:0.0010s ]
SQL: select class.id,className,classPic,graduateStatus from ((select classId,graduateStatus from `stu_class` where stuId=1 )as a left join `class` on a.classId = class.id ) order by graduateStatus asc limit 0,8 [ RunTime:0.0000s ]
SQL: SHOW COLUMNS FROM `message` [ RunTime:0.0070s ]
SQL: select * from message where senderName='xiaopeng' or targetName='xiaopeng' [ RunTime:0.0010s ]
SQL: SHOW COLUMNS FROM `reply` [ RunTime:0.0000s ]
SQL: SELECT COUNT(*) AS tp_count FROM `reply` WHERE `targetName` = 'xiaopeng' AND `isRead` = 0 LIMIT 1   [ RunTime:0.0000s ]
SQL: SELECT COUNT(*) AS tp_count FROM `message` WHERE `targetName` = 'xiaopeng' AND `isRead` = 0 LIMIT 1   [ RunTime:0.0000s ]
INFO: [ view_parse ] --START--
INFO: [ template_filter ] --START--
INFO: Run Behavior\ContentReplaceBehavior [ RunTime:0.000000s ]
INFO: [ template_filter ] --END-- [ RunTime:0.000000s ]
NOTIC: [8] Undefined index: id D:\AppServ\www\jiaolianyuan\APP\Runtime\Cache\Home\d42c0beb1de05f81f688c7ce95593f42.php 第 25 行.
INFO: Run Behavior\ParseTemplateBehavior [ RunTime:0.014001s ]
INFO: [ view_parse ] --END-- [ RunTime:0.014001s ]
INFO: [ view_filter ] --START--
INFO: Run Behavior\WriteHtmlCacheBehavior [ RunTime:0.000000s ]
INFO: [ view_filter ] --END-- [ RunTime:0.010001s ]
INFO: [ app_end ] --START--
INFO: Run Behavior\ShowPageTraceBehavior [ RunTime:0.001000s ]
INFO: [ app_end ] --END-- [ RunTime:0.001000s ]

[ 2016-09-18T23:04:00+08:00 ] ::1 /jiaolianyuan/Home/Student/student.html
INFO: [ app_init ] --START--
INFO: Run Behavior\BuildLiteBehavior [ RunTime:0.000000s ]
INFO: [ app_init ] --END-- [ RunTime:0.000000s ]
INFO: [ app_begin ] --START--
INFO: Run Behavior\ReadHtmlCacheBehavior [ RunTime:0.000000s ]
INFO: [ app_begin ] --END-- [ RunTime:0.000000s ]
SQL: SHOW COLUMNS FROM `student` [ RunTime:0.0230s ]
SQL: SELECT * FROM `student` WHERE `phone` = '13922035737'  [ RunTime:0.0000s ]
SQL: SELECT `id`,`school`,`account` FROM `student` WHERE `stuName` = 'xiaopeng'  [ RunTime:0.0010s ]
SQL: SHOW COLUMNS FROM `teacher` [ RunTime:0.0010s ]
SQL: SELECT `id`,`stuName` FROM `student` WHERE `stuName` = 'xiaopeng'  [ RunTime:0.0000s ]
SQL: select id,tname,face,onlineTime from teacher where id in (select teacherId from `stu_class` where stuId = 1) [ RunTime:0.0010s ]
SQL: SELECT `id`,`stuName` FROM `student` WHERE `stuName` = 'xiaopeng'  [ RunTime:0.0010s ]
SQL: select class.id,className,classPic,graduateStatus from ((select classId,graduateStatus from `stu_class` where stuId=1 )as a left join `class` on a.classId = class.id ) order by graduateStatus asc [ RunTime:0.0010s ]
SQL: SELECT `id`,`stuName` FROM `student` WHERE `stuName` = 'xiaopeng'  [ RunTime:0.0000s ]
SQL: select count(*) from ((select classId,graduateStatus from `stu_class` where stuId=1 )as a left join `class` on a.classId = class.id ) order by graduateStatus asc [ RunTime:0.0000s ]
SQL: select class.id,className,classPic,graduateStatus from ((select classId,graduateStatus from `stu_class` where stuId=1 )as a left join `class` on a.classId = class.id ) order by graduateStatus asc limit 0,8 [ RunTime:0.0000s ]
SQL: SHOW COLUMNS FROM `message` [ RunTime:0.0000s ]
SQL: select * from message where senderName='xiaopeng' or targetName='xiaopeng' [ RunTime:0.0010s ]
SQL: SHOW COLUMNS FROM `reply` [ RunTime:0.0010s ]
SQL: SELECT COUNT(*) AS tp_count FROM `reply` WHERE `targetName` = 'xiaopeng' AND `isRead` = 0 LIMIT 1   [ RunTime:0.0000s ]
SQL: SELECT COUNT(*) AS tp_count FROM `message` WHERE `targetName` = 'xiaopeng' AND `isRead` = 0 LIMIT 1   [ RunTime:0.0010s ]
INFO: [ view_parse ] --START--
INFO: [ template_filter ] --START--
INFO: Run Behavior\ContentReplaceBehavior [ RunTime:0.000000s ]
INFO: [ template_filter ] --END-- [ RunTime:0.001000s ]
NOTIC: [8] Undefined index: id D:\AppServ\www\jiaolianyuan\APP\Runtime\Cache\Home\d42c0beb1de05f81f688c7ce95593f42.php 第 25 行.
INFO: Run Behavior\ParseTemplateBehavior [ RunTime:0.012001s ]
INFO: [ view_parse ] --END-- [ RunTime:0.012001s ]
INFO: [ view_filter ] --START--
INFO: Run Behavior\WriteHtmlCacheBehavior [ RunTime:0.000000s ]
INFO: [ view_filter ] --END-- [ RunTime:0.000000s ]
INFO: [ app_end ] --START--
INFO: Run Behavior\ShowPageTraceBehavior [ RunTime:0.001000s ]
INFO: [ app_end ] --END-- [ RunTime:0.001000s ]

[ 2016-09-18T23:04:23+08:00 ] ::1 /jiaolianyuan/Home/Student/student.html
INFO: [ app_init ] --START--
INFO: Run Behavior\BuildLiteBehavior [ RunTime:0.000000s ]
INFO: [ app_init ] --END-- [ RunTime:0.001000s ]
INFO: [ app_begin ] --START--
INFO: Run Behavior\ReadHtmlCacheBehavior [ RunTime:0.001000s ]
INFO: [ app_begin ] --END-- [ RunTime:0.001000s ]
SQL: SHOW COLUMNS FROM `student` [ RunTime:0.0010s ]
SQL: SELECT * FROM `student` WHERE `phone` = '13922035737'  [ RunTime:0.0100s ]
SQL: SELECT `id`,`school`,`account` FROM `student` WHERE `stuName` = 'xiaopeng'  [ RunTime:0.0000s ]
SQL: SHOW COLUMNS FROM `teacher` [ RunTime:0.0010s ]
SQL: SELECT `id`,`stuName` FROM `student` WHERE `stuName` = 'xiaopeng'  [ RunTime:0.0000s ]
SQL: select id,tname,face,onlineTime from teacher where id in (select teacherId from `stu_class` where stuId = 1) [ RunTime:0.0000s ]
SQL: SELECT `id`,`stuName` FROM `student` WHERE `stuName` = 'xiaopeng'  [ RunTime:0.0010s ]
SQL: select class.id,className,classPic,graduateStatus from ((select classId,graduateStatus from `stu_class` where stuId=1 )as a left join `class` on a.classId = class.id ) order by graduateStatus asc [ RunTime:0.0000s ]
SQL: SELECT `id`,`stuName` FROM `student` WHERE `stuName` = 'xiaopeng'  [ RunTime:0.0000s ]
SQL: select count(*) from ((select classId,graduateStatus from `stu_class` where stuId=1 )as a left join `class` on a.classId = class.id ) order by graduateStatus asc [ RunTime:0.0000s ]
SQL: select class.id,className,classPic,graduateStatus from ((select classId,graduateStatus from `stu_class` where stuId=1 )as a left join `class` on a.classId = class.id ) order by graduateStatus asc limit 0,8 [ RunTime:0.0010s ]
SQL: SHOW COLUMNS FROM `message` [ RunTime:0.0000s ]
SQL: select * from message where senderName='xiaopeng' or targetName='xiaopeng' [ RunTime:0.0010s ]
SQL: SHOW COLUMNS FROM `reply` [ RunTime:0.0000s ]
SQL: SELECT COUNT(*) AS tp_count FROM `reply` WHERE `targetName` = 'xiaopeng' AND `isRead` = 0 LIMIT 1   [ RunTime:0.0010s ]
SQL: SELECT COUNT(*) AS tp_count FROM `message` WHERE `targetName` = 'xiaopeng' AND `isRead` = 0 LIMIT 1   [ RunTime:0.0000s ]
INFO: [ view_parse ] --START--
INFO: [ template_filter ] --START--
INFO: Run Behavior\ContentReplaceBehavior [ RunTime:0.000000s ]
INFO: [ template_filter ] --END-- [ RunTime:0.000000s ]
NOTIC: [8] Undefined index: id D:\AppServ\www\jiaolianyuan\APP\Runtime\Cache\Home\d42c0beb1de05f81f688c7ce95593f42.php 第 25 行.
INFO: Run Behavior\ParseTemplateBehavior [ RunTime:0.012000s ]
INFO: [ view_parse ] --END-- [ RunTime:0.012000s ]
INFO: [ view_filter ] --START--
INFO: Run Behavior\WriteHtmlCacheBehavior [ RunTime:0.000000s ]
INFO: [ view_filter ] --END-- [ RunTime:0.001000s ]
INFO: [ app_end ] --START--
INFO: Run Behavior\ShowPageTraceBehavior [ RunTime:0.001000s ]
INFO: [ app_end ] --END-- [ RunTime:0.001000s ]

[ 2016-09-18T23:06:03+08:00 ] ::1 /jiaolianyuan/Home/Student/student.html
INFO: [ app_init ] --START--
INFO: Run Behavior\BuildLiteBehavior [ RunTime:0.000000s ]
INFO: [ app_init ] --END-- [ RunTime:0.000000s ]
INFO: [ app_begin ] --START--
INFO: Run Behavior\ReadHtmlCacheBehavior [ RunTime:0.001000s ]
INFO: [ app_begin ] --END-- [ RunTime:0.001000s ]
SQL: SHOW COLUMNS FROM `student` [ RunTime:0.0050s ]
SQL: SELECT * FROM `student` WHERE `phone` = '13922035737'  [ RunTime:0.0050s ]
SQL: SELECT `id`,`school`,`account` FROM `student` WHERE `stuName` = 'xiaopeng'  [ RunTime:0.0000s ]
SQL: SHOW COLUMNS FROM `teacher` [ RunTime:0.0010s ]
SQL: SELECT `id`,`stuName` FROM `student` WHERE `stuName` = 'xiaopeng'  [ RunTime:0.0010s ]
SQL: select id,tname,face,onlineTime from teacher where id in (select teacherId from `stu_class` where stuId = 1) [ RunTime:0.0000s ]
SQL: SELECT `id`,`stuName` FROM `student` WHERE `stuName` = 'xiaopeng'  [ RunTime:0.0070s ]
SQL: select class.id,className,classPic,graduateStatus from ((select classId,graduateStatus from `stu_class` where stuId=1 )as a left join `class` on a.classId = class.id ) order by graduateStatus asc [ RunTime:0.0000s ]
SQL: SELECT `id`,`stuName` FROM `student` WHERE `stuName` = 'xiaopeng'  [ RunTime:0.0000s ]
SQL: select count(*) from ((select classId,graduateStatus from `stu_class` where stuId=1 )as a left join `class` on a.classId = class.id ) order by graduateStatus asc [ RunTime:0.0010s ]
SQL: select class.id,className,classPic,graduateStatus from ((select classId,graduateStatus from `stu_class` where stuId=1 )as a left join `class` on a.classId = class.id ) order by graduateStatus asc limit 0,8 [ RunTime:0.0010s ]
SQL: SHOW COLUMNS FROM `message` [ RunTime:0.0060s ]
SQL: select * from message where senderName='xiaopeng' or targetName='xiaopeng' [ RunTime:0.0010s ]
SQL: SHOW COLUMNS FROM `reply` [ RunTime:0.0000s ]
SQL: SELECT COUNT(*) AS tp_count FROM `reply` WHERE `targetName` = 'xiaopeng' AND `isRead` = 0 LIMIT 1   [ RunTime:0.0000s ]
SQL: SELECT COUNT(*) AS tp_count FROM `message` WHERE `targetName` = 'xiaopeng' AND `isRead` = 0 LIMIT 1   [ RunTime:0.0000s ]
INFO: [ view_parse ] --START--
INFO: [ template_filter ] --START--
INFO: Run Behavior\ContentReplaceBehavior [ RunTime:0.000000s ]
INFO: [ template_filter ] --END-- [ RunTime:0.000000s ]
NOTIC: [8] Undefined index: id D:\AppServ\www\jiaolianyuan\APP\Runtime\Cache\Home\d42c0beb1de05f81f688c7ce95593f42.php 第 25 行.
INFO: Run Behavior\ParseTemplateBehavior [ RunTime:0.012001s ]
INFO: [ view_parse ] --END-- [ RunTime:0.012001s ]
INFO: [ view_filter ] --START--
INFO: Run Behavior\WriteHtmlCacheBehavior [ RunTime:0.001000s ]
INFO: [ view_filter ] --END-- [ RunTime:0.001000s ]
INFO: [ app_end ] --START--
INFO: Run Behavior\ShowPageTraceBehavior [ RunTime:0.001000s ]
INFO: [ app_end ] --END-- [ RunTime:0.001000s ]

[ 2016-09-18T23:06:42+08:00 ] ::1 /jiaolianyuan/Home/Student/student.html
INFO: [ app_init ] --START--
INFO: Run Behavior\BuildLiteBehavior [ RunTime:0.000000s ]
INFO: [ app_init ] --END-- [ RunTime:0.001000s ]
INFO: [ app_begin ] --START--
INFO: Run Behavior\ReadHtmlCacheBehavior [ RunTime:0.000000s ]
INFO: [ app_begin ] --END-- [ RunTime:0.000000s ]
SQL: SHOW COLUMNS FROM `student` [ RunTime:0.0010s ]
SQL: SELECT * FROM `student` WHERE `phone` = '13922035737'  [ RunTime:0.0000s ]
SQL: SELECT `id`,`school`,`account` FROM `student` WHERE `stuName` = 'xiaopeng'  [ RunTime:0.0000s ]
SQL: SHOW COLUMNS FROM `teacher` [ RunTime:0.0140s ]
SQL: SELECT `id`,`stuName` FROM `student` WHERE `stuName` = 'xiaopeng'  [ RunTime:0.0000s ]
SQL: select id,tname,face,onlineTime from teacher where id in (select teacherId from `stu_class` where stuId = 1) [ RunTime:0.0070s ]
SQL: SELECT `id`,`stuName` FROM `student` WHERE `stuName` = 'xiaopeng'  [ RunTime:0.0000s ]
SQL: select class.id,className,classPic,graduateStatus from ((select classId,graduateStatus from `stu_class` where stuId=1 )as a left join `class` on a.classId = class.id ) order by graduateStatus asc [ RunTime:0.0100s ]
SQL: SELECT `id`,`stuName` FROM `student` WHERE `stuName` = 'xiaopeng'  [ RunTime:0.0000s ]
SQL: select count(*) from ((select classId,graduateStatus from `stu_class` where stuId=1 )as a left join `class` on a.classId = class.id ) order by graduateStatus asc [ RunTime:0.0000s ]
SQL: select class.id,className,classPic,graduateStatus from ((select classId,graduateStatus from `stu_class` where stuId=1 )as a left join `class` on a.classId = class.id ) order by graduateStatus asc limit 0,8 [ RunTime:0.0000s ]
SQL: SHOW COLUMNS FROM `message` [ RunTime:0.0010s ]
SQL: select * from message where senderName='xiaopeng' or targetName='xiaopeng' [ RunTime:0.0000s ]
SQL: SHOW COLUMNS FROM `reply` [ RunTime:0.0080s ]
SQL: SELECT COUNT(*) AS tp_count FROM `reply` WHERE `targetName` = 'xiaopeng' AND `isRead` = 0 LIMIT 1   [ RunTime:0.0010s ]
SQL: SELECT COUNT(*) AS tp_count FROM `message` WHERE `targetName` = 'xiaopeng' AND `isRead` = 0 LIMIT 1   [ RunTime:0.0000s ]
INFO: [ view_parse ] --START--
INFO: [ template_filter ] --START--
INFO: Run Behavior\ContentReplaceBehavior [ RunTime:0.000000s ]
INFO: [ template_filter ] --END-- [ RunTime:0.000000s ]
NOTIC: [8] Undefined index: id D:\AppServ\www\jiaolianyuan\APP\Runtime\Cache\Home\d42c0beb1de05f81f688c7ce95593f42.php 第 25 行.
INFO: Run Behavior\ParseTemplateBehavior [ RunTime:0.013001s ]
INFO: [ view_parse ] --END-- [ RunTime:0.013001s ]
INFO: [ view_filter ] --START--
INFO: Run Behavior\WriteHtmlCacheBehavior [ RunTime:0.000000s ]
INFO: [ view_filter ] --END-- [ RunTime:0.000000s ]
INFO: [ app_end ] --START--
INFO: Run Behavior\ShowPageTraceBehavior [ RunTime:0.000000s ]
INFO: [ app_end ] --END-- [ RunTime:0.000000s ]

[ 2016-09-18T23:07:07+08:00 ] ::1 /jiaolianyuan/Home/Student/student.html
INFO: [ app_init ] --START--
INFO: Run Behavior\BuildLiteBehavior [ RunTime:0.000000s ]
INFO: [ app_init ] --END-- [ RunTime:0.001000s ]
INFO: [ app_begin ] --START--
INFO: Run Behavior\ReadHtmlCacheBehavior [ RunTime:0.001000s ]
INFO: [ app_begin ] --END-- [ RunTime:0.001000s ]
SQL: SHOW COLUMNS FROM `student` [ RunTime:0.0170s ]
SQL: SELECT * FROM `student` WHERE `phone` = '13922035737'  [ RunTime:0.0000s ]
SQL: SELECT `id`,`school`,`account` FROM `student` WHERE `stuName` = 'xiaopeng'  [ RunTime:0.0010s ]
SQL: SHOW COLUMNS FROM `teacher` [ RunTime:0.0000s ]
SQL: SELECT `id`,`stuName` FROM `student` WHERE `stuName` = 'xiaopeng'  [ RunTime:0.0010s ]
SQL: select id,tname,face,onlineTime from teacher where id in (select teacherId from `stu_class` where stuId = 1) [ RunTime:0.0010s ]
SQL: SELECT `id`,`stuName` FROM `student` WHERE `stuName` = 'xiaopeng'  [ RunTime:0.0000s ]
SQL: select class.id,className,classPic,graduateStatus from ((select classId,graduateStatus from `stu_class` where stuId=1 )as a left join `class` on a.classId = class.id ) order by graduateStatus asc [ RunTime:0.0000s ]
SQL: SELECT `id`,`stuName` FROM `student` WHERE `stuName` = 'xiaopeng'  [ RunTime:0.0000s ]
SQL: select count(*) from ((select classId,graduateStatus from `stu_class` where stuId=1 )as a left join `class` on a.classId = class.id ) order by graduateStatus asc [ RunTime:0.0010s ]
SQL: select class.id,className,classPic,graduateStatus from ((select classId,graduateStatus from `stu_class` where stuId=1 )as a left join `class` on a.classId = class.id ) order by graduateStatus asc limit 0,8 [ RunTime:0.0010s ]
SQL: SHOW COLUMNS FROM `message` [ RunTime:0.0000s ]
SQL: select * from message where senderName='xiaopeng' or targetName='xiaopeng' [ RunTime:0.0010s ]
SQL: SHOW COLUMNS FROM `reply` [ RunTime:0.0000s ]
SQL: SELECT COUNT(*) AS tp_count FROM `reply` WHERE `targetName` = 'xiaopeng' AND `isRead` = 0 LIMIT 1   [ RunTime:0.0000s ]
SQL: SELECT COUNT(*) AS tp_count FROM `message` WHERE `targetName` = 'xiaopeng' AND `isRead` = 0 LIMIT 1   [ RunTime:0.0000s ]
INFO: [ view_parse ] --START--
INFO: [ template_filter ] --START--
INFO: Run Behavior\ContentReplaceBehavior [ RunTime:0.000000s ]
INFO: [ template_filter ] --END-- [ RunTime:0.000000s ]
NOTIC: [8] Undefined index: id D:\AppServ\www\jiaolianyuan\APP\Runtime\Cache\Home\d42c0beb1de05f81f688c7ce95593f42.php 第 25 行.
INFO: Run Behavior\ParseTemplateBehavior [ RunTime:0.011001s ]
INFO: [ view_parse ] --END-- [ RunTime:0.012001s ]
INFO: [ view_filter ] --START--
INFO: Run Behavior\WriteHtmlCacheBehavior [ RunTime:0.000000s ]
INFO: [ view_filter ] --END-- [ RunTime:0.000000s ]
INFO: [ app_end ] --START--
INFO: Run Behavior\ShowPageTraceBehavior [ RunTime:0.001000s ]
INFO: [ app_end ] --END-- [ RunTime:0.001000s ]

[ 2016-09-18T23:08:05+08:00 ] ::1 /jiaolianyuan/Home/Student/student.html
INFO: [ app_init ] --START--
INFO: Run Behavior\BuildLiteBehavior [ RunTime:0.000000s ]
INFO: [ app_init ] --END-- [ RunTime:0.001000s ]
INFO: [ app_begin ] --START--
INFO: Run Behavior\ReadHtmlCacheBehavior [ RunTime:0.000000s ]
INFO: [ app_begin ] --END-- [ RunTime:0.000000s ]
SQL: SHOW COLUMNS FROM `student` [ RunTime:0.0210s ]
SQL: SELECT * FROM `student` WHERE `phone` = '13922035737'  [ RunTime:0.0110s ]
SQL: SELECT `id`,`school`,`account` FROM `student` WHERE `stuName` = 'xiaopeng'  [ RunTime:0.0010s ]
SQL: SHOW COLUMNS FROM `teacher` [ RunTime:0.0010s ]
SQL: SELECT `id`,`stuName` FROM `student` WHERE `stuName` = 'xiaopeng'  [ RunTime:0.0000s ]
SQL: select id,tname,face,onlineTime from teacher where id in (select teacherId from `stu_class` where stuId = 1) [ RunTime:0.0010s ]
SQL: SELECT `id`,`stuName` FROM `student` WHERE `stuName` = 'xiaopeng'  [ RunTime:0.0010s ]
SQL: select class.id,className,classPic,graduateStatus from ((select classId,graduateStatus from `stu_class` where stuId=1 )as a left join `class` on a.classId = class.id ) order by graduateStatus asc [ RunTime:0.0000s ]
SQL: SELECT `id`,`stuName` FROM `student` WHERE `stuName` = 'xiaopeng'  [ RunTime:0.0000s ]
SQL: select count(*) from ((select classId,graduateStatus from `stu_class` where stuId=1 )as a left join `class` on a.classId = class.id ) order by graduateStatus asc [ RunTime:0.0000s ]
SQL: select class.id,className,classPic,graduateStatus from ((select classId,graduateStatus from `stu_class` where stuId=1 )as a left join `class` on a.classId = class.id ) order by graduateStatus asc limit 0,8 [ RunTime:0.0010s ]
SQL: SHOW COLUMNS FROM `message` [ RunTime:0.0100s ]
SQL: select * from message where senderName='xiaopeng' or targetName='xiaopeng' [ RunTime:0.0060s ]
SQL: SHOW COLUMNS FROM `reply` [ RunTime:0.0000s ]
SQL: SELECT COUNT(*) AS tp_count FROM `reply` WHERE `targetName` = 'xiaopeng' AND `isRead` = 0 LIMIT 1   [ RunTime:0.0000s ]
SQL: SELECT COUNT(*) AS tp_count FROM `message` WHERE `targetName` = 'xiaopeng' AND `isRead` = 0 LIMIT 1   [ RunTime:0.0000s ]
INFO: [ view_parse ] --START--
INFO: [ template_filter ] --START--
INFO: Run Behavior\ContentReplaceBehavior [ RunTime:0.000000s ]
INFO: [ template_filter ] --END-- [ RunTime:0.000000s ]
NOTIC: [8] Undefined index: id D:\AppServ\www\jiaolianyuan\APP\Runtime\Cache\Home\d42c0beb1de05f81f688c7ce95593f42.php 第 25 行.
INFO: Run Behavior\ParseTemplateBehavior [ RunTime:0.013001s ]
INFO: [ view_parse ] --END-- [ RunTime:0.013001s ]
INFO: [ view_filter ] --START--
INFO: Run Behavior\WriteHtmlCacheBehavior [ RunTime:0.000000s ]
INFO: [ view_filter ] --END-- [ RunTime:0.000000s ]
INFO: [ app_end ] --START--
INFO: Run Behavior\ShowPageTraceBehavior [ RunTime:0.001000s ]
INFO: [ app_end ] --END-- [ RunTime:0.001000s ]

[ 2016-09-18T23:08:57+08:00 ] ::1 /jiaolianyuan/Home/Student/student.html
INFO: [ app_init ] --START--
INFO: Run Behavior\BuildLiteBehavior [ RunTime:0.000000s ]
INFO: [ app_init ] --END-- [ RunTime:0.001000s ]
INFO: [ app_begin ] --START--
INFO: Run Behavior\ReadHtmlCacheBehavior [ RunTime:0.000000s ]
INFO: [ app_begin ] --END-- [ RunTime:0.000000s ]
SQL: SHOW COLUMNS FROM `student` [ RunTime:0.0180s ]
SQL: SELECT * FROM `student` WHERE `phone` = '13922035737'  [ RunTime:0.0010s ]
SQL: SELECT `id`,`school`,`account` FROM `student` WHERE `stuName` = 'xiaopeng'  [ RunTime:0.0000s ]
SQL: SHOW COLUMNS FROM `teacher` [ RunTime:0.0110s ]
SQL: SELECT `id`,`stuName` FROM `student` WHERE `stuName` = 'xiaopeng'  [ RunTime:0.0000s ]
SQL: select id,tname,face,onlineTime from teacher where id in (select teacherId from `stu_class` where stuId = 1) [ RunTime:0.0010s ]
SQL: SELECT `id`,`stuName` FROM `student` WHERE `stuName` = 'xiaopeng'  [ RunTime:0.0000s ]
SQL: select class.id,className,classPic,graduateStatus from ((select classId,graduateStatus from `stu_class` where stuId=1 )as a left join `class` on a.classId = class.id ) order by graduateStatus asc [ RunTime:0.0000s ]
SQL: SELECT `id`,`stuName` FROM `student` WHERE `stuName` = 'xiaopeng'  [ RunTime:0.0000s ]
SQL: select count(*) from ((select classId,graduateStatus from `stu_class` where stuId=1 )as a left join `class` on a.classId = class.id ) order by graduateStatus asc [ RunTime:0.0010s ]
SQL: select class.id,className,classPic,graduateStatus from ((select classId,graduateStatus from `stu_class` where stuId=1 )as a left join `class` on a.classId = class.id ) order by graduateStatus asc limit 0,8 [ RunTime:0.0010s ]
SQL: SHOW COLUMNS FROM `message` [ RunTime:0.0000s ]
SQL: select * from message where senderName='xiaopeng' or targetName='xiaopeng' [ RunTime:0.0000s ]
SQL: SHOW COLUMNS FROM `reply` [ RunTime:0.0010s ]
SQL: SELECT COUNT(*) AS tp_count FROM `reply` WHERE `targetName` = 'xiaopeng' AND `isRead` = 0 LIMIT 1   [ RunTime:0.0000s ]
SQL: SELECT COUNT(*) AS tp_count FROM `message` WHERE `targetName` = 'xiaopeng' AND `isRead` = 0 LIMIT 1   [ RunTime:0.0000s ]
INFO: [ view_parse ] --START--
INFO: [ template_filter ] --START--
INFO: Run Behavior\ContentReplaceBehavior [ RunTime:0.001000s ]
INFO: [ template_filter ] --END-- [ RunTime:0.001000s ]
NOTIC: [8] Undefined index: id D:\AppServ\www\jiaolianyuan\APP\Runtime\Cache\Home\d42c0beb1de05f81f688c7ce95593f42.php 第 25 行.
INFO: Run Behavior\ParseTemplateBehavior [ RunTime:0.012001s ]
INFO: [ view_parse ] --END-- [ RunTime:0.012001s ]
INFO: [ view_filter ] --START--
INFO: Run Behavior\WriteHtmlCacheBehavior [ RunTime:0.000000s ]
INFO: [ view_filter ] --END-- [ RunTime:0.000000s ]
INFO: [ app_end ] --START--
INFO: Run Behavior\ShowPageTraceBehavior [ RunTime:0.001000s ]
INFO: [ app_end ] --END-- [ RunTime:0.001000s ]

[ 2016-09-18T23:09:17+08:00 ] ::1 /jiaolianyuan/Home/Student/student.html
INFO: [ app_init ] --START--
INFO: Run Behavior\BuildLiteBehavior [ RunTime:0.000000s ]
INFO: [ app_init ] --END-- [ RunTime:0.001000s ]
INFO: [ app_begin ] --START--
INFO: Run Behavior\ReadHtmlCacheBehavior [ RunTime:0.000000s ]
INFO: [ app_begin ] --END-- [ RunTime:0.000000s ]
SQL: SHOW COLUMNS FROM `student` [ RunTime:0.0010s ]
SQL: SELECT * FROM `student` WHERE `phone` = '13922035737'  [ RunTime:0.0010s ]
SQL: SELECT `id`,`school`,`account` FROM `student` WHERE `stuName` = 'xiaopeng'  [ RunTime:0.0000s ]
SQL: SHOW COLUMNS FROM `teacher` [ RunTime:0.0010s ]
SQL: SELECT `id`,`stuName` FROM `student` WHERE `stuName` = 'xiaopeng'  [ RunTime:0.0000s ]
SQL: select id,tname,face,onlineTime from teacher where id in (select teacherId from `stu_class` where stuId = 1) [ RunTime:0.0000s ]
SQL: SELECT `id`,`stuName` FROM `student` WHERE `stuName` = 'xiaopeng'  [ RunTime:0.0000s ]
SQL: select class.id,className,classPic,graduateStatus from ((select classId,graduateStatus from `stu_class` where stuId=1 )as a left join `class` on a.classId = class.id ) order by graduateStatus asc [ RunTime:0.0000s ]
SQL: SELECT `id`,`stuName` FROM `student` WHERE `stuName` = 'xiaopeng'  [ RunTime:0.0000s ]
SQL: select count(*) from ((select classId,graduateStatus from `stu_class` where stuId=1 )as a left join `class` on a.classId = class.id ) order by graduateStatus asc [ RunTime:0.0010s ]
SQL: select class.id,className,classPic,graduateStatus from ((select classId,graduateStatus from `stu_class` where stuId=1 )as a left join `class` on a.classId = class.id ) order by graduateStatus asc limit 0,8 [ RunTime:0.0010s ]
SQL: SHOW COLUMNS FROM `message` [ RunTime:0.0000s ]
SQL: select * from message where senderName='xiaopeng' or targetName='xiaopeng' [ RunTime:0.0000s ]
SQL: SHOW COLUMNS FROM `reply` [ RunTime:0.0000s ]
SQL: SELECT COUNT(*) AS tp_count FROM `reply` WHERE `targetName` = 'xiaopeng' AND `isRead` = 0 LIMIT 1   [ RunTime:0.0000s ]
SQL: SELECT COUNT(*) AS tp_count FROM `message` WHERE `targetName` = 'xiaopeng' AND `isRead` = 0 LIMIT 1   [ RunTime:0.0000s ]
INFO: [ view_parse ] --START--
INFO: [ template_filter ] --START--
INFO: Run Behavior\ContentReplaceBehavior [ RunTime:0.000000s ]
INFO: [ template_filter ] --END-- [ RunTime:0.000000s ]
NOTIC: [8] Undefined index: id D:\AppServ\www\jiaolianyuan\APP\Runtime\Cache\Home\d42c0beb1de05f81f688c7ce95593f42.php 第 25 行.
INFO: Run Behavior\ParseTemplateBehavior [ RunTime:0.012000s ]
INFO: [ view_parse ] --END-- [ RunTime:0.012000s ]
INFO: [ view_filter ] --START--
INFO: Run Behavior\WriteHtmlCacheBehavior [ RunTime:0.001000s ]
INFO: [ view_filter ] --END-- [ RunTime:0.001000s ]
INFO: [ app_end ] --START--
INFO: Run Behavior\ShowPageTraceBehavior [ RunTime:0.000000s ]
INFO: [ app_end ] --END-- [ RunTime:0.000000s ]

[ 2016-09-18T23:09:34+08:00 ] ::1 /jiaolianyuan/Home/Student/testt
INFO: [ app_init ] --START--
INFO: Run Behavior\BuildLiteBehavior [ RunTime:0.000000s ]
INFO: [ app_init ] --END-- [ RunTime:0.000000s ]
INFO: [ app_begin ] --START--
INFO: Run Behavior\ReadHtmlCacheBehavior [ RunTime:0.001000s ]
INFO: [ app_begin ] --END-- [ RunTime:0.001000s ]
ERR: 非法操作:testt

[ 2016-09-18T23:10:30+08:00 ] ::1 /jiaolianyuan/Home/Student/student.html
INFO: [ app_init ] --START--
INFO: Run Behavior\BuildLiteBehavior [ RunTime:0.000000s ]
INFO: [ app_init ] --END-- [ RunTime:0.001000s ]
INFO: [ app_begin ] --START--
INFO: Run Behavior\ReadHtmlCacheBehavior [ RunTime:0.000000s ]
INFO: [ app_begin ] --END-- [ RunTime:0.000000s ]
SQL: SHOW COLUMNS FROM `student` [ RunTime:0.0100s ]
SQL: SELECT * FROM `student` WHERE `phone` = '13922035737'  [ RunTime:0.0010s ]
SQL: SELECT `id`,`school`,`account` FROM `student` WHERE `stuName` = 'xiaopeng'  [ RunTime:0.0000s ]
SQL: SHOW COLUMNS FROM `teacher` [ RunTime:0.0010s ]
SQL: SELECT `id`,`stuName` FROM `student` WHERE `stuName` = 'xiaopeng'  [ RunTime:0.0000s ]
SQL: select id,tname,face,onlineTime from teacher where id in (select teacherId from `stu_class` where stuId = 1) [ RunTime:0.0010s ]
SQL: SELECT `id`,`stuName` FROM `student` WHERE `stuName` = 'xiaopeng'  [ RunTime:0.0010s ]
SQL: select class.id,className,classPic,graduateStatus from ((select classId,graduateStatus from `stu_class` where stuId=1 )as a left join `class` on a.classId = class.id ) order by graduateStatus asc [ RunTime:0.0000s ]
SQL: SELECT `id`,`stuName` FROM `student` WHERE `stuName` = 'xiaopeng'  [ RunTime:0.0000s ]
SQL: select count(*) from ((select classId,graduateStatus from `stu_class` where stuId=1 )as a left join `class` on a.classId = class.id ) order by graduateStatus asc [ RunTime:0.0010s ]
SQL: select class.id,className,classPic,graduateStatus from ((select classId,graduateStatus from `stu_class` where stuId=1 )as a left join `class` on a.classId = class.id ) order by graduateStatus asc limit 0,8 [ RunTime:0.0010s ]
SQL: SHOW COLUMNS FROM `message` [ RunTime:0.0120s ]
SQL: select * from message where senderName='xiaopeng' or targetName='xiaopeng' [ RunTime:0.0000s ]
SQL: SHOW COLUMNS FROM `reply` [ RunTime:0.0010s ]
SQL: SELECT COUNT(*) AS tp_count FROM `reply` WHERE `targetName` = 'xiaopeng' AND `isRead` = 0 LIMIT 1   [ RunTime:0.0000s ]
SQL: SELECT COUNT(*) AS tp_count FROM `message` WHERE `targetName` = 'xiaopeng' AND `isRead` = 0 LIMIT 1   [ RunTime:0.0070s ]
INFO: [ view_parse ] --START--
INFO: [ template_filter ] --START--
INFO: Run Behavior\ContentReplaceBehavior [ RunTime:0.000000s ]
INFO: [ template_filter ] --END-- [ RunTime:0.000000s ]
NOTIC: [8] Undefined index: id D:\AppServ\www\jiaolianyuan\APP\Runtime\Cache\Home\d42c0beb1de05f81f688c7ce95593f42.php 第 25 行.
INFO: Run Behavior\ParseTemplateBehavior [ RunTime:0.012001s ]
INFO: [ view_parse ] --END-- [ RunTime:0.012001s ]
INFO: [ view_filter ] --START--
INFO: Run Behavior\WriteHtmlCacheBehavior [ RunTime:0.000000s ]
INFO: [ view_filter ] --END-- [ RunTime:0.000000s ]
INFO: [ app_end ] --START--
INFO: Run Behavior\ShowPageTraceBehavior [ RunTime:0.000000s ]
INFO: [ app_end ] --END-- [ RunTime:0.000000s ]

[ 2016-09-18T23:10:37+08:00 ] ::1 /jiaolianyuan/Home/Student/testt
INFO: [ app_init ] --START--
INFO: Run Behavior\BuildLiteBehavior [ RunTime:0.000000s ]
INFO: [ app_init ] --END-- [ RunTime:0.000000s ]
INFO: [ app_begin ] --START--
INFO: Run Behavior\ReadHtmlCacheBehavior [ RunTime:0.000000s ]
INFO: [ app_begin ] --END-- [ RunTime:0.000000s ]
INFO: [ app_end ] --START--
INFO: Run Behavior\ShowPageTraceBehavior [ RunTime:0.001000s ]
INFO: [ app_end ] --END-- [ RunTime:0.001000s ]

[ 2016-09-18T23:11:04+08:00 ] ::1 /jiaolianyuan/Home/Student/student.html
INFO: [ app_init ] --START--
INFO: Run Behavior\BuildLiteBehavior [ RunTime:0.000000s ]
INFO: [ app_init ] --END-- [ RunTime:0.000000s ]
INFO: [ app_begin ] --START--
INFO: Run Behavior\ReadHtmlCacheBehavior [ RunTime:0.001000s ]
INFO: [ app_begin ] --END-- [ RunTime:0.001000s ]
SQL: SHOW COLUMNS FROM `student` [ RunTime:0.0010s ]
SQL: SELECT * FROM `student` WHERE `phone` = '13922035737'  [ RunTime:0.0010s ]
SQL: SELECT `id`,`school`,`account` FROM `student` WHERE `stuName` = 'xiaopeng'  [ RunTime:0.0000s ]
SQL: SHOW COLUMNS FROM `teacher` [ RunTime:0.0000s ]
SQL: SELECT `id`,`stuName` FROM `student` WHERE `stuName` = 'xiaopeng'  [ RunTime:0.0000s ]
SQL: select id,tname,face,onlineTime from teacher where id in (select teacherId from `stu_class` where stuId = 1) [ RunTime:0.0000s ]
SQL: SELECT `id`,`stuName` FROM `student` WHERE `stuName` = 'xiaopeng'  [ RunTime:0.0010s ]
SQL: select class.id,className,classPic,graduateStatus from ((select classId,graduateStatus from `stu_class` where stuId=1 )as a left join `class` on a.classId = class.id ) order by graduateStatus asc [ RunTime:0.0000s ]
SQL: SELECT `id`,`stuName` FROM `student` WHERE `stuName` = 'xiaopeng'  [ RunTime:0.0000s ]
SQL: select count(*) from ((select classId,graduateStatus from `stu_class` where stuId=1 )as a left join `class` on a.classId = class.id ) order by graduateStatus asc [ RunTime:0.0000s ]
SQL: select class.id,className,classPic,graduateStatus from ((select classId,graduateStatus from `stu_class` where stuId=1 )as a left join `class` on a.classId = class.id ) order by graduateStatus asc limit 0,8 [ RunTime:0.0010s ]
SQL: SHOW COLUMNS FROM `message` [ RunTime:0.0100s ]
SQL: select * from message where senderName='xiaopeng' or targetName='xiaopeng' [ RunTime:0.0010s ]
SQL: SHOW COLUMNS FROM `reply` [ RunTime:0.0010s ]
SQL: SELECT COUNT(*) AS tp_count FROM `reply` WHERE `targetName` = 'xiaopeng' AND `isRead` = 0 LIMIT 1   [ RunTime:0.0000s ]
SQL: SELECT COUNT(*) AS tp_count FROM `message` WHERE `targetName` = 'xiaopeng' AND `isRead` = 0 LIMIT 1   [ RunTime:0.0000s ]
INFO: [ view_parse ] --START--
INFO: [ template_filter ] --START--
INFO: Run Behavior\ContentReplaceBehavior [ RunTime:0.000000s ]
INFO: [ template_filter ] --END-- [ RunTime:0.000000s ]
NOTIC: [8] Undefined index: id D:\AppServ\www\jiaolianyuan\APP\Runtime\Cache\Home\d42c0beb1de05f81f688c7ce95593f42.php 第 25 行.
INFO: Run Behavior\ParseTemplateBehavior [ RunTime:0.012001s ]
INFO: [ view_parse ] --END-- [ RunTime:0.012001s ]
INFO: [ view_filter ] --START--
INFO: Run Behavior\WriteHtmlCacheBehavior [ RunTime:0.001000s ]
INFO: [ view_filter ] --END-- [ RunTime:0.001000s ]
INFO: [ app_end ] --START--
INFO: Run Behavior\ShowPageTraceBehavior [ RunTime:0.001000s ]
INFO: [ app_end ] --END-- [ RunTime:0.001000s ]

[ 2016-09-18T23:11:08+08:00 ] ::1 /jiaolianyuan/Home/Student/testt
INFO: [ app_init ] --START--
INFO: Run Behavior\BuildLiteBehavior [ RunTime:0.000000s ]
INFO: [ app_init ] --END-- [ RunTime:0.000000s ]
INFO: [ app_begin ] --START--
INFO: Run Behavior\ReadHtmlCacheBehavior [ RunTime:0.001000s ]
INFO: [ app_begin ] --END-- [ RunTime:0.001000s ]
INFO: [ app_end ] --START--
INFO: Run Behavior\ShowPageTraceBehavior [ RunTime:0.001000s ]
INFO: [ app_end ] --END-- [ RunTime:0.001000s ]

[ 2016-09-18T23:12:47+08:00 ] ::1 /jiaolianyuan/Home/Student/student.html
INFO: [ app_init ] --START--
INFO: Run Behavior\BuildLiteBehavior [ RunTime:0.000000s ]
INFO: [ app_init ] --END-- [ RunTime:0.001000s ]
INFO: [ app_begin ] --START--
INFO: Run Behavior\ReadHtmlCacheBehavior [ RunTime:0.000000s ]
INFO: [ app_begin ] --END-- [ RunTime:0.000000s ]
SQL: SHOW COLUMNS FROM `student` [ RunTime:0.0000s ]
SQL: SELECT * FROM `student` WHERE `phone` = '13922035737'  [ RunTime:0.0000s ]
SQL: SELECT `id`,`school`,`account` FROM `student` WHERE `stuName` = 'xiaopeng'  [ RunTime:0.0010s ]
SQL: SHOW COLUMNS FROM `teacher` [ RunTime:0.0000s ]
SQL: SELECT `id`,`stuName` FROM `student` WHERE `stuName` = 'xiaopeng'  [ RunTime:0.0010s ]
SQL: select id,tname,face,onlineTime from teacher where id in (select teacherId from `stu_class` where stuId = 1) [ RunTime:0.0160s ]
SQL: SELECT `id`,`stuName` FROM `student` WHERE `stuName` = 'xiaopeng'  [ RunTime:0.0000s ]
SQL: select class.id,className,classPic,graduateStatus from ((select classId,graduateStatus from `stu_class` where stuId=1 )as a left join `class` on a.classId = class.id ) order by graduateStatus asc [ RunTime:0.0010s ]
SQL: SELECT `id`,`stuName` FROM `student` WHERE `stuName` = 'xiaopeng'  [ RunTime:0.0000s ]
SQL: select count(*) from ((select classId,graduateStatus from `stu_class` where stuId=1 )as a left join `class` on a.classId = class.id ) order by graduateStatus asc [ RunTime:0.0000s ]
SQL: select class.id,className,classPic,graduateStatus from ((select classId,graduateStatus from `stu_class` where stuId=1 )as a left join `class` on a.classId = class.id ) order by graduateStatus asc limit 0,8 [ RunTime:0.0000s ]
SQL: SHOW COLUMNS FROM `message` [ RunTime:0.0010s ]
SQL: select * from message where senderName='xiaopeng' or targetName='xiaopeng' [ RunTime:0.0010s ]
SQL: SHOW COLUMNS FROM `reply` [ RunTime:0.0000s ]
SQL: SELECT COUNT(*) AS tp_count FROM `reply` WHERE `targetName` = 'xiaopeng' AND `isRead` = 0 LIMIT 1   [ RunTime:0.0000s ]
SQL: SELECT COUNT(*) AS tp_count FROM `message` WHERE `targetName` = 'xiaopeng' AND `isRead` = 0 LIMIT 1   [ RunTime:0.0000s ]
INFO: [ view_parse ] --START--
INFO: [ template_filter ] --START--
INFO: Run Behavior\ContentReplaceBehavior [ RunTime:0.000000s ]
INFO: [ template_filter ] --END-- [ RunTime:0.000000s ]
NOTIC: [8] Undefined index: id D:\AppServ\www\jiaolianyuan\APP\Runtime\Cache\Home\d42c0beb1de05f81f688c7ce95593f42.php 第 25 行.
INFO: Run Behavior\ParseTemplateBehavior [ RunTime:0.013000s ]
INFO: [ view_parse ] --END-- [ RunTime:0.013000s ]
INFO: [ view_filter ] --START--
INFO: Run Behavior\WriteHtmlCacheBehavior [ RunTime:0.000000s ]
INFO: [ view_filter ] --END-- [ RunTime:0.000000s ]
INFO: [ app_end ] --START--
INFO: Run Behavior\ShowPageTraceBehavior [ RunTime:0.001000s ]
INFO: [ app_end ] --END-- [ RunTime:0.001000s ]

[ 2016-09-18T23:12:52+08:00 ] ::1 /jiaolianyuan/Home/Student/testt
INFO: [ app_init ] --START--
INFO: Run Behavior\BuildLiteBehavior [ RunTime:0.000000s ]
INFO: [ app_init ] --END-- [ RunTime:0.001000s ]
INFO: [ app_begin ] --START--
INFO: Run Behavior\ReadHtmlCacheBehavior [ RunTime:0.000000s ]
INFO: [ app_begin ] --END-- [ RunTime:0.001000s ]
INFO: [ app_end ] --START--
INFO: Run Behavior\ShowPageTraceBehavior [ RunTime:0.000000s ]
INFO: [ app_end ] --END-- [ RunTime:0.001001s ]

[ 2016-09-18T23:13:21+08:00 ] ::1 /jiaolianyuan/Home/Student/testt
INFO: [ app_init ] --START--
INFO: Run Behavior\BuildLiteBehavior [ RunTime:0.000000s ]
INFO: [ app_init ] --END-- [ RunTime:0.000000s ]
INFO: [ app_begin ] --START--
INFO: Run Behavior\ReadHtmlCacheBehavior [ RunTime:0.001000s ]
INFO: [ app_begin ] --END-- [ RunTime:0.001000s ]
INFO: [ app_end ] --START--
INFO: Run Behavior\ShowPageTraceBehavior [ RunTime:0.001000s ]
INFO: [ app_end ] --END-- [ RunTime:0.001000s ]

[ 2016-09-18T23:15:53+08:00 ] ::1 /jiaolianyuan/Home/Student/testt
INFO: [ app_init ] --START--
INFO: Run Behavior\BuildLiteBehavior [ RunTime:0.000000s ]
INFO: [ app_init ] --END-- [ RunTime:0.001000s ]
INFO: [ app_begin ] --START--
INFO: Run Behavior\ReadHtmlCacheBehavior [ RunTime:0.000000s ]
INFO: [ app_begin ] --END-- [ RunTime:0.000000s ]
INFO: [ app_end ] --START--
INFO: Run Behavior\ShowPageTraceBehavior [ RunTime:0.001000s ]
INFO: [ app_end ] --END-- [ RunTime:0.001000s ]

[ 2016-09-18T23:21:37+08:00 ] ::1 /jiaolianyuan/Home/Student/student.html
INFO: [ app_init ] --START--
INFO: Run Behavior\BuildLiteBehavior [ RunTime:0.000000s ]
INFO: [ app_init ] --END-- [ RunTime:0.000000s ]
INFO: [ app_begin ] --START--
INFO: Run Behavior\ReadHtmlCacheBehavior [ RunTime:0.001000s ]
INFO: [ app_begin ] --END-- [ RunTime:0.001000s ]
SQL: SHOW COLUMNS FROM `student` [ RunTime:0.0010s ]
SQL: SELECT * FROM `student` WHERE `phone` = '13922035737'  [ RunTime:0.0010s ]
SQL: SELECT `id`,`school`,`account` FROM `student` WHERE `stuName` = 'xiaopeng'  [ RunTime:0.0000s ]
SQL: SHOW COLUMNS FROM `teacher` [ RunTime:0.0010s ]
SQL: SELECT `id`,`stuName` FROM `student` WHERE `stuName` = 'xiaopeng'  [ RunTime:0.0000s ]
SQL: select id,tname,face,onlineTime from teacher where id in (select teacherId from `stu_class` where stuId = 1) [ RunTime:0.0010s ]
SQL: SELECT `id`,`stuName` FROM `student` WHERE `stuName` = 'xiaopeng'  [ RunTime:0.0000s ]
SQL: select class.id,className,classPic,graduateStatus from ((select classId,graduateStatus from `stu_class` where stuId=1 )as a left join `class` on a.classId = class.id ) order by graduateStatus asc [ RunTime:0.0010s ]
SQL: SELECT `id`,`stuName` FROM `student` WHERE `stuName` = 'xiaopeng'  [ RunTime:0.0010s ]
SQL: select count(*) from ((select classId,graduateStatus from `stu_class` where stuId=1 )as a left join `class` on a.classId = class.id ) order by graduateStatus asc [ RunTime:0.0000s ]
SQL: select class.id,className,classPic,graduateStatus from ((select classId,graduateStatus from `stu_class` where stuId=1 )as a left join `class` on a.classId = class.id ) order by graduateStatus asc limit 0,8 [ RunTime:0.0000s ]
SQL: SHOW COLUMNS FROM `message` [ RunTime:0.0010s ]
SQL: select * from message where senderName='xiaopeng' or targetName='xiaopeng' [ RunTime:0.0000s ]
SQL: SHOW COLUMNS FROM `reply` [ RunTime:0.0010s ]
SQL: SELECT COUNT(*) AS tp_count FROM `reply` WHERE `targetName` = 'xiaopeng' AND `isRead` = 0 LIMIT 1   [ RunTime:0.0000s ]
SQL: SELECT COUNT(*) AS tp_count FROM `message` WHERE `targetName` = 'xiaopeng' AND `isRead` = 0 LIMIT 1   [ RunTime:0.0010s ]
INFO: [ view_parse ] --START--
INFO: [ template_filter ] --START--
INFO: Run Behavior\ContentReplaceBehavior [ RunTime:0.001000s ]
INFO: [ template_filter ] --END-- [ RunTime:0.001000s ]
NOTIC: [8] Undefined index: id D:\AppServ\www\jiaolianyuan\APP\Runtime\Cache\Home\d42c0beb1de05f81f688c7ce95593f42.php 第 25 行.
INFO: Run Behavior\ParseTemplateBehavior [ RunTime:0.013001s ]
INFO: [ view_parse ] --END-- [ RunTime:0.013001s ]
INFO: [ view_filter ] --START--
INFO: Run Behavior\WriteHtmlCacheBehavior [ RunTime:0.000000s ]
INFO: [ view_filter ] --END-- [ RunTime:0.000000s ]
INFO: [ app_end ] --START--
INFO: Run Behavior\ShowPageTraceBehavior [ RunTime:0.000000s ]
INFO: [ app_end ] --END-- [ RunTime:0.000000s ]

[ 2016-09-18T23:21:43+08:00 ] ::1 /jiaolianyuan/Home/Student/testt
INFO: [ app_init ] --START--
INFO: Run Behavior\BuildLiteBehavior [ RunTime:0.000000s ]
INFO: [ app_init ] --END-- [ RunTime:0.001000s ]
INFO: [ app_begin ] --START--
INFO: Run Behavior\ReadHtmlCacheBehavior [ RunTime:0.001000s ]
INFO: [ app_begin ] --END-- [ RunTime:0.001000s ]
INFO: [ app_end ] --START--
INFO: Run Behavior\ShowPageTraceBehavior [ RunTime:0.000000s ]
INFO: [ app_end ] --END-- [ RunTime:0.000000s ]

[ 2016-09-18T23:23:47+08:00 ] ::1 /jiaolianyuan/Home/Student/testt
INFO: [ app_init ] --START--
INFO: Run Behavior\BuildLiteBehavior [ RunTime:0.000000s ]
INFO: [ app_init ] --END-- [ RunTime:0.000000s ]
INFO: [ app_begin ] --START--
INFO: Run Behavior\ReadHtmlCacheBehavior [ RunTime:0.001000s ]
INFO: [ app_begin ] --END-- [ RunTime:0.001000s ]
INFO: [ app_end ] --START--
INFO: Run Behavior\ShowPageTraceBehavior [ RunTime:0.001000s ]
INFO: [ app_end ] --END-- [ RunTime:0.001000s ]

[ 2016-09-18T23:23:51+08:00 ] ::1 /jiaolianyuan/Home/Student/student.html
INFO: [ app_init ] --START--
INFO: Run Behavior\BuildLiteBehavior [ RunTime:0.000000s ]
INFO: [ app_init ] --END-- [ RunTime:0.001000s ]
INFO: [ app_begin ] --START--
INFO: Run Behavior\ReadHtmlCacheBehavior [ RunTime:0.000000s ]
INFO: [ app_begin ] --END-- [ RunTime:0.000000s ]
SQL: SHOW COLUMNS FROM `student` [ RunTime:0.0010s ]
SQL: SELECT * FROM `student` WHERE `phone` = '13922035737'  [ RunTime:0.0000s ]
SQL: SELECT `id`,`school`,`account` FROM `student` WHERE `stuName` = 'xiaopeng'  [ RunTime:0.0000s ]
SQL: SHOW COLUMNS FROM `teacher` [ RunTime:0.0010s ]
SQL: SELECT `id`,`stuName` FROM `student` WHERE `stuName` = 'xiaopeng'  [ RunTime:0.0000s ]
SQL: select id,tname,face,onlineTime from teacher where id in (select teacherId from `stu_class` where stuId = 1) [ RunTime:0.0050s ]
SQL: SELECT `id`,`stuName` FROM `student` WHERE `stuName` = 'xiaopeng'  [ RunTime:0.0000s ]
SQL: select class.id,className,classPic,graduateStatus from ((select classId,graduateStatus from `stu_class` where stuId=1 )as a left join `class` on a.classId = class.id ) order by graduateStatus asc [ RunTime:0.0100s ]
SQL: SELECT `id`,`stuName` FROM `student` WHERE `stuName` = 'xiaopeng'  [ RunTime:0.0000s ]
SQL: select count(*) from ((select classId,graduateStatus from `stu_class` where stuId=1 )as a left join `class` on a.classId = class.id ) order by graduateStatus asc [ RunTime:0.0000s ]
SQL: select class.id,className,classPic,graduateStatus from ((select classId,graduateStatus from `stu_class` where stuId=1 )as a left join `class` on a.classId = class.id ) order by graduateStatus asc limit 0,8 [ RunTime:0.0010s ]
SQL: SHOW COLUMNS FROM `message` [ RunTime:0.0010s ]
SQL: select * from message where senderName='xiaopeng' or targetName='xiaopeng' [ RunTime:0.0000s ]
SQL: SHOW COLUMNS FROM `reply` [ RunTime:0.0010s ]
SQL: SELECT COUNT(*) AS tp_count FROM `reply` WHERE `targetName` = 'xiaopeng' AND `isRead` = 0 LIMIT 1   [ RunTime:0.0000s ]
SQL: SELECT COUNT(*) AS tp_count FROM `message` WHERE `targetName` = 'xiaopeng' AND `isRead` = 0 LIMIT 1   [ RunTime:0.0070s ]
INFO: [ view_parse ] --START--
INFO: [ template_filter ] --START--
INFO: Run Behavior\ContentReplaceBehavior [ RunTime:0.000000s ]
INFO: [ template_filter ] --END-- [ RunTime:0.000000s ]
NOTIC: [8] Undefined index: id D:\AppServ\www\jiaolianyuan\APP\Runtime\Cache\Home\d42c0beb1de05f81f688c7ce95593f42.php 第 25 行.
INFO: Run Behavior\ParseTemplateBehavior [ RunTime:0.013000s ]
INFO: [ view_parse ] --END-- [ RunTime:0.013000s ]
INFO: [ view_filter ] --START--
INFO: Run Behavior\WriteHtmlCacheBehavior [ RunTime:0.000000s ]
INFO: [ view_filter ] --END-- [ RunTime:0.000000s ]
INFO: [ app_end ] --START--
INFO: Run Behavior\ShowPageTraceBehavior [ RunTime:0.001000s ]
INFO: [ app_end ] --END-- [ RunTime:0.001000s ]

[ 2016-09-18T23:23:57+08:00 ] ::1 /jiaolianyuan/Home/Student/testt
INFO: [ app_init ] --START--
INFO: Run Behavior\BuildLiteBehavior [ RunTime:0.000000s ]
INFO: [ app_init ] --END-- [ RunTime:0.000000s ]
INFO: [ app_begin ] --START--
INFO: Run Behavior\ReadHtmlCacheBehavior [ RunTime:0.000000s ]
INFO: [ app_begin ] --END-- [ RunTime:0.000000s ]
INFO: [ app_end ] --START--
INFO: Run Behavior\ShowPageTraceBehavior [ RunTime:0.001000s ]
INFO: [ app_end ] --END-- [ RunTime:0.001000s ]

[ 2016-09-18T23:24:38+08:00 ] ::1 /jiaolianyuan/Home/Student/testt
INFO: [ app_init ] --START--
INFO: Run Behavior\BuildLiteBehavior [ RunTime:0.000000s ]
INFO: [ app_init ] --END-- [ RunTime:0.001000s ]
INFO: [ app_begin ] --START--
INFO: Run Behavior\ReadHtmlCacheBehavior [ RunTime:0.000000s ]
INFO: [ app_begin ] --END-- [ RunTime:0.000000s ]
INFO: [ app_end ] --START--
INFO: Run Behavior\ShowPageTraceBehavior [ RunTime:0.001000s ]
INFO: [ app_end ] --END-- [ RunTime:0.001000s ]

[ 2016-09-18T23:24:42+08:00 ] ::1 /jiaolianyuan/Home/Student/student.html
INFO: [ app_init ] --START--
INFO: Run Behavior\BuildLiteBehavior [ RunTime:0.000000s ]
INFO: [ app_init ] --END-- [ RunTime:0.000000s ]
INFO: [ app_begin ] --START--
INFO: Run Behavior\ReadHtmlCacheBehavior [ RunTime:0.000000s ]
INFO: [ app_begin ] --END-- [ RunTime:0.000000s ]
SQL: SHOW COLUMNS FROM `student` [ RunTime:0.0010s ]
SQL: SELECT * FROM `student` WHERE `phone` = '13922035737'  [ RunTime:0.0010s ]
SQL: SELECT `id`,`school`,`account` FROM `student` WHERE `stuName` = 'xiaopeng'  [ RunTime:0.0000s ]
SQL: SHOW COLUMNS FROM `teacher` [ RunTime:0.0100s ]
SQL: SELECT `id`,`stuName` FROM `student` WHERE `stuName` = 'xiaopeng'  [ RunTime:0.0120s ]
SQL: select id,tname,face,onlineTime from teacher where id in (select teacherId from `stu_class` where stuId = 1) [ RunTime:0.0010s ]
SQL: SELECT `id`,`stuName` FROM `student` WHERE `stuName` = 'xiaopeng'  [ RunTime:0.0000s ]
SQL: select class.id,className,classPic,graduateStatus from ((select classId,graduateStatus from `stu_class` where stuId=1 )as a left join `class` on a.classId = class.id ) order by graduateStatus asc [ RunTime:0.0000s ]
SQL: SELECT `id`,`stuName` FROM `student` WHERE `stuName` = 'xiaopeng'  [ RunTime:0.0000s ]
SQL: select count(*) from ((select classId,graduateStatus from `stu_class` where stuId=1 )as a left join `class` on a.classId = class.id ) order by graduateStatus asc [ RunTime:0.0000s ]
SQL: select class.id,className,classPic,graduateStatus from ((select classId,graduateStatus from `stu_class` where stuId=1 )as a left join `class` on a.classId = class.id ) order by graduateStatus asc limit 0,8 [ RunTime:0.0000s ]
SQL: SHOW COLUMNS FROM `message` [ RunTime:0.0100s ]
SQL: select * from message where senderName='xiaopeng' or targetName='xiaopeng' [ RunTime:0.0000s ]
SQL: SHOW COLUMNS FROM `reply` [ RunTime:0.0010s ]
SQL: SELECT COUNT(*) AS tp_count FROM `reply` WHERE `targetName` = 'xiaopeng' AND `isRead` = 0 LIMIT 1   [ RunTime:0.0000s ]
SQL: SELECT COUNT(*) AS tp_count FROM `message` WHERE `targetName` = 'xiaopeng' AND `isRead` = 0 LIMIT 1   [ RunTime:0.0000s ]
INFO: [ view_parse ] --START--
INFO: [ template_filter ] --START--
INFO: Run Behavior\ContentReplaceBehavior [ RunTime:0.000000s ]
INFO: [ template_filter ] --END-- [ RunTime:0.000000s ]
NOTIC: [8] Undefined index: id D:\AppServ\www\jiaolianyuan\APP\Runtime\Cache\Home\d42c0beb1de05f81f688c7ce95593f42.php 第 25 行.
INFO: Run Behavior\ParseTemplateBehavior [ RunTime:0.012000s ]
INFO: [ view_parse ] --END-- [ RunTime:0.012000s ]
INFO: [ view_filter ] --START--
INFO: Run Behavior\WriteHtmlCacheBehavior [ RunTime:0.000000s ]
INFO: [ view_filter ] --END-- [ RunTime:0.000000s ]
INFO: [ app_end ] --START--
INFO: Run Behavior\ShowPageTraceBehavior [ RunTime:0.000000s ]
INFO: [ app_end ] --END-- [ RunTime:0.000000s ]

[ 2016-09-18T23:24:46+08:00 ] ::1 /jiaolianyuan/Home/Student/testt
INFO: [ app_init ] --START--
INFO: Run Behavior\BuildLiteBehavior [ RunTime:0.000000s ]
INFO: [ app_init ] --END-- [ RunTime:0.001000s ]
INFO: [ app_begin ] --START--
INFO: Run Behavior\ReadHtmlCacheBehavior [ RunTime:0.000000s ]
INFO: [ app_begin ] --END-- [ RunTime:0.000000s ]
INFO: [ app_end ] --START--
INFO: Run Behavior\ShowPageTraceBehavior [ RunTime:0.000000s ]
INFO: [ app_end ] --END-- [ RunTime:0.000000s ]

[ 2016-09-18T23:25:23+08:00 ] ::1 /jiaolianyuan/Home/Student/student.html
INFO: [ app_init ] --START--
INFO: Run Behavior\BuildLiteBehavior [ RunTime:0.000000s ]
INFO: [ app_init ] --END-- [ RunTime:0.000000s ]
INFO: [ app_begin ] --START--
INFO: Run Behavior\ReadHtmlCacheBehavior [ RunTime:0.000000s ]
INFO: [ app_begin ] --END-- [ RunTime:0.000000s ]
SQL: SHOW COLUMNS FROM `student` [ RunTime:0.0010s ]
SQL: SELECT * FROM `student` WHERE `phone` = '13922035737'  [ RunTime:0.0010s ]
SQL: SELECT `id`,`school`,`account` FROM `student` WHERE `stuName` = 'xiaopeng'  [ RunTime:0.0000s ]
SQL: SHOW COLUMNS FROM `teacher` [ RunTime:0.0010s ]
SQL: SELECT `id`,`stuName` FROM `student` WHERE `stuName` = 'xiaopeng'  [ RunTime:0.0000s ]
SQL: select id,tname,face,onlineTime from teacher where id in (select teacherId from `stu_class` where stuId = 1) [ RunTime:0.0100s ]
SQL: SELECT `id`,`stuName` FROM `student` WHERE `stuName` = 'xiaopeng'  [ RunTime:0.0080s ]
SQL: select class.id,className,classPic,graduateStatus from ((select classId,graduateStatus from `stu_class` where stuId=1 )as a left join `class` on a.classId = class.id ) order by graduateStatus asc [ RunTime:0.0010s ]
SQL: SELECT `id`,`stuName` FROM `student` WHERE `stuName` = 'xiaopeng'  [ RunTime:0.0000s ]
SQL: select count(*) from ((select classId,graduateStatus from `stu_class` where stuId=1 )as a left join `class` on a.classId = class.id ) order by graduateStatus asc [ RunTime:0.0000s ]
SQL: select class.id,className,classPic,graduateStatus from ((select classId,graduateStatus from `stu_class` where stuId=1 )as a left join `class` on a.classId = class.id ) order by graduateStatus asc limit 0,8 [ RunTime:0.0000s ]
SQL: SHOW COLUMNS FROM `message` [ RunTime:0.0000s ]
SQL: select * from message where senderName='xiaopeng' or targetName='xiaopeng' [ RunTime:0.0010s ]
SQL: SHOW COLUMNS FROM `reply` [ RunTime:0.0000s ]
SQL: SELECT COUNT(*) AS tp_count FROM `reply` WHERE `targetName` = 'xiaopeng' AND `isRead` = 0 LIMIT 1   [ RunTime:0.0000s ]
SQL: SELECT COUNT(*) AS tp_count FROM `message` WHERE `targetName` = 'xiaopeng' AND `isRead` = 0 LIMIT 1   [ RunTime:0.0000s ]
INFO: [ view_parse ] --START--
INFO: [ template_filter ] --START--
INFO: Run Behavior\ContentReplaceBehavior [ RunTime:0.000000s ]
INFO: [ template_filter ] --END-- [ RunTime:0.000000s ]
NOTIC: [8] Undefined index: id D:\AppServ\www\jiaolianyuan\APP\Runtime\Cache\Home\d42c0beb1de05f81f688c7ce95593f42.php 第 25 行.
INFO: Run Behavior\ParseTemplateBehavior [ RunTime:0.013001s ]
INFO: [ view_parse ] --END-- [ RunTime:0.013001s ]
INFO: [ view_filter ] --START--
INFO: Run Behavior\WriteHtmlCacheBehavior [ RunTime:0.000000s ]
INFO: [ view_filter ] --END-- [ RunTime:0.000000s ]
INFO: [ app_end ] --START--
INFO: Run Behavior\ShowPageTraceBehavior [ RunTime:0.001000s ]
INFO: [ app_end ] --END-- [ RunTime:0.001000s ]

[ 2016-09-18T23:25:27+08:00 ] ::1 /jiaolianyuan/Home/Student/testt
INFO: [ app_init ] --START--
INFO: Run Behavior\BuildLiteBehavior [ RunTime:0.000000s ]
INFO: [ app_init ] --END-- [ RunTime:0.000000s ]
INFO: [ app_begin ] --START--
INFO: Run Behavior\ReadHtmlCacheBehavior [ RunTime:0.001000s ]
INFO: [ app_begin ] --END-- [ RunTime:0.001000s ]
INFO: [ app_end ] --START--
INFO: Run Behavior\ShowPageTraceBehavior [ RunTime:0.000000s ]
INFO: [ app_end ] --END-- [ RunTime:0.000000s ]

[ 2016-09-18T23:27:46+08:00 ] ::1 /jiaolianyuan/Home/Student/testt
INFO: [ app_init ] --START--
INFO: Run Behavior\BuildLiteBehavior [ RunTime:0.000000s ]
INFO: [ app_init ] --END-- [ RunTime:0.000000s ]
INFO: [ app_begin ] --START--
INFO: Run Behavior\ReadHtmlCacheBehavior [ RunTime:0.001000s ]
INFO: [ app_begin ] --END-- [ RunTime:0.001000s ]
INFO: [ app_end ] --START--
INFO: Run Behavior\ShowPageTraceBehavior [ RunTime:0.001000s ]
INFO: [ app_end ] --END-- [ RunTime:0.001000s ]

