[ 2016-09-11T20:10:55+08:00 ] ::1 /admin.php
INFO: [ app_init ] --START--
INFO: Run Behavior\BuildLiteBehavior [ RunTime:0.000000s ]
INFO: [ app_init ] --END-- [ RunTime:0.002001s ]
INFO: [ app_begin ] --START--
INFO: Run Behavior\ReadHtmlCacheBehavior [ RunTime:0.002000s ]
INFO: [ app_begin ] --END-- [ RunTime:0.002000s ]
INFO: [ view_parse ] --START--
INFO: [ template_filter ] --START--
INFO: Run Behavior\ContentReplaceBehavior [ RunTime:0.000000s ]
INFO: [ template_filter ] --END-- [ RunTime:0.000000s ]
INFO: Run Behavior\ParseTemplateBehavior [ RunTime:0.031200s ]
INFO: [ view_parse ] --END-- [ RunTime:0.031200s ]
INFO: [ view_filter ] --START--
INFO: Run Behavior\WriteHtmlCacheBehavior [ RunTime:0.000000s ]
INFO: [ view_filter ] --END-- [ RunTime:0.000000s ]
INFO: [ app_end ] --START--
INFO: Run Behavior\ShowPageTraceBehavior [ RunTime:0.000000s ]
INFO: [ app_end ] --END-- [ RunTime:0.000000s ]

[ 2016-09-11T20:11:00+08:00 ] ::1 /admin.php/Home/Index/login
INFO: [ app_init ] --START--
INFO: Run Behavior\BuildLiteBehavior [ RunTime:0.000000s ]
INFO: [ app_init ] --END-- [ RunTime:0.020001s ]
INFO: [ app_begin ] --START--
INFO: Run Behavior\ReadHtmlCacheBehavior [ RunTime:0.002000s ]
INFO: [ app_begin ] --END-- [ RunTime:0.002000s ]
SQL: SHOW COLUMNS FROM `admin` [ RunTime:0.3350s ]
SQL: SELECT * FROM `admin` WHERE `adminName` = 'admin' AND `password` = 'admin'  [ RunTime:0.0140s ]
INFO: [ view_parse ] --START--
INFO: [ template_filter ] --START--
INFO: Run Behavior\ContentReplaceBehavior [ RunTime:0.000000s ]
INFO: [ template_filter ] --END-- [ RunTime:0.001000s ]
NOTIC: [8] Undefined variable: unreadMessage E:\wamp\www\Admin\Runtime\Cache\Home\35aa7395e570a67b1b39372463a46a4e.php 第 235 行.
NOTIC: [8] Undefined variable: unreadMessage E:\wamp\www\Admin\Runtime\Cache\Home\35aa7395e570a67b1b39372463a46a4e.php 第 243 行.
INFO: Run Behavior\ParseTemplateBehavior [ RunTime:0.060003s ]
INFO: [ view_parse ] --END-- [ RunTime:0.060003s ]
INFO: [ view_filter ] --START--
INFO: Run Behavior\WriteHtmlCacheBehavior [ RunTime:0.002000s ]
INFO: [ view_filter ] --END-- [ RunTime:0.002000s ]
INFO: [ app_end ] --START--
INFO: Run Behavior\ShowPageTraceBehavior [ RunTime:0.001000s ]
INFO: [ app_end ] --END-- [ RunTime:0.001000s ]

[ 2016-09-11T20:16:59+08:00 ] ::1 /admin.php/Home/Message/index
INFO: [ app_init ] --START--
INFO: Run Behavior\BuildLiteBehavior [ RunTime:0.000000s ]
INFO: [ app_init ] --END-- [ RunTime:0.001000s ]
INFO: [ app_begin ] --START--
INFO: Run Behavior\ReadHtmlCacheBehavior [ RunTime:0.002000s ]
INFO: [ app_begin ] --END-- [ RunTime:0.002000s ]
SQL: select COUNT(*) as count from message where targetType = 0 and isRead = 0 [ RunTime:0.0450s ]
SQL: SHOW COLUMNS FROM `message` [ RunTime:0.0150s ]
SQL: SELECT COUNT(*) AS tp_count FROM `message` LIMIT 1   [ RunTime:0.0010s ]
SQL: SELECT `id`,`senderType`,`senderName`,`content`,`isRead` FROM `message` WHERE ( senderType != 0 ) ORDER BY id LIMIT 0,3   [ RunTime:0.0010s ]
INFO: [ view_parse ] --START--
INFO: [ template_filter ] --START--
INFO: Run Behavior\ContentReplaceBehavior [ RunTime:0.001000s ]
INFO: [ template_filter ] --END-- [ RunTime:0.001000s ]
INFO: Run Behavior\ParseTemplateBehavior [ RunTime:0.046003s ]
INFO: [ view_parse ] --END-- [ RunTime:0.048003s ]
INFO: [ view_filter ] --START--
INFO: Run Behavior\WriteHtmlCacheBehavior [ RunTime:0.001000s ]
INFO: [ view_filter ] --END-- [ RunTime:0.002000s ]
INFO: [ app_end ] --START--
INFO: Run Behavior\ShowPageTraceBehavior [ RunTime:0.030002s ]
INFO: [ app_end ] --END-- [ RunTime:0.030002s ]

[ 2016-09-11T20:50:17+08:00 ] ::1 /admin.php/Home/Class/index.html
INFO: [ app_init ] --START--
INFO: Run Behavior\BuildLiteBehavior [ RunTime:0.000000s ]
INFO: [ app_init ] --END-- [ RunTime:0.003000s ]
INFO: [ app_begin ] --START--
INFO: Run Behavior\ReadHtmlCacheBehavior [ RunTime:0.006000s ]
INFO: [ app_begin ] --END-- [ RunTime:0.006000s ]
SQL: select COUNT(*) as count from message where targetType = 0 and isRead = 0 [ RunTime:0.0010s ]
SQL: SHOW COLUMNS FROM `class` [ RunTime:0.0930s ]
SQL: SELECT COUNT(*) AS tp_count FROM `class` LIMIT 1   [ RunTime:0.0010s ]
SQL: SELECT class.id,class.classNo,class.className,class.classPrice,class.startTime,class.classIntro,class.avePeriod,cate.cName FROM `class` LEFT JOIN cate ON class.classCate = cate.id  ORDER BY id LIMIT 0,3   [ RunTime:0.1730s ]
INFO: [ view_parse ] --START--
INFO: [ template_filter ] --START--
INFO: Run Behavior\ContentReplaceBehavior [ RunTime:0.007000s ]
INFO: [ template_filter ] --END-- [ RunTime:0.008000s ]
INFO: Run Behavior\ParseTemplateBehavior [ RunTime:0.095006s ]
INFO: [ view_parse ] --END-- [ RunTime:0.096006s ]
INFO: [ view_filter ] --START--
INFO: Run Behavior\WriteHtmlCacheBehavior [ RunTime:0.003000s ]
INFO: [ view_filter ] --END-- [ RunTime:0.003000s ]
INFO: [ app_end ] --START--
INFO: Run Behavior\ShowPageTraceBehavior [ RunTime:0.012001s ]
INFO: [ app_end ] --END-- [ RunTime:0.013001s ]

[ 2016-09-11T20:50:22+08:00 ] ::1 /admin.php/Home/Class/delete?deleteID=1
INFO: [ app_init ] --START--
INFO: Run Behavior\BuildLiteBehavior [ RunTime:0.000000s ]
INFO: [ app_init ] --END-- [ RunTime:0.003000s ]
INFO: [ app_begin ] --START--
INFO: Run Behavior\ReadHtmlCacheBehavior [ RunTime:0.002000s ]
INFO: [ app_begin ] --END-- [ RunTime:0.003000s ]
SQL: select COUNT(*) as count from message where targetType = 0 and isRead = 0 [ RunTime:0.0020s ]
SQL: select id from stu_class where classId = 1 and graduateStatus = 0 [ RunTime:0.2460s ]
INFO: [ view_parse ] --START--
INFO: [ template_filter ] --START--
INFO: Run Behavior\ContentReplaceBehavior [ RunTime:0.006000s ]
INFO: [ template_filter ] --END-- [ RunTime:0.009000s ]
INFO: Run Behavior\ParseTemplateBehavior [ RunTime:0.094006s ]
INFO: [ view_parse ] --END-- [ RunTime:0.094006s ]
INFO: [ view_filter ] --START--
INFO: Run Behavior\WriteHtmlCacheBehavior [ RunTime:0.002000s ]
INFO: [ view_filter ] --END-- [ RunTime:0.004000s ]

[ 2016-09-11T20:50:35+08:00 ] ::1 /admin.php/Home/Student/index
INFO: [ app_init ] --START--
INFO: Run Behavior\BuildLiteBehavior [ RunTime:0.000000s ]
INFO: [ app_init ] --END-- [ RunTime:0.003000s ]
INFO: [ app_begin ] --START--
INFO: Run Behavior\ReadHtmlCacheBehavior [ RunTime:0.011001s ]
INFO: [ app_begin ] --END-- [ RunTime:0.013001s ]
SQL: select COUNT(*) as count from message where targetType = 0 and isRead = 0 [ RunTime:0.0010s ]
SQL: SHOW COLUMNS FROM `student` [ RunTime:0.2900s ]
SQL: SELECT COUNT(*) AS tp_count FROM `student` LIMIT 1   [ RunTime:0.0010s ]
SQL: SELECT student.id,student.stuNo,student.stuName,student.school,student.phone,IFNULL(class.className,'无') as className,IFNULL(project.name,'无') as projectName,IFNULL(stu_project.declineTime,0) as declineTime FROM `student` LEFT JOIN stu_project ON student.id = stu_project.stuId and status = 0 LEFT JOIN class ON stu_project.classId = class.id LEFT JOIN project ON stu_project.projectId = project.id  ORDER BY id LIMIT 0,3   [ RunTime:0.2110s ]
INFO: [ view_parse ] --START--
INFO: [ template_filter ] --START--
INFO: Run Behavior\ContentReplaceBehavior [ RunTime:0.001000s ]
INFO: [ template_filter ] --END-- [ RunTime:0.005000s ]
INFO: Run Behavior\ParseTemplateBehavior [ RunTime:0.241014s ]
INFO: [ view_parse ] --END-- [ RunTime:0.242014s ]
INFO: [ view_filter ] --START--
INFO: Run Behavior\WriteHtmlCacheBehavior [ RunTime:0.028001s ]
INFO: [ view_filter ] --END-- [ RunTime:0.029001s ]
INFO: [ app_end ] --START--
INFO: Run Behavior\ShowPageTraceBehavior [ RunTime:0.113006s ]
INFO: [ app_end ] --END-- [ RunTime:0.114006s ]

[ 2016-09-11T20:50:40+08:00 ] ::1 /admin.php/Home/Student/delete?deleteID=11
INFO: [ app_init ] --START--
INFO: Run Behavior\BuildLiteBehavior [ RunTime:0.000000s ]
INFO: [ app_init ] --END-- [ RunTime:0.003000s ]
INFO: [ app_begin ] --START--
INFO: Run Behavior\ReadHtmlCacheBehavior [ RunTime:0.004000s ]
INFO: [ app_begin ] --END-- [ RunTime:0.038002s ]
SQL: select COUNT(*) as count from message where targetType = 0 and isRead = 0 [ RunTime:0.0010s ]
SQL: SHOW COLUMNS FROM `student` [ RunTime:0.0190s ]
SQL: DELETE FROM `student` WHERE `id` = 11 [ RunTime:0.5430s ]
INFO: [ view_parse ] --START--
INFO: [ template_filter ] --START--
INFO: Run Behavior\ContentReplaceBehavior [ RunTime:0.000000s ]
INFO: [ template_filter ] --END-- [ RunTime:0.001000s ]
INFO: Run Behavior\ParseTemplateBehavior [ RunTime:0.031002s ]
INFO: [ view_parse ] --END-- [ RunTime:0.032002s ]
INFO: [ view_filter ] --START--
INFO: Run Behavior\WriteHtmlCacheBehavior [ RunTime:0.002000s ]
INFO: [ view_filter ] --END-- [ RunTime:0.003000s ]
INFO: [ app_end ] --START--
INFO: Run Behavior\ShowPageTraceBehavior [ RunTime:0.003000s ]
INFO: [ app_end ] --END-- [ RunTime:0.004000s ]

[ 2016-09-11T20:50:42+08:00 ] ::1 /admin.php/Home/Student/index
INFO: [ app_init ] --START--
INFO: Run Behavior\BuildLiteBehavior [ RunTime:0.000000s ]
INFO: [ app_init ] --END-- [ RunTime:0.003000s ]
INFO: [ app_begin ] --START--
INFO: Run Behavior\ReadHtmlCacheBehavior [ RunTime:0.009000s ]
INFO: [ app_begin ] --END-- [ RunTime:0.010000s ]
SQL: select COUNT(*) as count from message where targetType = 0 and isRead = 0 [ RunTime:0.0010s ]
SQL: SHOW COLUMNS FROM `student` [ RunTime:0.0190s ]
SQL: SELECT COUNT(*) AS tp_count FROM `student` LIMIT 1   [ RunTime:0.0020s ]
SQL: SELECT student.id,student.stuNo,student.stuName,student.school,student.phone,IFNULL(class.className,'无') as className,IFNULL(project.name,'无') as projectName,IFNULL(stu_project.declineTime,0) as declineTime FROM `student` LEFT JOIN stu_project ON student.id = stu_project.stuId and status = 0 LEFT JOIN class ON stu_project.classId = class.id LEFT JOIN project ON stu_project.projectId = project.id  ORDER BY id LIMIT 0,3   [ RunTime:0.0020s ]
INFO: [ view_parse ] --START--
INFO: [ template_filter ] --START--
INFO: Run Behavior\ContentReplaceBehavior [ RunTime:0.001000s ]
INFO: [ template_filter ] --END-- [ RunTime:0.001000s ]
INFO: Run Behavior\ParseTemplateBehavior [ RunTime:0.071005s ]
INFO: [ view_parse ] --END-- [ RunTime:0.071005s ]
INFO: [ view_filter ] --START--
INFO: Run Behavior\WriteHtmlCacheBehavior [ RunTime:0.007000s ]
INFO: [ view_filter ] --END-- [ RunTime:0.008000s ]
INFO: [ app_end ] --START--
INFO: Run Behavior\ShowPageTraceBehavior [ RunTime:0.008001s ]
INFO: [ app_end ] --END-- [ RunTime:0.010001s ]

[ 2016-09-11T20:50:48+08:00 ] ::1 /admin.php/Home/Student/delete?deleteID=13
INFO: [ app_init ] --START--
INFO: Run Behavior\BuildLiteBehavior [ RunTime:0.000000s ]
INFO: [ app_init ] --END-- [ RunTime:0.004000s ]
INFO: [ app_begin ] --START--
INFO: Run Behavior\ReadHtmlCacheBehavior [ RunTime:0.071004s ]
INFO: [ app_begin ] --END-- [ RunTime:0.074004s ]
SQL: select COUNT(*) as count from message where targetType = 0 and isRead = 0 [ RunTime:0.0010s ]
SQL: SHOW COLUMNS FROM `student` [ RunTime:0.0220s ]
SQL: DELETE FROM `student` WHERE `id` = 13 [ RunTime:0.2550s ]
INFO: [ view_parse ] --START--
INFO: [ template_filter ] --START--
INFO: Run Behavior\ContentReplaceBehavior [ RunTime:0.000000s ]
INFO: [ template_filter ] --END-- [ RunTime:0.000000s ]
INFO: Run Behavior\ParseTemplateBehavior [ RunTime:0.025001s ]
INFO: [ view_parse ] --END-- [ RunTime:0.025001s ]
INFO: [ view_filter ] --START--
INFO: Run Behavior\WriteHtmlCacheBehavior [ RunTime:0.002000s ]
INFO: [ view_filter ] --END-- [ RunTime:0.002000s ]
INFO: [ app_end ] --START--
INFO: Run Behavior\ShowPageTraceBehavior [ RunTime:0.002000s ]
INFO: [ app_end ] --END-- [ RunTime:0.002000s ]

[ 2016-09-11T20:50:50+08:00 ] ::1 /admin.php/Home/Student/index
INFO: [ app_init ] --START--
INFO: Run Behavior\BuildLiteBehavior [ RunTime:0.000000s ]
INFO: [ app_init ] --END-- [ RunTime:0.002000s ]
INFO: [ app_begin ] --START--
INFO: Run Behavior\ReadHtmlCacheBehavior [ RunTime:0.003000s ]
INFO: [ app_begin ] --END-- [ RunTime:0.004001s ]
SQL: select COUNT(*) as count from message where targetType = 0 and isRead = 0 [ RunTime:0.0010s ]
SQL: SHOW COLUMNS FROM `student` [ RunTime:0.0230s ]
SQL: SELECT COUNT(*) AS tp_count FROM `student` LIMIT 1   [ RunTime:0.0020s ]
SQL: SELECT student.id,student.stuNo,student.stuName,student.school,student.phone,IFNULL(class.className,'无') as className,IFNULL(project.name,'无') as projectName,IFNULL(stu_project.declineTime,0) as declineTime FROM `student` LEFT JOIN stu_project ON student.id = stu_project.stuId and status = 0 LEFT JOIN class ON stu_project.classId = class.id LEFT JOIN project ON stu_project.projectId = project.id  ORDER BY id LIMIT 0,3   [ RunTime:0.0040s ]
INFO: [ view_parse ] --START--
INFO: [ template_filter ] --START--
INFO: Run Behavior\ContentReplaceBehavior [ RunTime:0.000000s ]
INFO: [ template_filter ] --END-- [ RunTime:0.002000s ]
INFO: Run Behavior\ParseTemplateBehavior [ RunTime:0.069004s ]
INFO: [ view_parse ] --END-- [ RunTime:0.069004s ]
INFO: [ view_filter ] --START--
INFO: Run Behavior\WriteHtmlCacheBehavior [ RunTime:0.008000s ]
INFO: [ view_filter ] --END-- [ RunTime:0.008000s ]
INFO: [ app_end ] --START--
INFO: Run Behavior\ShowPageTraceBehavior [ RunTime:0.006001s ]
INFO: [ app_end ] --END-- [ RunTime:0.006001s ]

[ 2016-09-11T20:50:59+08:00 ] ::1 /admin.php/Home/Class/index.html
INFO: [ app_init ] --START--
INFO: Run Behavior\BuildLiteBehavior [ RunTime:0.001000s ]
INFO: [ app_init ] --END-- [ RunTime:0.006001s ]
INFO: [ app_begin ] --START--
INFO: Run Behavior\ReadHtmlCacheBehavior [ RunTime:0.003000s ]
INFO: [ app_begin ] --END-- [ RunTime:0.005000s ]
SQL: select COUNT(*) as count from message where targetType = 0 and isRead = 0 [ RunTime:0.0020s ]
SQL: SHOW COLUMNS FROM `class` [ RunTime:0.0200s ]
SQL: SELECT COUNT(*) AS tp_count FROM `class` LIMIT 1   [ RunTime:0.0010s ]
SQL: SELECT class.id,class.classNo,class.className,class.classPrice,class.startTime,class.classIntro,class.avePeriod,cate.cName FROM `class` LEFT JOIN cate ON class.classCate = cate.id  ORDER BY id LIMIT 0,3   [ RunTime:0.0180s ]
INFO: [ view_parse ] --START--
INFO: [ template_filter ] --START--
INFO: Run Behavior\ContentReplaceBehavior [ RunTime:0.002001s ]
INFO: [ template_filter ] --END-- [ RunTime:0.004001s ]
INFO: Run Behavior\ParseTemplateBehavior [ RunTime:0.071004s ]
INFO: [ view_parse ] --END-- [ RunTime:0.071004s ]
INFO: [ view_filter ] --START--
INFO: Run Behavior\WriteHtmlCacheBehavior [ RunTime:0.003000s ]
INFO: [ view_filter ] --END-- [ RunTime:0.005001s ]
INFO: [ app_end ] --START--
INFO: Run Behavior\ShowPageTraceBehavior [ RunTime:0.008000s ]
INFO: [ app_end ] --END-- [ RunTime:0.015000s ]

[ 2016-09-11T20:51:02+08:00 ] ::1 /admin.php/Home/Class/delete?deleteID=1
INFO: [ app_init ] --START--
INFO: Run Behavior\BuildLiteBehavior [ RunTime:0.000000s ]
INFO: [ app_init ] --END-- [ RunTime:0.002001s ]
INFO: [ app_begin ] --START--
INFO: Run Behavior\ReadHtmlCacheBehavior [ RunTime:0.005000s ]
INFO: [ app_begin ] --END-- [ RunTime:0.006000s ]
SQL: select COUNT(*) as count from message where targetType = 0 and isRead = 0 [ RunTime:0.0020s ]
SQL: select id from stu_class where classId = 1 and graduateStatus = 0 [ RunTime:0.0020s ]
INFO: [ view_parse ] --START--
INFO: [ template_filter ] --START--
INFO: Run Behavior\ContentReplaceBehavior [ RunTime:0.000000s ]
INFO: [ template_filter ] --END-- [ RunTime:0.001000s ]
INFO: Run Behavior\ParseTemplateBehavior [ RunTime:0.045002s ]
INFO: [ view_parse ] --END-- [ RunTime:0.045002s ]
INFO: [ view_filter ] --START--
INFO: Run Behavior\WriteHtmlCacheBehavior [ RunTime:0.006000s ]
INFO: [ view_filter ] --END-- [ RunTime:0.006000s ]

[ 2016-09-11T20:51:08+08:00 ] ::1 /admin.php/Home/Class/delete?deleteID=2
INFO: [ app_init ] --START--
INFO: Run Behavior\BuildLiteBehavior [ RunTime:0.001000s ]
INFO: [ app_init ] --END-- [ RunTime:0.003000s ]
INFO: [ app_begin ] --START--
INFO: Run Behavior\ReadHtmlCacheBehavior [ RunTime:0.003000s ]
INFO: [ app_begin ] --END-- [ RunTime:0.004000s ]
SQL: select COUNT(*) as count from message where targetType = 0 and isRead = 0 [ RunTime:0.0010s ]
SQL: select id from stu_class where classId = 2 and graduateStatus = 0 [ RunTime:0.0060s ]
INFO: [ view_parse ] --START--
INFO: [ template_filter ] --START--
INFO: Run Behavior\ContentReplaceBehavior [ RunTime:0.000000s ]
INFO: [ template_filter ] --END-- [ RunTime:0.001000s ]
INFO: Run Behavior\ParseTemplateBehavior [ RunTime:0.025001s ]
INFO: [ view_parse ] --END-- [ RunTime:0.026002s ]
INFO: [ view_filter ] --START--
INFO: Run Behavior\WriteHtmlCacheBehavior [ RunTime:0.002000s ]
INFO: [ view_filter ] --END-- [ RunTime:0.002000s ]

[ 2016-09-11T20:51:15+08:00 ] ::1 /admin.php/Home/Class/delete?deleteID=3
INFO: [ app_init ] --START--
INFO: Run Behavior\BuildLiteBehavior [ RunTime:0.000000s ]
INFO: [ app_init ] --END-- [ RunTime:0.006000s ]
INFO: [ app_begin ] --START--
INFO: Run Behavior\ReadHtmlCacheBehavior [ RunTime:0.008000s ]
INFO: [ app_begin ] --END-- [ RunTime:0.008000s ]
SQL: select COUNT(*) as count from message where targetType = 0 and isRead = 0 [ RunTime:0.0010s ]
SQL: select id from stu_class where classId = 3 and graduateStatus = 0 [ RunTime:0.0040s ]
SQL: SHOW COLUMNS FROM `stu_class` [ RunTime:0.0180s ]
SQL: DELETE FROM `stu_class` WHERE ( classId = 3 ) [ RunTime:0.0070s ]
SQL: SHOW COLUMNS FROM `stu_project` [ RunTime:0.0300s ]
SQL: DELETE FROM `stu_project` WHERE ( classId = 3 ) [ RunTime:0.0320s ]
SQL: SHOW COLUMNS FROM `class_project` [ RunTime:0.1880s ]
SQL: DELETE FROM `class_project` WHERE ( classId = 3 ) [ RunTime:0.0180s ]
SQL: SHOW COLUMNS FROM `teacher_class` [ RunTime:0.1220s ]
SQL: DELETE FROM `teacher_class` WHERE ( classId = 3 ) [ RunTime:0.2250s ]
SQL: SHOW COLUMNS FROM `class` [ RunTime:0.0200s ]
SQL: DELETE FROM `class` WHERE `id` = 3 [ RunTime:0.0750s ]
INFO: [ view_parse ] --START--
INFO: [ template_filter ] --START--
INFO: Run Behavior\ContentReplaceBehavior [ RunTime:0.001000s ]
INFO: [ template_filter ] --END-- [ RunTime:0.001000s ]
INFO: Run Behavior\ParseTemplateBehavior [ RunTime:0.019001s ]
INFO: [ view_parse ] --END-- [ RunTime:0.020001s ]
INFO: [ view_filter ] --START--
INFO: Run Behavior\WriteHtmlCacheBehavior [ RunTime:0.001000s ]
INFO: [ view_filter ] --END-- [ RunTime:0.002000s ]
INFO: [ app_end ] --START--
INFO: Run Behavior\ShowPageTraceBehavior [ RunTime:0.002000s ]
INFO: [ app_end ] --END-- [ RunTime:0.003000s ]

[ 2016-09-11T20:51:17+08:00 ] ::1 /admin.php/Home/Class/index
INFO: [ app_init ] --START--
INFO: Run Behavior\BuildLiteBehavior [ RunTime:0.000000s ]
INFO: [ app_init ] --END-- [ RunTime:0.003000s ]
INFO: [ app_begin ] --START--
INFO: Run Behavior\ReadHtmlCacheBehavior [ RunTime:0.003000s ]
INFO: [ app_begin ] --END-- [ RunTime:0.003000s ]
SQL: select COUNT(*) as count from message where targetType = 0 and isRead = 0 [ RunTime:0.0020s ]
SQL: SHOW COLUMNS FROM `class` [ RunTime:0.0400s ]
SQL: SELECT COUNT(*) AS tp_count FROM `class` LIMIT 1   [ RunTime:0.0010s ]
SQL: SELECT class.id,class.classNo,class.className,class.classPrice,class.startTime,class.classIntro,class.avePeriod,cate.cName FROM `class` LEFT JOIN cate ON class.classCate = cate.id  ORDER BY id LIMIT 0,3   [ RunTime:0.0150s ]
INFO: [ view_parse ] --START--
INFO: [ template_filter ] --START--
INFO: Run Behavior\ContentReplaceBehavior [ RunTime:0.000000s ]
INFO: [ template_filter ] --END-- [ RunTime:0.002000s ]
INFO: Run Behavior\ParseTemplateBehavior [ RunTime:0.096005s ]
INFO: [ view_parse ] --END-- [ RunTime:0.096005s ]
INFO: [ view_filter ] --START--
INFO: Run Behavior\WriteHtmlCacheBehavior [ RunTime:0.002000s ]
INFO: [ view_filter ] --END-- [ RunTime:0.003000s ]
INFO: [ app_end ] --START--
INFO: Run Behavior\ShowPageTraceBehavior [ RunTime:0.012001s ]
INFO: [ app_end ] --END-- [ RunTime:0.012001s ]

[ 2016-09-11T20:51:22+08:00 ] ::1 /admin.php/Home/Class/index
INFO: [ app_init ] --START--
INFO: Run Behavior\BuildLiteBehavior [ RunTime:0.000000s ]
INFO: [ app_init ] --END-- [ RunTime:0.142008s ]
INFO: [ app_begin ] --START--
INFO: Run Behavior\ReadHtmlCacheBehavior [ RunTime:0.004001s ]
INFO: [ app_begin ] --END-- [ RunTime:0.007001s ]
SQL: select COUNT(*) as count from message where targetType = 0 and isRead = 0 [ RunTime:0.0010s ]
SQL: SHOW COLUMNS FROM `class` [ RunTime:0.0140s ]
SQL: SELECT COUNT(*) AS tp_count FROM `class` LIMIT 1   [ RunTime:0.0020s ]
SQL: SELECT class.id,class.classNo,class.className,class.classPrice,class.startTime,class.classIntro,class.avePeriod,cate.cName FROM `class` LEFT JOIN cate ON class.classCate = cate.id  ORDER BY id LIMIT 0,3   [ RunTime:0.0150s ]
INFO: [ view_parse ] --START--
INFO: [ template_filter ] --START--
INFO: Run Behavior\ContentReplaceBehavior [ RunTime:0.001000s ]
INFO: [ template_filter ] --END-- [ RunTime:0.001000s ]
INFO: Run Behavior\ParseTemplateBehavior [ RunTime:0.047003s ]
INFO: [ view_parse ] --END-- [ RunTime:0.048003s ]
INFO: [ view_filter ] --START--
INFO: Run Behavior\WriteHtmlCacheBehavior [ RunTime:0.001000s ]
INFO: [ view_filter ] --END-- [ RunTime:0.002000s ]
INFO: [ app_end ] --START--
INFO: Run Behavior\ShowPageTraceBehavior [ RunTime:0.002000s ]
INFO: [ app_end ] --END-- [ RunTime:0.003000s ]

[ 2016-09-11T20:51:26+08:00 ] ::1 /admin.php/Home/Class/delete?deleteID=7
INFO: [ app_init ] --START--
INFO: Run Behavior\BuildLiteBehavior [ RunTime:0.000000s ]
INFO: [ app_init ] --END-- [ RunTime:0.002000s ]
INFO: [ app_begin ] --START--
INFO: Run Behavior\ReadHtmlCacheBehavior [ RunTime:0.068004s ]
INFO: [ app_begin ] --END-- [ RunTime:0.070004s ]
SQL: select COUNT(*) as count from message where targetType = 0 and isRead = 0 [ RunTime:0.0010s ]
SQL: select id from stu_class where classId = 7 and graduateStatus = 0 [ RunTime:0.0020s ]
SQL: SHOW COLUMNS FROM `stu_class` [ RunTime:0.0150s ]
SQL: DELETE FROM `stu_class` WHERE ( classId = 7 ) [ RunTime:0.0030s ]
SQL: SHOW COLUMNS FROM `stu_project` [ RunTime:0.0140s ]
SQL: DELETE FROM `stu_project` WHERE ( classId = 7 ) [ RunTime:0.0020s ]
SQL: SHOW COLUMNS FROM `class_project` [ RunTime:0.0170s ]
SQL: DELETE FROM `class_project` WHERE ( classId = 7 ) [ RunTime:0.0010s ]
SQL: SHOW COLUMNS FROM `teacher_class` [ RunTime:0.0130s ]
SQL: DELETE FROM `teacher_class` WHERE ( classId = 7 ) [ RunTime:0.0260s ]
SQL: SHOW COLUMNS FROM `class` [ RunTime:0.1970s ]
SQL: DELETE FROM `class` WHERE `id` = 7 [ RunTime:0.0520s ]
INFO: [ view_parse ] --START--
INFO: [ template_filter ] --START--
INFO: Run Behavior\ContentReplaceBehavior [ RunTime:0.000000s ]
INFO: [ template_filter ] --END-- [ RunTime:0.001000s ]
INFO: Run Behavior\ParseTemplateBehavior [ RunTime:0.029002s ]
INFO: [ view_parse ] --END-- [ RunTime:0.029002s ]
INFO: [ view_filter ] --START--
INFO: Run Behavior\WriteHtmlCacheBehavior [ RunTime:0.001000s ]
INFO: [ view_filter ] --END-- [ RunTime:0.002000s ]
INFO: [ app_end ] --START--
INFO: Run Behavior\ShowPageTraceBehavior [ RunTime:0.002000s ]
INFO: [ app_end ] --END-- [ RunTime:0.002000s ]

[ 2016-09-11T20:51:28+08:00 ] ::1 /admin.php/Home/Class/index
INFO: [ app_init ] --START--
INFO: Run Behavior\BuildLiteBehavior [ RunTime:0.000000s ]
INFO: [ app_init ] --END-- [ RunTime:0.015000s ]
INFO: [ app_begin ] --START--
INFO: Run Behavior\ReadHtmlCacheBehavior [ RunTime:0.002000s ]
INFO: [ app_begin ] --END-- [ RunTime:0.003000s ]
SQL: select COUNT(*) as count from message where targetType = 0 and isRead = 0 [ RunTime:0.0020s ]
SQL: SHOW COLUMNS FROM `class` [ RunTime:0.0180s ]
SQL: SELECT COUNT(*) AS tp_count FROM `class` LIMIT 1   [ RunTime:0.0010s ]
SQL: SELECT class.id,class.classNo,class.className,class.classPrice,class.startTime,class.classIntro,class.avePeriod,cate.cName FROM `class` LEFT JOIN cate ON class.classCate = cate.id  ORDER BY id LIMIT 0,3   [ RunTime:0.0210s ]
INFO: [ view_parse ] --START--
INFO: [ template_filter ] --START--
INFO: Run Behavior\ContentReplaceBehavior [ RunTime:0.001000s ]
INFO: [ template_filter ] --END-- [ RunTime:0.001000s ]
INFO: Run Behavior\ParseTemplateBehavior [ RunTime:0.092005s ]
INFO: [ view_parse ] --END-- [ RunTime:0.092005s ]
INFO: [ view_filter ] --START--
INFO: Run Behavior\WriteHtmlCacheBehavior [ RunTime:0.004001s ]
INFO: [ view_filter ] --END-- [ RunTime:0.005001s ]
INFO: [ app_end ] --START--
INFO: Run Behavior\ShowPageTraceBehavior [ RunTime:0.004000s ]
INFO: [ app_end ] --END-- [ RunTime:0.244014s ]

[ 2016-09-11T20:59:48+08:00 ] ::1 /admin.php/Home/Class/index
INFO: [ app_init ] --START--
INFO: Run Behavior\BuildLiteBehavior [ RunTime:0.001000s ]
INFO: [ app_init ] --END-- [ RunTime:0.002000s ]
INFO: [ app_begin ] --START--
INFO: Run Behavior\ReadHtmlCacheBehavior [ RunTime:0.002001s ]
INFO: [ app_begin ] --END-- [ RunTime:0.002001s ]
SQL: select COUNT(*) as count from message where targetType = 0 and isRead = 0 [ RunTime:0.0010s ]
SQL: SHOW COLUMNS FROM `class` [ RunTime:0.0110s ]
SQL: SELECT COUNT(*) AS tp_count FROM `class` LIMIT 1   [ RunTime:0.0010s ]
SQL: SELECT class.id,class.classNo,class.className,class.classPrice,class.startTime,class.classIntro,class.avePeriod,cate.cName FROM `class` LEFT JOIN cate ON class.classCate = cate.id  ORDER BY id LIMIT 0,3   [ RunTime:0.0110s ]
INFO: [ view_parse ] --START--
INFO: [ template_filter ] --START--
INFO: Run Behavior\ContentReplaceBehavior [ RunTime:0.000000s ]
INFO: [ template_filter ] --END-- [ RunTime:0.002000s ]
INFO: Run Behavior\ParseTemplateBehavior [ RunTime:0.048003s ]
INFO: [ view_parse ] --END-- [ RunTime:0.049003s ]
INFO: [ view_filter ] --START--
INFO: Run Behavior\WriteHtmlCacheBehavior [ RunTime:0.001000s ]
INFO: [ view_filter ] --END-- [ RunTime:0.002000s ]
INFO: [ app_end ] --START--
INFO: Run Behavior\ShowPageTraceBehavior [ RunTime:0.007000s ]
INFO: [ app_end ] --END-- [ RunTime:0.013001s ]

[ 2016-09-11T20:59:50+08:00 ] ::1 /admin.php/Home/Class/index/p/2.html
INFO: [ app_init ] --START--
INFO: Run Behavior\BuildLiteBehavior [ RunTime:0.000000s ]
INFO: [ app_init ] --END-- [ RunTime:0.002000s ]
INFO: [ app_begin ] --START--
INFO: Run Behavior\ReadHtmlCacheBehavior [ RunTime:0.003000s ]
INFO: [ app_begin ] --END-- [ RunTime:0.003000s ]
SQL: select COUNT(*) as count from message where targetType = 0 and isRead = 0 [ RunTime:0.0020s ]
SQL: SHOW COLUMNS FROM `class` [ RunTime:0.0110s ]
SQL: SELECT COUNT(*) AS tp_count FROM `class` LIMIT 1   [ RunTime:0.0020s ]
SQL: SELECT class.id,class.classNo,class.className,class.classPrice,class.startTime,class.classIntro,class.avePeriod,cate.cName FROM `class` LEFT JOIN cate ON class.classCate = cate.id  ORDER BY id LIMIT 3,3   [ RunTime:0.0110s ]
INFO: [ view_parse ] --START--
INFO: [ template_filter ] --START--
INFO: Run Behavior\ContentReplaceBehavior [ RunTime:0.001000s ]
INFO: [ template_filter ] --END-- [ RunTime:0.001000s ]
INFO: Run Behavior\ParseTemplateBehavior [ RunTime:0.047003s ]
INFO: [ view_parse ] --END-- [ RunTime:0.047003s ]
INFO: [ view_filter ] --START--
INFO: Run Behavior\WriteHtmlCacheBehavior [ RunTime:0.002000s ]
INFO: [ view_filter ] --END-- [ RunTime:0.002000s ]
INFO: [ app_end ] --START--
INFO: Run Behavior\ShowPageTraceBehavior [ RunTime:0.007000s ]
INFO: [ app_end ] --END-- [ RunTime:0.009000s ]

[ 2016-09-11T20:59:54+08:00 ] ::1 /admin.php/Home/Class/delete?deleteID=20
INFO: [ app_init ] --START--
INFO: Run Behavior\BuildLiteBehavior [ RunTime:0.006000s ]
INFO: [ app_init ] --END-- [ RunTime:0.009000s ]
INFO: [ app_begin ] --START--
INFO: Run Behavior\ReadHtmlCacheBehavior [ RunTime:0.003000s ]
INFO: [ app_begin ] --END-- [ RunTime:0.003000s ]
SQL: select COUNT(*) as count from message where targetType = 0 and isRead = 0 [ RunTime:0.0020s ]
SQL: select id from stu_class where classId = 20 and graduateStatus = 0 [ RunTime:0.0020s ]
SQL: SHOW COLUMNS FROM `stu_class` [ RunTime:0.0130s ]
SQL: DELETE FROM `stu_class` WHERE ( classId = 20 ) [ RunTime:0.0020s ]
SQL: SHOW COLUMNS FROM `stu_project` [ RunTime:0.0110s ]
SQL: DELETE FROM `stu_project` WHERE ( classId = 20 ) [ RunTime:0.0020s ]
SQL: SHOW COLUMNS FROM `class_project` [ RunTime:0.0110s ]
SQL: DELETE FROM `class_project` WHERE ( classId = 20 ) [ RunTime:0.0540s ]
SQL: SHOW COLUMNS FROM `teacher_class` [ RunTime:0.0110s ]
SQL: DELETE FROM `teacher_class` WHERE ( classId = 20 ) [ RunTime:0.0040s ]
SQL: SHOW COLUMNS FROM `class` [ RunTime:0.0140s ]
SQL: DELETE FROM `class` WHERE `id` = 20 [ RunTime:0.0300s ]
INFO: [ view_parse ] --START--
INFO: [ template_filter ] --START--
INFO: Run Behavior\ContentReplaceBehavior [ RunTime:0.000000s ]
INFO: [ template_filter ] --END-- [ RunTime:0.001000s ]
INFO: Run Behavior\ParseTemplateBehavior [ RunTime:0.022002s ]
INFO: [ view_parse ] --END-- [ RunTime:0.022002s ]
INFO: [ view_filter ] --START--
INFO: Run Behavior\WriteHtmlCacheBehavior [ RunTime:0.002000s ]
INFO: [ view_filter ] --END-- [ RunTime:0.002000s ]
INFO: [ app_end ] --START--
INFO: Run Behavior\ShowPageTraceBehavior [ RunTime:0.003000s ]
INFO: [ app_end ] --END-- [ RunTime:0.003000s ]

[ 2016-09-11T20:59:55+08:00 ] ::1 /admin.php/Home/Class/index
INFO: [ app_init ] --START--
INFO: Run Behavior\BuildLiteBehavior [ RunTime:0.000000s ]
INFO: [ app_init ] --END-- [ RunTime:0.002001s ]
INFO: [ app_begin ] --START--
INFO: Run Behavior\ReadHtmlCacheBehavior [ RunTime:0.002000s ]
INFO: [ app_begin ] --END-- [ RunTime:0.004000s ]
SQL: select COUNT(*) as count from message where targetType = 0 and isRead = 0 [ RunTime:0.0010s ]
SQL: SHOW COLUMNS FROM `class` [ RunTime:0.0120s ]
SQL: SELECT COUNT(*) AS tp_count FROM `class` LIMIT 1   [ RunTime:0.0010s ]
SQL: SELECT class.id,class.classNo,class.className,class.classPrice,class.startTime,class.classIntro,class.avePeriod,cate.cName FROM `class` LEFT JOIN cate ON class.classCate = cate.id  ORDER BY id LIMIT 0,3   [ RunTime:0.0120s ]
INFO: [ view_parse ] --START--
INFO: [ template_filter ] --START--
INFO: Run Behavior\ContentReplaceBehavior [ RunTime:0.001000s ]
INFO: [ template_filter ] --END-- [ RunTime:0.001000s ]
INFO: Run Behavior\ParseTemplateBehavior [ RunTime:0.062003s ]
INFO: [ view_parse ] --END-- [ RunTime:0.062003s ]
INFO: [ view_filter ] --START--
INFO: Run Behavior\WriteHtmlCacheBehavior [ RunTime:0.002000s ]
INFO: [ view_filter ] --END-- [ RunTime:0.004000s ]
INFO: [ app_end ] --START--
INFO: Run Behavior\ShowPageTraceBehavior [ RunTime:0.100005s ]
INFO: [ app_end ] --END-- [ RunTime:0.100005s ]

[ 2016-09-11T20:59:57+08:00 ] ::1 /admin.php/Home/Class/delete?deleteID=8
INFO: [ app_init ] --START--
INFO: Run Behavior\BuildLiteBehavior [ RunTime:0.000000s ]
INFO: [ app_init ] --END-- [ RunTime:0.005001s ]
INFO: [ app_begin ] --START--
INFO: Run Behavior\ReadHtmlCacheBehavior [ RunTime:0.004001s ]
INFO: [ app_begin ] --END-- [ RunTime:0.005001s ]
SQL: select COUNT(*) as count from message where targetType = 0 and isRead = 0 [ RunTime:0.0020s ]
SQL: select id from stu_class where classId = 8 and graduateStatus = 0 [ RunTime:0.0010s ]
SQL: SHOW COLUMNS FROM `stu_class` [ RunTime:0.0150s ]
SQL: DELETE FROM `stu_class` WHERE ( classId = 8 ) [ RunTime:0.0010s ]
SQL: SHOW COLUMNS FROM `stu_project` [ RunTime:0.0100s ]
SQL: DELETE FROM `stu_project` WHERE ( classId = 8 ) [ RunTime:0.0010s ]
SQL: SHOW COLUMNS FROM `class_project` [ RunTime:0.0130s ]
SQL: DELETE FROM `class_project` WHERE ( classId = 8 ) [ RunTime:0.0010s ]
SQL: SHOW COLUMNS FROM `teacher_class` [ RunTime:0.0150s ]
SQL: DELETE FROM `teacher_class` WHERE ( classId = 8 ) [ RunTime:0.0010s ]
SQL: SHOW COLUMNS FROM `class` [ RunTime:0.0120s ]
SQL: DELETE FROM `class` WHERE `id` = 8 [ RunTime:0.2360s ]
INFO: [ view_parse ] --START--
INFO: [ template_filter ] --START--
INFO: Run Behavior\ContentReplaceBehavior [ RunTime:0.000000s ]
INFO: [ template_filter ] --END-- [ RunTime:0.000000s ]
INFO: Run Behavior\ParseTemplateBehavior [ RunTime:0.025001s ]
INFO: [ view_parse ] --END-- [ RunTime:0.026001s ]
INFO: [ view_filter ] --START--
INFO: Run Behavior\WriteHtmlCacheBehavior [ RunTime:0.002000s ]
INFO: [ view_filter ] --END-- [ RunTime:0.002000s ]
INFO: [ app_end ] --START--
INFO: Run Behavior\ShowPageTraceBehavior [ RunTime:0.002000s ]
INFO: [ app_end ] --END-- [ RunTime:0.002000s ]

[ 2016-09-11T20:59:58+08:00 ] ::1 /admin.php/Home/Class/index
INFO: [ app_init ] --START--
INFO: Run Behavior\BuildLiteBehavior [ RunTime:0.000000s ]
INFO: [ app_init ] --END-- [ RunTime:0.002000s ]
INFO: [ app_begin ] --START--
INFO: Run Behavior\ReadHtmlCacheBehavior [ RunTime:0.002000s ]
INFO: [ app_begin ] --END-- [ RunTime:0.002000s ]
SQL: select COUNT(*) as count from message where targetType = 0 and isRead = 0 [ RunTime:0.0010s ]
SQL: SHOW COLUMNS FROM `class` [ RunTime:0.0140s ]
SQL: SELECT COUNT(*) AS tp_count FROM `class` LIMIT 1   [ RunTime:0.0010s ]
SQL: SELECT class.id,class.classNo,class.className,class.classPrice,class.startTime,class.classIntro,class.avePeriod,cate.cName FROM `class` LEFT JOIN cate ON class.classCate = cate.id  ORDER BY id LIMIT 0,3   [ RunTime:0.0100s ]
INFO: [ view_parse ] --START--
INFO: [ template_filter ] --START--
INFO: Run Behavior\ContentReplaceBehavior [ RunTime:0.001000s ]
INFO: [ template_filter ] --END-- [ RunTime:0.001000s ]
INFO: Run Behavior\ParseTemplateBehavior [ RunTime:0.044002s ]
INFO: [ view_parse ] --END-- [ RunTime:0.045002s ]
INFO: [ view_filter ] --START--
INFO: Run Behavior\WriteHtmlCacheBehavior [ RunTime:0.002000s ]
INFO: [ view_filter ] --END-- [ RunTime:0.002000s ]
INFO: [ app_end ] --START--
INFO: Run Behavior\ShowPageTraceBehavior [ RunTime:0.002000s ]
INFO: [ app_end ] --END-- [ RunTime:0.005000s ]

[ 2016-09-11T21:00:00+08:00 ] ::1 /admin.php/Home/Class/delete?deleteID=17
INFO: [ app_init ] --START--
INFO: Run Behavior\BuildLiteBehavior [ RunTime:0.000000s ]
INFO: [ app_init ] --END-- [ RunTime:0.002000s ]
INFO: [ app_begin ] --START--
INFO: Run Behavior\ReadHtmlCacheBehavior [ RunTime:0.003000s ]
INFO: [ app_begin ] --END-- [ RunTime:0.003000s ]
SQL: select COUNT(*) as count from message where targetType = 0 and isRead = 0 [ RunTime:0.0010s ]
SQL: select id from stu_class where classId = 17 and graduateStatus = 0 [ RunTime:0.0010s ]
SQL: SHOW COLUMNS FROM `stu_class` [ RunTime:0.0180s ]
SQL: DELETE FROM `stu_class` WHERE ( classId = 17 ) [ RunTime:0.0010s ]
SQL: SHOW COLUMNS FROM `stu_project` [ RunTime:0.0140s ]
SQL: DELETE FROM `stu_project` WHERE ( classId = 17 ) [ RunTime:0.0010s ]
SQL: SHOW COLUMNS FROM `class_project` [ RunTime:0.0130s ]
SQL: DELETE FROM `class_project` WHERE ( classId = 17 ) [ RunTime:0.0890s ]
SQL: SHOW COLUMNS FROM `teacher_class` [ RunTime:0.0190s ]
SQL: DELETE FROM `teacher_class` WHERE ( classId = 17 ) [ RunTime:0.0030s ]
SQL: SHOW COLUMNS FROM `class` [ RunTime:0.0110s ]
SQL: DELETE FROM `class` WHERE `id` = 17 [ RunTime:0.0720s ]
INFO: [ view_parse ] --START--
INFO: [ template_filter ] --START--
INFO: Run Behavior\ContentReplaceBehavior [ RunTime:0.000000s ]
INFO: [ template_filter ] --END-- [ RunTime:0.001000s ]
INFO: Run Behavior\ParseTemplateBehavior [ RunTime:0.024002s ]
INFO: [ view_parse ] --END-- [ RunTime:0.027002s ]
INFO: [ view_filter ] --START--
INFO: Run Behavior\WriteHtmlCacheBehavior [ RunTime:0.002000s ]
INFO: [ view_filter ] --END-- [ RunTime:0.003000s ]
INFO: [ app_end ] --START--
INFO: Run Behavior\ShowPageTraceBehavior [ RunTime:0.002000s ]
INFO: [ app_end ] --END-- [ RunTime:0.003000s ]

[ 2016-09-11T21:00:02+08:00 ] ::1 /admin.php/Home/Class/index
INFO: [ app_init ] --START--
INFO: Run Behavior\BuildLiteBehavior [ RunTime:0.000000s ]
INFO: [ app_init ] --END-- [ RunTime:0.001000s ]
INFO: [ app_begin ] --START--
INFO: Run Behavior\ReadHtmlCacheBehavior [ RunTime:0.001001s ]
INFO: [ app_begin ] --END-- [ RunTime:0.003001s ]
SQL: select COUNT(*) as count from message where targetType = 0 and isRead = 0 [ RunTime:0.0010s ]
SQL: SHOW COLUMNS FROM `class` [ RunTime:0.0110s ]
SQL: SELECT COUNT(*) AS tp_count FROM `class` LIMIT 1   [ RunTime:0.0010s ]
SQL: SELECT class.id,class.classNo,class.className,class.classPrice,class.startTime,class.classIntro,class.avePeriod,cate.cName FROM `class` LEFT JOIN cate ON class.classCate = cate.id  ORDER BY id LIMIT 0,3   [ RunTime:0.0020s ]
INFO: [ view_parse ] --START--
INFO: [ template_filter ] --START--
INFO: Run Behavior\ContentReplaceBehavior [ RunTime:0.001000s ]
INFO: [ template_filter ] --END-- [ RunTime:0.001000s ]
INFO: Run Behavior\ParseTemplateBehavior [ RunTime:0.060004s ]
INFO: [ view_parse ] --END-- [ RunTime:0.061004s ]
INFO: [ view_filter ] --START--
INFO: Run Behavior\WriteHtmlCacheBehavior [ RunTime:0.002000s ]
INFO: [ view_filter ] --END-- [ RunTime:0.002000s ]
INFO: [ app_end ] --START--
INFO: Run Behavior\ShowPageTraceBehavior [ RunTime:0.005000s ]
INFO: [ app_end ] --END-- [ RunTime:0.007000s ]

[ 2016-09-11T21:00:05+08:00 ] ::1 /admin.php/Home/Class/delete?deleteID=19
INFO: [ app_init ] --START--
INFO: Run Behavior\BuildLiteBehavior [ RunTime:0.000000s ]
INFO: [ app_init ] --END-- [ RunTime:0.001000s ]
INFO: [ app_begin ] --START--
INFO: Run Behavior\ReadHtmlCacheBehavior [ RunTime:0.002000s ]
INFO: [ app_begin ] --END-- [ RunTime:0.003000s ]
SQL: select COUNT(*) as count from message where targetType = 0 and isRead = 0 [ RunTime:0.0020s ]
SQL: select id from stu_class where classId = 19 and graduateStatus = 0 [ RunTime:0.0010s ]
SQL: SHOW COLUMNS FROM `stu_class` [ RunTime:0.0210s ]
SQL: DELETE FROM `stu_class` WHERE ( classId = 19 ) [ RunTime:0.0010s ]
SQL: SHOW COLUMNS FROM `stu_project` [ RunTime:0.0130s ]
SQL: DELETE FROM `stu_project` WHERE ( classId = 19 ) [ RunTime:0.0010s ]
SQL: SHOW COLUMNS FROM `class_project` [ RunTime:0.0120s ]
SQL: DELETE FROM `class_project` WHERE ( classId = 19 ) [ RunTime:0.0900s ]
SQL: SHOW COLUMNS FROM `teacher_class` [ RunTime:0.0190s ]
SQL: DELETE FROM `teacher_class` WHERE ( classId = 19 ) [ RunTime:0.0010s ]
SQL: SHOW COLUMNS FROM `class` [ RunTime:0.0150s ]
SQL: DELETE FROM `class` WHERE `id` = 19 [ RunTime:0.0500s ]
INFO: [ view_parse ] --START--
INFO: [ template_filter ] --START--
INFO: Run Behavior\ContentReplaceBehavior [ RunTime:0.000000s ]
INFO: [ template_filter ] --END-- [ RunTime:0.000000s ]
INFO: Run Behavior\ParseTemplateBehavior [ RunTime:0.022002s ]
INFO: [ view_parse ] --END-- [ RunTime:0.023002s ]
INFO: [ view_filter ] --START--
INFO: Run Behavior\WriteHtmlCacheBehavior [ RunTime:0.002000s ]
INFO: [ view_filter ] --END-- [ RunTime:0.002000s ]
INFO: [ app_end ] --START--
INFO: Run Behavior\ShowPageTraceBehavior [ RunTime:0.002000s ]
INFO: [ app_end ] --END-- [ RunTime:0.002000s ]

[ 2016-09-11T21:00:07+08:00 ] ::1 /admin.php/Home/Class/index
INFO: [ app_init ] --START--
INFO: Run Behavior\BuildLiteBehavior [ RunTime:0.000000s ]
INFO: [ app_init ] --END-- [ RunTime:0.001000s ]
INFO: [ app_begin ] --START--
INFO: Run Behavior\ReadHtmlCacheBehavior [ RunTime:0.002000s ]
INFO: [ app_begin ] --END-- [ RunTime:0.002000s ]
SQL: select COUNT(*) as count from message where targetType = 0 and isRead = 0 [ RunTime:0.0000s ]
SQL: SHOW COLUMNS FROM `class` [ RunTime:0.0110s ]
SQL: SELECT COUNT(*) AS tp_count FROM `class` LIMIT 1   [ RunTime:0.0010s ]
SQL: SELECT class.id,class.classNo,class.className,class.classPrice,class.startTime,class.classIntro,class.avePeriod,cate.cName FROM `class` LEFT JOIN cate ON class.classCate = cate.id  ORDER BY id LIMIT 0,3   [ RunTime:0.0010s ]
INFO: [ view_parse ] --START--
INFO: [ template_filter ] --START--
INFO: Run Behavior\ContentReplaceBehavior [ RunTime:0.000000s ]
INFO: [ template_filter ] --END-- [ RunTime:0.001000s ]
INFO: Run Behavior\ParseTemplateBehavior [ RunTime:0.061003s ]
INFO: [ view_parse ] --END-- [ RunTime:0.061003s ]
INFO: [ view_filter ] --START--
INFO: Run Behavior\WriteHtmlCacheBehavior [ RunTime:0.002001s ]
INFO: [ view_filter ] --END-- [ RunTime:0.003001s ]
INFO: [ app_end ] --START--
INFO: Run Behavior\ShowPageTraceBehavior [ RunTime:0.005000s ]
INFO: [ app_end ] --END-- [ RunTime:0.006000s ]

[ 2016-09-11T21:00:10+08:00 ] ::1 /admin.php/Home/Class/delete?deleteID=2
INFO: [ app_init ] --START--
INFO: Run Behavior\BuildLiteBehavior [ RunTime:0.000000s ]
INFO: [ app_init ] --END-- [ RunTime:0.007000s ]
INFO: [ app_begin ] --START--
INFO: Run Behavior\ReadHtmlCacheBehavior [ RunTime:0.002000s ]
INFO: [ app_begin ] --END-- [ RunTime:0.003000s ]
SQL: select COUNT(*) as count from message where targetType = 0 and isRead = 0 [ RunTime:0.0010s ]
SQL: select id from stu_class where classId = 2 and graduateStatus = 0 [ RunTime:0.0010s ]
INFO: [ view_parse ] --START--
INFO: [ template_filter ] --START--
INFO: Run Behavior\ContentReplaceBehavior [ RunTime:0.000000s ]
INFO: [ template_filter ] --END-- [ RunTime:0.000000s ]
INFO: Run Behavior\ParseTemplateBehavior [ RunTime:0.029002s ]
INFO: [ view_parse ] --END-- [ RunTime:0.029002s ]
INFO: [ view_filter ] --START--
INFO: Run Behavior\WriteHtmlCacheBehavior [ RunTime:0.001000s ]
INFO: [ view_filter ] --END-- [ RunTime:0.007000s ]

[ 2016-09-11T21:00:15+08:00 ] ::1 /admin.php/Home/Class/index
INFO: [ app_init ] --START--
INFO: Run Behavior\BuildLiteBehavior [ RunTime:0.001000s ]
INFO: [ app_init ] --END-- [ RunTime:0.002000s ]
INFO: [ app_begin ] --START--
INFO: Run Behavior\ReadHtmlCacheBehavior [ RunTime:0.003000s ]
INFO: [ app_begin ] --END-- [ RunTime:0.003000s ]
SQL: select COUNT(*) as count from message where targetType = 0 and isRead = 0 [ RunTime:0.0000s ]
SQL: SHOW COLUMNS FROM `class` [ RunTime:0.0110s ]
SQL: SELECT COUNT(*) AS tp_count FROM `class` LIMIT 1   [ RunTime:0.0010s ]
SQL: SELECT class.id,class.classNo,class.className,class.classPrice,class.startTime,class.classIntro,class.avePeriod,cate.cName FROM `class` LEFT JOIN cate ON class.classCate = cate.id  ORDER BY id LIMIT 0,3   [ RunTime:0.0020s ]
INFO: [ view_parse ] --START--
INFO: [ template_filter ] --START--
INFO: Run Behavior\ContentReplaceBehavior [ RunTime:0.000000s ]
INFO: [ template_filter ] --END-- [ RunTime:0.002000s ]
INFO: Run Behavior\ParseTemplateBehavior [ RunTime:0.057004s ]
INFO: [ view_parse ] --END-- [ RunTime:0.058004s ]
INFO: [ view_filter ] --START--
INFO: Run Behavior\WriteHtmlCacheBehavior [ RunTime:0.002000s ]
INFO: [ view_filter ] --END-- [ RunTime:0.002000s ]
INFO: [ app_end ] --START--
INFO: Run Behavior\ShowPageTraceBehavior [ RunTime:0.099005s ]
INFO: [ app_end ] --END-- [ RunTime:0.100005s ]

[ 2016-09-11T21:00:26+08:00 ] ::1 /admin.php/Home/Class/detail?id=1
INFO: [ app_init ] --START--
INFO: Run Behavior\BuildLiteBehavior [ RunTime:0.001000s ]
INFO: [ app_init ] --END-- [ RunTime:0.005001s ]
INFO: [ app_begin ] --START--
INFO: Run Behavior\ReadHtmlCacheBehavior [ RunTime:0.003000s ]
INFO: [ app_begin ] --END-- [ RunTime:0.004000s ]
SQL: select COUNT(*) as count from message where targetType = 0 and isRead = 0 [ RunTime:0.0010s ]
SQL: select a.id, a.classNo, a.className, a.coachMinPrice, a.coachMaxPrice, a.classPic, a.classPrice, a.startTime, a.classIntro, a.avePeriod, b.cName, a.requirement, a.studyResult from class as a left join cate as b on a.classCate = b.id where a.id = 1 [ RunTime:0.0010s ]
SQL: select b.tName from teacher_class as a left join teacher as b on a.teacherId = b.id where a.classId = 1 [ RunTime:0.0010s ]
SQL: select b.name from class_project as a left join project as b on a.projectId = b.id where a.classId = 1 [ RunTime:0.0010s ]
SQL: select b.stuName from stu_class as a left join student as b on a.stuId = b.id where a.classId = 1 [ RunTime:0.0020s ]
INFO: [ view_parse ] --START--
INFO: [ template_filter ] --START--
INFO: Run Behavior\ContentReplaceBehavior [ RunTime:0.000000s ]
INFO: [ template_filter ] --END-- [ RunTime:0.002000s ]
NOTIC: [8] Undefined index:  E:\wamp\www\Admin\Runtime\Cache\Home\5d35c84e06fed645b65574131b3ab5e3.php 第 627 行.
NOTIC: [8] Undefined index:  E:\wamp\www\Admin\Runtime\Cache\Home\5d35c84e06fed645b65574131b3ab5e3.php 第 628 行.
NOTIC: [8] Undefined index:  E:\wamp\www\Admin\Runtime\Cache\Home\5d35c84e06fed645b65574131b3ab5e3.php 第 627 行.
NOTIC: [8] Undefined index:  E:\wamp\www\Admin\Runtime\Cache\Home\5d35c84e06fed645b65574131b3ab5e3.php 第 628 行.
NOTIC: [8] Undefined index:  E:\wamp\www\Admin\Runtime\Cache\Home\5d35c84e06fed645b65574131b3ab5e3.php 第 627 行.
NOTIC: [8] Undefined index:  E:\wamp\www\Admin\Runtime\Cache\Home\5d35c84e06fed645b65574131b3ab5e3.php 第 628 行.
NOTIC: [8] Undefined index:  E:\wamp\www\Admin\Runtime\Cache\Home\5d35c84e06fed645b65574131b3ab5e3.php 第 627 行.
NOTIC: [8] Undefined index:  E:\wamp\www\Admin\Runtime\Cache\Home\5d35c84e06fed645b65574131b3ab5e3.php 第 628 行.
NOTIC: [8] Undefined index:  E:\wamp\www\Admin\Runtime\Cache\Home\5d35c84e06fed645b65574131b3ab5e3.php 第 627 行.
NOTIC: [8] Undefined index:  E:\wamp\www\Admin\Runtime\Cache\Home\5d35c84e06fed645b65574131b3ab5e3.php 第 628 行.
NOTIC: [8] Undefined index:  E:\wamp\www\Admin\Runtime\Cache\Home\5d35c84e06fed645b65574131b3ab5e3.php 第 627 行.
NOTIC: [8] Undefined index:  E:\wamp\www\Admin\Runtime\Cache\Home\5d35c84e06fed645b65574131b3ab5e3.php 第 628 行.
NOTIC: [8] Undefined index:  E:\wamp\www\Admin\Runtime\Cache\Home\5d35c84e06fed645b65574131b3ab5e3.php 第 627 行.
NOTIC: [8] Undefined index:  E:\wamp\www\Admin\Runtime\Cache\Home\5d35c84e06fed645b65574131b3ab5e3.php 第 628 行.
NOTIC: [8] Undefined index:  E:\wamp\www\Admin\Runtime\Cache\Home\5d35c84e06fed645b65574131b3ab5e3.php 第 627 行.
NOTIC: [8] Undefined index:  E:\wamp\www\Admin\Runtime\Cache\Home\5d35c84e06fed645b65574131b3ab5e3.php 第 628 行.
NOTIC: [8] Undefined index:  E:\wamp\www\Admin\Runtime\Cache\Home\5d35c84e06fed645b65574131b3ab5e3.php 第 646 行.
NOTIC: [8] Undefined index:  E:\wamp\www\Admin\Runtime\Cache\Home\5d35c84e06fed645b65574131b3ab5e3.php 第 647 行.
NOTIC: [8] Undefined index:  E:\wamp\www\Admin\Runtime\Cache\Home\5d35c84e06fed645b65574131b3ab5e3.php 第 646 行.
NOTIC: [8] Undefined index:  E:\wamp\www\Admin\Runtime\Cache\Home\5d35c84e06fed645b65574131b3ab5e3.php 第 647 行.
NOTIC: [8] Undefined index:  E:\wamp\www\Admin\Runtime\Cache\Home\5d35c84e06fed645b65574131b3ab5e3.php 第 646 行.
NOTIC: [8] Undefined index:  E:\wamp\www\Admin\Runtime\Cache\Home\5d35c84e06fed645b65574131b3ab5e3.php 第 647 行.
NOTIC: [8] Undefined index:  E:\wamp\www\Admin\Runtime\Cache\Home\5d35c84e06fed645b65574131b3ab5e3.php 第 665 行.
NOTIC: [8] Undefined index:  E:\wamp\www\Admin\Runtime\Cache\Home\5d35c84e06fed645b65574131b3ab5e3.php 第 666 行.
NOTIC: [8] Undefined index:  E:\wamp\www\Admin\Runtime\Cache\Home\5d35c84e06fed645b65574131b3ab5e3.php 第 665 行.
NOTIC: [8] Undefined index:  E:\wamp\www\Admin\Runtime\Cache\Home\5d35c84e06fed645b65574131b3ab5e3.php 第 666 行.
NOTIC: [8] Undefined index:  E:\wamp\www\Admin\Runtime\Cache\Home\5d35c84e06fed645b65574131b3ab5e3.php 第 665 行.
NOTIC: [8] Undefined index:  E:\wamp\www\Admin\Runtime\Cache\Home\5d35c84e06fed645b65574131b3ab5e3.php 第 666 行.
NOTIC: [8] Undefined index:  E:\wamp\www\Admin\Runtime\Cache\Home\5d35c84e06fed645b65574131b3ab5e3.php 第 665 行.
NOTIC: [8] Undefined index:  E:\wamp\www\Admin\Runtime\Cache\Home\5d35c84e06fed645b65574131b3ab5e3.php 第 666 行.
NOTIC: [8] Undefined index:  E:\wamp\www\Admin\Runtime\Cache\Home\5d35c84e06fed645b65574131b3ab5e3.php 第 665 行.
NOTIC: [8] Undefined index:  E:\wamp\www\Admin\Runtime\Cache\Home\5d35c84e06fed645b65574131b3ab5e3.php 第 666 行.
NOTIC: [8] Undefined index:  E:\wamp\www\Admin\Runtime\Cache\Home\5d35c84e06fed645b65574131b3ab5e3.php 第 665 行.
NOTIC: [8] Undefined index:  E:\wamp\www\Admin\Runtime\Cache\Home\5d35c84e06fed645b65574131b3ab5e3.php 第 666 行.
NOTIC: [8] Undefined index:  E:\wamp\www\Admin\Runtime\Cache\Home\5d35c84e06fed645b65574131b3ab5e3.php 第 665 行.
NOTIC: [8] Undefined index:  E:\wamp\www\Admin\Runtime\Cache\Home\5d35c84e06fed645b65574131b3ab5e3.php 第 666 行.
NOTIC: [8] Undefined index:  E:\wamp\www\Admin\Runtime\Cache\Home\5d35c84e06fed645b65574131b3ab5e3.php 第 665 行.
NOTIC: [8] Undefined index:  E:\wamp\www\Admin\Runtime\Cache\Home\5d35c84e06fed645b65574131b3ab5e3.php 第 666 行.
NOTIC: [8] Undefined index:  E:\wamp\www\Admin\Runtime\Cache\Home\5d35c84e06fed645b65574131b3ab5e3.php 第 665 行.
NOTIC: [8] Undefined index:  E:\wamp\www\Admin\Runtime\Cache\Home\5d35c84e06fed645b65574131b3ab5e3.php 第 666 行.
NOTIC: [8] Undefined index:  E:\wamp\www\Admin\Runtime\Cache\Home\5d35c84e06fed645b65574131b3ab5e3.php 第 665 行.
NOTIC: [8] Undefined index:  E:\wamp\www\Admin\Runtime\Cache\Home\5d35c84e06fed645b65574131b3ab5e3.php 第 666 行.
NOTIC: [8] Undefined index:  E:\wamp\www\Admin\Runtime\Cache\Home\5d35c84e06fed645b65574131b3ab5e3.php 第 665 行.
NOTIC: [8] Undefined index:  E:\wamp\www\Admin\Runtime\Cache\Home\5d35c84e06fed645b65574131b3ab5e3.php 第 666 行.
NOTIC: [8] Undefined index:  E:\wamp\www\Admin\Runtime\Cache\Home\5d35c84e06fed645b65574131b3ab5e3.php 第 665 行.
NOTIC: [8] Undefined index:  E:\wamp\www\Admin\Runtime\Cache\Home\5d35c84e06fed645b65574131b3ab5e3.php 第 666 行.
NOTIC: [8] Undefined index:  E:\wamp\www\Admin\Runtime\Cache\Home\5d35c84e06fed645b65574131b3ab5e3.php 第 665 行.
NOTIC: [8] Undefined index:  E:\wamp\www\Admin\Runtime\Cache\Home\5d35c84e06fed645b65574131b3ab5e3.php 第 666 行.
INFO: Run Behavior\ParseTemplateBehavior [ RunTime:0.138007s ]
INFO: [ view_parse ] --END-- [ RunTime:0.138007s ]
INFO: [ view_filter ] --START--
INFO: Run Behavior\WriteHtmlCacheBehavior [ RunTime:0.001001s ]
INFO: [ view_filter ] --END-- [ RunTime:0.002001s ]
INFO: [ app_end ] --START--
INFO: Run Behavior\ShowPageTraceBehavior [ RunTime:0.003000s ]
INFO: [ app_end ] --END-- [ RunTime:0.003000s ]

[ 2016-09-11T21:00:27+08:00 ] ::1 /admin.php/Home/Class/web%E9%A6%96%E9%A1%B5%E7%B4%A0%E6%9D%90/%E7%83%AD%E9%97%A8%E8%AF%BE%E7%A8%8B/2.jpg
INFO: [ app_init ] --START--
INFO: Run Behavior\BuildLiteBehavior [ RunTime:0.000000s ]
INFO: [ app_init ] --END-- [ RunTime:0.039003s ]

[ 2016-09-11T21:00:36+08:00 ] ::1 /admin.php/Home/Class/delete?deleteID=1
INFO: [ app_init ] --START--
INFO: Run Behavior\BuildLiteBehavior [ RunTime:0.000000s ]
INFO: [ app_init ] --END-- [ RunTime:0.008000s ]
INFO: [ app_begin ] --START--
INFO: Run Behavior\ReadHtmlCacheBehavior [ RunTime:0.008000s ]
INFO: [ app_begin ] --END-- [ RunTime:0.009000s ]
SQL: select COUNT(*) as count from message where targetType = 0 and isRead = 0 [ RunTime:0.0010s ]
SQL: select id from stu_class where classId = 1 and graduateStatus = 0 [ RunTime:0.0020s ]
INFO: [ view_parse ] --START--
INFO: [ template_filter ] --START--
INFO: Run Behavior\ContentReplaceBehavior [ RunTime:0.000000s ]
INFO: [ template_filter ] --END-- [ RunTime:0.001000s ]
INFO: Run Behavior\ParseTemplateBehavior [ RunTime:0.030001s ]
INFO: [ view_parse ] --END-- [ RunTime:0.030001s ]
INFO: [ view_filter ] --START--
INFO: Run Behavior\WriteHtmlCacheBehavior [ RunTime:0.002000s ]
INFO: [ view_filter ] --END-- [ RunTime:0.002000s ]

[ 2016-09-11T21:03:16+08:00 ] ::1 /admin.php/Home/Teacher/index
INFO: [ app_init ] --START--
INFO: Run Behavior\BuildLiteBehavior [ RunTime:0.001000s ]
INFO: [ app_init ] --END-- [ RunTime:0.002000s ]
INFO: [ app_begin ] --START--
INFO: Run Behavior\ReadHtmlCacheBehavior [ RunTime:0.004000s ]
INFO: [ app_begin ] --END-- [ RunTime:0.005000s ]
SQL: select COUNT(*) as count from message where targetType = 0 and isRead = 0 [ RunTime:0.0010s ]
SQL: SHOW COLUMNS FROM `teacher` [ RunTime:0.0140s ]
SQL: SELECT COUNT(*) AS tp_count FROM `teacher` LIMIT 1   [ RunTime:0.0010s ]
SQL: SELECT `id`,`tNo`,`tName`,`address`,`phone`,`regTime`,`onlineTime` FROM `teacher` ORDER BY id LIMIT 0,3   [ RunTime:0.0020s ]
INFO: [ view_parse ] --START--
INFO: [ template_filter ] --START--
INFO: Run Behavior\ContentReplaceBehavior [ RunTime:0.000000s ]
INFO: [ template_filter ] --END-- [ RunTime:0.002000s ]
INFO: Run Behavior\ParseTemplateBehavior [ RunTime:0.133007s ]
INFO: [ view_parse ] --END-- [ RunTime:0.134008s ]
INFO: [ view_filter ] --START--
INFO: Run Behavior\WriteHtmlCacheBehavior [ RunTime:0.003000s ]
INFO: [ view_filter ] --END-- [ RunTime:0.003000s ]
INFO: [ app_end ] --START--
INFO: Run Behavior\ShowPageTraceBehavior [ RunTime:0.007000s ]
INFO: [ app_end ] --END-- [ RunTime:0.007000s ]

[ 2016-09-11T21:03:21+08:00 ] ::1 /admin.php/Home/Class/index.html
INFO: [ app_init ] --START--
INFO: Run Behavior\BuildLiteBehavior [ RunTime:0.000000s ]
INFO: [ app_init ] --END-- [ RunTime:0.002000s ]
INFO: [ app_begin ] --START--
INFO: Run Behavior\ReadHtmlCacheBehavior [ RunTime:0.003000s ]
INFO: [ app_begin ] --END-- [ RunTime:0.006001s ]
SQL: select COUNT(*) as count from message where targetType = 0 and isRead = 0 [ RunTime:0.0010s ]
SQL: SHOW COLUMNS FROM `class` [ RunTime:0.0190s ]
SQL: SELECT COUNT(*) AS tp_count FROM `class` LIMIT 1   [ RunTime:0.0030s ]
SQL: SELECT class.id,class.classNo,class.className,class.classPrice,class.startTime,class.classIntro,class.avePeriod,cate.cName FROM `class` LEFT JOIN cate ON class.classCate = cate.id  ORDER BY id LIMIT 0,3   [ RunTime:0.0020s ]
INFO: [ view_parse ] --START--
INFO: [ template_filter ] --START--
INFO: Run Behavior\ContentReplaceBehavior [ RunTime:0.003001s ]
INFO: [ template_filter ] --END-- [ RunTime:0.004001s ]
INFO: Run Behavior\ParseTemplateBehavior [ RunTime:0.110006s ]
INFO: [ view_parse ] --END-- [ RunTime:0.110006s ]
INFO: [ view_filter ] --START--
INFO: Run Behavior\WriteHtmlCacheBehavior [ RunTime:0.135008s ]
INFO: [ view_filter ] --END-- [ RunTime:0.138008s ]
INFO: [ app_end ] --START--
INFO: Run Behavior\ShowPageTraceBehavior [ RunTime:0.116007s ]
INFO: [ app_end ] --END-- [ RunTime:0.118007s ]

[ 2016-09-11T21:03:24+08:00 ] ::1 /admin.php/Home/Class/detail?id=1
INFO: [ app_init ] --START--
INFO: Run Behavior\BuildLiteBehavior [ RunTime:0.000000s ]
INFO: [ app_init ] --END-- [ RunTime:0.004000s ]
INFO: [ app_begin ] --START--
INFO: Run Behavior\ReadHtmlCacheBehavior [ RunTime:0.005000s ]
INFO: [ app_begin ] --END-- [ RunTime:0.010000s ]
SQL: select COUNT(*) as count from message where targetType = 0 and isRead = 0 [ RunTime:0.0020s ]
SQL: select a.id, a.classNo, a.className, a.coachMinPrice, a.coachMaxPrice, a.classPic, a.classPrice, a.startTime, a.classIntro, a.avePeriod, b.cName, a.requirement, a.studyResult from class as a left join cate as b on a.classCate = b.id where a.id = 1 [ RunTime:0.0020s ]
SQL: select b.tName from teacher_class as a left join teacher as b on a.teacherId = b.id where a.classId = 1 [ RunTime:0.0020s ]
SQL: select b.name from class_project as a left join project as b on a.projectId = b.id where a.classId = 1 [ RunTime:0.0020s ]
SQL: select b.stuName from stu_class as a left join student as b on a.stuId = b.id where a.classId = 1 [ RunTime:0.0020s ]
INFO: [ view_parse ] --START--
INFO: [ template_filter ] --START--
INFO: Run Behavior\ContentReplaceBehavior [ RunTime:0.002000s ]
INFO: [ template_filter ] --END-- [ RunTime:0.003000s ]
NOTIC: [8] Undefined index:  E:\wamp\www\Admin\Runtime\Cache\Home\5d35c84e06fed645b65574131b3ab5e3.php 第 627 行.
NOTIC: [8] Undefined index:  E:\wamp\www\Admin\Runtime\Cache\Home\5d35c84e06fed645b65574131b3ab5e3.php 第 628 行.
NOTIC: [8] Undefined index:  E:\wamp\www\Admin\Runtime\Cache\Home\5d35c84e06fed645b65574131b3ab5e3.php 第 627 行.
NOTIC: [8] Undefined index:  E:\wamp\www\Admin\Runtime\Cache\Home\5d35c84e06fed645b65574131b3ab5e3.php 第 628 行.
NOTIC: [8] Undefined index:  E:\wamp\www\Admin\Runtime\Cache\Home\5d35c84e06fed645b65574131b3ab5e3.php 第 627 行.
NOTIC: [8] Undefined index:  E:\wamp\www\Admin\Runtime\Cache\Home\5d35c84e06fed645b65574131b3ab5e3.php 第 628 行.
NOTIC: [8] Undefined index:  E:\wamp\www\Admin\Runtime\Cache\Home\5d35c84e06fed645b65574131b3ab5e3.php 第 627 行.
NOTIC: [8] Undefined index:  E:\wamp\www\Admin\Runtime\Cache\Home\5d35c84e06fed645b65574131b3ab5e3.php 第 628 行.
NOTIC: [8] Undefined index:  E:\wamp\www\Admin\Runtime\Cache\Home\5d35c84e06fed645b65574131b3ab5e3.php 第 627 行.
NOTIC: [8] Undefined index:  E:\wamp\www\Admin\Runtime\Cache\Home\5d35c84e06fed645b65574131b3ab5e3.php 第 628 行.
NOTIC: [8] Undefined index:  E:\wamp\www\Admin\Runtime\Cache\Home\5d35c84e06fed645b65574131b3ab5e3.php 第 627 行.
NOTIC: [8] Undefined index:  E:\wamp\www\Admin\Runtime\Cache\Home\5d35c84e06fed645b65574131b3ab5e3.php 第 628 行.
NOTIC: [8] Undefined index:  E:\wamp\www\Admin\Runtime\Cache\Home\5d35c84e06fed645b65574131b3ab5e3.php 第 627 行.
NOTIC: [8] Undefined index:  E:\wamp\www\Admin\Runtime\Cache\Home\5d35c84e06fed645b65574131b3ab5e3.php 第 628 行.
NOTIC: [8] Undefined index:  E:\wamp\www\Admin\Runtime\Cache\Home\5d35c84e06fed645b65574131b3ab5e3.php 第 627 行.
NOTIC: [8] Undefined index:  E:\wamp\www\Admin\Runtime\Cache\Home\5d35c84e06fed645b65574131b3ab5e3.php 第 628 行.
NOTIC: [8] Undefined index:  E:\wamp\www\Admin\Runtime\Cache\Home\5d35c84e06fed645b65574131b3ab5e3.php 第 646 行.
NOTIC: [8] Undefined index:  E:\wamp\www\Admin\Runtime\Cache\Home\5d35c84e06fed645b65574131b3ab5e3.php 第 647 行.
NOTIC: [8] Undefined index:  E:\wamp\www\Admin\Runtime\Cache\Home\5d35c84e06fed645b65574131b3ab5e3.php 第 646 行.
NOTIC: [8] Undefined index:  E:\wamp\www\Admin\Runtime\Cache\Home\5d35c84e06fed645b65574131b3ab5e3.php 第 647 行.
NOTIC: [8] Undefined index:  E:\wamp\www\Admin\Runtime\Cache\Home\5d35c84e06fed645b65574131b3ab5e3.php 第 646 行.
NOTIC: [8] Undefined index:  E:\wamp\www\Admin\Runtime\Cache\Home\5d35c84e06fed645b65574131b3ab5e3.php 第 647 行.
NOTIC: [8] Undefined index:  E:\wamp\www\Admin\Runtime\Cache\Home\5d35c84e06fed645b65574131b3ab5e3.php 第 665 行.
NOTIC: [8] Undefined index:  E:\wamp\www\Admin\Runtime\Cache\Home\5d35c84e06fed645b65574131b3ab5e3.php 第 666 行.
NOTIC: [8] Undefined index:  E:\wamp\www\Admin\Runtime\Cache\Home\5d35c84e06fed645b65574131b3ab5e3.php 第 665 行.
NOTIC: [8] Undefined index:  E:\wamp\www\Admin\Runtime\Cache\Home\5d35c84e06fed645b65574131b3ab5e3.php 第 666 行.
NOTIC: [8] Undefined index:  E:\wamp\www\Admin\Runtime\Cache\Home\5d35c84e06fed645b65574131b3ab5e3.php 第 665 行.
NOTIC: [8] Undefined index:  E:\wamp\www\Admin\Runtime\Cache\Home\5d35c84e06fed645b65574131b3ab5e3.php 第 666 行.
NOTIC: [8] Undefined index:  E:\wamp\www\Admin\Runtime\Cache\Home\5d35c84e06fed645b65574131b3ab5e3.php 第 665 行.
NOTIC: [8] Undefined index:  E:\wamp\www\Admin\Runtime\Cache\Home\5d35c84e06fed645b65574131b3ab5e3.php 第 666 行.
NOTIC: [8] Undefined index:  E:\wamp\www\Admin\Runtime\Cache\Home\5d35c84e06fed645b65574131b3ab5e3.php 第 665 行.
NOTIC: [8] Undefined index:  E:\wamp\www\Admin\Runtime\Cache\Home\5d35c84e06fed645b65574131b3ab5e3.php 第 666 行.
NOTIC: [8] Undefined index:  E:\wamp\www\Admin\Runtime\Cache\Home\5d35c84e06fed645b65574131b3ab5e3.php 第 665 行.
NOTIC: [8] Undefined index:  E:\wamp\www\Admin\Runtime\Cache\Home\5d35c84e06fed645b65574131b3ab5e3.php 第 666 行.
NOTIC: [8] Undefined index:  E:\wamp\www\Admin\Runtime\Cache\Home\5d35c84e06fed645b65574131b3ab5e3.php 第 665 行.
NOTIC: [8] Undefined index:  E:\wamp\www\Admin\Runtime\Cache\Home\5d35c84e06fed645b65574131b3ab5e3.php 第 666 行.
NOTIC: [8] Undefined index:  E:\wamp\www\Admin\Runtime\Cache\Home\5d35c84e06fed645b65574131b3ab5e3.php 第 665 行.
NOTIC: [8] Undefined index:  E:\wamp\www\Admin\Runtime\Cache\Home\5d35c84e06fed645b65574131b3ab5e3.php 第 666 行.
NOTIC: [8] Undefined index:  E:\wamp\www\Admin\Runtime\Cache\Home\5d35c84e06fed645b65574131b3ab5e3.php 第 665 行.
NOTIC: [8] Undefined index:  E:\wamp\www\Admin\Runtime\Cache\Home\5d35c84e06fed645b65574131b3ab5e3.php 第 666 行.
NOTIC: [8] Undefined index:  E:\wamp\www\Admin\Runtime\Cache\Home\5d35c84e06fed645b65574131b3ab5e3.php 第 665 行.
NOTIC: [8] Undefined index:  E:\wamp\www\Admin\Runtime\Cache\Home\5d35c84e06fed645b65574131b3ab5e3.php 第 666 行.
NOTIC: [8] Undefined index:  E:\wamp\www\Admin\Runtime\Cache\Home\5d35c84e06fed645b65574131b3ab5e3.php 第 665 行.
NOTIC: [8] Undefined index:  E:\wamp\www\Admin\Runtime\Cache\Home\5d35c84e06fed645b65574131b3ab5e3.php 第 666 行.
NOTIC: [8] Undefined index:  E:\wamp\www\Admin\Runtime\Cache\Home\5d35c84e06fed645b65574131b3ab5e3.php 第 665 行.
NOTIC: [8] Undefined index:  E:\wamp\www\Admin\Runtime\Cache\Home\5d35c84e06fed645b65574131b3ab5e3.php 第 666 行.
NOTIC: [8] Undefined index:  E:\wamp\www\Admin\Runtime\Cache\Home\5d35c84e06fed645b65574131b3ab5e3.php 第 665 行.
NOTIC: [8] Undefined index:  E:\wamp\www\Admin\Runtime\Cache\Home\5d35c84e06fed645b65574131b3ab5e3.php 第 666 行.
INFO: Run Behavior\ParseTemplateBehavior [ RunTime:0.155009s ]
INFO: [ view_parse ] --END-- [ RunTime:0.156009s ]
INFO: [ view_filter ] --START--
INFO: Run Behavior\WriteHtmlCacheBehavior [ RunTime:0.004000s ]
INFO: [ view_filter ] --END-- [ RunTime:0.013001s ]
INFO: [ app_end ] --START--
INFO: Run Behavior\ShowPageTraceBehavior [ RunTime:0.010001s ]
INFO: [ app_end ] --END-- [ RunTime:0.011001s ]

[ 2016-09-11T21:03:25+08:00 ] ::1 /admin.php/Home/Class/web%E9%A6%96%E9%A1%B5%E7%B4%A0%E6%9D%90/%E7%83%AD%E9%97%A8%E8%AF%BE%E7%A8%8B/2.jpg
INFO: [ app_init ] --START--
INFO: Run Behavior\BuildLiteBehavior [ RunTime:0.000000s ]
INFO: [ app_init ] --END-- [ RunTime:0.002000s ]

[ 2016-09-11T21:03:37+08:00 ] ::1 /admin.php/Home/Project/index.html
INFO: [ app_init ] --START--
INFO: Run Behavior\BuildLiteBehavior [ RunTime:0.000000s ]
INFO: [ app_init ] --END-- [ RunTime:0.003001s ]
INFO: [ app_begin ] --START--
INFO: Run Behavior\ReadHtmlCacheBehavior [ RunTime:0.005000s ]
INFO: [ app_begin ] --END-- [ RunTime:0.007001s ]
SQL: select COUNT(*) as count from message where targetType = 0 and isRead = 0 [ RunTime:0.0010s ]
SQL: SHOW COLUMNS FROM `project` [ RunTime:0.0140s ]
SQL: SELECT COUNT(*) AS tp_count FROM `project` LIMIT 1   [ RunTime:0.0010s ]
SQL: SELECT project.id,project.name,project.requireTime,project.dataUrl,cate.cName FROM `project` LEFT JOIN project_cate ON project.id = project_cate.projectId LEFT JOIN cate ON project_cate.cateId = cate.id  ORDER BY id LIMIT 0,3   [ RunTime:0.0030s ]
INFO: [ view_parse ] --START--
INFO: [ template_filter ] --START--
INFO: Run Behavior\ContentReplaceBehavior [ RunTime:0.001000s ]
INFO: [ template_filter ] --END-- [ RunTime:0.001000s ]
INFO: Run Behavior\ParseTemplateBehavior [ RunTime:0.116007s ]
INFO: [ view_parse ] --END-- [ RunTime:0.117007s ]
INFO: [ view_filter ] --START--
INFO: Run Behavior\WriteHtmlCacheBehavior [ RunTime:0.002000s ]
INFO: [ view_filter ] --END-- [ RunTime:0.002000s ]
INFO: [ app_end ] --START--
INFO: Run Behavior\ShowPageTraceBehavior [ RunTime:0.002000s ]
INFO: [ app_end ] --END-- [ RunTime:0.002000s ]

[ 2016-09-11T21:03:39+08:00 ] ::1 /admin.php/Home/Project/delete?deleteID=3
INFO: [ app_init ] --START--
INFO: Run Behavior\BuildLiteBehavior [ RunTime:0.000000s ]
INFO: [ app_init ] --END-- [ RunTime:0.005001s ]
INFO: [ app_begin ] --START--
INFO: Run Behavior\ReadHtmlCacheBehavior [ RunTime:0.005001s ]
INFO: [ app_begin ] --END-- [ RunTime:0.007001s ]
SQL: select COUNT(*) as count from message where targetType = 0 and isRead = 0 [ RunTime:0.0020s ]
SQL: select id from stu_project where projectId = 3 and status = 0 union select id from class_project where projectId = 3 [ RunTime:0.0550s ]
INFO: [ view_parse ] --START--
INFO: [ template_filter ] --START--
INFO: Run Behavior\ContentReplaceBehavior [ RunTime:0.001000s ]
INFO: [ template_filter ] --END-- [ RunTime:0.001000s ]
INFO: Run Behavior\ParseTemplateBehavior [ RunTime:0.024002s ]
INFO: [ view_parse ] --END-- [ RunTime:0.025002s ]
INFO: [ view_filter ] --START--
INFO: Run Behavior\WriteHtmlCacheBehavior [ RunTime:0.002000s ]
INFO: [ view_filter ] --END-- [ RunTime:0.002000s ]

[ 2016-09-11T21:03:45+08:00 ] ::1 /admin.php/Home/Project/delete?deleteID=2
INFO: [ app_init ] --START--
INFO: Run Behavior\BuildLiteBehavior [ RunTime:0.000000s ]
INFO: [ app_init ] --END-- [ RunTime:0.003000s ]
INFO: [ app_begin ] --START--
INFO: Run Behavior\ReadHtmlCacheBehavior [ RunTime:0.003000s ]
INFO: [ app_begin ] --END-- [ RunTime:0.003000s ]
SQL: select COUNT(*) as count from message where targetType = 0 and isRead = 0 [ RunTime:0.0020s ]
SQL: select id from stu_project where projectId = 2 and status = 0 union select id from class_project where projectId = 2 [ RunTime:0.0040s ]
INFO: [ view_parse ] --START--
INFO: [ template_filter ] --START--
INFO: Run Behavior\ContentReplaceBehavior [ RunTime:0.001000s ]
INFO: [ template_filter ] --END-- [ RunTime:0.001000s ]
INFO: Run Behavior\ParseTemplateBehavior [ RunTime:0.033002s ]
INFO: [ view_parse ] --END-- [ RunTime:0.035002s ]
INFO: [ view_filter ] --START--
INFO: Run Behavior\WriteHtmlCacheBehavior [ RunTime:0.004000s ]
INFO: [ view_filter ] --END-- [ RunTime:0.004000s ]

[ 2016-09-11T21:03:50+08:00 ] ::1 /admin.php/Home/Project/delete?deleteID=1
INFO: [ app_init ] --START--
INFO: Run Behavior\BuildLiteBehavior [ RunTime:0.000000s ]
INFO: [ app_init ] --END-- [ RunTime:0.002001s ]
INFO: [ app_begin ] --START--
INFO: Run Behavior\ReadHtmlCacheBehavior [ RunTime:0.003000s ]
INFO: [ app_begin ] --END-- [ RunTime:0.004000s ]
SQL: select COUNT(*) as count from message where targetType = 0 and isRead = 0 [ RunTime:0.0020s ]
SQL: select id from stu_project where projectId = 1 and status = 0 union select id from class_project where projectId = 1 [ RunTime:0.0020s ]
INFO: [ view_parse ] --START--
INFO: [ template_filter ] --START--
INFO: Run Behavior\ContentReplaceBehavior [ RunTime:0.000000s ]
INFO: [ template_filter ] --END-- [ RunTime:0.001000s ]
INFO: Run Behavior\ParseTemplateBehavior [ RunTime:0.036002s ]
INFO: [ view_parse ] --END-- [ RunTime:0.037002s ]
INFO: [ view_filter ] --START--
INFO: Run Behavior\WriteHtmlCacheBehavior [ RunTime:0.005000s ]
INFO: [ view_filter ] --END-- [ RunTime:0.005000s ]

[ 2016-09-11T21:20:14+08:00 ] ::1 /admin.php/Home/Project/index/p/2.html
INFO: [ app_init ] --START--
INFO: Run Behavior\BuildLiteBehavior [ RunTime:0.000000s ]
INFO: [ app_init ] --END-- [ RunTime:0.003000s ]
INFO: [ app_begin ] --START--
INFO: Run Behavior\ReadHtmlCacheBehavior [ RunTime:0.004000s ]
INFO: [ app_begin ] --END-- [ RunTime:0.004000s ]
SQL: select COUNT(*) as count from message where targetType = 0 and isRead = 0 [ RunTime:0.0010s ]
SQL: SHOW COLUMNS FROM `project` [ RunTime:0.0110s ]
SQL: SELECT COUNT(*) AS tp_count FROM `project` LIMIT 1   [ RunTime:0.0010s ]
SQL: SELECT project.id,project.name,project.requireTime,project.dataUrl,cate.cName FROM `project` LEFT JOIN project_cate ON project.id = project_cate.projectId LEFT JOIN cate ON project_cate.cateId = cate.id  ORDER BY id LIMIT 3,3   [ RunTime:0.0020s ]
INFO: [ view_parse ] --START--
INFO: [ template_filter ] --START--
INFO: Run Behavior\ContentReplaceBehavior [ RunTime:0.001000s ]
INFO: [ template_filter ] --END-- [ RunTime:0.001000s ]
INFO: Run Behavior\ParseTemplateBehavior [ RunTime:0.051003s ]
INFO: [ view_parse ] --END-- [ RunTime:0.051003s ]
INFO: [ view_filter ] --START--
INFO: Run Behavior\WriteHtmlCacheBehavior [ RunTime:0.002000s ]
INFO: [ view_filter ] --END-- [ RunTime:0.003000s ]
INFO: [ app_end ] --START--
INFO: Run Behavior\ShowPageTraceBehavior [ RunTime:0.005001s ]
INFO: [ app_end ] --END-- [ RunTime:0.005001s ]

[ 2016-09-11T21:20:16+08:00 ] ::1 /admin.php/Home/Project/index/p/3.html
INFO: [ app_init ] --START--
INFO: Run Behavior\BuildLiteBehavior [ RunTime:0.000000s ]
INFO: [ app_init ] --END-- [ RunTime:0.002000s ]
INFO: [ app_begin ] --START--
INFO: Run Behavior\ReadHtmlCacheBehavior [ RunTime:0.003000s ]
INFO: [ app_begin ] --END-- [ RunTime:0.004000s ]
SQL: select COUNT(*) as count from message where targetType = 0 and isRead = 0 [ RunTime:0.0000s ]
SQL: SHOW COLUMNS FROM `project` [ RunTime:0.0130s ]
SQL: SELECT COUNT(*) AS tp_count FROM `project` LIMIT 1   [ RunTime:0.0020s ]
SQL: SELECT project.id,project.name,project.requireTime,project.dataUrl,cate.cName FROM `project` LEFT JOIN project_cate ON project.id = project_cate.projectId LEFT JOIN cate ON project_cate.cateId = cate.id  ORDER BY id LIMIT 6,3   [ RunTime:0.0030s ]
INFO: [ view_parse ] --START--
INFO: [ template_filter ] --START--
INFO: Run Behavior\ContentReplaceBehavior [ RunTime:0.001000s ]
INFO: [ template_filter ] --END-- [ RunTime:0.001000s ]
INFO: Run Behavior\ParseTemplateBehavior [ RunTime:0.055003s ]
INFO: [ view_parse ] --END-- [ RunTime:0.056003s ]
INFO: [ view_filter ] --START--
INFO: Run Behavior\WriteHtmlCacheBehavior [ RunTime:0.001000s ]
INFO: [ view_filter ] --END-- [ RunTime:0.003001s ]
INFO: [ app_end ] --START--
INFO: Run Behavior\ShowPageTraceBehavior [ RunTime:0.002000s ]
INFO: [ app_end ] --END-- [ RunTime:0.003000s ]

[ 2016-09-11T21:20:18+08:00 ] ::1 /admin.php/Home/Project/delete?deleteID=11
INFO: [ app_init ] --START--
INFO: Run Behavior\BuildLiteBehavior [ RunTime:0.000000s ]
INFO: [ app_init ] --END-- [ RunTime:0.001000s ]
INFO: [ app_begin ] --START--
INFO: Run Behavior\ReadHtmlCacheBehavior [ RunTime:0.002001s ]
INFO: [ app_begin ] --END-- [ RunTime:0.003001s ]
SQL: select COUNT(*) as count from message where targetType = 0 and isRead = 0 [ RunTime:0.0010s ]
SQL: select id from stu_project where projectId = 11 and status = 0 union select id from class_project where projectId = 11 [ RunTime:0.0020s ]
SQL: SHOW COLUMNS FROM `stu_project` [ RunTime:0.0110s ]
SQL: DELETE FROM `stu_project` WHERE ( projectId = 11 ) [ RunTime:0.0360s ]
SQL: SHOW COLUMNS FROM `class_project` [ RunTime:0.0110s ]
SQL: DELETE FROM `class_project` WHERE ( projectId = 11 ) [ RunTime:0.0010s ]
SQL: SHOW COLUMNS FROM `project_cate` [ RunTime:0.0110s ]
SQL: DELETE FROM `project_cate` WHERE ( projectId = 11 ) [ RunTime:0.0580s ]
SQL: SHOW COLUMNS FROM `project` [ RunTime:0.0120s ]
SQL: DELETE FROM `project` WHERE `id` = 11 [ RunTime:0.1830s ]
INFO: [ view_parse ] --START--
INFO: [ template_filter ] --START--
INFO: Run Behavior\ContentReplaceBehavior [ RunTime:0.000000s ]
INFO: [ template_filter ] --END-- [ RunTime:0.001000s ]
INFO: Run Behavior\ParseTemplateBehavior [ RunTime:0.021001s ]
INFO: [ view_parse ] --END-- [ RunTime:0.022001s ]
INFO: [ view_filter ] --START--
INFO: Run Behavior\WriteHtmlCacheBehavior [ RunTime:0.002000s ]
INFO: [ view_filter ] --END-- [ RunTime:0.002000s ]
INFO: [ app_end ] --START--
INFO: Run Behavior\ShowPageTraceBehavior [ RunTime:0.003000s ]
INFO: [ app_end ] --END-- [ RunTime:0.003000s ]

[ 2016-09-11T21:20:20+08:00 ] ::1 /admin.php/Home/Project/index
INFO: [ app_init ] --START--
INFO: Run Behavior\BuildLiteBehavior [ RunTime:0.000000s ]
INFO: [ app_init ] --END-- [ RunTime:0.002000s ]
INFO: [ app_begin ] --START--
INFO: Run Behavior\ReadHtmlCacheBehavior [ RunTime:0.003000s ]
INFO: [ app_begin ] --END-- [ RunTime:0.003000s ]
SQL: select COUNT(*) as count from message where targetType = 0 and isRead = 0 [ RunTime:0.0010s ]
SQL: SHOW COLUMNS FROM `project` [ RunTime:0.0100s ]
SQL: SELECT COUNT(*) AS tp_count FROM `project` LIMIT 1   [ RunTime:0.0010s ]
SQL: SELECT project.id,project.name,project.requireTime,project.dataUrl,cate.cName FROM `project` LEFT JOIN project_cate ON project.id = project_cate.projectId LEFT JOIN cate ON project_cate.cateId = cate.id  ORDER BY id LIMIT 0,3   [ RunTime:0.0020s ]
INFO: [ view_parse ] --START--
INFO: [ template_filter ] --START--
INFO: Run Behavior\ContentReplaceBehavior [ RunTime:0.001000s ]
INFO: [ template_filter ] --END-- [ RunTime:0.001000s ]
INFO: Run Behavior\ParseTemplateBehavior [ RunTime:0.044002s ]
INFO: [ view_parse ] --END-- [ RunTime:0.044002s ]
INFO: [ view_filter ] --START--
INFO: Run Behavior\WriteHtmlCacheBehavior [ RunTime:0.001000s ]
INFO: [ view_filter ] --END-- [ RunTime:0.002000s ]
INFO: [ app_end ] --START--
INFO: Run Behavior\ShowPageTraceBehavior [ RunTime:0.002000s ]
INFO: [ app_end ] --END-- [ RunTime:0.003000s ]

[ 2016-09-11T21:20:26+08:00 ] ::1 /admin.php/Home/Project/delete?deleteID=3
INFO: [ app_init ] --START--
INFO: Run Behavior\BuildLiteBehavior [ RunTime:0.000000s ]
INFO: [ app_init ] --END-- [ RunTime:0.006001s ]
INFO: [ app_begin ] --START--
INFO: Run Behavior\ReadHtmlCacheBehavior [ RunTime:0.003000s ]
INFO: [ app_begin ] --END-- [ RunTime:0.003000s ]
SQL: select COUNT(*) as count from message where targetType = 0 and isRead = 0 [ RunTime:0.0010s ]
SQL: select id from stu_project where projectId = 3 and status = 0 union select id from class_project where projectId = 3 [ RunTime:0.0010s ]
INFO: [ view_parse ] --START--
INFO: [ template_filter ] --START--
INFO: Run Behavior\ContentReplaceBehavior [ RunTime:0.001000s ]
INFO: [ template_filter ] --END-- [ RunTime:0.001000s ]
INFO: Run Behavior\ParseTemplateBehavior [ RunTime:0.024001s ]
INFO: [ view_parse ] --END-- [ RunTime:0.024001s ]
INFO: [ view_filter ] --START--
INFO: Run Behavior\WriteHtmlCacheBehavior [ RunTime:0.002000s ]
INFO: [ view_filter ] --END-- [ RunTime:0.002000s ]

[ 2016-09-11T21:28:29+08:00 ] ::1 /admin.php/Home/Project/index/p/3.html
INFO: [ app_init ] --START--
INFO: Run Behavior\BuildLiteBehavior [ RunTime:0.000000s ]
INFO: [ app_init ] --END-- [ RunTime:0.002000s ]
INFO: [ app_begin ] --START--
INFO: Run Behavior\ReadHtmlCacheBehavior [ RunTime:0.005000s ]
INFO: [ app_begin ] --END-- [ RunTime:0.005000s ]
SQL: select COUNT(*) as count from message where targetType = 0 and isRead = 0 [ RunTime:0.0010s ]
SQL: SHOW COLUMNS FROM `project` [ RunTime:0.0190s ]
SQL: SELECT COUNT(*) AS tp_count FROM `project` LIMIT 1   [ RunTime:0.0020s ]
SQL: SELECT project.id,project.name,project.requireTime,project.dataUrl,cate.cName FROM `project` LEFT JOIN project_cate ON project.id = project_cate.projectId LEFT JOIN cate ON project_cate.cateId = cate.id  ORDER BY id LIMIT 6,3   [ RunTime:0.0020s ]
INFO: [ view_parse ] --START--
INFO: [ template_filter ] --START--
INFO: Run Behavior\ContentReplaceBehavior [ RunTime:0.000000s ]
INFO: [ template_filter ] --END-- [ RunTime:0.002000s ]
INFO: Run Behavior\ParseTemplateBehavior [ RunTime:0.068004s ]
INFO: [ view_parse ] --END-- [ RunTime:0.069004s ]
INFO: [ view_filter ] --START--
INFO: Run Behavior\WriteHtmlCacheBehavior [ RunTime:0.002000s ]
INFO: [ view_filter ] --END-- [ RunTime:0.003000s ]
INFO: [ app_end ] --START--
INFO: Run Behavior\ShowPageTraceBehavior [ RunTime:0.009000s ]
INFO: [ app_end ] --END-- [ RunTime:0.012000s ]

[ 2016-09-11T21:28:35+08:00 ] ::1 /admin.php/Home/Project/index/p/1.html
INFO: [ app_init ] --START--
INFO: Run Behavior\BuildLiteBehavior [ RunTime:0.000000s ]
INFO: [ app_init ] --END-- [ RunTime:0.002001s ]
INFO: [ app_begin ] --START--
INFO: Run Behavior\ReadHtmlCacheBehavior [ RunTime:0.003000s ]
INFO: [ app_begin ] --END-- [ RunTime:0.003000s ]
SQL: select COUNT(*) as count from message where targetType = 0 and isRead = 0 [ RunTime:0.0010s ]
SQL: SHOW COLUMNS FROM `project` [ RunTime:0.0140s ]
SQL: SELECT COUNT(*) AS tp_count FROM `project` LIMIT 1   [ RunTime:0.0020s ]
SQL: SELECT project.id,project.name,project.requireTime,project.dataUrl,cate.cName FROM `project` LEFT JOIN project_cate ON project.id = project_cate.projectId LEFT JOIN cate ON project_cate.cateId = cate.id  ORDER BY id LIMIT 0,3   [ RunTime:0.0030s ]
INFO: [ view_parse ] --START--
INFO: [ template_filter ] --START--
INFO: Run Behavior\ContentReplaceBehavior [ RunTime:0.000000s ]
INFO: [ template_filter ] --END-- [ RunTime:0.001000s ]
INFO: Run Behavior\ParseTemplateBehavior [ RunTime:0.071004s ]
INFO: [ view_parse ] --END-- [ RunTime:0.073004s ]
INFO: [ view_filter ] --START--
INFO: Run Behavior\WriteHtmlCacheBehavior [ RunTime:0.004000s ]
INFO: [ view_filter ] --END-- [ RunTime:0.004000s ]
INFO: [ app_end ] --START--
INFO: Run Behavior\ShowPageTraceBehavior [ RunTime:0.002000s ]
INFO: [ app_end ] --END-- [ RunTime:0.003000s ]

[ 2016-09-11T21:28:41+08:00 ] ::1 /admin.php/Home/Project/delete?deleteID=1
INFO: [ app_init ] --START--
INFO: Run Behavior\BuildLiteBehavior [ RunTime:0.000000s ]
INFO: [ app_init ] --END-- [ RunTime:0.005000s ]
INFO: [ app_begin ] --START--
INFO: Run Behavior\ReadHtmlCacheBehavior [ RunTime:0.002000s ]
INFO: [ app_begin ] --END-- [ RunTime:0.004000s ]
SQL: select COUNT(*) as count from message where targetType = 0 and isRead = 0 [ RunTime:0.0010s ]
SQL: select id from stu_project where projectId = 1 and status = 0 union select id from class_project where projectId = 1 [ RunTime:0.0010s ]
INFO: [ view_parse ] --START--
INFO: [ template_filter ] --START--
INFO: Run Behavior\ContentReplaceBehavior [ RunTime:0.000000s ]
INFO: [ template_filter ] --END-- [ RunTime:0.001000s ]
INFO: Run Behavior\ParseTemplateBehavior [ RunTime:0.025002s ]
INFO: [ view_parse ] --END-- [ RunTime:0.025002s ]
INFO: [ view_filter ] --START--
INFO: Run Behavior\WriteHtmlCacheBehavior [ RunTime:0.003000s ]
INFO: [ view_filter ] --END-- [ RunTime:0.005000s ]

