[ 2016-09-16T15:20:04+08:00 ] ::1 /admin.php
INFO: [ app_init ] --START--
INFO: Run Behavior\BuildLiteBehavior [ RunTime:0.000000s ]
INFO: [ app_init ] --END-- [ RunTime:0.002000s ]
INFO: [ app_begin ] --START--
INFO: Run Behavior\ReadHtmlCacheBehavior [ RunTime:0.002000s ]
INFO: [ app_begin ] --END-- [ RunTime:0.003000s ]
INFO: [ view_parse ] --START--
INFO: [ template_filter ] --START--
INFO: Run Behavior\ContentReplaceBehavior [ RunTime:0.000000s ]
INFO: [ template_filter ] --END-- [ RunTime:0.000000s ]
INFO: Run Behavior\ParseTemplateBehavior [ RunTime:0.066003s ]
INFO: [ view_parse ] --END-- [ RunTime:0.067003s ]
INFO: [ view_filter ] --START--
INFO: Run Behavior\WriteHtmlCacheBehavior [ RunTime:0.001000s ]
INFO: [ view_filter ] --END-- [ RunTime:0.002000s ]
INFO: [ app_end ] --START--
INFO: Run Behavior\ShowPageTraceBehavior [ RunTime:0.002001s ]
INFO: [ app_end ] --END-- [ RunTime:0.002001s ]

[ 2016-09-16T15:20:08+08:00 ] ::1 /admin.php/Home/Index/login
INFO: [ app_init ] --START--
INFO: Run Behavior\BuildLiteBehavior [ RunTime:0.000000s ]
INFO: [ app_init ] --END-- [ RunTime:0.002001s ]
INFO: [ app_begin ] --START--
INFO: Run Behavior\ReadHtmlCacheBehavior [ RunTime:0.002000s ]
INFO: [ app_begin ] --END-- [ RunTime:0.002000s ]
SQL: SHOW COLUMNS FROM `admin` [ RunTime:0.0930s ]
SQL: SELECT * FROM `admin` WHERE `adminName` = 'admin' AND `password` = 'admin'  [ RunTime:0.0290s ]
INFO: [ view_parse ] --START--
INFO: [ template_filter ] --START--
INFO: Run Behavior\ContentReplaceBehavior [ RunTime:0.000000s ]
INFO: [ template_filter ] --END-- [ RunTime:0.001000s ]
NOTIC: [8] Undefined variable: unreadMessage E:\wamp\www\Admin\Runtime\Cache\Home\35aa7395e570a67b1b39372463a46a4e.php 第 235 行.
NOTIC: [8] Undefined variable: unreadMessage E:\wamp\www\Admin\Runtime\Cache\Home\35aa7395e570a67b1b39372463a46a4e.php 第 243 行.
INFO: Run Behavior\ParseTemplateBehavior [ RunTime:0.108007s ]
INFO: [ view_parse ] --END-- [ RunTime:0.110007s ]
INFO: [ view_filter ] --START--
INFO: Run Behavior\WriteHtmlCacheBehavior [ RunTime:0.002000s ]
INFO: [ view_filter ] --END-- [ RunTime:0.002000s ]
INFO: [ app_end ] --START--
INFO: Run Behavior\ShowPageTraceBehavior [ RunTime:0.002000s ]
INFO: [ app_end ] --END-- [ RunTime:0.003000s ]

[ 2016-09-16T15:20:13+08:00 ] ::1 /admin.php/Home/Work/listW
INFO: [ app_init ] --START--
INFO: Run Behavior\BuildLiteBehavior [ RunTime:0.000000s ]
INFO: [ app_init ] --END-- [ RunTime:0.011001s ]
INFO: [ app_begin ] --START--
INFO: Run Behavior\ReadHtmlCacheBehavior [ RunTime:0.002000s ]
INFO: [ app_begin ] --END-- [ RunTime:0.002000s ]
SQL: select COUNT(*) as count from message where targetType = 0 and isRead = 0 [ RunTime:0.0900s ]
SQL: SHOW COLUMNS FROM `work` [ RunTime:0.0820s ]
SQL: SELECT COUNT(*) AS tp_count FROM `work` LIMIT 1   [ RunTime:0.0020s ]
SQL: SELECT work.id,student.stuName,class.className,project.name,work.submitTime,work.finishedTime,work.workUrl,work.remark,work.remarkTime,work.status FROM `work` LEFT JOIN student ON work.stuId = student.id LEFT JOIN class ON work.classId = class.id LEFT JOIN project ON work.projectId = project.id  WHERE ( work.status != 0 ) ORDER BY id LIMIT 0,3   [ RunTime:0.1050s ]
INFO: [ view_parse ] --START--
INFO: [ template_filter ] --START--
INFO: Run Behavior\ContentReplaceBehavior [ RunTime:0.000000s ]
INFO: [ template_filter ] --END-- [ RunTime:0.001000s ]
INFO: Run Behavior\ParseTemplateBehavior [ RunTime:0.096005s ]
INFO: [ view_parse ] --END-- [ RunTime:0.098005s ]
INFO: [ view_filter ] --START--
INFO: Run Behavior\WriteHtmlCacheBehavior [ RunTime:0.002000s ]
INFO: [ view_filter ] --END-- [ RunTime:0.002000s ]
INFO: [ app_end ] --START--
INFO: Run Behavior\ShowPageTraceBehavior [ RunTime:0.009001s ]
INFO: [ app_end ] --END-- [ RunTime:0.010001s ]

[ 2016-09-16T15:27:53+08:00 ] ::1 /admin.php/Home/Class/index.html
INFO: [ app_init ] --START--
INFO: Run Behavior\BuildLiteBehavior [ RunTime:0.000000s ]
INFO: [ app_init ] --END-- [ RunTime:0.002000s ]
INFO: [ app_begin ] --START--
INFO: Run Behavior\ReadHtmlCacheBehavior [ RunTime:0.003001s ]
INFO: [ app_begin ] --END-- [ RunTime:0.003001s ]
SQL: select COUNT(*) as count from message where targetType = 0 and isRead = 0 [ RunTime:0.0020s ]
SQL: SHOW COLUMNS FROM `class` [ RunTime:0.0190s ]
SQL: SELECT COUNT(*) AS tp_count FROM `class` LIMIT 1   [ RunTime:0.0010s ]
SQL: SELECT class.id,class.classNo,class.className,class.classPrice,class.startTime,class.classIntro,class.avePeriod,cate.cName FROM `class` LEFT JOIN cate ON class.classCate = cate.id  ORDER BY id LIMIT 0,3   [ RunTime:0.0010s ]
INFO: [ view_parse ] --START--
INFO: [ template_filter ] --START--
INFO: Run Behavior\ContentReplaceBehavior [ RunTime:0.000000s ]
INFO: [ template_filter ] --END-- [ RunTime:0.001000s ]
INFO: Run Behavior\ParseTemplateBehavior [ RunTime:0.101006s ]
INFO: [ view_parse ] --END-- [ RunTime:0.102006s ]
INFO: [ view_filter ] --START--
INFO: Run Behavior\WriteHtmlCacheBehavior [ RunTime:0.002000s ]
INFO: [ view_filter ] --END-- [ RunTime:0.002000s ]
INFO: [ app_end ] --START--
INFO: Run Behavior\ShowPageTraceBehavior [ RunTime:0.012001s ]
INFO: [ app_end ] --END-- [ RunTime:0.013001s ]

[ 2016-09-16T15:45:13+08:00 ] ::1 /admin.php/Home/Work/index
INFO: [ app_init ] --START--
INFO: Run Behavior\BuildLiteBehavior [ RunTime:0.000000s ]
INFO: [ app_init ] --END-- [ RunTime:0.002000s ]
INFO: [ app_begin ] --START--
INFO: Run Behavior\ReadHtmlCacheBehavior [ RunTime:0.002000s ]
INFO: [ app_begin ] --END-- [ RunTime:0.003000s ]
SQL: select COUNT(*) as count from message where targetType = 0 and isRead = 0 [ RunTime:0.0010s ]
SQL: SHOW COLUMNS FROM `work` [ RunTime:0.0150s ]
SQL: SELECT COUNT(*) AS tp_count FROM `work` LIMIT 1   [ RunTime:0.0010s ]
SQL: SELECT work.id,student.stuName,class.className,project.name,work.submitTime,work.finishedTime,work.workUrl,work.remark,work.remarkTime,work.status FROM `work` LEFT JOIN student ON work.stuId = student.id LEFT JOIN class ON work.classId = class.id LEFT JOIN project ON work.projectId = project.id  WHERE ( work.status = 0 ) ORDER BY id LIMIT 0,3   [ RunTime:0.0020s ]
INFO: [ view_parse ] --START--
INFO: [ template_filter ] --START--
INFO: Run Behavior\ContentReplaceBehavior [ RunTime:0.000000s ]
INFO: [ template_filter ] --END-- [ RunTime:0.001000s ]
INFO: Run Behavior\ParseTemplateBehavior [ RunTime:0.050003s ]
INFO: [ view_parse ] --END-- [ RunTime:0.050003s ]
INFO: [ view_filter ] --START--
INFO: Run Behavior\WriteHtmlCacheBehavior [ RunTime:0.001000s ]
INFO: [ view_filter ] --END-- [ RunTime:0.002000s ]
INFO: [ app_end ] --START--
INFO: Run Behavior\ShowPageTraceBehavior [ RunTime:0.002000s ]
INFO: [ app_end ] --END-- [ RunTime:0.002000s ]

[ 2016-09-16T16:05:48+08:00 ] ::1 /admin.php/Home/Work/index
INFO: [ app_init ] --START--
INFO: Run Behavior\BuildLiteBehavior [ RunTime:0.000000s ]
INFO: [ app_init ] --END-- [ RunTime:0.001001s ]
INFO: [ app_begin ] --START--
INFO: Run Behavior\ReadHtmlCacheBehavior [ RunTime:0.002001s ]
INFO: [ app_begin ] --END-- [ RunTime:0.003001s ]
SQL: select COUNT(*) as count from message where targetType = 0 and isRead = 0 [ RunTime:0.0000s ]
SQL: SHOW COLUMNS FROM `work` [ RunTime:0.0150s ]
SQL: SELECT COUNT(*) AS tp_count FROM `work` LIMIT 1   [ RunTime:0.0010s ]
SQL: SELECT work.id,student.stuName,class.className,project.name,work.submitTime,work.finishedTime,work.workUrl,work.remark,work.remarkTime,work.status FROM `work` LEFT JOIN student ON work.stuId = student.id LEFT JOIN class ON work.classId = class.id LEFT JOIN project ON work.projectId = project.id  WHERE ( work.status = 0 ) ORDER BY id LIMIT 0,3   [ RunTime:0.0020s ]
INFO: [ view_parse ] --START--
INFO: [ template_filter ] --START--
INFO: Run Behavior\ContentReplaceBehavior [ RunTime:0.000000s ]
INFO: [ template_filter ] --END-- [ RunTime:0.001000s ]
INFO: Run Behavior\ParseTemplateBehavior [ RunTime:0.057004s ]
INFO: [ view_parse ] --END-- [ RunTime:0.057004s ]
INFO: [ view_filter ] --START--
INFO: Run Behavior\WriteHtmlCacheBehavior [ RunTime:0.003000s ]
INFO: [ view_filter ] --END-- [ RunTime:0.003000s ]
INFO: [ app_end ] --START--
INFO: Run Behavior\ShowPageTraceBehavior [ RunTime:0.009001s ]
INFO: [ app_end ] --END-- [ RunTime:0.012001s ]

[ 2016-09-16T18:13:49+08:00 ] ::1 /admin.php
INFO: [ app_init ] --START--
INFO: Run Behavior\BuildLiteBehavior [ RunTime:0.000000s ]
INFO: [ app_init ] --END-- [ RunTime:0.001000s ]
INFO: [ app_begin ] --START--
INFO: Run Behavior\ReadHtmlCacheBehavior [ RunTime:0.002001s ]
INFO: [ app_begin ] --END-- [ RunTime:0.002001s ]
INFO: [ view_parse ] --START--
INFO: [ template_filter ] --START--
INFO: Run Behavior\ContentReplaceBehavior [ RunTime:0.000000s ]
INFO: [ template_filter ] --END-- [ RunTime:0.000000s ]
INFO: Run Behavior\ParseTemplateBehavior [ RunTime:0.022001s ]
INFO: [ view_parse ] --END-- [ RunTime:0.023001s ]
INFO: [ view_filter ] --START--
INFO: Run Behavior\WriteHtmlCacheBehavior [ RunTime:0.002000s ]
INFO: [ view_filter ] --END-- [ RunTime:0.002000s ]
INFO: [ app_end ] --START--
INFO: Run Behavior\ShowPageTraceBehavior [ RunTime:0.001001s ]
INFO: [ app_end ] --END-- [ RunTime:0.003001s ]

[ 2016-09-16T18:13:57+08:00 ] ::1 /admin.php/Home/Index/login
INFO: [ app_init ] --START--
INFO: Run Behavior\BuildLiteBehavior [ RunTime:0.000000s ]
INFO: [ app_init ] --END-- [ RunTime:0.001000s ]
INFO: [ app_begin ] --START--
INFO: Run Behavior\ReadHtmlCacheBehavior [ RunTime:0.002000s ]
INFO: [ app_begin ] --END-- [ RunTime:0.002000s ]
SQL: SHOW COLUMNS FROM `admin` [ RunTime:0.0130s ]
SQL: SELECT * FROM `admin` WHERE `adminName` = 'admin' AND `password` = 'admin'  [ RunTime:0.0020s ]
INFO: [ view_parse ] --START--
INFO: [ template_filter ] --START--
INFO: Run Behavior\ContentReplaceBehavior [ RunTime:0.000000s ]
INFO: [ template_filter ] --END-- [ RunTime:0.001000s ]
NOTIC: [8] Undefined variable: unreadMessage E:\wamp\www\Admin\Runtime\Cache\Home\35aa7395e570a67b1b39372463a46a4e.php 第 235 行.
NOTIC: [8] Undefined variable: unreadMessage E:\wamp\www\Admin\Runtime\Cache\Home\35aa7395e570a67b1b39372463a46a4e.php 第 243 行.
INFO: Run Behavior\ParseTemplateBehavior [ RunTime:0.046003s ]
INFO: [ view_parse ] --END-- [ RunTime:0.046003s ]
INFO: [ view_filter ] --START--
INFO: Run Behavior\WriteHtmlCacheBehavior [ RunTime:0.003000s ]
INFO: [ view_filter ] --END-- [ RunTime:0.003000s ]
INFO: [ app_end ] --START--
INFO: Run Behavior\ShowPageTraceBehavior [ RunTime:0.043003s ]
INFO: [ app_end ] --END-- [ RunTime:0.043003s ]

[ 2016-09-16T18:14:01+08:00 ] ::1 /admin.php/Home/Work/index
INFO: [ app_init ] --START--
INFO: Run Behavior\BuildLiteBehavior [ RunTime:0.000000s ]
INFO: [ app_init ] --END-- [ RunTime:0.002000s ]
INFO: [ app_begin ] --START--
INFO: Run Behavior\ReadHtmlCacheBehavior [ RunTime:0.004001s ]
INFO: [ app_begin ] --END-- [ RunTime:0.004001s ]
SQL: select COUNT(*) as count from message where targetType = 0 and isRead = 0 [ RunTime:0.0010s ]
SQL: SHOW COLUMNS FROM `work` [ RunTime:0.0140s ]
SQL: SELECT COUNT(*) AS tp_count FROM `work` LIMIT 1   [ RunTime:0.0020s ]
SQL: SELECT work.id,student.stuName,class.className,project.name,work.submitTime,work.finishedTime,work.workUrl,work.remark,work.remarkTime,work.status FROM `work` LEFT JOIN student ON work.stuId = student.id LEFT JOIN class ON work.classId = class.id LEFT JOIN project ON work.projectId = project.id  WHERE ( work.status = 0 ) ORDER BY id LIMIT 0,3   [ RunTime:0.0040s ]
INFO: [ view_parse ] --START--
INFO: [ template_filter ] --START--
INFO: Run Behavior\ContentReplaceBehavior [ RunTime:0.000000s ]
INFO: [ template_filter ] --END-- [ RunTime:0.000000s ]
INFO: Run Behavior\ParseTemplateBehavior [ RunTime:0.056003s ]
INFO: [ view_parse ] --END-- [ RunTime:0.057003s ]
INFO: [ view_filter ] --START--
INFO: Run Behavior\WriteHtmlCacheBehavior [ RunTime:0.002000s ]
INFO: [ view_filter ] --END-- [ RunTime:0.002000s ]
INFO: [ app_end ] --START--
INFO: Run Behavior\ShowPageTraceBehavior [ RunTime:0.043002s ]
INFO: [ app_end ] --END-- [ RunTime:0.043002s ]

[ 2016-09-16T18:14:03+08:00 ] ::1 /admin.php/Home/Work/prepareForEvaluate?id=2
INFO: [ app_init ] --START--
INFO: Run Behavior\BuildLiteBehavior [ RunTime:0.000000s ]
INFO: [ app_init ] --END-- [ RunTime:0.002000s ]
INFO: [ app_begin ] --START--
INFO: Run Behavior\ReadHtmlCacheBehavior [ RunTime:0.006001s ]
INFO: [ app_begin ] --END-- [ RunTime:0.007001s ]
SQL: select COUNT(*) as count from message where targetType = 0 and isRead = 0 [ RunTime:0.0010s ]
SQL: select id, remark, status from work where id = 2 [ RunTime:0.0010s ]
SQL: select a.id, b.stuName, d.className, e.name, a.submitTime, a.finishedTime, a.workUrl, a.remark, a.remarkTime, a.status from work as a left join student as b on a.stuId = b.id left join stu_class as c on a.stuId = c.stuId and graduateStatus = 0 left join class as d on c.classId = d.id left join project as e on a.projectId = e.id where a.id = 2 [ RunTime:0.1860s ]
INFO: [ view_parse ] --START--
INFO: [ template_filter ] --START--
INFO: Run Behavior\ContentReplaceBehavior [ RunTime:0.001000s ]
INFO: [ template_filter ] --END-- [ RunTime:0.001000s ]
INFO: Run Behavior\ParseTemplateBehavior [ RunTime:0.052003s ]
INFO: [ view_parse ] --END-- [ RunTime:0.052003s ]
INFO: [ view_filter ] --START--
INFO: Run Behavior\WriteHtmlCacheBehavior [ RunTime:0.002000s ]
INFO: [ view_filter ] --END-- [ RunTime:0.002000s ]
INFO: [ app_end ] --START--
INFO: Run Behavior\ShowPageTraceBehavior [ RunTime:0.002000s ]
INFO: [ app_end ] --END-- [ RunTime:0.004000s ]

[ 2016-09-16T18:14:18+08:00 ] ::1 /admin.php/Home/Work/evaluate
INFO: [ app_init ] --START--
INFO: Run Behavior\BuildLiteBehavior [ RunTime:0.000000s ]
INFO: [ app_init ] --END-- [ RunTime:0.001000s ]
INFO: [ app_begin ] --START--
INFO: Run Behavior\ReadHtmlCacheBehavior [ RunTime:0.001000s ]
INFO: [ app_begin ] --END-- [ RunTime:0.003000s ]
SQL: select COUNT(*) as count from message where targetType = 0 and isRead = 0 [ RunTime:0.0010s ]
SQL: SHOW COLUMNS FROM `work` [ RunTime:0.0210s ]
SQL: UPDATE `work` SET `remark`='',`rank`='3',`remarkTime`='2016-09-16 18:14:17',`status`='1' WHERE ( id = 2 ) [ RunTime:0.4130s ]
SQL: SHOW COLUMNS FROM `class_project` [ RunTime:0.0140s ]
SQL: SHOW COLUMNS FROM `stu_class` [ RunTime:0.0180s ]
NOTIC: [8] Undefined index: stuId E:\wamp\www\Admin\Home\Controller\WorkController.class.php 第 91 行.
NOTIC: [8] Undefined index: classId E:\wamp\www\Admin\Home\Controller\WorkController.class.php 第 92 行.
SQL: SELECT COUNT(*) AS tp_count FROM `work` WHERE `stuId` = null AND `classId` = null LIMIT 1   [ RunTime:0.0010s ]
NOTIC: [8] Undefined index: stuId E:\wamp\www\Admin\Home\Controller\WorkController.class.php 第 96 行.
ERR: 1064:Erreur de syntaxe près de ') LIMIT 1' à la ligne 1
 [ SQL语句 ] : SELECT COUNT(*) AS tp_count FROM `class_project` WHERE ( classId= ) LIMIT 1  
ERR: 1064:Erreur de syntaxe près de ') LIMIT 1' à la ligne 1
 [ SQL语句 ] : SELECT COUNT(*) AS tp_count FROM `class_project` WHERE ( classId= ) LIMIT 1  

[ 2016-09-16T18:16:32+08:00 ] ::1 /admin.php/Home/Work/evaluate
INFO: [ app_init ] --START--
INFO: Run Behavior\BuildLiteBehavior [ RunTime:0.000000s ]
INFO: [ app_init ] --END-- [ RunTime:0.002000s ]
INFO: [ app_begin ] --START--
INFO: Run Behavior\ReadHtmlCacheBehavior [ RunTime:0.002001s ]
INFO: [ app_begin ] --END-- [ RunTime:0.003001s ]
SQL: select COUNT(*) as count from message where targetType = 0 and isRead = 0 [ RunTime:0.0010s ]
SQL: SHOW COLUMNS FROM `work` [ RunTime:0.0180s ]
SQL: UPDATE `work` SET `remark`='dd',`rank`='0',`remarkTime`='2016-09-16 18:16:31',`status`='1' WHERE ( id = 2 ) [ RunTime:0.0880s ]
SQL: SHOW COLUMNS FROM `class_project` [ RunTime:0.0150s ]
SQL: SHOW COLUMNS FROM `stu_class` [ RunTime:0.0140s ]
NOTIC: [8] Undefined index: stuId E:\wamp\www\Admin\Home\Controller\WorkController.class.php 第 91 行.
NOTIC: [8] Undefined index: classId E:\wamp\www\Admin\Home\Controller\WorkController.class.php 第 92 行.
SQL: SELECT COUNT(*) AS tp_count FROM `work` WHERE `stuId` = null AND `classId` = null LIMIT 1   [ RunTime:0.0010s ]
NOTIC: [8] Undefined index: stuId E:\wamp\www\Admin\Home\Controller\WorkController.class.php 第 96 行.
ERR: 1064:Erreur de syntaxe près de ') LIMIT 1' à la ligne 1
 [ SQL语句 ] : SELECT COUNT(*) AS tp_count FROM `class_project` WHERE ( classId= ) LIMIT 1  
ERR: 1064:Erreur de syntaxe près de ') LIMIT 1' à la ligne 1
 [ SQL语句 ] : SELECT COUNT(*) AS tp_count FROM `class_project` WHERE ( classId= ) LIMIT 1  

[ 2016-09-16T18:16:42+08:00 ] ::1 /admin.php/Home/Work/prepareForEvaluate?id=2
INFO: [ app_init ] --START--
INFO: Run Behavior\BuildLiteBehavior [ RunTime:0.000000s ]
INFO: [ app_init ] --END-- [ RunTime:0.001000s ]
INFO: [ app_begin ] --START--
INFO: Run Behavior\ReadHtmlCacheBehavior [ RunTime:0.002000s ]
INFO: [ app_begin ] --END-- [ RunTime:0.002000s ]
SQL: select COUNT(*) as count from message where targetType = 0 and isRead = 0 [ RunTime:0.0010s ]
SQL: select id, remark, status from work where id = 2 [ RunTime:0.0010s ]
SQL: select a.id, b.stuName, d.className, e.name, a.submitTime, a.finishedTime, a.workUrl, a.remark, a.remarkTime, a.status from work as a left join student as b on a.stuId = b.id left join stu_class as c on a.stuId = c.stuId and graduateStatus = 0 left join class as d on c.classId = d.id left join project as e on a.projectId = e.id where a.id = 2 [ RunTime:0.0020s ]
INFO: [ view_parse ] --START--
INFO: [ template_filter ] --START--
INFO: Run Behavior\ContentReplaceBehavior [ RunTime:0.000000s ]
INFO: [ template_filter ] --END-- [ RunTime:0.001000s ]
INFO: Run Behavior\ParseTemplateBehavior [ RunTime:0.047002s ]
INFO: [ view_parse ] --END-- [ RunTime:0.048002s ]
INFO: [ view_filter ] --START--
INFO: Run Behavior\WriteHtmlCacheBehavior [ RunTime:0.002000s ]
INFO: [ view_filter ] --END-- [ RunTime:0.002000s ]
INFO: [ app_end ] --START--
INFO: Run Behavior\ShowPageTraceBehavior [ RunTime:0.014001s ]
INFO: [ app_end ] --END-- [ RunTime:0.014001s ]

[ 2016-09-16T18:16:45+08:00 ] ::1 /admin.php/Home/Work/prepareForEvaluate?id=2
INFO: [ app_init ] --START--
INFO: Run Behavior\BuildLiteBehavior [ RunTime:0.000000s ]
INFO: [ app_init ] --END-- [ RunTime:0.002000s ]
INFO: [ app_begin ] --START--
INFO: Run Behavior\ReadHtmlCacheBehavior [ RunTime:0.006000s ]
INFO: [ app_begin ] --END-- [ RunTime:0.006000s ]
SQL: select COUNT(*) as count from message where targetType = 0 and isRead = 0 [ RunTime:0.0010s ]
SQL: select id, remark, status from work where id = 2 [ RunTime:0.0020s ]
SQL: select a.id, b.stuName, d.className, e.name, a.submitTime, a.finishedTime, a.workUrl, a.remark, a.remarkTime, a.status from work as a left join student as b on a.stuId = b.id left join stu_class as c on a.stuId = c.stuId and graduateStatus = 0 left join class as d on c.classId = d.id left join project as e on a.projectId = e.id where a.id = 2 [ RunTime:0.0020s ]
INFO: [ view_parse ] --START--
INFO: [ template_filter ] --START--
INFO: Run Behavior\ContentReplaceBehavior [ RunTime:0.000000s ]
INFO: [ template_filter ] --END-- [ RunTime:0.000000s ]
INFO: Run Behavior\ParseTemplateBehavior [ RunTime:0.069004s ]
INFO: [ view_parse ] --END-- [ RunTime:0.071005s ]
INFO: [ view_filter ] --START--
INFO: Run Behavior\WriteHtmlCacheBehavior [ RunTime:0.007000s ]
INFO: [ view_filter ] --END-- [ RunTime:0.007000s ]
INFO: [ app_end ] --START--
INFO: Run Behavior\ShowPageTraceBehavior [ RunTime:0.008001s ]
INFO: [ app_end ] --END-- [ RunTime:0.012001s ]

[ 2016-09-16T18:16:50+08:00 ] ::1 /admin.php/Home/Work/prepareForEvaluate?id=2
INFO: [ app_init ] --START--
INFO: Run Behavior\BuildLiteBehavior [ RunTime:0.000000s ]
INFO: [ app_init ] --END-- [ RunTime:0.002001s ]
INFO: [ app_begin ] --START--
INFO: Run Behavior\ReadHtmlCacheBehavior [ RunTime:0.003000s ]
INFO: [ app_begin ] --END-- [ RunTime:0.003000s ]
SQL: select COUNT(*) as count from message where targetType = 0 and isRead = 0 [ RunTime:0.0010s ]
SQL: select id, remark, status from work where id = 2 [ RunTime:0.0010s ]
SQL: select a.id, b.stuName, d.className, e.name, a.submitTime, a.finishedTime, a.workUrl, a.remark, a.remarkTime, a.status from work as a left join student as b on a.stuId = b.id left join stu_class as c on a.stuId = c.stuId and graduateStatus = 0 left join class as d on c.classId = d.id left join project as e on a.projectId = e.id where a.id = 2 [ RunTime:0.0010s ]
INFO: [ view_parse ] --START--
INFO: [ template_filter ] --START--
INFO: Run Behavior\ContentReplaceBehavior [ RunTime:0.001000s ]
INFO: [ template_filter ] --END-- [ RunTime:0.001000s ]
INFO: Run Behavior\ParseTemplateBehavior [ RunTime:0.050003s ]
INFO: [ view_parse ] --END-- [ RunTime:0.051003s ]
INFO: [ view_filter ] --START--
INFO: Run Behavior\WriteHtmlCacheBehavior [ RunTime:0.002000s ]
INFO: [ view_filter ] --END-- [ RunTime:0.002000s ]
INFO: [ app_end ] --START--
INFO: Run Behavior\ShowPageTraceBehavior [ RunTime:0.041002s ]
INFO: [ app_end ] --END-- [ RunTime:0.043003s ]

[ 2016-09-16T18:16:55+08:00 ] ::1 /admin.php/Home/Work/index
INFO: [ app_init ] --START--
INFO: Run Behavior\BuildLiteBehavior [ RunTime:0.000000s ]
INFO: [ app_init ] --END-- [ RunTime:0.002000s ]
INFO: [ app_begin ] --START--
INFO: Run Behavior\ReadHtmlCacheBehavior [ RunTime:0.002000s ]
INFO: [ app_begin ] --END-- [ RunTime:0.002000s ]
SQL: select COUNT(*) as count from message where targetType = 0 and isRead = 0 [ RunTime:0.0010s ]
SQL: SHOW COLUMNS FROM `work` [ RunTime:0.0150s ]
SQL: SELECT COUNT(*) AS tp_count FROM `work` LIMIT 1   [ RunTime:0.0010s ]
SQL: SELECT work.id,student.stuName,class.className,project.name,work.submitTime,work.finishedTime,work.workUrl,work.remark,work.remarkTime,work.status FROM `work` LEFT JOIN student ON work.stuId = student.id LEFT JOIN class ON work.classId = class.id LEFT JOIN project ON work.projectId = project.id  WHERE ( work.status = 0 ) ORDER BY id LIMIT 0,3   [ RunTime:0.0010s ]
INFO: [ view_parse ] --START--
INFO: [ template_filter ] --START--
INFO: Run Behavior\ContentReplaceBehavior [ RunTime:0.000000s ]
INFO: [ template_filter ] --END-- [ RunTime:0.001000s ]
INFO: Run Behavior\ParseTemplateBehavior [ RunTime:0.053003s ]
INFO: [ view_parse ] --END-- [ RunTime:0.054003s ]
INFO: [ view_filter ] --START--
INFO: Run Behavior\WriteHtmlCacheBehavior [ RunTime:0.001000s ]
INFO: [ view_filter ] --END-- [ RunTime:0.002001s ]
INFO: [ app_end ] --START--
INFO: Run Behavior\ShowPageTraceBehavior [ RunTime:0.002000s ]
INFO: [ app_end ] --END-- [ RunTime:0.003000s ]

[ 2016-09-16T18:17:01+08:00 ] ::1 /admin.php/Home/Work/listW
INFO: [ app_init ] --START--
INFO: Run Behavior\BuildLiteBehavior [ RunTime:0.000000s ]
INFO: [ app_init ] --END-- [ RunTime:0.004000s ]
INFO: [ app_begin ] --START--
INFO: Run Behavior\ReadHtmlCacheBehavior [ RunTime:0.002000s ]
INFO: [ app_begin ] --END-- [ RunTime:0.002000s ]
SQL: select COUNT(*) as count from message where targetType = 0 and isRead = 0 [ RunTime:0.0010s ]
SQL: SHOW COLUMNS FROM `work` [ RunTime:0.0190s ]
SQL: SELECT COUNT(*) AS tp_count FROM `work` LIMIT 1   [ RunTime:0.0010s ]
SQL: SELECT work.id,student.stuName,class.className,project.name,work.submitTime,work.finishedTime,work.workUrl,work.remark,work.remarkTime,work.status FROM `work` LEFT JOIN student ON work.stuId = student.id LEFT JOIN class ON work.classId = class.id LEFT JOIN project ON work.projectId = project.id  WHERE ( work.status != 0 ) ORDER BY id LIMIT 0,3   [ RunTime:0.0020s ]
INFO: [ view_parse ] --START--
INFO: [ template_filter ] --START--
INFO: Run Behavior\ContentReplaceBehavior [ RunTime:0.000000s ]
INFO: [ template_filter ] --END-- [ RunTime:0.001000s ]
INFO: Run Behavior\ParseTemplateBehavior [ RunTime:0.057003s ]
INFO: [ view_parse ] --END-- [ RunTime:0.057003s ]
INFO: [ view_filter ] --START--
INFO: Run Behavior\WriteHtmlCacheBehavior [ RunTime:0.001000s ]
INFO: [ view_filter ] --END-- [ RunTime:0.002000s ]
INFO: [ app_end ] --START--
INFO: Run Behavior\ShowPageTraceBehavior [ RunTime:0.007001s ]
INFO: [ app_end ] --END-- [ RunTime:0.007001s ]

[ 2016-09-16T18:17:04+08:00 ] ::1 /admin.php/Home/Work/detail?id=2
INFO: [ app_init ] --START--
INFO: Run Behavior\BuildLiteBehavior [ RunTime:0.000000s ]
INFO: [ app_init ] --END-- [ RunTime:0.005000s ]
INFO: [ app_begin ] --START--
INFO: Run Behavior\ReadHtmlCacheBehavior [ RunTime:0.002000s ]
INFO: [ app_begin ] --END-- [ RunTime:0.002000s ]
SQL: select COUNT(*) as count from message where targetType = 0 and isRead = 0 [ RunTime:0.0010s ]
SQL: select a.id, b.stuName, d.className, e.name, a.submitTime, a.finishedTime, a.workUrl, a.remark, a.remarkTime, a.rank, a.status from work as a left join student as b on a.stuId = b.id left join stu_class as c on a.stuId = c.stuId and graduateStatus = 0 left join class as d on c.classId = d.id left join project as e on a.projectId = e.id where a.id = 2 [ RunTime:0.0020s ]
INFO: [ view_parse ] --START--
INFO: [ template_filter ] --START--
INFO: Run Behavior\ContentReplaceBehavior [ RunTime:0.000000s ]
INFO: [ template_filter ] --END-- [ RunTime:0.001000s ]
NOTIC: [8] Undefined variable: content2 E:\wamp\www\Admin\Runtime\Cache\Home\632af0ead483c13de97bc536fecc6532.php 第 596 行.
INFO: Run Behavior\ParseTemplateBehavior [ RunTime:0.048003s ]
INFO: [ view_parse ] --END-- [ RunTime:0.048003s ]
INFO: [ view_filter ] --START--
INFO: Run Behavior\WriteHtmlCacheBehavior [ RunTime:0.005000s ]
INFO: [ view_filter ] --END-- [ RunTime:0.005000s ]
INFO: [ app_end ] --START--
INFO: Run Behavior\ShowPageTraceBehavior [ RunTime:0.002000s ]
INFO: [ app_end ] --END-- [ RunTime:0.003000s ]

[ 2016-09-16T20:58:10+08:00 ] ::1 /admin.php
INFO: [ app_init ] --START--
INFO: Run Behavior\BuildLiteBehavior [ RunTime:0.001000s ]
INFO: [ app_init ] --END-- [ RunTime:0.002000s ]
INFO: [ app_begin ] --START--
INFO: Run Behavior\ReadHtmlCacheBehavior [ RunTime:0.003000s ]
INFO: [ app_begin ] --END-- [ RunTime:0.004000s ]
INFO: [ view_parse ] --START--
INFO: [ template_filter ] --START--
INFO: Run Behavior\ContentReplaceBehavior [ RunTime:0.001000s ]
INFO: [ template_filter ] --END-- [ RunTime:0.001000s ]
INFO: Run Behavior\ParseTemplateBehavior [ RunTime:0.084005s ]
INFO: [ view_parse ] --END-- [ RunTime:0.084005s ]
INFO: [ view_filter ] --START--
INFO: Run Behavior\WriteHtmlCacheBehavior [ RunTime:0.002000s ]
INFO: [ view_filter ] --END-- [ RunTime:0.002000s ]
INFO: [ app_end ] --START--
INFO: Run Behavior\ShowPageTraceBehavior [ RunTime:0.002001s ]
INFO: [ app_end ] --END-- [ RunTime:0.003001s ]

[ 2016-09-16T20:58:18+08:00 ] ::1 /admin.php/Home/Index/login
INFO: [ app_init ] --START--
INFO: Run Behavior\BuildLiteBehavior [ RunTime:0.000000s ]
INFO: [ app_init ] --END-- [ RunTime:0.002000s ]
INFO: [ app_begin ] --START--
INFO: Run Behavior\ReadHtmlCacheBehavior [ RunTime:0.009001s ]
INFO: [ app_begin ] --END-- [ RunTime:0.009001s ]
SQL: SHOW COLUMNS FROM `admin` [ RunTime:0.0140s ]
SQL: SELECT * FROM `admin` WHERE `adminName` = 'admin' AND `password` = 'admin'  [ RunTime:0.0040s ]
INFO: [ view_parse ] --START--
INFO: [ template_filter ] --START--
INFO: Run Behavior\ContentReplaceBehavior [ RunTime:0.000000s ]
INFO: [ template_filter ] --END-- [ RunTime:0.001000s ]
NOTIC: [8] Undefined variable: unreadMessage E:\wamp\www\Admin\Runtime\Cache\Home\35aa7395e570a67b1b39372463a46a4e.php 第 235 行.
NOTIC: [8] Undefined variable: unreadMessage E:\wamp\www\Admin\Runtime\Cache\Home\35aa7395e570a67b1b39372463a46a4e.php 第 243 行.
INFO: Run Behavior\ParseTemplateBehavior [ RunTime:0.084005s ]
INFO: [ view_parse ] --END-- [ RunTime:0.085005s ]
INFO: [ view_filter ] --START--
INFO: Run Behavior\WriteHtmlCacheBehavior [ RunTime:0.005001s ]
INFO: [ view_filter ] --END-- [ RunTime:0.005001s ]
INFO: [ app_end ] --START--
INFO: Run Behavior\ShowPageTraceBehavior [ RunTime:0.010000s ]
INFO: [ app_end ] --END-- [ RunTime:0.011000s ]

[ 2016-09-16T20:58:30+08:00 ] ::1 /admin.php/Home/Work/listW
INFO: [ app_init ] --START--
INFO: Run Behavior\BuildLiteBehavior [ RunTime:0.000000s ]
INFO: [ app_init ] --END-- [ RunTime:0.002000s ]
INFO: [ app_begin ] --START--
INFO: Run Behavior\ReadHtmlCacheBehavior [ RunTime:0.003000s ]
INFO: [ app_begin ] --END-- [ RunTime:0.003000s ]
SQL: select COUNT(*) as count from message where targetType = 0 and isRead = 0 [ RunTime:0.0030s ]
SQL: SHOW COLUMNS FROM `work` [ RunTime:0.0140s ]
SQL: SELECT COUNT(*) AS tp_count FROM `work` LIMIT 1   [ RunTime:0.0010s ]
SQL: SELECT work.id,student.stuName,class.className,project.name,work.submitTime,work.finishedTime,work.workUrl,work.remark,work.remarkTime,work.status FROM `work` LEFT JOIN student ON work.stuId = student.id LEFT JOIN class ON work.classId = class.id LEFT JOIN project ON work.projectId = project.id  WHERE ( work.status != 0 ) ORDER BY id LIMIT 0,3   [ RunTime:0.0020s ]
INFO: [ view_parse ] --START--
INFO: [ template_filter ] --START--
INFO: Run Behavior\ContentReplaceBehavior [ RunTime:0.004001s ]
INFO: [ template_filter ] --END-- [ RunTime:0.004001s ]
INFO: Run Behavior\ParseTemplateBehavior [ RunTime:0.070004s ]
INFO: [ view_parse ] --END-- [ RunTime:0.070004s ]
INFO: [ view_filter ] --START--
INFO: Run Behavior\WriteHtmlCacheBehavior [ RunTime:0.002000s ]
INFO: [ view_filter ] --END-- [ RunTime:0.002000s ]
INFO: [ app_end ] --START--
INFO: Run Behavior\ShowPageTraceBehavior [ RunTime:0.002000s ]
INFO: [ app_end ] --END-- [ RunTime:0.004001s ]

[ 2016-09-16T20:58:35+08:00 ] ::1 /admin.php/Home/Project/index.html
INFO: [ app_init ] --START--
INFO: Run Behavior\BuildLiteBehavior [ RunTime:0.000000s ]
INFO: [ app_init ] --END-- [ RunTime:0.001000s ]
INFO: [ app_begin ] --START--
INFO: Run Behavior\ReadHtmlCacheBehavior [ RunTime:0.002000s ]
INFO: [ app_begin ] --END-- [ RunTime:0.002000s ]
SQL: select COUNT(*) as count from message where targetType = 0 and isRead = 0 [ RunTime:0.0010s ]
SQL: SHOW COLUMNS FROM `project` [ RunTime:0.0800s ]
SQL: SELECT COUNT(*) AS tp_count FROM `project` LIMIT 1   [ RunTime:0.0290s ]
SQL: SELECT project.id,project.name,project.requireTime,project.dataUrl,cate.cName FROM `project` LEFT JOIN project_cate ON project.id = project_cate.projectId LEFT JOIN cate ON project_cate.cateId = cate.id  ORDER BY id LIMIT 0,3   [ RunTime:0.1320s ]
INFO: [ view_parse ] --START--
INFO: [ template_filter ] --START--
INFO: Run Behavior\ContentReplaceBehavior [ RunTime:0.000000s ]
INFO: [ template_filter ] --END-- [ RunTime:0.001000s ]
INFO: Run Behavior\ParseTemplateBehavior [ RunTime:0.071004s ]
INFO: [ view_parse ] --END-- [ RunTime:0.072004s ]
INFO: [ view_filter ] --START--
INFO: Run Behavior\WriteHtmlCacheBehavior [ RunTime:0.002000s ]
INFO: [ view_filter ] --END-- [ RunTime:0.002000s ]
INFO: [ app_end ] --START--
INFO: Run Behavior\ShowPageTraceBehavior [ RunTime:0.003001s ]
INFO: [ app_end ] --END-- [ RunTime:0.003001s ]

[ 2016-09-16T20:58:37+08:00 ] ::1 /admin.php/Home/Class/index.html
INFO: [ app_init ] --START--
INFO: Run Behavior\BuildLiteBehavior [ RunTime:0.000000s ]
INFO: [ app_init ] --END-- [ RunTime:0.002000s ]
INFO: [ app_begin ] --START--
INFO: Run Behavior\ReadHtmlCacheBehavior [ RunTime:0.002000s ]
INFO: [ app_begin ] --END-- [ RunTime:0.002000s ]
SQL: select COUNT(*) as count from message where targetType = 0 and isRead = 0 [ RunTime:0.0000s ]
SQL: SHOW COLUMNS FROM `class` [ RunTime:0.0280s ]
SQL: SELECT COUNT(*) AS tp_count FROM `class` LIMIT 1   [ RunTime:0.0320s ]
SQL: SELECT class.id,class.classNo,class.className,class.classPrice,class.startTime,class.classIntro,class.avePeriod,cate.cName FROM `class` LEFT JOIN cate ON class.classCate = cate.id  ORDER BY id LIMIT 0,3   [ RunTime:0.0040s ]
INFO: [ view_parse ] --START--
INFO: [ template_filter ] --START--
INFO: Run Behavior\ContentReplaceBehavior [ RunTime:0.000000s ]
INFO: [ template_filter ] --END-- [ RunTime:0.000000s ]
INFO: Run Behavior\ParseTemplateBehavior [ RunTime:0.070004s ]
INFO: [ view_parse ] --END-- [ RunTime:0.070004s ]
INFO: [ view_filter ] --START--
INFO: Run Behavior\WriteHtmlCacheBehavior [ RunTime:0.001000s ]
INFO: [ view_filter ] --END-- [ RunTime:0.002000s ]
INFO: [ app_end ] --START--
INFO: Run Behavior\ShowPageTraceBehavior [ RunTime:0.002000s ]
INFO: [ app_end ] --END-- [ RunTime:0.002000s ]

[ 2016-09-16T20:58:40+08:00 ] ::1 /admin.php/Home/Cate/index.html
INFO: [ app_init ] --START--
INFO: Run Behavior\BuildLiteBehavior [ RunTime:0.000000s ]
INFO: [ app_init ] --END-- [ RunTime:0.002000s ]
INFO: [ app_begin ] --START--
INFO: Run Behavior\ReadHtmlCacheBehavior [ RunTime:0.004000s ]
INFO: [ app_begin ] --END-- [ RunTime:0.004000s ]
SQL: select COUNT(*) as count from message where targetType = 0 and isRead = 0 [ RunTime:0.0190s ]
SQL: SHOW COLUMNS FROM `cate` [ RunTime:0.0160s ]
SQL: SELECT COUNT(*) AS tp_count FROM `cate` LIMIT 1   [ RunTime:0.4090s ]
SQL: SELECT `id`,`cNo`,`cName` FROM `cate` ORDER BY id LIMIT 0,3   [ RunTime:0.0030s ]
INFO: [ view_parse ] --START--
INFO: [ template_filter ] --START--
INFO: Run Behavior\ContentReplaceBehavior [ RunTime:0.001001s ]
INFO: [ template_filter ] --END-- [ RunTime:0.001001s ]
INFO: Run Behavior\ParseTemplateBehavior [ RunTime:0.054003s ]
INFO: [ view_parse ] --END-- [ RunTime:0.054003s ]
INFO: [ view_filter ] --START--
INFO: Run Behavior\WriteHtmlCacheBehavior [ RunTime:0.002000s ]
INFO: [ view_filter ] --END-- [ RunTime:0.003000s ]
INFO: [ app_end ] --START--
INFO: Run Behavior\ShowPageTraceBehavior [ RunTime:0.002000s ]
INFO: [ app_end ] --END-- [ RunTime:0.002000s ]

[ 2016-09-16T20:58:43+08:00 ] ::1 /admin.php/Home/Cate/index/p/2.html
INFO: [ app_init ] --START--
INFO: Run Behavior\BuildLiteBehavior [ RunTime:0.000000s ]
INFO: [ app_init ] --END-- [ RunTime:0.002001s ]
INFO: [ app_begin ] --START--
INFO: Run Behavior\ReadHtmlCacheBehavior [ RunTime:0.002000s ]
INFO: [ app_begin ] --END-- [ RunTime:0.002000s ]
SQL: select COUNT(*) as count from message where targetType = 0 and isRead = 0 [ RunTime:0.0030s ]
SQL: SHOW COLUMNS FROM `cate` [ RunTime:0.0170s ]
SQL: SELECT COUNT(*) AS tp_count FROM `cate` LIMIT 1   [ RunTime:0.0010s ]
SQL: SELECT `id`,`cNo`,`cName` FROM `cate` ORDER BY id LIMIT 3,3   [ RunTime:0.0030s ]
INFO: [ view_parse ] --START--
INFO: [ template_filter ] --START--
INFO: Run Behavior\ContentReplaceBehavior [ RunTime:0.001000s ]
INFO: [ template_filter ] --END-- [ RunTime:0.001000s ]
INFO: Run Behavior\ParseTemplateBehavior [ RunTime:0.045002s ]
INFO: [ view_parse ] --END-- [ RunTime:0.045002s ]
INFO: [ view_filter ] --START--
INFO: Run Behavior\WriteHtmlCacheBehavior [ RunTime:0.002000s ]
INFO: [ view_filter ] --END-- [ RunTime:0.003000s ]
INFO: [ app_end ] --START--
INFO: Run Behavior\ShowPageTraceBehavior [ RunTime:0.002000s ]
INFO: [ app_end ] --END-- [ RunTime:0.002000s ]

[ 2016-09-16T20:58:45+08:00 ] ::1 /admin.php/Home/Cate/index/p/1.html
INFO: [ app_init ] --START--
INFO: Run Behavior\BuildLiteBehavior [ RunTime:0.000000s ]
INFO: [ app_init ] --END-- [ RunTime:0.002000s ]
INFO: [ app_begin ] --START--
INFO: Run Behavior\ReadHtmlCacheBehavior [ RunTime:0.002000s ]
INFO: [ app_begin ] --END-- [ RunTime:0.002000s ]
SQL: select COUNT(*) as count from message where targetType = 0 and isRead = 0 [ RunTime:0.0010s ]
SQL: SHOW COLUMNS FROM `cate` [ RunTime:0.0180s ]
SQL: SELECT COUNT(*) AS tp_count FROM `cate` LIMIT 1   [ RunTime:0.0020s ]
SQL: SELECT `id`,`cNo`,`cName` FROM `cate` ORDER BY id LIMIT 0,3   [ RunTime:0.0030s ]
INFO: [ view_parse ] --START--
INFO: [ template_filter ] --START--
INFO: Run Behavior\ContentReplaceBehavior [ RunTime:0.001000s ]
INFO: [ template_filter ] --END-- [ RunTime:0.001000s ]
INFO: Run Behavior\ParseTemplateBehavior [ RunTime:0.049003s ]
INFO: [ view_parse ] --END-- [ RunTime:0.050003s ]
INFO: [ view_filter ] --START--
INFO: Run Behavior\WriteHtmlCacheBehavior [ RunTime:0.002000s ]
INFO: [ view_filter ] --END-- [ RunTime:0.002000s ]
INFO: [ app_end ] --START--
INFO: Run Behavior\ShowPageTraceBehavior [ RunTime:0.008000s ]
INFO: [ app_end ] --END-- [ RunTime:0.009000s ]

[ 2016-09-16T20:58:47+08:00 ] ::1 /admin.php/Home/Cate/index/p/2.html
INFO: [ app_init ] --START--
INFO: Run Behavior\BuildLiteBehavior [ RunTime:0.003001s ]
INFO: [ app_init ] --END-- [ RunTime:0.006001s ]
INFO: [ app_begin ] --START--
INFO: Run Behavior\ReadHtmlCacheBehavior [ RunTime:0.002000s ]
INFO: [ app_begin ] --END-- [ RunTime:0.002000s ]
SQL: select COUNT(*) as count from message where targetType = 0 and isRead = 0 [ RunTime:0.0010s ]
SQL: SHOW COLUMNS FROM `cate` [ RunTime:0.0170s ]
SQL: SELECT COUNT(*) AS tp_count FROM `cate` LIMIT 1   [ RunTime:0.0020s ]
SQL: SELECT `id`,`cNo`,`cName` FROM `cate` ORDER BY id LIMIT 3,3   [ RunTime:0.0020s ]
INFO: [ view_parse ] --START--
INFO: [ template_filter ] --START--
INFO: Run Behavior\ContentReplaceBehavior [ RunTime:0.000000s ]
INFO: [ template_filter ] --END-- [ RunTime:0.001000s ]
INFO: Run Behavior\ParseTemplateBehavior [ RunTime:0.048003s ]
INFO: [ view_parse ] --END-- [ RunTime:0.048003s ]
INFO: [ view_filter ] --START--
INFO: Run Behavior\WriteHtmlCacheBehavior [ RunTime:0.004000s ]
INFO: [ view_filter ] --END-- [ RunTime:0.006000s ]
INFO: [ app_end ] --START--
INFO: Run Behavior\ShowPageTraceBehavior [ RunTime:0.043003s ]
INFO: [ app_end ] --END-- [ RunTime:0.043003s ]

[ 2016-09-16T20:58:48+08:00 ] ::1 /admin.php/Home/Cate/index/p/1.html
INFO: [ app_init ] --START--
INFO: Run Behavior\BuildLiteBehavior [ RunTime:0.000000s ]
INFO: [ app_init ] --END-- [ RunTime:0.004001s ]
INFO: [ app_begin ] --START--
INFO: Run Behavior\ReadHtmlCacheBehavior [ RunTime:0.002000s ]
INFO: [ app_begin ] --END-- [ RunTime:0.002000s ]
SQL: select COUNT(*) as count from message where targetType = 0 and isRead = 0 [ RunTime:0.0010s ]
SQL: SHOW COLUMNS FROM `cate` [ RunTime:0.0130s ]
SQL: SELECT COUNT(*) AS tp_count FROM `cate` LIMIT 1   [ RunTime:0.0000s ]
SQL: SELECT `id`,`cNo`,`cName` FROM `cate` ORDER BY id LIMIT 0,3   [ RunTime:0.0030s ]
INFO: [ view_parse ] --START--
INFO: [ template_filter ] --START--
INFO: Run Behavior\ContentReplaceBehavior [ RunTime:0.000000s ]
INFO: [ template_filter ] --END-- [ RunTime:0.001001s ]
INFO: Run Behavior\ParseTemplateBehavior [ RunTime:0.045003s ]
INFO: [ view_parse ] --END-- [ RunTime:0.046003s ]
INFO: [ view_filter ] --START--
INFO: Run Behavior\WriteHtmlCacheBehavior [ RunTime:0.002000s ]
INFO: [ view_filter ] --END-- [ RunTime:0.002000s ]
INFO: [ app_end ] --START--
INFO: Run Behavior\ShowPageTraceBehavior [ RunTime:0.004000s ]
INFO: [ app_end ] --END-- [ RunTime:0.004000s ]

[ 2016-09-16T20:58:50+08:00 ] ::1 /admin.php/Home/Cate/index/p/2.html
INFO: [ app_init ] --START--
INFO: Run Behavior\BuildLiteBehavior [ RunTime:0.001000s ]
INFO: [ app_init ] --END-- [ RunTime:0.003000s ]
INFO: [ app_begin ] --START--
INFO: Run Behavior\ReadHtmlCacheBehavior [ RunTime:0.002000s ]
INFO: [ app_begin ] --END-- [ RunTime:0.003000s ]
SQL: select COUNT(*) as count from message where targetType = 0 and isRead = 0 [ RunTime:0.0010s ]
SQL: SHOW COLUMNS FROM `cate` [ RunTime:0.0170s ]
SQL: SELECT COUNT(*) AS tp_count FROM `cate` LIMIT 1   [ RunTime:0.0020s ]
SQL: SELECT `id`,`cNo`,`cName` FROM `cate` ORDER BY id LIMIT 3,3   [ RunTime:0.0010s ]
INFO: [ view_parse ] --START--
INFO: [ template_filter ] --START--
INFO: Run Behavior\ContentReplaceBehavior [ RunTime:0.000000s ]
INFO: [ template_filter ] --END-- [ RunTime:0.001000s ]
INFO: Run Behavior\ParseTemplateBehavior [ RunTime:0.049003s ]
INFO: [ view_parse ] --END-- [ RunTime:0.049003s ]
INFO: [ view_filter ] --START--
INFO: Run Behavior\WriteHtmlCacheBehavior [ RunTime:0.001000s ]
INFO: [ view_filter ] --END-- [ RunTime:0.002000s ]
INFO: [ app_end ] --START--
INFO: Run Behavior\ShowPageTraceBehavior [ RunTime:0.004000s ]
INFO: [ app_end ] --END-- [ RunTime:0.004000s ]

[ 2016-09-16T20:59:06+08:00 ] ::1 /admin.php/Home/Cate/index/p/1.html
INFO: [ app_init ] --START--
INFO: Run Behavior\BuildLiteBehavior [ RunTime:0.000000s ]
INFO: [ app_init ] --END-- [ RunTime:0.002001s ]
INFO: [ app_begin ] --START--
INFO: Run Behavior\ReadHtmlCacheBehavior [ RunTime:0.002000s ]
INFO: [ app_begin ] --END-- [ RunTime:0.003000s ]
SQL: select COUNT(*) as count from message where targetType = 0 and isRead = 0 [ RunTime:0.0010s ]
SQL: SHOW COLUMNS FROM `cate` [ RunTime:0.0170s ]
SQL: SELECT COUNT(*) AS tp_count FROM `cate` LIMIT 1   [ RunTime:0.0010s ]
SQL: SELECT `id`,`cNo`,`cName` FROM `cate` ORDER BY id LIMIT 0,3   [ RunTime:0.0010s ]
INFO: [ view_parse ] --START--
INFO: [ template_filter ] --START--
INFO: Run Behavior\ContentReplaceBehavior [ RunTime:0.001000s ]
INFO: [ template_filter ] --END-- [ RunTime:0.001000s ]
INFO: Run Behavior\ParseTemplateBehavior [ RunTime:0.044002s ]
INFO: [ view_parse ] --END-- [ RunTime:0.047002s ]
INFO: [ view_filter ] --START--
INFO: Run Behavior\WriteHtmlCacheBehavior [ RunTime:0.001000s ]
INFO: [ view_filter ] --END-- [ RunTime:0.002000s ]
INFO: [ app_end ] --START--
INFO: Run Behavior\ShowPageTraceBehavior [ RunTime:0.002000s ]
INFO: [ app_end ] --END-- [ RunTime:0.002000s ]

[ 2016-09-16T20:59:16+08:00 ] ::1 /admin.php/Home/Cate/index/p/2.html
INFO: [ app_init ] --START--
INFO: Run Behavior\BuildLiteBehavior [ RunTime:0.000000s ]
INFO: [ app_init ] --END-- [ RunTime:0.002000s ]
INFO: [ app_begin ] --START--
INFO: Run Behavior\ReadHtmlCacheBehavior [ RunTime:0.002000s ]
INFO: [ app_begin ] --END-- [ RunTime:0.003001s ]
SQL: select COUNT(*) as count from message where targetType = 0 and isRead = 0 [ RunTime:0.0020s ]
SQL: SHOW COLUMNS FROM `cate` [ RunTime:0.0140s ]
SQL: SELECT COUNT(*) AS tp_count FROM `cate` LIMIT 1   [ RunTime:0.0020s ]
SQL: SELECT `id`,`cNo`,`cName` FROM `cate` ORDER BY id LIMIT 3,3   [ RunTime:0.0010s ]
INFO: [ view_parse ] --START--
INFO: [ template_filter ] --START--
INFO: Run Behavior\ContentReplaceBehavior [ RunTime:0.000000s ]
INFO: [ template_filter ] --END-- [ RunTime:0.001001s ]
INFO: Run Behavior\ParseTemplateBehavior [ RunTime:0.050003s ]
INFO: [ view_parse ] --END-- [ RunTime:0.050003s ]
INFO: [ view_filter ] --START--
INFO: Run Behavior\WriteHtmlCacheBehavior [ RunTime:0.002000s ]
INFO: [ view_filter ] --END-- [ RunTime:0.002000s ]
INFO: [ app_end ] --START--
INFO: Run Behavior\ShowPageTraceBehavior [ RunTime:0.004000s ]
INFO: [ app_end ] --END-- [ RunTime:0.005000s ]

[ 2016-09-16T20:59:19+08:00 ] ::1 /admin.php/Home/Cate/index/p/1.html
INFO: [ app_init ] --START--
INFO: Run Behavior\BuildLiteBehavior [ RunTime:0.000000s ]
INFO: [ app_init ] --END-- [ RunTime:0.002000s ]
INFO: [ app_begin ] --START--
INFO: Run Behavior\ReadHtmlCacheBehavior [ RunTime:0.004000s ]
INFO: [ app_begin ] --END-- [ RunTime:0.004000s ]
SQL: select COUNT(*) as count from message where targetType = 0 and isRead = 0 [ RunTime:0.0010s ]
SQL: SHOW COLUMNS FROM `cate` [ RunTime:0.0200s ]
SQL: SELECT COUNT(*) AS tp_count FROM `cate` LIMIT 1   [ RunTime:0.0020s ]
SQL: SELECT `id`,`cNo`,`cName` FROM `cate` ORDER BY id LIMIT 0,3   [ RunTime:0.0020s ]
INFO: [ view_parse ] --START--
INFO: [ template_filter ] --START--
INFO: Run Behavior\ContentReplaceBehavior [ RunTime:0.000000s ]
INFO: [ template_filter ] --END-- [ RunTime:0.002000s ]
INFO: Run Behavior\ParseTemplateBehavior [ RunTime:0.050003s ]
INFO: [ view_parse ] --END-- [ RunTime:0.050003s ]
INFO: [ view_filter ] --START--
INFO: Run Behavior\WriteHtmlCacheBehavior [ RunTime:0.002000s ]
INFO: [ view_filter ] --END-- [ RunTime:0.002000s ]
INFO: [ app_end ] --START--
INFO: Run Behavior\ShowPageTraceBehavior [ RunTime:0.004000s ]
INFO: [ app_end ] --END-- [ RunTime:0.004000s ]

[ 2016-09-16T20:59:34+08:00 ] ::1 /admin.php/Home/Cate/index/p/1.html
INFO: [ app_init ] --START--
INFO: Run Behavior\BuildLiteBehavior [ RunTime:0.001000s ]
INFO: [ app_init ] --END-- [ RunTime:0.002000s ]
INFO: [ app_begin ] --START--
INFO: Run Behavior\ReadHtmlCacheBehavior [ RunTime:0.002000s ]
INFO: [ app_begin ] --END-- [ RunTime:0.003000s ]
SQL: select COUNT(*) as count from message where targetType = 0 and isRead = 0 [ RunTime:0.0010s ]
SQL: SHOW COLUMNS FROM `cate` [ RunTime:0.0180s ]
SQL: SELECT COUNT(*) AS tp_count FROM `cate` LIMIT 1   [ RunTime:0.0010s ]
SQL: SELECT `id`,`cNo`,`cName` FROM `cate` ORDER BY id LIMIT 0,3   [ RunTime:0.0010s ]
INFO: [ view_parse ] --START--
INFO: [ template_filter ] --START--
INFO: Run Behavior\ContentReplaceBehavior [ RunTime:0.000000s ]
INFO: [ template_filter ] --END-- [ RunTime:0.003001s ]
INFO: Run Behavior\ParseTemplateBehavior [ RunTime:0.049003s ]
INFO: [ view_parse ] --END-- [ RunTime:0.049003s ]
INFO: [ view_filter ] --START--
INFO: Run Behavior\WriteHtmlCacheBehavior [ RunTime:0.002000s ]
INFO: [ view_filter ] --END-- [ RunTime:0.002000s ]
INFO: [ app_end ] --START--
INFO: Run Behavior\ShowPageTraceBehavior [ RunTime:0.002000s ]
INFO: [ app_end ] --END-- [ RunTime:0.004001s ]

[ 2016-09-16T21:07:18+08:00 ] ::1 /admin.php/Home/Cate/index/p/1.html
INFO: [ app_init ] --START--
INFO: Run Behavior\BuildLiteBehavior [ RunTime:0.000000s ]
INFO: [ app_init ] --END-- [ RunTime:0.002000s ]
INFO: [ app_begin ] --START--
INFO: Run Behavior\ReadHtmlCacheBehavior [ RunTime:0.002000s ]
INFO: [ app_begin ] --END-- [ RunTime:0.002000s ]
SQL: select COUNT(*) as count from message where targetType = 0 and isRead = 0 [ RunTime:0.0010s ]
SQL: SHOW COLUMNS FROM `cate` [ RunTime:0.0150s ]
SQL: SELECT COUNT(*) AS tp_count FROM `cate` LIMIT 1   [ RunTime:0.0010s ]
SQL: SELECT `id`,`cNo`,`cName` FROM `cate` ORDER BY id LIMIT 0,3   [ RunTime:0.0020s ]
INFO: [ view_parse ] --START--
INFO: [ template_filter ] --START--
INFO: Run Behavior\ContentReplaceBehavior [ RunTime:0.001000s ]
INFO: [ template_filter ] --END-- [ RunTime:0.001000s ]
INFO: Run Behavior\ParseTemplateBehavior [ RunTime:0.042002s ]
INFO: [ view_parse ] --END-- [ RunTime:0.043002s ]
INFO: [ view_filter ] --START--
INFO: Run Behavior\WriteHtmlCacheBehavior [ RunTime:0.002000s ]
INFO: [ view_filter ] --END-- [ RunTime:0.003000s ]
INFO: [ app_end ] --START--
INFO: Run Behavior\ShowPageTraceBehavior [ RunTime:0.003001s ]
INFO: [ app_end ] --END-- [ RunTime:0.003001s ]

