[ 2016-09-21T21:53:20+08:00 ] ::1 /admin.php
INFO: [ app_init ] --START--
INFO: Run Behavior\BuildLiteBehavior [ RunTime:0.000000s ]
INFO: [ app_init ] --END-- [ RunTime:0.002000s ]
INFO: [ app_begin ] --START--
INFO: Run Behavior\ReadHtmlCacheBehavior [ RunTime:0.007000s ]
INFO: [ app_begin ] --END-- [ RunTime:0.007000s ]
INFO: [ view_parse ] --START--
INFO: [ template_filter ] --START--
INFO: Run Behavior\ContentReplaceBehavior [ RunTime:0.000000s ]
INFO: [ template_filter ] --END-- [ RunTime:0.001000s ]
INFO: Run Behavior\ParseTemplateBehavior [ RunTime:0.108007s ]
INFO: [ view_parse ] --END-- [ RunTime:0.108007s ]
INFO: [ view_filter ] --START--
INFO: Run Behavior\WriteHtmlCacheBehavior [ RunTime:0.042002s ]
INFO: [ view_filter ] --END-- [ RunTime:0.042002s ]
INFO: [ app_end ] --START--
INFO: Run Behavior\ShowPageTraceBehavior [ RunTime:0.003000s ]
INFO: [ app_end ] --END-- [ RunTime:0.003000s ]

[ 2016-09-21T21:53:27+08:00 ] ::1 /admin.php/Home/Index/login
INFO: [ app_init ] --START--
INFO: Run Behavior\BuildLiteBehavior [ RunTime:0.000000s ]
INFO: [ app_init ] --END-- [ RunTime:0.001000s ]
INFO: [ app_begin ] --START--
INFO: Run Behavior\ReadHtmlCacheBehavior [ RunTime:0.001000s ]
INFO: [ app_begin ] --END-- [ RunTime:0.002000s ]
SQL: SHOW COLUMNS FROM `admin` [ RunTime:1.1481s ]
SQL: SELECT * FROM `admin` WHERE `adminName` = 'admin' AND `password` = 'asdmin'  [ RunTime:0.0330s ]
INFO: [ view_parse ] --START--
INFO: [ template_filter ] --START--
INFO: Run Behavior\ContentReplaceBehavior [ RunTime:0.012000s ]
INFO: [ template_filter ] --END-- [ RunTime:0.013000s ]
INFO: Run Behavior\ParseTemplateBehavior [ RunTime:0.057003s ]
INFO: [ view_parse ] --END-- [ RunTime:0.057003s ]
INFO: [ view_filter ] --START--
INFO: Run Behavior\WriteHtmlCacheBehavior [ RunTime:0.001001s ]
INFO: [ view_filter ] --END-- [ RunTime:0.002001s ]

[ 2016-09-21T21:53:28+08:00 ] ::1 /admin.php/Home/Index/login
INFO: [ app_init ] --START--
INFO: Run Behavior\BuildLiteBehavior [ RunTime:0.000000s ]
INFO: [ app_init ] --END-- [ RunTime:0.003000s ]
INFO: [ app_begin ] --START--
INFO: Run Behavior\ReadHtmlCacheBehavior [ RunTime:0.003001s ]
INFO: [ app_begin ] --END-- [ RunTime:0.003001s ]
SQL: SHOW COLUMNS FROM `admin` [ RunTime:0.0120s ]
SQL: SELECT * FROM `admin` WHERE `adminName` = 'admin' AND `password` = 'asdmin'  [ RunTime:0.0010s ]
INFO: [ view_parse ] --START--
INFO: [ template_filter ] --START--
INFO: Run Behavior\ContentReplaceBehavior [ RunTime:0.000000s ]
INFO: [ template_filter ] --END-- [ RunTime:0.000000s ]
INFO: Run Behavior\ParseTemplateBehavior [ RunTime:0.053003s ]
INFO: [ view_parse ] --END-- [ RunTime:0.053003s ]
INFO: [ view_filter ] --START--
INFO: Run Behavior\WriteHtmlCacheBehavior [ RunTime:0.001001s ]
INFO: [ view_filter ] --END-- [ RunTime:0.001001s ]

[ 2016-09-21T21:53:33+08:00 ] ::1 /admin.php/Home/Index/login
INFO: [ app_init ] --START--
INFO: Run Behavior\BuildLiteBehavior [ RunTime:0.000000s ]
INFO: [ app_init ] --END-- [ RunTime:0.003000s ]
INFO: [ app_begin ] --START--
INFO: Run Behavior\ReadHtmlCacheBehavior [ RunTime:0.001000s ]
INFO: [ app_begin ] --END-- [ RunTime:0.001000s ]
SQL: SHOW COLUMNS FROM `admin` [ RunTime:0.0150s ]
SQL: SELECT * FROM `admin` WHERE `adminName` = 'admin' AND `password` = 'admin'  [ RunTime:0.0020s ]
INFO: [ view_parse ] --START--
INFO: [ template_filter ] --START--
INFO: Run Behavior\ContentReplaceBehavior [ RunTime:0.000000s ]
INFO: [ template_filter ] --END-- [ RunTime:0.001000s ]
NOTIC: [8] Undefined variable: unreadMessage E:\wamp\www\Admin\Runtime\Cache\Home\35aa7395e570a67b1b39372463a46a4e.php 第 235 行.
NOTIC: [8] Undefined variable: unreadMessage E:\wamp\www\Admin\Runtime\Cache\Home\35aa7395e570a67b1b39372463a46a4e.php 第 243 行.
INFO: Run Behavior\ParseTemplateBehavior [ RunTime:0.228013s ]
INFO: [ view_parse ] --END-- [ RunTime:0.228013s ]
INFO: [ view_filter ] --START--
INFO: Run Behavior\WriteHtmlCacheBehavior [ RunTime:0.001000s ]
INFO: [ view_filter ] --END-- [ RunTime:0.003000s ]
INFO: [ app_end ] --START--
INFO: Run Behavior\ShowPageTraceBehavior [ RunTime:0.004000s ]
INFO: [ app_end ] --END-- [ RunTime:0.005000s ]

[ 2016-09-21T21:53:39+08:00 ] ::1 /admin.php/Home/Class/index.html
INFO: [ app_init ] --START--
INFO: Run Behavior\BuildLiteBehavior [ RunTime:0.000000s ]
INFO: [ app_init ] --END-- [ RunTime:0.001000s ]
INFO: [ app_begin ] --START--
INFO: Run Behavior\ReadHtmlCacheBehavior [ RunTime:0.001000s ]
INFO: [ app_begin ] --END-- [ RunTime:0.003000s ]
SQL: select COUNT(*) as count from message where targetType = 0 and isRead = 0 [ RunTime:0.2060s ]
SQL: SHOW COLUMNS FROM `class` [ RunTime:0.1190s ]
SQL: SELECT COUNT(*) AS tp_count FROM `class` LIMIT 1   [ RunTime:0.0020s ]
SQL: SELECT class.id,class.classNo,class.className,class.classPrice,class.startTime,class.classIntro,class.avePeriod,cate.cName FROM `class` LEFT JOIN cate ON class.classCate = cate.id  ORDER BY id LIMIT 0,3   [ RunTime:0.2410s ]
INFO: [ view_parse ] --START--
INFO: [ template_filter ] --START--
INFO: Run Behavior\ContentReplaceBehavior [ RunTime:0.001000s ]
INFO: [ template_filter ] --END-- [ RunTime:0.001000s ]
INFO: Run Behavior\ParseTemplateBehavior [ RunTime:0.067004s ]
INFO: [ view_parse ] --END-- [ RunTime:0.068004s ]
INFO: [ view_filter ] --START--
INFO: Run Behavior\WriteHtmlCacheBehavior [ RunTime:0.002000s ]
INFO: [ view_filter ] --END-- [ RunTime:0.002000s ]
INFO: [ app_end ] --START--
INFO: Run Behavior\ShowPageTraceBehavior [ RunTime:0.002001s ]
INFO: [ app_end ] --END-- [ RunTime:0.002001s ]

[ 2016-09-21T21:53:41+08:00 ] ::1 /admin.php/Home/Class/prepare?mode=%27%27
INFO: [ app_init ] --START--
INFO: Run Behavior\BuildLiteBehavior [ RunTime:0.000000s ]
INFO: [ app_init ] --END-- [ RunTime:0.006000s ]
INFO: [ app_begin ] --START--
INFO: Run Behavior\ReadHtmlCacheBehavior [ RunTime:0.001000s ]
INFO: [ app_begin ] --END-- [ RunTime:0.002000s ]
SQL: select COUNT(*) as count from message where targetType = 0 and isRead = 0 [ RunTime:0.0010s ]
SQL: select id, cName from cate [ RunTime:0.0020s ]
INFO: [ view_parse ] --START--
INFO: [ template_filter ] --START--
INFO: Run Behavior\ContentReplaceBehavior [ RunTime:0.000000s ]
INFO: [ template_filter ] --END-- [ RunTime:0.001000s ]
NOTIC: [8] Undefined index: classintro E:\wamp\www\Admin\Runtime\Cache\Home\d80516d74b20cdad9f8bc56bea2df03f.php 第 839 行.
INFO: Run Behavior\ParseTemplateBehavior [ RunTime:0.068004s ]
INFO: [ view_parse ] --END-- [ RunTime:0.068004s ]
INFO: [ view_filter ] --START--
INFO: Run Behavior\WriteHtmlCacheBehavior [ RunTime:0.002000s ]
INFO: [ view_filter ] --END-- [ RunTime:0.003000s ]
INFO: [ app_end ] --START--
INFO: Run Behavior\ShowPageTraceBehavior [ RunTime:0.001000s ]
INFO: [ app_end ] --END-- [ RunTime:0.002000s ]

[ 2016-09-21T21:54:08+08:00 ] ::1 /admin.php/Home/Class/add
INFO: [ app_init ] --START--
INFO: Run Behavior\BuildLiteBehavior [ RunTime:0.000000s ]
INFO: [ app_init ] --END-- [ RunTime:0.003000s ]
INFO: [ app_begin ] --START--
INFO: Run Behavior\ReadHtmlCacheBehavior [ RunTime:0.003000s ]
INFO: [ app_begin ] --END-- [ RunTime:0.003000s ]
SQL: select COUNT(*) as count from message where targetType = 0 and isRead = 0 [ RunTime:0.0000s ]
SQL: SHOW COLUMNS FROM `class` [ RunTime:0.0160s ]
NOTIC: [8] Undefined index: validate E:\wamp\www\ThinkPHP\Library\Think\Model.class.php 第 1185 行.
NOTIC: [8] Undefined index: auto E:\wamp\www\ThinkPHP\Library\Think\Model.class.php 第 1128 行.
SQL: INSERT INTO `class` (`classCate`,`classNo`,`className`,`classPrice`,`startTime`,`avePeriod`,`coachMinPrice`,`coachMaxPrice`,`classIntro`) VALUES ('1','3141','qqq','d','2016-09-02','re','0','0','sdf') [ RunTime:0.2650s ]

[ 2016-09-21T21:54:53+08:00 ] ::1 /admin.php/Home/Class/add
INFO: [ app_init ] --START--
INFO: Run Behavior\BuildLiteBehavior [ RunTime:0.000000s ]
INFO: [ app_init ] --END-- [ RunTime:0.001000s ]
INFO: [ app_begin ] --START--
INFO: Run Behavior\ReadHtmlCacheBehavior [ RunTime:0.001000s ]
INFO: [ app_begin ] --END-- [ RunTime:0.002000s ]
SQL: select COUNT(*) as count from message where targetType = 0 and isRead = 0 [ RunTime:0.0010s ]
SQL: SHOW COLUMNS FROM `class` [ RunTime:0.0210s ]
NOTIC: [8] Undefined index: validate E:\wamp\www\ThinkPHP\Library\Think\Model.class.php 第 1185 行.
NOTIC: [8] Undefined index: auto E:\wamp\www\ThinkPHP\Library\Think\Model.class.php 第 1128 行.
SQL: INSERT INTO `class` (`classCate`,`classNo`,`className`,`classPrice`,`startTime`,`avePeriod`,`coachMinPrice`,`coachMaxPrice`,`classIntro`) VALUES ('1','3141','qqq','d','2016-09-02','re','0','0','sdf') [ RunTime:0.0740s ]
INFO: [ app_end ] --START--
INFO: Run Behavior\ShowPageTraceBehavior [ RunTime:0.002000s ]
INFO: [ app_end ] --END-- [ RunTime:0.002000s ]

[ 2016-09-21T22:01:07+08:00 ] ::1 /admin.php/Home/Class/prepare?mode=%27%27
INFO: [ app_init ] --START--
INFO: Run Behavior\BuildLiteBehavior [ RunTime:0.000000s ]
INFO: [ app_init ] --END-- [ RunTime:0.002000s ]
INFO: [ app_begin ] --START--
INFO: Run Behavior\ReadHtmlCacheBehavior [ RunTime:0.002000s ]
INFO: [ app_begin ] --END-- [ RunTime:0.003000s ]
SQL: select COUNT(*) as count from message where targetType = 0 and isRead = 0 [ RunTime:0.0010s ]
SQL: select id, cName from cate [ RunTime:0.0010s ]
INFO: [ view_parse ] --START--
INFO: [ template_filter ] --START--
INFO: Run Behavior\ContentReplaceBehavior [ RunTime:0.000000s ]
INFO: [ template_filter ] --END-- [ RunTime:0.001000s ]
NOTIC: [8] Undefined index: classintro E:\wamp\www\Admin\Runtime\Cache\Home\d80516d74b20cdad9f8bc56bea2df03f.php 第 839 行.
INFO: Run Behavior\ParseTemplateBehavior [ RunTime:0.054003s ]
INFO: [ view_parse ] --END-- [ RunTime:0.055003s ]
INFO: [ view_filter ] --START--
INFO: Run Behavior\WriteHtmlCacheBehavior [ RunTime:0.002001s ]
INFO: [ view_filter ] --END-- [ RunTime:0.002001s ]
INFO: [ app_end ] --START--
INFO: Run Behavior\ShowPageTraceBehavior [ RunTime:0.003000s ]
INFO: [ app_end ] --END-- [ RunTime:0.003000s ]

[ 2016-09-21T22:02:42+08:00 ] ::1 /admin.php/Home/Class/add
INFO: [ app_init ] --START--
INFO: Run Behavior\BuildLiteBehavior [ RunTime:0.000000s ]
INFO: [ app_init ] --END-- [ RunTime:0.002000s ]
INFO: [ app_begin ] --START--
INFO: Run Behavior\ReadHtmlCacheBehavior [ RunTime:0.002000s ]
INFO: [ app_begin ] --END-- [ RunTime:0.002000s ]
SQL: select COUNT(*) as count from message where targetType = 0 and isRead = 0 [ RunTime:0.0010s ]
SQL: SHOW COLUMNS FROM `class` [ RunTime:0.0180s ]
NOTIC: [8] Undefined index: validate E:\wamp\www\ThinkPHP\Library\Think\Model.class.php 第 1185 行.
NOTIC: [8] Undefined index: auto E:\wamp\www\ThinkPHP\Library\Think\Model.class.php 第 1128 行.
SQL: INSERT INTO `class` (`classCate`,`classNo`,`className`,`classPrice`,`startTime`,`avePeriod`,`coachMinPrice`,`coachMaxPrice`,`classIntro`) VALUES ('1','we','qwe','qwe','2016-09-14','e','12','233','sad') [ RunTime:0.0500s ]
INFO: [ app_end ] --START--
INFO: Run Behavior\ShowPageTraceBehavior [ RunTime:0.003000s ]
INFO: [ app_end ] --END-- [ RunTime:0.004000s ]

[ 2016-09-21T22:05:24+08:00 ] ::1 /admin.php/Home/Class/prepare?mode=%27%27
INFO: [ app_init ] --START--
INFO: Run Behavior\BuildLiteBehavior [ RunTime:0.000000s ]
INFO: [ app_init ] --END-- [ RunTime:0.001000s ]
INFO: [ app_begin ] --START--
INFO: Run Behavior\ReadHtmlCacheBehavior [ RunTime:0.002000s ]
INFO: [ app_begin ] --END-- [ RunTime:0.002000s ]
SQL: select COUNT(*) as count from message where targetType = 0 and isRead = 0 [ RunTime:0.0010s ]
SQL: select id, cName from cate [ RunTime:0.0020s ]
INFO: [ view_parse ] --START--
INFO: [ template_filter ] --START--
INFO: Run Behavior\ContentReplaceBehavior [ RunTime:0.001000s ]
INFO: [ template_filter ] --END-- [ RunTime:0.001000s ]
NOTIC: [8] Undefined index: classintro E:\wamp\www\Admin\Runtime\Cache\Home\d80516d74b20cdad9f8bc56bea2df03f.php 第 839 行.
INFO: Run Behavior\ParseTemplateBehavior [ RunTime:0.051003s ]
INFO: [ view_parse ] --END-- [ RunTime:0.052003s ]
INFO: [ view_filter ] --START--
INFO: Run Behavior\WriteHtmlCacheBehavior [ RunTime:0.001000s ]
INFO: [ view_filter ] --END-- [ RunTime:0.001000s ]
INFO: [ app_end ] --START--
INFO: Run Behavior\ShowPageTraceBehavior [ RunTime:0.002000s ]
INFO: [ app_end ] --END-- [ RunTime:0.002000s ]

[ 2016-09-21T22:05:56+08:00 ] ::1 /admin.php/Home/Class/add
INFO: [ app_init ] --START--
INFO: Run Behavior\BuildLiteBehavior [ RunTime:0.000000s ]
INFO: [ app_init ] --END-- [ RunTime:0.007001s ]
INFO: [ app_begin ] --START--
INFO: Run Behavior\ReadHtmlCacheBehavior [ RunTime:0.006000s ]
INFO: [ app_begin ] --END-- [ RunTime:0.007000s ]
SQL: select COUNT(*) as count from message where targetType = 0 and isRead = 0 [ RunTime:0.0090s ]
SQL: SHOW COLUMNS FROM `class` [ RunTime:0.0300s ]
NOTIC: [8] Undefined index: validate E:\wamp\www\ThinkPHP\Library\Think\Model.class.php 第 1185 行.
NOTIC: [8] Undefined index: auto E:\wamp\www\ThinkPHP\Library\Think\Model.class.php 第 1128 行.
SQL: INSERT INTO `class` (`classCate`,`classNo`,`className`,`classPrice`,`startTime`,`avePeriod`,`coachMinPrice`,`coachMaxPrice`,`classIntro`) VALUES ('2','4321','w','23','2016-09-01','123','33','345','sadasd') [ RunTime:0.0470s ]
NOTIC: [8] Undefined index: face E:\wamp\www\Admin\Home\Controller\ClassController.class.php 第 120 行.
NOTIC: [8] Undefined index: tmp_name E:\wamp\www\ThinkPHP\Library\Think\Upload.class.php 第 152 行.
NOTIC: [2] finfo_file(): Empty filename or path E:\wamp\www\ThinkPHP\Library\Think\Upload.class.php 第 152 行.
NOTIC: [8] Undefined index: error E:\wamp\www\ThinkPHP\Library\Think\Upload.class.php 第 269 行.
NOTIC: [8] Undefined index: tmp_name E:\wamp\www\ThinkPHP\Library\Think\Upload.class.php 第 280 行.
INFO: [ app_end ] --START--
INFO: Run Behavior\ShowPageTraceBehavior [ RunTime:0.002000s ]
INFO: [ app_end ] --END-- [ RunTime:0.004000s ]

[ 2016-09-21T22:14:25+08:00 ] ::1 /admin.php/Home/Class/add
INFO: [ app_init ] --START--
INFO: Run Behavior\BuildLiteBehavior [ RunTime:0.000000s ]
INFO: [ app_init ] --END-- [ RunTime:0.001000s ]
INFO: [ app_begin ] --START--
INFO: Run Behavior\ReadHtmlCacheBehavior [ RunTime:0.002000s ]
INFO: [ app_begin ] --END-- [ RunTime:0.003000s ]
SQL: select COUNT(*) as count from message where targetType = 0 and isRead = 0 [ RunTime:0.0010s ]
SQL: SHOW COLUMNS FROM `class` [ RunTime:0.0220s ]
NOTIC: [8] Undefined index: face E:\wamp\www\Admin\Home\Controller\ClassController.class.php 第 120 行.
NOTIC: [8] Undefined index: tmp_name E:\wamp\www\ThinkPHP\Library\Think\Upload.class.php 第 152 行.
NOTIC: [2] finfo_file(): Empty filename or path E:\wamp\www\ThinkPHP\Library\Think\Upload.class.php 第 152 行.
NOTIC: [8] Undefined index: error E:\wamp\www\ThinkPHP\Library\Think\Upload.class.php 第 269 行.
NOTIC: [8] Undefined index: tmp_name E:\wamp\www\ThinkPHP\Library\Think\Upload.class.php 第 280 行.
INFO: [ app_end ] --START--
INFO: Run Behavior\ShowPageTraceBehavior [ RunTime:0.002000s ]
INFO: [ app_end ] --END-- [ RunTime:0.002000s ]

[ 2016-09-21T22:14:36+08:00 ] ::1 /admin.php/Home/Class/add
INFO: [ app_init ] --START--
INFO: Run Behavior\BuildLiteBehavior [ RunTime:0.000000s ]
INFO: [ app_init ] --END-- [ RunTime:0.003000s ]
INFO: [ app_begin ] --START--
INFO: Run Behavior\ReadHtmlCacheBehavior [ RunTime:0.004000s ]
INFO: [ app_begin ] --END-- [ RunTime:0.004000s ]
SQL: select COUNT(*) as count from message where targetType = 0 and isRead = 0 [ RunTime:0.0020s ]
SQL: SHOW COLUMNS FROM `class` [ RunTime:0.0300s ]
NOTIC: [8] Undefined index: validate E:\wamp\www\ThinkPHP\Library\Think\Model.class.php 第 1185 行.
NOTIC: [8] Undefined index: auto E:\wamp\www\ThinkPHP\Library\Think\Model.class.php 第 1128 行.
SQL: INSERT INTO `class` (`classCate`,`classNo`,`className`,`classPrice`,`startTime`,`avePeriod`,`coachMinPrice`,`coachMaxPrice`,`classIntro`) VALUES ('2','4321','w','23','2016-09-01','123','33','345','sadasd') [ RunTime:0.0960s ]
NOTIC: [8] Undefined index: face E:\wamp\www\Admin\Home\Controller\ClassController.class.php 第 120 行.
NOTIC: [8] Undefined index: tmp_name E:\wamp\www\ThinkPHP\Library\Think\Upload.class.php 第 152 行.
NOTIC: [2] finfo_file(): Empty filename or path E:\wamp\www\ThinkPHP\Library\Think\Upload.class.php 第 152 行.
NOTIC: [8] Undefined index: error E:\wamp\www\ThinkPHP\Library\Think\Upload.class.php 第 269 行.
NOTIC: [8] Undefined index: tmp_name E:\wamp\www\ThinkPHP\Library\Think\Upload.class.php 第 280 行.
INFO: [ app_end ] --START--
INFO: Run Behavior\ShowPageTraceBehavior [ RunTime:0.004000s ]
INFO: [ app_end ] --END-- [ RunTime:0.004000s ]

[ 2016-09-21T22:15:49+08:00 ] ::1 /admin.php/Home/Class/add
INFO: [ app_init ] --START--
INFO: Run Behavior\BuildLiteBehavior [ RunTime:0.000000s ]
INFO: [ app_init ] --END-- [ RunTime:0.002001s ]
INFO: [ app_begin ] --START--
INFO: Run Behavior\ReadHtmlCacheBehavior [ RunTime:0.002000s ]
INFO: [ app_begin ] --END-- [ RunTime:0.004000s ]
SQL: select COUNT(*) as count from message where targetType = 0 and isRead = 0 [ RunTime:0.0010s ]
SQL: SHOW COLUMNS FROM `class` [ RunTime:0.0400s ]
NOTIC: [8] Undefined index: validate E:\wamp\www\ThinkPHP\Library\Think\Model.class.php 第 1185 行.
NOTIC: [8] Undefined index: auto E:\wamp\www\ThinkPHP\Library\Think\Model.class.php 第 1128 行.
SQL: INSERT INTO `class` (`classCate`,`classNo`,`className`,`classPrice`,`startTime`,`avePeriod`,`coachMinPrice`,`coachMaxPrice`,`classIntro`) VALUES ('2','4321','w','23','2016-09-01','123','33','345','sadasd') [ RunTime:0.0590s ]
NOTIC: [8] Undefined index: face E:\wamp\www\Admin\Home\Controller\ClassController.class.php 第 120 行.
NOTIC: [8] Undefined index: tmp_name E:\wamp\www\ThinkPHP\Library\Think\Upload.class.php 第 152 行.
NOTIC: [2] finfo_file(): Empty filename or path E:\wamp\www\ThinkPHP\Library\Think\Upload.class.php 第 152 行.
NOTIC: [8] Undefined index: error E:\wamp\www\ThinkPHP\Library\Think\Upload.class.php 第 269 行.
NOTIC: [8] Undefined index: tmp_name E:\wamp\www\ThinkPHP\Library\Think\Upload.class.php 第 280 行.
INFO: [ app_end ] --START--
INFO: Run Behavior\ShowPageTraceBehavior [ RunTime:0.002000s ]
INFO: [ app_end ] --END-- [ RunTime:0.002000s ]

[ 2016-09-21T22:17:10+08:00 ] ::1 /admin.php/Home/Class/add
INFO: [ app_init ] --START--
INFO: Run Behavior\BuildLiteBehavior [ RunTime:0.000000s ]
INFO: [ app_init ] --END-- [ RunTime:0.001000s ]
INFO: [ app_begin ] --START--
INFO: Run Behavior\ReadHtmlCacheBehavior [ RunTime:0.002000s ]
INFO: [ app_begin ] --END-- [ RunTime:0.003000s ]
SQL: select COUNT(*) as count from message where targetType = 0 and isRead = 0 [ RunTime:0.0010s ]
SQL: SHOW COLUMNS FROM `class` [ RunTime:0.0580s ]
NOTIC: [8] Undefined index: validate E:\wamp\www\ThinkPHP\Library\Think\Model.class.php 第 1185 行.
NOTIC: [8] Undefined index: auto E:\wamp\www\ThinkPHP\Library\Think\Model.class.php 第 1128 行.
SQL: INSERT INTO `class` (`classCate`,`classNo`,`className`,`classPrice`,`startTime`,`avePeriod`,`coachMinPrice`,`coachMaxPrice`,`classIntro`) VALUES ('2','4321','w','23','2016-09-01','123','33','345','sadasd') [ RunTime:0.0650s ]
NOTIC: [2] call_user_func() expects parameter 1 to be a valid callback, no array or string given E:\wamp\www\ThinkPHP\Library\Think\Upload.class.php 第 170 行.
INFO: [ app_end ] --START--
INFO: Run Behavior\ShowPageTraceBehavior [ RunTime:0.001000s ]
INFO: [ app_end ] --END-- [ RunTime:0.002000s ]

[ 2016-09-21T22:22:05+08:00 ] ::1 /admin.php
INFO: [ app_init ] --START--
INFO: Run Behavior\BuildLiteBehavior [ RunTime:0.000000s ]
INFO: [ app_init ] --END-- [ RunTime:0.016600s ]
INFO: [ app_begin ] --START--
INFO: Run Behavior\ReadHtmlCacheBehavior [ RunTime:0.001000s ]
INFO: [ app_begin ] --END-- [ RunTime:0.003000s ]
INFO: [ view_parse ] --START--
INFO: [ template_filter ] --START--
INFO: Run Behavior\ContentReplaceBehavior [ RunTime:0.000000s ]
INFO: [ template_filter ] --END-- [ RunTime:0.000000s ]
INFO: Run Behavior\ParseTemplateBehavior [ RunTime:0.015600s ]
INFO: [ view_parse ] --END-- [ RunTime:0.015600s ]
INFO: [ view_filter ] --START--
INFO: Run Behavior\WriteHtmlCacheBehavior [ RunTime:0.000000s ]
INFO: [ view_filter ] --END-- [ RunTime:0.000000s ]
INFO: [ app_end ] --START--
INFO: Run Behavior\ShowPageTraceBehavior [ RunTime:0.015600s ]
INFO: [ app_end ] --END-- [ RunTime:0.015600s ]

[ 2016-09-21T22:22:12+08:00 ] ::1 /admin.php/Home/Index/login
INFO: [ app_init ] --START--
INFO: Run Behavior\BuildLiteBehavior [ RunTime:0.000000s ]
INFO: [ app_init ] --END-- [ RunTime:0.003000s ]
INFO: [ app_begin ] --START--
INFO: Run Behavior\ReadHtmlCacheBehavior [ RunTime:0.001000s ]
INFO: [ app_begin ] --END-- [ RunTime:0.003001s ]
SQL: SHOW COLUMNS FROM `admin` [ RunTime:0.0200s ]
SQL: SELECT * FROM `admin` WHERE `adminName` = 'admin' AND `password` = 'admin'  [ RunTime:0.0010s ]
INFO: [ view_parse ] --START--
INFO: [ template_filter ] --START--
INFO: Run Behavior\ContentReplaceBehavior [ RunTime:0.001000s ]
INFO: [ template_filter ] --END-- [ RunTime:0.001000s ]
NOTIC: [8] Undefined variable: unreadMessage E:\wamp\www\Admin\Runtime\Cache\Home\35aa7395e570a67b1b39372463a46a4e.php 第 235 行.
NOTIC: [8] Undefined variable: unreadMessage E:\wamp\www\Admin\Runtime\Cache\Home\35aa7395e570a67b1b39372463a46a4e.php 第 243 行.
INFO: Run Behavior\ParseTemplateBehavior [ RunTime:0.046002s ]
INFO: [ view_parse ] --END-- [ RunTime:0.046002s ]
INFO: [ view_filter ] --START--
INFO: Run Behavior\WriteHtmlCacheBehavior [ RunTime:0.002000s ]
INFO: [ view_filter ] --END-- [ RunTime:0.002000s ]
INFO: [ app_end ] --START--
INFO: Run Behavior\ShowPageTraceBehavior [ RunTime:0.003000s ]
INFO: [ app_end ] --END-- [ RunTime:0.003000s ]

[ 2016-09-21T22:23:04+08:00 ] ::1 /admin.php
INFO: [ app_init ] --START--
INFO: Run Behavior\BuildLiteBehavior [ RunTime:0.000000s ]
INFO: [ app_init ] --END-- [ RunTime:0.002000s ]
INFO: [ app_begin ] --START--
INFO: Run Behavior\ReadHtmlCacheBehavior [ RunTime:0.002000s ]
INFO: [ app_begin ] --END-- [ RunTime:0.002000s ]
INFO: [ view_parse ] --START--
INFO: [ template_filter ] --START--
INFO: Run Behavior\ContentReplaceBehavior [ RunTime:0.000000s ]
INFO: [ template_filter ] --END-- [ RunTime:0.000000s ]
INFO: Run Behavior\ParseTemplateBehavior [ RunTime:0.071005s ]
INFO: [ view_parse ] --END-- [ RunTime:0.071005s ]
INFO: [ view_filter ] --START--
INFO: Run Behavior\WriteHtmlCacheBehavior [ RunTime:0.002000s ]
INFO: [ view_filter ] --END-- [ RunTime:0.002000s ]
INFO: [ app_end ] --START--
INFO: Run Behavior\ShowPageTraceBehavior [ RunTime:0.002000s ]
INFO: [ app_end ] --END-- [ RunTime:0.003000s ]

[ 2016-09-21T22:26:40+08:00 ] ::1 /admin.php/Home/Class/index.html
INFO: [ app_init ] --START--
INFO: Run Behavior\BuildLiteBehavior [ RunTime:0.000000s ]
INFO: [ app_init ] --END-- [ RunTime:0.002000s ]
INFO: [ app_begin ] --START--
INFO: Run Behavior\ReadHtmlCacheBehavior [ RunTime:0.002000s ]
INFO: [ app_begin ] --END-- [ RunTime:0.004000s ]
SQL: select COUNT(*) as count from message where targetType = 0 and isRead = 0 [ RunTime:0.0010s ]
SQL: SHOW COLUMNS FROM `class` [ RunTime:0.0140s ]
SQL: SELECT COUNT(*) AS tp_count FROM `class` LIMIT 1   [ RunTime:0.0010s ]
SQL: SELECT class.id,class.classNo,class.className,class.classPrice,class.startTime,class.classIntro,class.avePeriod,cate.cName FROM `class` LEFT JOIN cate ON class.classCate = cate.id  ORDER BY id LIMIT 0,3   [ RunTime:0.0010s ]
INFO: [ view_parse ] --START--
INFO: [ template_filter ] --START--
INFO: Run Behavior\ContentReplaceBehavior [ RunTime:0.000000s ]
INFO: [ template_filter ] --END-- [ RunTime:0.001000s ]
INFO: Run Behavior\ParseTemplateBehavior [ RunTime:0.052003s ]
INFO: [ view_parse ] --END-- [ RunTime:0.054003s ]
INFO: [ view_filter ] --START--
INFO: Run Behavior\WriteHtmlCacheBehavior [ RunTime:0.003000s ]
INFO: [ view_filter ] --END-- [ RunTime:0.003000s ]
INFO: [ app_end ] --START--
INFO: Run Behavior\ShowPageTraceBehavior [ RunTime:0.003000s ]
INFO: [ app_end ] --END-- [ RunTime:0.008000s ]

[ 2016-09-21T22:26:43+08:00 ] ::1 /admin.php/Home/Class/prepare?mode=%27%27
INFO: [ app_init ] --START--
INFO: Run Behavior\BuildLiteBehavior [ RunTime:0.001000s ]
INFO: [ app_init ] --END-- [ RunTime:0.002000s ]
INFO: [ app_begin ] --START--
INFO: Run Behavior\ReadHtmlCacheBehavior [ RunTime:0.003000s ]
INFO: [ app_begin ] --END-- [ RunTime:0.003000s ]
SQL: select COUNT(*) as count from message where targetType = 0 and isRead = 0 [ RunTime:0.0010s ]
SQL: select id, cName from cate [ RunTime:0.0010s ]
INFO: [ view_parse ] --START--
INFO: [ template_filter ] --START--
INFO: Run Behavior\ContentReplaceBehavior [ RunTime:0.001000s ]
INFO: [ template_filter ] --END-- [ RunTime:0.002000s ]
NOTIC: [8] Undefined index: classintro E:\wamp\www\Admin\Runtime\Cache\Home\d80516d74b20cdad9f8bc56bea2df03f.php 第 839 行.
INFO: Run Behavior\ParseTemplateBehavior [ RunTime:0.051003s ]
INFO: [ view_parse ] --END-- [ RunTime:0.052003s ]
INFO: [ view_filter ] --START--
INFO: Run Behavior\WriteHtmlCacheBehavior [ RunTime:0.004000s ]
INFO: [ view_filter ] --END-- [ RunTime:0.004000s ]
INFO: [ app_end ] --START--
INFO: Run Behavior\ShowPageTraceBehavior [ RunTime:0.004000s ]
INFO: [ app_end ] --END-- [ RunTime:0.007000s ]

[ 2016-09-21T22:27:04+08:00 ] ::1 /admin.php/Home/Class/add
INFO: [ app_init ] --START--
INFO: Run Behavior\BuildLiteBehavior [ RunTime:0.000000s ]
INFO: [ app_init ] --END-- [ RunTime:0.001000s ]
INFO: [ app_begin ] --START--
INFO: Run Behavior\ReadHtmlCacheBehavior [ RunTime:0.002000s ]
INFO: [ app_begin ] --END-- [ RunTime:0.003001s ]
SQL: select COUNT(*) as count from message where targetType = 0 and isRead = 0 [ RunTime:0.0020s ]
SQL: SHOW COLUMNS FROM `class` [ RunTime:0.0170s ]
NOTIC: [2] call_user_func() expects parameter 1 to be a valid callback, no array or string given E:\wamp\www\ThinkPHP\Library\Think\Upload.class.php 第 170 行.
NOTIC: [8] Undefined index: validate E:\wamp\www\ThinkPHP\Library\Think\Model.class.php 第 1185 行.
NOTIC: [8] Undefined index: auto E:\wamp\www\ThinkPHP\Library\Think\Model.class.php 第 1128 行.
SQL: INSERT INTO `class` (`classCate`,`classNo`,`className`,`classPrice`,`startTime`,`avePeriod`,`coachMinPrice`,`coachMaxPrice`,`classIntro`) VALUES ('4','rt','rt','rt','2016-09-03','rt','0','0','rtrte') [ RunTime:0.0510s ]
NOTIC: [2] Invalid argument supplied for foreach() E:\wamp\www\Admin\Home\Controller\ClassController.class.php 第 128 行.
INFO: [ view_parse ] --START--
INFO: [ template_filter ] --START--
INFO: Run Behavior\ContentReplaceBehavior [ RunTime:0.000000s ]
INFO: [ template_filter ] --END-- [ RunTime:0.001000s ]
INFO: Run Behavior\ParseTemplateBehavior [ RunTime:0.024002s ]
INFO: [ view_parse ] --END-- [ RunTime:0.024002s ]
INFO: [ view_filter ] --START--
INFO: Run Behavior\WriteHtmlCacheBehavior [ RunTime:0.004000s ]
INFO: [ view_filter ] --END-- [ RunTime:0.004000s ]
INFO: [ app_end ] --START--
INFO: Run Behavior\ShowPageTraceBehavior [ RunTime:0.002000s ]
INFO: [ app_end ] --END-- [ RunTime:0.002000s ]

[ 2016-09-21T22:27:05+08:00 ] ::1 /admin.php/Home/Class/index
INFO: [ app_init ] --START--
INFO: Run Behavior\BuildLiteBehavior [ RunTime:0.000000s ]
INFO: [ app_init ] --END-- [ RunTime:0.002000s ]
INFO: [ app_begin ] --START--
INFO: Run Behavior\ReadHtmlCacheBehavior [ RunTime:0.002000s ]
INFO: [ app_begin ] --END-- [ RunTime:0.002000s ]
SQL: select COUNT(*) as count from message where targetType = 0 and isRead = 0 [ RunTime:0.0010s ]
SQL: SHOW COLUMNS FROM `class` [ RunTime:0.0240s ]
SQL: SELECT COUNT(*) AS tp_count FROM `class` LIMIT 1   [ RunTime:0.0010s ]
SQL: SELECT class.id,class.classNo,class.className,class.classPrice,class.startTime,class.classIntro,class.avePeriod,cate.cName FROM `class` LEFT JOIN cate ON class.classCate = cate.id  ORDER BY id LIMIT 0,3   [ RunTime:0.0010s ]
INFO: [ view_parse ] --START--
INFO: [ template_filter ] --START--
INFO: Run Behavior\ContentReplaceBehavior [ RunTime:0.001000s ]
INFO: [ template_filter ] --END-- [ RunTime:0.001000s ]
INFO: Run Behavior\ParseTemplateBehavior [ RunTime:0.059003s ]
INFO: [ view_parse ] --END-- [ RunTime:0.059003s ]
INFO: [ view_filter ] --START--
INFO: Run Behavior\WriteHtmlCacheBehavior [ RunTime:0.002000s ]
INFO: [ view_filter ] --END-- [ RunTime:0.002000s ]
INFO: [ app_end ] --START--
INFO: Run Behavior\ShowPageTraceBehavior [ RunTime:0.008000s ]
INFO: [ app_end ] --END-- [ RunTime:0.010000s ]

[ 2016-09-21T22:27:10+08:00 ] ::1 /admin.php/Home/Class/index/p/5.html
INFO: [ app_init ] --START--
INFO: Run Behavior\BuildLiteBehavior [ RunTime:0.001000s ]
INFO: [ app_init ] --END-- [ RunTime:0.010000s ]
INFO: [ app_begin ] --START--
INFO: Run Behavior\ReadHtmlCacheBehavior [ RunTime:0.004000s ]
INFO: [ app_begin ] --END-- [ RunTime:0.004000s ]
SQL: select COUNT(*) as count from message where targetType = 0 and isRead = 0 [ RunTime:0.0010s ]
SQL: SHOW COLUMNS FROM `class` [ RunTime:0.0150s ]
SQL: SELECT COUNT(*) AS tp_count FROM `class` LIMIT 1   [ RunTime:0.0030s ]
SQL: SELECT class.id,class.classNo,class.className,class.classPrice,class.startTime,class.classIntro,class.avePeriod,cate.cName FROM `class` LEFT JOIN cate ON class.classCate = cate.id  ORDER BY id LIMIT 12,3   [ RunTime:0.0020s ]
INFO: [ view_parse ] --START--
INFO: [ template_filter ] --START--
INFO: Run Behavior\ContentReplaceBehavior [ RunTime:0.001000s ]
INFO: [ template_filter ] --END-- [ RunTime:0.001000s ]
INFO: Run Behavior\ParseTemplateBehavior [ RunTime:0.060003s ]
INFO: [ view_parse ] --END-- [ RunTime:0.060003s ]
INFO: [ view_filter ] --START--
INFO: Run Behavior\WriteHtmlCacheBehavior [ RunTime:0.002000s ]
INFO: [ view_filter ] --END-- [ RunTime:0.002000s ]
INFO: [ app_end ] --START--
INFO: Run Behavior\ShowPageTraceBehavior [ RunTime:0.003000s ]
INFO: [ app_end ] --END-- [ RunTime:0.004000s ]

[ 2016-09-21T22:27:13+08:00 ] ::1 /admin.php/Home/Class/detail?id=15
INFO: [ app_init ] --START--
INFO: Run Behavior\BuildLiteBehavior [ RunTime:0.001000s ]
INFO: [ app_init ] --END-- [ RunTime:0.002001s ]
INFO: [ app_begin ] --START--
INFO: Run Behavior\ReadHtmlCacheBehavior [ RunTime:0.003000s ]
INFO: [ app_begin ] --END-- [ RunTime:0.003000s ]
SQL: select COUNT(*) as count from message where targetType = 0 and isRead = 0 [ RunTime:0.0010s ]
SQL: select a.id, a.classNo, a.className, a.coachMinPrice, a.coachMaxPrice, a.classPic, a.classPrice, a.startTime, a.classIntro, a.avePeriod, b.cName, a.requirement, a.studyResult from class as a left join cate as b on a.classCate = b.id where a.id = 15 [ RunTime:0.0010s ]
SQL: select b.tName from teacher_class as a left join teacher as b on a.teacherId = b.id where a.classId = 15 [ RunTime:0.0360s ]
SQL: select b.name from class_project as a left join project as b on a.projectId = b.id where a.classId = 15 [ RunTime:0.0010s ]
SQL: select b.stuName from stu_class as a left join student as b on a.stuId = b.id where a.classId = 15 [ RunTime:0.0020s ]
INFO: [ view_parse ] --START--
INFO: [ template_filter ] --START--
INFO: Run Behavior\ContentReplaceBehavior [ RunTime:0.000000s ]
INFO: [ template_filter ] --END-- [ RunTime:0.001000s ]
INFO: Run Behavior\ParseTemplateBehavior [ RunTime:0.144008s ]
INFO: [ view_parse ] --END-- [ RunTime:0.146008s ]
INFO: [ view_filter ] --START--
INFO: Run Behavior\WriteHtmlCacheBehavior [ RunTime:0.006001s ]
INFO: [ view_filter ] --END-- [ RunTime:0.007001s ]
INFO: [ app_end ] --START--
INFO: Run Behavior\ShowPageTraceBehavior [ RunTime:0.059003s ]
INFO: [ app_end ] --END-- [ RunTime:0.059003s ]

[ 2016-09-21T22:30:33+08:00 ] ::1 /admin.php/Home/Class/index.html
INFO: [ app_init ] --START--
INFO: Run Behavior\BuildLiteBehavior [ RunTime:0.000000s ]
INFO: [ app_init ] --END-- [ RunTime:0.002000s ]
INFO: [ app_begin ] --START--
INFO: Run Behavior\ReadHtmlCacheBehavior [ RunTime:0.003000s ]
INFO: [ app_begin ] --END-- [ RunTime:0.003000s ]
SQL: select COUNT(*) as count from message where targetType = 0 and isRead = 0 [ RunTime:0.0010s ]
SQL: SHOW COLUMNS FROM `class` [ RunTime:0.0190s ]
SQL: SELECT COUNT(*) AS tp_count FROM `class` LIMIT 1   [ RunTime:0.0020s ]
SQL: SELECT class.id,class.classNo,class.className,class.classPrice,class.startTime,class.classIntro,class.avePeriod,cate.cName FROM `class` LEFT JOIN cate ON class.classCate = cate.id  ORDER BY id LIMIT 0,3   [ RunTime:0.0020s ]
INFO: [ view_parse ] --START--
INFO: [ template_filter ] --START--
INFO: Run Behavior\ContentReplaceBehavior [ RunTime:0.000000s ]
INFO: [ template_filter ] --END-- [ RunTime:0.001000s ]
INFO: Run Behavior\ParseTemplateBehavior [ RunTime:0.057003s ]
INFO: [ view_parse ] --END-- [ RunTime:0.057003s ]
INFO: [ view_filter ] --START--
INFO: Run Behavior\WriteHtmlCacheBehavior [ RunTime:0.002000s ]
INFO: [ view_filter ] --END-- [ RunTime:0.002000s ]
INFO: [ app_end ] --START--
INFO: Run Behavior\ShowPageTraceBehavior [ RunTime:0.009001s ]
INFO: [ app_end ] --END-- [ RunTime:0.011001s ]

[ 2016-09-21T22:30:36+08:00 ] ::1 /admin.php/Home/Class/prepare?mode=%27%27
INFO: [ app_init ] --START--
INFO: Run Behavior\BuildLiteBehavior [ RunTime:0.000000s ]
INFO: [ app_init ] --END-- [ RunTime:0.002000s ]
INFO: [ app_begin ] --START--
INFO: Run Behavior\ReadHtmlCacheBehavior [ RunTime:0.002000s ]
INFO: [ app_begin ] --END-- [ RunTime:0.003000s ]
SQL: select COUNT(*) as count from message where targetType = 0 and isRead = 0 [ RunTime:0.0010s ]
SQL: select id, cName from cate [ RunTime:0.0000s ]
INFO: [ view_parse ] --START--
INFO: [ template_filter ] --START--
INFO: Run Behavior\ContentReplaceBehavior [ RunTime:0.001000s ]
INFO: [ template_filter ] --END-- [ RunTime:0.001000s ]
NOTIC: [8] Undefined index: classintro E:\wamp\www\Admin\Runtime\Cache\Home\d80516d74b20cdad9f8bc56bea2df03f.php 第 839 行.
INFO: Run Behavior\ParseTemplateBehavior [ RunTime:0.064004s ]
INFO: [ view_parse ] --END-- [ RunTime:0.064004s ]
INFO: [ view_filter ] --START--
INFO: Run Behavior\WriteHtmlCacheBehavior [ RunTime:0.001000s ]
INFO: [ view_filter ] --END-- [ RunTime:0.002000s ]
INFO: [ app_end ] --START--
INFO: Run Behavior\ShowPageTraceBehavior [ RunTime:0.012001s ]
INFO: [ app_end ] --END-- [ RunTime:0.018001s ]

[ 2016-09-21T22:35:15+08:00 ] ::1 /admin.php/Home/Class/add
INFO: [ app_init ] --START--
INFO: Run Behavior\BuildLiteBehavior [ RunTime:0.001000s ]
INFO: [ app_init ] --END-- [ RunTime:0.002000s ]
INFO: [ app_begin ] --START--
INFO: Run Behavior\ReadHtmlCacheBehavior [ RunTime:0.005001s ]
INFO: [ app_begin ] --END-- [ RunTime:0.006001s ]
SQL: select COUNT(*) as count from message where targetType = 0 and isRead = 0 [ RunTime:0.0020s ]
SQL: SHOW COLUMNS FROM `class` [ RunTime:0.0190s ]
NOTIC: [2] call_user_func() expects parameter 1 to be a valid callback, no array or string given E:\wamp\www\ThinkPHP\Library\Think\Upload.class.php 第 170 行.
INFO: [ app_end ] --START--
INFO: Run Behavior\ShowPageTraceBehavior [ RunTime:0.002000s ]
INFO: [ app_end ] --END-- [ RunTime:0.003000s ]

[ 2016-09-21T22:36:42+08:00 ] ::1 /admin.php/Home/Class/add
INFO: [ app_init ] --START--
INFO: Run Behavior\BuildLiteBehavior [ RunTime:0.000000s ]
INFO: [ app_init ] --END-- [ RunTime:0.002000s ]
INFO: [ app_begin ] --START--
INFO: Run Behavior\ReadHtmlCacheBehavior [ RunTime:0.002000s ]
INFO: [ app_begin ] --END-- [ RunTime:0.002000s ]
SQL: select COUNT(*) as count from message where targetType = 0 and isRead = 0 [ RunTime:0.0010s ]
SQL: SHOW COLUMNS FROM `class` [ RunTime:0.0140s ]
NOTIC: [8] Undefined index: classPic E:\wamp\www\Admin\Home\Controller\ClassController.class.php 第 117 行.
NOTIC: [8] Undefined index: tmp_name E:\wamp\www\ThinkPHP\Library\Think\Upload.class.php 第 152 行.
NOTIC: [2] finfo_file(): Empty filename or path E:\wamp\www\ThinkPHP\Library\Think\Upload.class.php 第 152 行.
NOTIC: [8] Undefined index: error E:\wamp\www\ThinkPHP\Library\Think\Upload.class.php 第 269 行.
NOTIC: [8] Undefined index: tmp_name E:\wamp\www\ThinkPHP\Library\Think\Upload.class.php 第 280 行.
INFO: [ app_end ] --START--
INFO: Run Behavior\ShowPageTraceBehavior [ RunTime:0.002001s ]
INFO: [ app_end ] --END-- [ RunTime:0.003001s ]

[ 2016-09-21T22:36:47+08:00 ] ::1 /admin.php/Home/Class/add
INFO: [ app_init ] --START--
INFO: Run Behavior\BuildLiteBehavior [ RunTime:0.001000s ]
INFO: [ app_init ] --END-- [ RunTime:0.035002s ]
INFO: [ app_begin ] --START--
INFO: Run Behavior\ReadHtmlCacheBehavior [ RunTime:0.009000s ]
INFO: [ app_begin ] --END-- [ RunTime:0.010000s ]
SQL: select COUNT(*) as count from message where targetType = 0 and isRead = 0 [ RunTime:0.0070s ]
SQL: SHOW COLUMNS FROM `class` [ RunTime:0.0140s ]
NOTIC: [2] call_user_func() expects parameter 1 to be a valid callback, no array or string given E:\wamp\www\ThinkPHP\Library\Think\Upload.class.php 第 170 行.
INFO: [ app_end ] --START--
INFO: Run Behavior\ShowPageTraceBehavior [ RunTime:0.002000s ]
INFO: [ app_end ] --END-- [ RunTime:0.003000s ]

[ 2016-09-21T22:38:39+08:00 ] ::1 /admin.php/Home/Class/add
INFO: [ app_init ] --START--
INFO: Run Behavior\BuildLiteBehavior [ RunTime:0.000000s ]
INFO: [ app_init ] --END-- [ RunTime:0.002001s ]
INFO: [ app_begin ] --START--
INFO: Run Behavior\ReadHtmlCacheBehavior [ RunTime:0.002000s ]
INFO: [ app_begin ] --END-- [ RunTime:0.007000s ]
SQL: select COUNT(*) as count from message where targetType = 0 and isRead = 0 [ RunTime:0.0010s ]
SQL: SHOW COLUMNS FROM `class` [ RunTime:0.0540s ]
NOTIC: [2] call_user_func() expects parameter 1 to be a valid callback, no array or string given E:\wamp\www\ThinkPHP\Library\Think\Upload.class.php 第 170 行.
NOTIC: [8] Undefined index: validate E:\wamp\www\ThinkPHP\Library\Think\Model.class.php 第 1185 行.
NOTIC: [8] Undefined index: auto E:\wamp\www\ThinkPHP\Library\Think\Model.class.php 第 1128 行.
SQL: INSERT INTO `class` (`classCate`,`classNo`,`className`,`classPrice`,`startTime`,`avePeriod`,`coachMinPrice`,`coachMaxPrice`,`classIntro`,`classPic`) VALUES ('1','fsdfa','fasdf','asdfasd','2016-09-16','sdfasdfa','0','0','ffasdf','2016-09-21/57e29b6f0712b.jpg') [ RunTime:0.0790s ]
NOTIC: [2] Invalid argument supplied for foreach() E:\wamp\www\Admin\Home\Controller\ClassController.class.php 第 140 行.
INFO: [ view_parse ] --START--
INFO: [ template_filter ] --START--
INFO: Run Behavior\ContentReplaceBehavior [ RunTime:0.001000s ]
INFO: [ template_filter ] --END-- [ RunTime:0.001000s ]
INFO: Run Behavior\ParseTemplateBehavior [ RunTime:0.022002s ]
INFO: [ view_parse ] --END-- [ RunTime:0.023002s ]
INFO: [ view_filter ] --START--
INFO: Run Behavior\WriteHtmlCacheBehavior [ RunTime:0.002000s ]
INFO: [ view_filter ] --END-- [ RunTime:0.002000s ]
INFO: [ app_end ] --START--
INFO: Run Behavior\ShowPageTraceBehavior [ RunTime:0.001000s ]
INFO: [ app_end ] --END-- [ RunTime:0.002000s ]

[ 2016-09-21T22:38:40+08:00 ] ::1 /admin.php/Home/Class/index
INFO: [ app_init ] --START--
INFO: Run Behavior\BuildLiteBehavior [ RunTime:0.000000s ]
INFO: [ app_init ] --END-- [ RunTime:0.002000s ]
INFO: [ app_begin ] --START--
INFO: Run Behavior\ReadHtmlCacheBehavior [ RunTime:0.002000s ]
INFO: [ app_begin ] --END-- [ RunTime:0.002000s ]
SQL: select COUNT(*) as count from message where targetType = 0 and isRead = 0 [ RunTime:0.0010s ]
SQL: SHOW COLUMNS FROM `class` [ RunTime:0.0160s ]
SQL: SELECT COUNT(*) AS tp_count FROM `class` LIMIT 1   [ RunTime:0.0030s ]
SQL: SELECT class.id,class.classNo,class.className,class.classPrice,class.startTime,class.classIntro,class.avePeriod,cate.cName FROM `class` LEFT JOIN cate ON class.classCate = cate.id  ORDER BY id LIMIT 0,3   [ RunTime:0.0010s ]
INFO: [ view_parse ] --START--
INFO: [ template_filter ] --START--
INFO: Run Behavior\ContentReplaceBehavior [ RunTime:0.001000s ]
INFO: [ template_filter ] --END-- [ RunTime:0.001000s ]
INFO: Run Behavior\ParseTemplateBehavior [ RunTime:0.053003s ]
INFO: [ view_parse ] --END-- [ RunTime:0.053003s ]
INFO: [ view_filter ] --START--
INFO: Run Behavior\WriteHtmlCacheBehavior [ RunTime:0.002000s ]
INFO: [ view_filter ] --END-- [ RunTime:0.002000s ]
INFO: [ app_end ] --START--
INFO: Run Behavior\ShowPageTraceBehavior [ RunTime:0.057004s ]
INFO: [ app_end ] --END-- [ RunTime:0.059004s ]

[ 2016-09-21T22:38:43+08:00 ] ::1 /admin.php/Home/Class/index/p/6.html
INFO: [ app_init ] --START--
INFO: Run Behavior\BuildLiteBehavior [ RunTime:0.000000s ]
INFO: [ app_init ] --END-- [ RunTime:0.001000s ]
INFO: [ app_begin ] --START--
INFO: Run Behavior\ReadHtmlCacheBehavior [ RunTime:0.001000s ]
INFO: [ app_begin ] --END-- [ RunTime:0.003000s ]
SQL: select COUNT(*) as count from message where targetType = 0 and isRead = 0 [ RunTime:0.0010s ]
SQL: SHOW COLUMNS FROM `class` [ RunTime:0.0170s ]
SQL: SELECT COUNT(*) AS tp_count FROM `class` LIMIT 1   [ RunTime:0.0020s ]
SQL: SELECT class.id,class.classNo,class.className,class.classPrice,class.startTime,class.classIntro,class.avePeriod,cate.cName FROM `class` LEFT JOIN cate ON class.classCate = cate.id  ORDER BY id LIMIT 15,3   [ RunTime:0.0040s ]
INFO: [ view_parse ] --START--
INFO: [ template_filter ] --START--
INFO: Run Behavior\ContentReplaceBehavior [ RunTime:0.000000s ]
INFO: [ template_filter ] --END-- [ RunTime:0.001000s ]
INFO: Run Behavior\ParseTemplateBehavior [ RunTime:0.049003s ]
INFO: [ view_parse ] --END-- [ RunTime:0.051003s ]
INFO: [ view_filter ] --START--
INFO: Run Behavior\WriteHtmlCacheBehavior [ RunTime:0.002000s ]
INFO: [ view_filter ] --END-- [ RunTime:0.002000s ]
INFO: [ app_end ] --START--
INFO: Run Behavior\ShowPageTraceBehavior [ RunTime:0.009000s ]
INFO: [ app_end ] --END-- [ RunTime:0.009000s ]

[ 2016-09-21T22:38:46+08:00 ] ::1 /admin.php/Home/Class/detail?id=16
INFO: [ app_init ] --START--
INFO: Run Behavior\BuildLiteBehavior [ RunTime:0.000000s ]
INFO: [ app_init ] --END-- [ RunTime:0.002000s ]
INFO: [ app_begin ] --START--
INFO: Run Behavior\ReadHtmlCacheBehavior [ RunTime:0.003000s ]
INFO: [ app_begin ] --END-- [ RunTime:0.003000s ]
SQL: select COUNT(*) as count from message where targetType = 0 and isRead = 0 [ RunTime:0.0120s ]
SQL: select a.id, a.classNo, a.className, a.coachMinPrice, a.coachMaxPrice, a.classPic, a.classPrice, a.startTime, a.classIntro, a.avePeriod, b.cName, a.requirement, a.studyResult from class as a left join cate as b on a.classCate = b.id where a.id = 16 [ RunTime:0.0020s ]
SQL: select b.tName from teacher_class as a left join teacher as b on a.teacherId = b.id where a.classId = 16 [ RunTime:0.0010s ]
SQL: select b.name from class_project as a left join project as b on a.projectId = b.id where a.classId = 16 [ RunTime:0.0010s ]
SQL: select b.stuName from stu_class as a left join student as b on a.stuId = b.id where a.classId = 16 [ RunTime:0.0010s ]
INFO: [ view_parse ] --START--
INFO: [ template_filter ] --START--
INFO: Run Behavior\ContentReplaceBehavior [ RunTime:0.001000s ]
INFO: [ template_filter ] --END-- [ RunTime:0.001000s ]
INFO: Run Behavior\ParseTemplateBehavior [ RunTime:0.112007s ]
INFO: [ view_parse ] --END-- [ RunTime:0.112007s ]
INFO: [ view_filter ] --START--
INFO: Run Behavior\WriteHtmlCacheBehavior [ RunTime:0.004000s ]
INFO: [ view_filter ] --END-- [ RunTime:0.004000s ]
INFO: [ app_end ] --START--
INFO: Run Behavior\ShowPageTraceBehavior [ RunTime:0.002000s ]
INFO: [ app_end ] --END-- [ RunTime:0.010001s ]

[ 2016-09-21T22:38:46+08:00 ] ::1 /admin.php/Home/Class/2016-09-21/57e29b6f0712b.jpg
INFO: [ app_init ] --START--
INFO: Run Behavior\BuildLiteBehavior [ RunTime:0.000000s ]
INFO: [ app_init ] --END-- [ RunTime:0.001000s ]

[ 2016-09-21T22:40:48+08:00 ] ::1 /admin.php
INFO: [ app_init ] --START--
INFO: Run Behavior\BuildLiteBehavior [ RunTime:0.000000s ]
INFO: [ app_init ] --END-- [ RunTime:0.003000s ]
INFO: [ app_begin ] --START--
INFO: Run Behavior\ReadHtmlCacheBehavior [ RunTime:0.005000s ]
INFO: [ app_begin ] --END-- [ RunTime:0.006000s ]
INFO: [ view_parse ] --START--
INFO: [ template_filter ] --START--
INFO: Run Behavior\ContentReplaceBehavior [ RunTime:0.001000s ]
INFO: [ template_filter ] --END-- [ RunTime:0.001000s ]
INFO: Run Behavior\ParseTemplateBehavior [ RunTime:0.034002s ]
INFO: [ view_parse ] --END-- [ RunTime:0.034002s ]
INFO: [ view_filter ] --START--
INFO: Run Behavior\WriteHtmlCacheBehavior [ RunTime:0.004001s ]
INFO: [ view_filter ] --END-- [ RunTime:0.005001s ]
INFO: [ app_end ] --START--
INFO: Run Behavior\ShowPageTraceBehavior [ RunTime:0.004000s ]
INFO: [ app_end ] --END-- [ RunTime:0.004000s ]

[ 2016-09-21T22:40:52+08:00 ] ::1 /admin.php/Home/Index/login
INFO: [ app_init ] --START--
INFO: Run Behavior\BuildLiteBehavior [ RunTime:0.000000s ]
INFO: [ app_init ] --END-- [ RunTime:0.001000s ]
INFO: [ app_begin ] --START--
INFO: Run Behavior\ReadHtmlCacheBehavior [ RunTime:0.003000s ]
INFO: [ app_begin ] --END-- [ RunTime:0.003000s ]
SQL: SHOW COLUMNS FROM `admin` [ RunTime:0.0140s ]
SQL: SELECT * FROM `admin` WHERE `adminName` = 'admin' AND `password` = 'admin'  [ RunTime:0.0010s ]
INFO: [ view_parse ] --START--
INFO: [ template_filter ] --START--
INFO: Run Behavior\ContentReplaceBehavior [ RunTime:0.000000s ]
INFO: [ template_filter ] --END-- [ RunTime:0.001000s ]
NOTIC: [8] Undefined variable: unreadMessage E:\wamp\www\Admin\Runtime\Cache\Home\35aa7395e570a67b1b39372463a46a4e.php 第 235 行.
NOTIC: [8] Undefined variable: unreadMessage E:\wamp\www\Admin\Runtime\Cache\Home\35aa7395e570a67b1b39372463a46a4e.php 第 243 行.
INFO: Run Behavior\ParseTemplateBehavior [ RunTime:0.043002s ]
INFO: [ view_parse ] --END-- [ RunTime:0.044002s ]
INFO: [ view_filter ] --START--
INFO: Run Behavior\WriteHtmlCacheBehavior [ RunTime:0.004001s ]
INFO: [ view_filter ] --END-- [ RunTime:0.005001s ]
INFO: [ app_end ] --START--
INFO: Run Behavior\ShowPageTraceBehavior [ RunTime:0.004000s ]
INFO: [ app_end ] --END-- [ RunTime:0.004000s ]

[ 2016-09-21T22:41:04+08:00 ] ::1 /admin.php/Home/Class/index.html
INFO: [ app_init ] --START--
INFO: Run Behavior\BuildLiteBehavior [ RunTime:0.000000s ]
INFO: [ app_init ] --END-- [ RunTime:0.002000s ]
INFO: [ app_begin ] --START--
INFO: Run Behavior\ReadHtmlCacheBehavior [ RunTime:0.003001s ]
INFO: [ app_begin ] --END-- [ RunTime:0.003001s ]
SQL: select COUNT(*) as count from message where targetType = 0 and isRead = 0 [ RunTime:0.0010s ]
SQL: SHOW COLUMNS FROM `class` [ RunTime:0.0150s ]
SQL: SELECT COUNT(*) AS tp_count FROM `class` LIMIT 1   [ RunTime:0.0020s ]
SQL: SELECT class.id,class.classNo,class.className,class.classPrice,class.startTime,class.classIntro,class.avePeriod,cate.cName FROM `class` LEFT JOIN cate ON class.classCate = cate.id  ORDER BY id LIMIT 0,3   [ RunTime:0.0010s ]
INFO: [ view_parse ] --START--
INFO: [ template_filter ] --START--
INFO: Run Behavior\ContentReplaceBehavior [ RunTime:0.000000s ]
INFO: [ template_filter ] --END-- [ RunTime:0.003001s ]
INFO: Run Behavior\ParseTemplateBehavior [ RunTime:0.056003s ]
INFO: [ view_parse ] --END-- [ RunTime:0.057003s ]
INFO: [ view_filter ] --START--
INFO: Run Behavior\WriteHtmlCacheBehavior [ RunTime:0.002000s ]
INFO: [ view_filter ] --END-- [ RunTime:0.003000s ]
INFO: [ app_end ] --START--
INFO: Run Behavior\ShowPageTraceBehavior [ RunTime:0.005001s ]
INFO: [ app_end ] --END-- [ RunTime:0.008001s ]

[ 2016-09-21T22:41:08+08:00 ] ::1 /admin.php/Home/Class/index/p/6.html
INFO: [ app_init ] --START--
INFO: Run Behavior\BuildLiteBehavior [ RunTime:0.000000s ]
INFO: [ app_init ] --END-- [ RunTime:0.007000s ]
INFO: [ app_begin ] --START--
INFO: Run Behavior\ReadHtmlCacheBehavior [ RunTime:0.003000s ]
INFO: [ app_begin ] --END-- [ RunTime:0.003000s ]
SQL: select COUNT(*) as count from message where targetType = 0 and isRead = 0 [ RunTime:0.0010s ]
SQL: SHOW COLUMNS FROM `class` [ RunTime:0.0150s ]
SQL: SELECT COUNT(*) AS tp_count FROM `class` LIMIT 1   [ RunTime:0.0010s ]
SQL: SELECT class.id,class.classNo,class.className,class.classPrice,class.startTime,class.classIntro,class.avePeriod,cate.cName FROM `class` LEFT JOIN cate ON class.classCate = cate.id  ORDER BY id LIMIT 15,3   [ RunTime:0.0020s ]
INFO: [ view_parse ] --START--
INFO: [ template_filter ] --START--
INFO: Run Behavior\ContentReplaceBehavior [ RunTime:0.000000s ]
INFO: [ template_filter ] --END-- [ RunTime:0.001000s ]
INFO: Run Behavior\ParseTemplateBehavior [ RunTime:0.047003s ]
INFO: [ view_parse ] --END-- [ RunTime:0.047003s ]
INFO: [ view_filter ] --START--
INFO: Run Behavior\WriteHtmlCacheBehavior [ RunTime:0.002000s ]
INFO: [ view_filter ] --END-- [ RunTime:0.003000s ]
INFO: [ app_end ] --START--
INFO: Run Behavior\ShowPageTraceBehavior [ RunTime:0.006000s ]
INFO: [ app_end ] --END-- [ RunTime:0.007000s ]

[ 2016-09-21T22:41:10+08:00 ] ::1 /admin.php/Home/Class/detail?id=16
INFO: [ app_init ] --START--
INFO: Run Behavior\BuildLiteBehavior [ RunTime:0.000000s ]
INFO: [ app_init ] --END-- [ RunTime:0.002000s ]
INFO: [ app_begin ] --START--
INFO: Run Behavior\ReadHtmlCacheBehavior [ RunTime:0.002000s ]
INFO: [ app_begin ] --END-- [ RunTime:0.003000s ]
SQL: select COUNT(*) as count from message where targetType = 0 and isRead = 0 [ RunTime:0.0010s ]
SQL: select a.id, a.classNo, a.className, a.coachMinPrice, a.coachMaxPrice, a.classPic, a.classPrice, a.startTime, a.classIntro, a.avePeriod, b.cName, a.requirement, a.studyResult from class as a left join cate as b on a.classCate = b.id where a.id = 16 [ RunTime:0.0010s ]
SQL: select b.tName from teacher_class as a left join teacher as b on a.teacherId = b.id where a.classId = 16 [ RunTime:0.0020s ]
SQL: select b.name from class_project as a left join project as b on a.projectId = b.id where a.classId = 16 [ RunTime:0.0020s ]
SQL: select b.stuName from stu_class as a left join student as b on a.stuId = b.id where a.classId = 16 [ RunTime:0.0020s ]
INFO: [ view_parse ] --START--
INFO: [ template_filter ] --START--
INFO: Run Behavior\ContentReplaceBehavior [ RunTime:0.003000s ]
INFO: [ template_filter ] --END-- [ RunTime:0.005000s ]
INFO: Run Behavior\ParseTemplateBehavior [ RunTime:0.077004s ]
INFO: [ view_parse ] --END-- [ RunTime:0.077004s ]
INFO: [ view_filter ] --START--
INFO: Run Behavior\WriteHtmlCacheBehavior [ RunTime:0.003000s ]
INFO: [ view_filter ] --END-- [ RunTime:0.005000s ]
INFO: [ app_end ] --START--
INFO: Run Behavior\ShowPageTraceBehavior [ RunTime:0.008001s ]
INFO: [ app_end ] --END-- [ RunTime:0.009001s ]

[ 2016-09-21T22:41:10+08:00 ] ::1 /admin.php/Home/Class/2016-09-21/57e29b6f0712b.jpg
INFO: [ app_init ] --START--
INFO: Run Behavior\BuildLiteBehavior [ RunTime:0.000000s ]
INFO: [ app_init ] --END-- [ RunTime:0.002000s ]

