[ 2016-10-09T19:29:12+08:00 ] ::1 /jiaolianyuan/admin.php
INFO: [ app_init ] --START--
INFO: Run Behavior\BuildLiteBehavior [ RunTime:0.000052s ]
INFO: [ app_init ] --END-- [ RunTime:0.000896s ]
INFO: [ app_begin ] --START--
INFO: Run Behavior\ReadHtmlCacheBehavior [ RunTime:0.001039s ]
INFO: [ app_begin ] --END-- [ RunTime:0.001290s ]
INFO: [ view_parse ] --START--
INFO: [ template_filter ] --START--
INFO: Run Behavior\ContentReplaceBehavior [ RunTime:0.000234s ]
INFO: [ template_filter ] --END-- [ RunTime:0.000659s ]
INFO: Run Behavior\ParseTemplateBehavior [ RunTime:0.177972s ]
INFO: [ view_parse ] --END-- [ RunTime:0.178303s ]
INFO: [ view_filter ] --START--
INFO: Run Behavior\WriteHtmlCacheBehavior [ RunTime:0.001288s ]
INFO: [ view_filter ] --END-- [ RunTime:0.002114s ]
INFO: [ app_end ] --START--
INFO: Run Behavior\ShowPageTraceBehavior [ RunTime:0.002290s ]
INFO: [ app_end ] --END-- [ RunTime:0.002694s ]

[ 2016-10-09T19:29:24+08:00 ] ::1 /jiaolianyuan/admin.php/Home/Index/login
INFO: [ app_init ] --START--
INFO: Run Behavior\BuildLiteBehavior [ RunTime:0.000063s ]
INFO: [ app_init ] --END-- [ RunTime:0.000974s ]
INFO: [ app_begin ] --START--
INFO: Run Behavior\ReadHtmlCacheBehavior [ RunTime:0.000471s ]
INFO: [ app_begin ] --END-- [ RunTime:0.000584s ]
SQL: SHOW COLUMNS FROM `admin` [ RunTime:0.4263s ]
SQL: SELECT * FROM `admin` WHERE `adminName` = 'admin' AND `password` = 'admin'  [ RunTime:0.0004s ]
INFO: [ view_parse ] --START--
INFO: [ template_filter ] --START--
INFO: Run Behavior\ContentReplaceBehavior [ RunTime:0.000574s ]
INFO: [ template_filter ] --END-- [ RunTime:0.000954s ]
NOTIC: [8] Undefined variable: unreadMessage E:\software\wamp\www\jiaolianyuan\Admin\Runtime\Cache\Home\35aa7395e570a67b1b39372463a46a4e.php 第 235 行.
NOTIC: [8] Undefined variable: unreadMessage E:\software\wamp\www\jiaolianyuan\Admin\Runtime\Cache\Home\35aa7395e570a67b1b39372463a46a4e.php 第 243 行.
INFO: Run Behavior\ParseTemplateBehavior [ RunTime:0.578519s ]
INFO: [ view_parse ] --END-- [ RunTime:0.578646s ]
INFO: [ view_filter ] --START--
INFO: Run Behavior\WriteHtmlCacheBehavior [ RunTime:0.000369s ]
INFO: [ view_filter ] --END-- [ RunTime:0.000519s ]
INFO: [ app_end ] --START--
INFO: Run Behavior\ShowPageTraceBehavior [ RunTime:0.000606s ]
INFO: [ app_end ] --END-- [ RunTime:0.000816s ]

[ 2016-10-09T19:29:24+08:00 ] ::1 /jiaolianyuan/admin.php/Home/Index/login
INFO: [ app_init ] --START--
INFO: Run Behavior\BuildLiteBehavior [ RunTime:0.000100s ]
INFO: [ app_init ] --END-- [ RunTime:0.001422s ]
INFO: [ app_begin ] --START--
INFO: Run Behavior\ReadHtmlCacheBehavior [ RunTime:0.001161s ]
INFO: [ app_begin ] --END-- [ RunTime:0.001569s ]
SQL: SHOW COLUMNS FROM `admin` [ RunTime:0.2628s ]
SQL: SELECT * FROM `admin` WHERE `adminName` = 'admin' AND `password` = 'admin'  [ RunTime:0.0008s ]
INFO: [ view_parse ] --START--
INFO: [ template_filter ] --START--
INFO: Run Behavior\ContentReplaceBehavior [ RunTime:0.000226s ]
INFO: [ template_filter ] --END-- [ RunTime:0.000393s ]
NOTIC: [8] Undefined variable: unreadMessage E:\software\wamp\www\jiaolianyuan\Admin\Runtime\Cache\Home\35aa7395e570a67b1b39372463a46a4e.php 第 235 行.
NOTIC: [8] Undefined variable: unreadMessage E:\software\wamp\www\jiaolianyuan\Admin\Runtime\Cache\Home\35aa7395e570a67b1b39372463a46a4e.php 第 243 行.
INFO: Run Behavior\ParseTemplateBehavior [ RunTime:0.033271s ]
INFO: [ view_parse ] --END-- [ RunTime:0.033545s ]
INFO: [ view_filter ] --START--
INFO: Run Behavior\WriteHtmlCacheBehavior [ RunTime:0.000614s ]
INFO: [ view_filter ] --END-- [ RunTime:0.000789s ]
INFO: [ app_end ] --START--
INFO: Run Behavior\ShowPageTraceBehavior [ RunTime:0.000941s ]
INFO: [ app_end ] --END-- [ RunTime:0.001214s ]

[ 2016-10-09T19:29:46+08:00 ] ::1 /jiaolianyuan/admin.php/Home/Message/outBox
INFO: [ app_init ] --START--
INFO: Run Behavior\BuildLiteBehavior [ RunTime:0.000023s ]
INFO: [ app_init ] --END-- [ RunTime:0.000429s ]
INFO: [ app_begin ] --START--
INFO: Run Behavior\ReadHtmlCacheBehavior [ RunTime:0.000756s ]
INFO: [ app_begin ] --END-- [ RunTime:0.000892s ]
SQL: select COUNT(*) as count from message where targetType = 0 and isRead = 0 [ RunTime:0.0005s ]
SQL: SHOW COLUMNS FROM `message` [ RunTime:0.4161s ]
SQL: SELECT COUNT(*) AS tp_count FROM `message` LIMIT 1   [ RunTime:0.0003s ]
SQL: SELECT `id`,`targetType`,`targetName`,`content`,`isRead` FROM `message` WHERE ( targetType != 0 ) ORDER BY id LIMIT 0,3   [ RunTime:0.0010s ]
INFO: [ view_parse ] --START--
INFO: [ template_filter ] --START--
INFO: Run Behavior\ContentReplaceBehavior [ RunTime:0.000294s ]
INFO: [ template_filter ] --END-- [ RunTime:0.000520s ]
NOTIC: [8] Undefined index: sendertype E:\software\wamp\www\jiaolianyuan\Admin\Runtime\Cache\Home\17ec1e9486f1556af25a568c55b2a735.php 第 626 行.
NOTIC: [8] Undefined index: sendertype E:\software\wamp\www\jiaolianyuan\Admin\Runtime\Cache\Home\17ec1e9486f1556af25a568c55b2a735.php 第 627 行.
NOTIC: [8] Undefined index: sendertype E:\software\wamp\www\jiaolianyuan\Admin\Runtime\Cache\Home\17ec1e9486f1556af25a568c55b2a735.php 第 626 行.
NOTIC: [8] Undefined index: sendertype E:\software\wamp\www\jiaolianyuan\Admin\Runtime\Cache\Home\17ec1e9486f1556af25a568c55b2a735.php 第 627 行.
NOTIC: [8] Undefined index: sendertype E:\software\wamp\www\jiaolianyuan\Admin\Runtime\Cache\Home\17ec1e9486f1556af25a568c55b2a735.php 第 626 行.
NOTIC: [8] Undefined index: sendertype E:\software\wamp\www\jiaolianyuan\Admin\Runtime\Cache\Home\17ec1e9486f1556af25a568c55b2a735.php 第 627 行.
INFO: Run Behavior\ParseTemplateBehavior [ RunTime:0.075870s ]
INFO: [ view_parse ] --END-- [ RunTime:0.076050s ]
INFO: [ view_filter ] --START--
INFO: Run Behavior\WriteHtmlCacheBehavior [ RunTime:0.000694s ]
INFO: [ view_filter ] --END-- [ RunTime:0.000863s ]
INFO: [ app_end ] --START--
INFO: Run Behavior\ShowPageTraceBehavior [ RunTime:0.001489s ]
INFO: [ app_end ] --END-- [ RunTime:0.001687s ]

[ 2016-10-09T19:29:53+08:00 ] ::1 /jiaolianyuan/admin.php/Home/Message/detail?id=5
INFO: [ app_init ] --START--
INFO: Run Behavior\BuildLiteBehavior [ RunTime:0.000028s ]
INFO: [ app_init ] --END-- [ RunTime:0.000468s ]
INFO: [ app_begin ] --START--
INFO: Run Behavior\ReadHtmlCacheBehavior [ RunTime:0.000629s ]
INFO: [ app_begin ] --END-- [ RunTime:0.000757s ]
SQL: select COUNT(*) as count from message where targetType = 0 and isRead = 0 [ RunTime:0.0003s ]
SQL: select id, senderName, senderType, targetName, targetType, content, time, isRead from message where id = 5 [ RunTime:0.0003s ]
SQL: select id, senderName, targetName, content, time, isRead from reply where referId = 5 [ RunTime:0.0002s ]
SQL: update message set isRead = 1 where id = 5 [ RunTime:0.7773s ]
INFO: [ view_parse ] --START--
INFO: [ template_filter ] --START--
INFO: Run Behavior\ContentReplaceBehavior [ RunTime:0.000188s ]
INFO: [ template_filter ] --END-- [ RunTime:0.000301s ]
INFO: Run Behavior\ParseTemplateBehavior [ RunTime:0.103685s ]
INFO: [ view_parse ] --END-- [ RunTime:0.104163s ]
INFO: [ view_filter ] --START--
INFO: Run Behavior\WriteHtmlCacheBehavior [ RunTime:0.000706s ]
INFO: [ view_filter ] --END-- [ RunTime:0.000893s ]
INFO: [ app_end ] --START--
INFO: Run Behavior\ShowPageTraceBehavior [ RunTime:0.001978s ]
INFO: [ app_end ] --END-- [ RunTime:0.002206s ]

[ 2016-10-09T19:31:11+08:00 ] ::1 /jiaolianyuan/admin.php/Home/Message/outBox
INFO: [ app_init ] --START--
INFO: Run Behavior\BuildLiteBehavior [ RunTime:0.000030s ]
INFO: [ app_init ] --END-- [ RunTime:0.000476s ]
INFO: [ app_begin ] --START--
INFO: Run Behavior\ReadHtmlCacheBehavior [ RunTime:0.000516s ]
INFO: [ app_begin ] --END-- [ RunTime:0.000624s ]
SQL: select COUNT(*) as count from message where targetType = 0 and isRead = 0 [ RunTime:0.0002s ]
SQL: SHOW COLUMNS FROM `message` [ RunTime:0.0108s ]
SQL: SELECT COUNT(*) AS tp_count FROM `message` LIMIT 1   [ RunTime:0.0003s ]
SQL: SELECT `id`,`targetType`,`targetName`,`content`,`isRead` FROM `message` WHERE ( targetType != 0 ) ORDER BY id LIMIT 0,3   [ RunTime:0.0002s ]
INFO: [ view_parse ] --START--
INFO: [ template_filter ] --START--
INFO: Run Behavior\ContentReplaceBehavior [ RunTime:0.000341s ]
INFO: [ template_filter ] --END-- [ RunTime:0.000532s ]
NOTIC: [8] Undefined index: sendertype E:\software\wamp\www\jiaolianyuan\Admin\Runtime\Cache\Home\17ec1e9486f1556af25a568c55b2a735.php 第 626 行.
NOTIC: [8] Undefined index: sendertype E:\software\wamp\www\jiaolianyuan\Admin\Runtime\Cache\Home\17ec1e9486f1556af25a568c55b2a735.php 第 627 行.
NOTIC: [8] Undefined index: sendertype E:\software\wamp\www\jiaolianyuan\Admin\Runtime\Cache\Home\17ec1e9486f1556af25a568c55b2a735.php 第 626 行.
NOTIC: [8] Undefined index: sendertype E:\software\wamp\www\jiaolianyuan\Admin\Runtime\Cache\Home\17ec1e9486f1556af25a568c55b2a735.php 第 627 行.
NOTIC: [8] Undefined index: sendertype E:\software\wamp\www\jiaolianyuan\Admin\Runtime\Cache\Home\17ec1e9486f1556af25a568c55b2a735.php 第 626 行.
NOTIC: [8] Undefined index: sendertype E:\software\wamp\www\jiaolianyuan\Admin\Runtime\Cache\Home\17ec1e9486f1556af25a568c55b2a735.php 第 627 行.
INFO: Run Behavior\ParseTemplateBehavior [ RunTime:0.015435s ]
INFO: [ view_parse ] --END-- [ RunTime:0.015542s ]
INFO: [ view_filter ] --START--
INFO: Run Behavior\WriteHtmlCacheBehavior [ RunTime:0.000386s ]
INFO: [ view_filter ] --END-- [ RunTime:0.000482s ]
INFO: [ app_end ] --START--
INFO: Run Behavior\ShowPageTraceBehavior [ RunTime:0.000587s ]
INFO: [ app_end ] --END-- [ RunTime:0.000697s ]

[ 2016-10-09T19:31:15+08:00 ] ::1 /jiaolianyuan/admin.php/Home/Message/send
INFO: [ app_init ] --START--
INFO: Run Behavior\BuildLiteBehavior [ RunTime:0.000028s ]
INFO: [ app_init ] --END-- [ RunTime:0.000537s ]
INFO: [ app_begin ] --START--
INFO: Run Behavior\ReadHtmlCacheBehavior [ RunTime:0.000514s ]
INFO: [ app_begin ] --END-- [ RunTime:0.000629s ]
SQL: select COUNT(*) as count from message where targetType = 0 and isRead = 0 [ RunTime:0.0003s ]
NOTIC: [8] Use of undefined constant sendMessage - assumed 'sendMessage' E:\software\wamp\www\jiaolianyuan\Admin\Home\Controller\MessageController.class.php 第 107 行.
INFO: [ view_parse ] --START--
INFO: [ template_filter ] --START--
INFO: Run Behavior\ContentReplaceBehavior [ RunTime:0.000205s ]
INFO: [ template_filter ] --END-- [ RunTime:0.000336s ]
INFO: Run Behavior\ParseTemplateBehavior [ RunTime:0.041360s ]
INFO: [ view_parse ] --END-- [ RunTime:0.041666s ]
INFO: [ view_filter ] --START--
INFO: Run Behavior\WriteHtmlCacheBehavior [ RunTime:0.000785s ]
INFO: [ view_filter ] --END-- [ RunTime:0.000941s ]
INFO: [ app_end ] --START--
INFO: Run Behavior\ShowPageTraceBehavior [ RunTime:0.001063s ]
INFO: [ app_end ] --END-- [ RunTime:0.001289s ]

[ 2016-10-09T19:31:18+08:00 ] ::1 /jiaolianyuan/admin.php/Home/Message/checkName
INFO: [ app_init ] --START--
INFO: Run Behavior\BuildLiteBehavior [ RunTime:0.000028s ]
INFO: [ app_init ] --END-- [ RunTime:0.000493s ]
INFO: [ app_begin ] --START--
INFO: Run Behavior\ReadHtmlCacheBehavior [ RunTime:0.000905s ]
INFO: [ app_begin ] --END-- [ RunTime:0.001081s ]
SQL: select COUNT(*) as count from message where targetType = 0 and isRead = 0 [ RunTime:0.0003s ]
SQL: select stuName from student [ RunTime:0.0003s ]

[ 2016-10-09T19:31:38+08:00 ] ::1 /jiaolianyuan/admin.php/Home/Message/add
INFO: [ app_init ] --START--
INFO: Run Behavior\BuildLiteBehavior [ RunTime:0.000023s ]
INFO: [ app_init ] --END-- [ RunTime:0.000468s ]
INFO: [ app_begin ] --START--
INFO: Run Behavior\ReadHtmlCacheBehavior [ RunTime:0.002331s ]
INFO: [ app_begin ] --END-- [ RunTime:0.002551s ]
SQL: select COUNT(*) as count from message where targetType = 0 and isRead = 0 [ RunTime:0.0003s ]
SQL: SHOW COLUMNS FROM `message` [ RunTime:0.0631s ]
SQL: INSERT INTO `message` (`senderName`,`senderType`,`targetName`,`targetType`,`content`,`time`,`isRead`) VALUES ('admin','0','xiaopeng','2','hello hello ,小鹏收到了吗&lt;p&gt;
						&lt;/p&gt;','2016-10-09 19:31:38','0') [ RunTime:0.6347s ]
INFO: [ view_parse ] --START--
INFO: [ template_filter ] --START--
INFO: Run Behavior\ContentReplaceBehavior [ RunTime:0.000118s ]
INFO: [ template_filter ] --END-- [ RunTime:0.000341s ]
INFO: Run Behavior\ParseTemplateBehavior [ RunTime:0.087458s ]
INFO: [ view_parse ] --END-- [ RunTime:0.087918s ]
INFO: [ view_filter ] --START--
INFO: Run Behavior\WriteHtmlCacheBehavior [ RunTime:0.002057s ]
INFO: [ view_filter ] --END-- [ RunTime:0.002465s ]
INFO: [ app_end ] --START--
INFO: Run Behavior\ShowPageTraceBehavior [ RunTime:0.002183s ]
INFO: [ app_end ] --END-- [ RunTime:0.002588s ]

[ 2016-10-09T19:31:40+08:00 ] ::1 /jiaolianyuan/admin.php/Home/Message/index
INFO: [ app_init ] --START--
INFO: Run Behavior\BuildLiteBehavior [ RunTime:0.000027s ]
INFO: [ app_init ] --END-- [ RunTime:0.000458s ]
INFO: [ app_begin ] --START--
INFO: Run Behavior\ReadHtmlCacheBehavior [ RunTime:0.000615s ]
INFO: [ app_begin ] --END-- [ RunTime:0.000738s ]
SQL: select COUNT(*) as count from message where targetType = 0 and isRead = 0 [ RunTime:0.0003s ]
SQL: SHOW COLUMNS FROM `message` [ RunTime:0.4146s ]
SQL: SELECT COUNT(*) AS tp_count FROM `message` LIMIT 1   [ RunTime:0.0560s ]
SQL: SELECT `id`,`senderType`,`senderName`,`content`,`isRead` FROM `message` WHERE ( senderType != 0 ) ORDER BY id LIMIT 0,3   [ RunTime:0.0010s ]
INFO: [ view_parse ] --START--
INFO: [ template_filter ] --START--
INFO: Run Behavior\ContentReplaceBehavior [ RunTime:0.000377s ]
INFO: [ template_filter ] --END-- [ RunTime:0.000638s ]
INFO: Run Behavior\ParseTemplateBehavior [ RunTime:0.156267s ]
INFO: [ view_parse ] --END-- [ RunTime:0.156589s ]
INFO: [ view_filter ] --START--
INFO: Run Behavior\WriteHtmlCacheBehavior [ RunTime:0.000800s ]
INFO: [ view_filter ] --END-- [ RunTime:0.001021s ]
INFO: [ app_end ] --START--
INFO: Run Behavior\ShowPageTraceBehavior [ RunTime:0.001745s ]
INFO: [ app_end ] --END-- [ RunTime:0.002065s ]

[ 2016-10-09T19:31:45+08:00 ] ::1 /jiaolianyuan/admin.php/Home/Message/outBox
INFO: [ app_init ] --START--
INFO: Run Behavior\BuildLiteBehavior [ RunTime:0.000027s ]
INFO: [ app_init ] --END-- [ RunTime:0.000477s ]
INFO: [ app_begin ] --START--
INFO: Run Behavior\ReadHtmlCacheBehavior [ RunTime:0.000610s ]
INFO: [ app_begin ] --END-- [ RunTime:0.000739s ]
SQL: select COUNT(*) as count from message where targetType = 0 and isRead = 0 [ RunTime:0.0004s ]
SQL: SHOW COLUMNS FROM `message` [ RunTime:0.0038s ]
SQL: SELECT COUNT(*) AS tp_count FROM `message` LIMIT 1   [ RunTime:0.0003s ]
SQL: SELECT `id`,`targetType`,`targetName`,`content`,`isRead` FROM `message` WHERE ( targetType != 0 ) ORDER BY id LIMIT 0,3   [ RunTime:0.0003s ]
INFO: [ view_parse ] --START--
INFO: [ template_filter ] --START--
INFO: Run Behavior\ContentReplaceBehavior [ RunTime:0.000203s ]
INFO: [ template_filter ] --END-- [ RunTime:0.000316s ]
NOTIC: [8] Undefined index: sendertype E:\software\wamp\www\jiaolianyuan\Admin\Runtime\Cache\Home\17ec1e9486f1556af25a568c55b2a735.php 第 626 行.
NOTIC: [8] Undefined index: sendertype E:\software\wamp\www\jiaolianyuan\Admin\Runtime\Cache\Home\17ec1e9486f1556af25a568c55b2a735.php 第 627 行.
NOTIC: [8] Undefined index: sendertype E:\software\wamp\www\jiaolianyuan\Admin\Runtime\Cache\Home\17ec1e9486f1556af25a568c55b2a735.php 第 626 行.
NOTIC: [8] Undefined index: sendertype E:\software\wamp\www\jiaolianyuan\Admin\Runtime\Cache\Home\17ec1e9486f1556af25a568c55b2a735.php 第 627 行.
NOTIC: [8] Undefined index: sendertype E:\software\wamp\www\jiaolianyuan\Admin\Runtime\Cache\Home\17ec1e9486f1556af25a568c55b2a735.php 第 626 行.
NOTIC: [8] Undefined index: sendertype E:\software\wamp\www\jiaolianyuan\Admin\Runtime\Cache\Home\17ec1e9486f1556af25a568c55b2a735.php 第 627 行.
INFO: Run Behavior\ParseTemplateBehavior [ RunTime:0.014026s ]
INFO: [ view_parse ] --END-- [ RunTime:0.014140s ]
INFO: [ view_filter ] --START--
INFO: Run Behavior\WriteHtmlCacheBehavior [ RunTime:0.000389s ]
INFO: [ view_filter ] --END-- [ RunTime:0.000480s ]
INFO: [ app_end ] --START--
INFO: Run Behavior\ShowPageTraceBehavior [ RunTime:0.001095s ]
INFO: [ app_end ] --END-- [ RunTime:0.001287s ]

[ 2016-10-09T19:31:51+08:00 ] ::1 /jiaolianyuan/admin.php/Home/Message/index
INFO: [ app_init ] --START--
INFO: Run Behavior\BuildLiteBehavior [ RunTime:0.000025s ]
INFO: [ app_init ] --END-- [ RunTime:0.000421s ]
INFO: [ app_begin ] --START--
INFO: Run Behavior\ReadHtmlCacheBehavior [ RunTime:0.000532s ]
INFO: [ app_begin ] --END-- [ RunTime:0.000642s ]
SQL: select COUNT(*) as count from message where targetType = 0 and isRead = 0 [ RunTime:0.0008s ]
SQL: SHOW COLUMNS FROM `message` [ RunTime:0.0167s ]
SQL: SELECT COUNT(*) AS tp_count FROM `message` LIMIT 1   [ RunTime:0.0002s ]
SQL: SELECT `id`,`senderType`,`senderName`,`content`,`isRead` FROM `message` WHERE ( senderType != 0 ) ORDER BY id LIMIT 0,3   [ RunTime:0.0003s ]
INFO: [ view_parse ] --START--
INFO: [ template_filter ] --START--
INFO: Run Behavior\ContentReplaceBehavior [ RunTime:0.000177s ]
INFO: [ template_filter ] --END-- [ RunTime:0.000302s ]
INFO: Run Behavior\ParseTemplateBehavior [ RunTime:0.013789s ]
INFO: [ view_parse ] --END-- [ RunTime:0.013914s ]
INFO: [ view_filter ] --START--
INFO: Run Behavior\WriteHtmlCacheBehavior [ RunTime:0.000394s ]
INFO: [ view_filter ] --END-- [ RunTime:0.000515s ]
INFO: [ app_end ] --START--
INFO: Run Behavior\ShowPageTraceBehavior [ RunTime:0.000988s ]
INFO: [ app_end ] --END-- [ RunTime:0.001227s ]

[ 2016-10-09T19:31:54+08:00 ] ::1 /jiaolianyuan/admin.php/Home/Message/outBox
INFO: [ app_init ] --START--
INFO: Run Behavior\BuildLiteBehavior [ RunTime:0.000028s ]
INFO: [ app_init ] --END-- [ RunTime:0.000459s ]
INFO: [ app_begin ] --START--
INFO: Run Behavior\ReadHtmlCacheBehavior [ RunTime:0.000593s ]
INFO: [ app_begin ] --END-- [ RunTime:0.000719s ]
SQL: select COUNT(*) as count from message where targetType = 0 and isRead = 0 [ RunTime:0.0007s ]
SQL: SHOW COLUMNS FROM `message` [ RunTime:0.0033s ]
SQL: SELECT COUNT(*) AS tp_count FROM `message` LIMIT 1   [ RunTime:0.0003s ]
SQL: SELECT `id`,`targetType`,`targetName`,`content`,`isRead` FROM `message` WHERE ( targetType != 0 ) ORDER BY id LIMIT 0,3   [ RunTime:0.0003s ]
INFO: [ view_parse ] --START--
INFO: [ template_filter ] --START--
INFO: Run Behavior\ContentReplaceBehavior [ RunTime:0.000170s ]
INFO: [ template_filter ] --END-- [ RunTime:0.000293s ]
NOTIC: [8] Undefined index: sendertype E:\software\wamp\www\jiaolianyuan\Admin\Runtime\Cache\Home\17ec1e9486f1556af25a568c55b2a735.php 第 626 行.
NOTIC: [8] Undefined index: sendertype E:\software\wamp\www\jiaolianyuan\Admin\Runtime\Cache\Home\17ec1e9486f1556af25a568c55b2a735.php 第 627 行.
NOTIC: [8] Undefined index: sendertype E:\software\wamp\www\jiaolianyuan\Admin\Runtime\Cache\Home\17ec1e9486f1556af25a568c55b2a735.php 第 626 行.
NOTIC: [8] Undefined index: sendertype E:\software\wamp\www\jiaolianyuan\Admin\Runtime\Cache\Home\17ec1e9486f1556af25a568c55b2a735.php 第 627 行.
NOTIC: [8] Undefined index: sendertype E:\software\wamp\www\jiaolianyuan\Admin\Runtime\Cache\Home\17ec1e9486f1556af25a568c55b2a735.php 第 626 行.
NOTIC: [8] Undefined index: sendertype E:\software\wamp\www\jiaolianyuan\Admin\Runtime\Cache\Home\17ec1e9486f1556af25a568c55b2a735.php 第 627 行.
INFO: Run Behavior\ParseTemplateBehavior [ RunTime:0.016360s ]
INFO: [ view_parse ] --END-- [ RunTime:0.016467s ]
INFO: [ view_filter ] --START--
INFO: Run Behavior\WriteHtmlCacheBehavior [ RunTime:0.000362s ]
INFO: [ view_filter ] --END-- [ RunTime:0.000452s ]
INFO: [ app_end ] --START--
INFO: Run Behavior\ShowPageTraceBehavior [ RunTime:0.000586s ]
INFO: [ app_end ] --END-- [ RunTime:0.000694s ]

[ 2016-10-09T19:33:00+08:00 ] ::1 /jiaolianyuan/admin.php/Home/Message/outBox/p/6.html
INFO: [ app_init ] --START--
INFO: Run Behavior\BuildLiteBehavior [ RunTime:0.000028s ]
INFO: [ app_init ] --END-- [ RunTime:0.000497s ]
INFO: [ app_begin ] --START--
INFO: Run Behavior\ReadHtmlCacheBehavior [ RunTime:0.000658s ]
INFO: [ app_begin ] --END-- [ RunTime:0.000787s ]
SQL: select COUNT(*) as count from message where targetType = 0 and isRead = 0 [ RunTime:0.0003s ]
SQL: SHOW COLUMNS FROM `message` [ RunTime:0.0717s ]
SQL: SELECT COUNT(*) AS tp_count FROM `message` LIMIT 1   [ RunTime:0.0002s ]
SQL: SELECT `id`,`targetType`,`targetName`,`content`,`isRead` FROM `message` WHERE ( targetType != 0 ) ORDER BY id LIMIT 15,3   [ RunTime:0.0003s ]
INFO: [ view_parse ] --START--
INFO: [ template_filter ] --START--
INFO: Run Behavior\ContentReplaceBehavior [ RunTime:0.000160s ]
INFO: [ template_filter ] --END-- [ RunTime:0.000275s ]
INFO: Run Behavior\ParseTemplateBehavior [ RunTime:0.013437s ]
INFO: [ view_parse ] --END-- [ RunTime:0.013548s ]
INFO: [ view_filter ] --START--
INFO: Run Behavior\WriteHtmlCacheBehavior [ RunTime:0.000455s ]
INFO: [ view_filter ] --END-- [ RunTime:0.000609s ]
INFO: [ app_end ] --START--
INFO: Run Behavior\ShowPageTraceBehavior [ RunTime:0.001034s ]
INFO: [ app_end ] --END-- [ RunTime:0.001218s ]

[ 2016-10-09T19:33:01+08:00 ] ::1 /jiaolianyuan/admin.php/Home/Message/outBox/p/4.html
INFO: [ app_init ] --START--
INFO: Run Behavior\BuildLiteBehavior [ RunTime:0.000029s ]
INFO: [ app_init ] --END-- [ RunTime:0.000542s ]
INFO: [ app_begin ] --START--
INFO: Run Behavior\ReadHtmlCacheBehavior [ RunTime:0.001914s ]
INFO: [ app_begin ] --END-- [ RunTime:0.002108s ]
SQL: select COUNT(*) as count from message where targetType = 0 and isRead = 0 [ RunTime:0.0008s ]
SQL: SHOW COLUMNS FROM `message` [ RunTime:0.0030s ]
SQL: SELECT COUNT(*) AS tp_count FROM `message` LIMIT 1   [ RunTime:0.0003s ]
SQL: SELECT `id`,`targetType`,`targetName`,`content`,`isRead` FROM `message` WHERE ( targetType != 0 ) ORDER BY id LIMIT 9,3   [ RunTime:0.0004s ]
INFO: [ view_parse ] --START--
INFO: [ template_filter ] --START--
INFO: Run Behavior\ContentReplaceBehavior [ RunTime:0.000305s ]
INFO: [ template_filter ] --END-- [ RunTime:0.000507s ]
INFO: Run Behavior\ParseTemplateBehavior [ RunTime:0.018085s ]
INFO: [ view_parse ] --END-- [ RunTime:0.018239s ]
INFO: [ view_filter ] --START--
INFO: Run Behavior\WriteHtmlCacheBehavior [ RunTime:0.000521s ]
INFO: [ view_filter ] --END-- [ RunTime:0.000668s ]
INFO: [ app_end ] --START--
INFO: Run Behavior\ShowPageTraceBehavior [ RunTime:0.001009s ]
INFO: [ app_end ] --END-- [ RunTime:0.001211s ]

[ 2016-10-09T19:33:03+08:00 ] ::1 /jiaolianyuan/admin.php/Home/Message/outBox/p/3.html
INFO: [ app_init ] --START--
INFO: Run Behavior\BuildLiteBehavior [ RunTime:0.000027s ]
INFO: [ app_init ] --END-- [ RunTime:0.000463s ]
INFO: [ app_begin ] --START--
INFO: Run Behavior\ReadHtmlCacheBehavior [ RunTime:0.000679s ]
INFO: [ app_begin ] --END-- [ RunTime:0.000808s ]
SQL: select COUNT(*) as count from message where targetType = 0 and isRead = 0 [ RunTime:0.0004s ]
SQL: SHOW COLUMNS FROM `message` [ RunTime:0.0040s ]
SQL: SELECT COUNT(*) AS tp_count FROM `message` LIMIT 1   [ RunTime:0.0006s ]
SQL: SELECT `id`,`targetType`,`targetName`,`content`,`isRead` FROM `message` WHERE ( targetType != 0 ) ORDER BY id LIMIT 6,3   [ RunTime:0.0003s ]
INFO: [ view_parse ] --START--
INFO: [ template_filter ] --START--
INFO: Run Behavior\ContentReplaceBehavior [ RunTime:0.000188s ]
INFO: [ template_filter ] --END-- [ RunTime:0.000290s ]
NOTIC: [8] Undefined index: sendertype E:\software\wamp\www\jiaolianyuan\Admin\Runtime\Cache\Home\17ec1e9486f1556af25a568c55b2a735.php 第 626 行.
NOTIC: [8] Undefined index: sendertype E:\software\wamp\www\jiaolianyuan\Admin\Runtime\Cache\Home\17ec1e9486f1556af25a568c55b2a735.php 第 627 行.
NOTIC: [8] Undefined index: sendertype E:\software\wamp\www\jiaolianyuan\Admin\Runtime\Cache\Home\17ec1e9486f1556af25a568c55b2a735.php 第 626 行.
NOTIC: [8] Undefined index: sendertype E:\software\wamp\www\jiaolianyuan\Admin\Runtime\Cache\Home\17ec1e9486f1556af25a568c55b2a735.php 第 627 行.
NOTIC: [8] Undefined index: sendertype E:\software\wamp\www\jiaolianyuan\Admin\Runtime\Cache\Home\17ec1e9486f1556af25a568c55b2a735.php 第 626 行.
NOTIC: [8] Undefined index: sendertype E:\software\wamp\www\jiaolianyuan\Admin\Runtime\Cache\Home\17ec1e9486f1556af25a568c55b2a735.php 第 627 行.
INFO: Run Behavior\ParseTemplateBehavior [ RunTime:0.013410s ]
INFO: [ view_parse ] --END-- [ RunTime:0.013513s ]
INFO: [ view_filter ] --START--
INFO: Run Behavior\WriteHtmlCacheBehavior [ RunTime:0.000454s ]
INFO: [ view_filter ] --END-- [ RunTime:0.000547s ]
INFO: [ app_end ] --START--
INFO: Run Behavior\ShowPageTraceBehavior [ RunTime:0.000830s ]
INFO: [ app_end ] --END-- [ RunTime:0.000954s ]

[ 2016-10-09T19:33:05+08:00 ] ::1 /jiaolianyuan/admin.php/Home/Message/detail?id=29
INFO: [ app_init ] --START--
INFO: Run Behavior\BuildLiteBehavior [ RunTime:0.000025s ]
INFO: [ app_init ] --END-- [ RunTime:0.000427s ]
INFO: [ app_begin ] --START--
INFO: Run Behavior\ReadHtmlCacheBehavior [ RunTime:0.000597s ]
INFO: [ app_begin ] --END-- [ RunTime:0.000738s ]
SQL: select COUNT(*) as count from message where targetType = 0 and isRead = 0 [ RunTime:0.0003s ]
SQL: select id, senderName, senderType, targetName, targetType, content, time, isRead from message where id = 29 [ RunTime:0.0002s ]
SQL: select id, senderName, targetName, content, time, isRead from reply where referId = 29 [ RunTime:0.0002s ]
SQL: update message set isRead = 1 where id = 29 [ RunTime:0.0462s ]
INFO: [ view_parse ] --START--
INFO: [ template_filter ] --START--
INFO: Run Behavior\ContentReplaceBehavior [ RunTime:0.000168s ]
INFO: [ template_filter ] --END-- [ RunTime:0.000282s ]
INFO: Run Behavior\ParseTemplateBehavior [ RunTime:0.016040s ]
INFO: [ view_parse ] --END-- [ RunTime:0.016161s ]
INFO: [ view_filter ] --START--
INFO: Run Behavior\WriteHtmlCacheBehavior [ RunTime:0.000663s ]
INFO: [ view_filter ] --END-- [ RunTime:0.000806s ]
INFO: [ app_end ] --START--
INFO: Run Behavior\ShowPageTraceBehavior [ RunTime:0.000982s ]
INFO: [ app_end ] --END-- [ RunTime:0.001175s ]

[ 2016-10-09T19:33:17+08:00 ] ::1 /jiaolianyuan/admin.php/Home/Message/addReply
INFO: [ app_init ] --START--
INFO: Run Behavior\BuildLiteBehavior [ RunTime:0.000047s ]
INFO: [ app_init ] --END-- [ RunTime:0.002586s ]
INFO: [ app_begin ] --START--
INFO: Run Behavior\ReadHtmlCacheBehavior [ RunTime:0.000990s ]
INFO: [ app_begin ] --END-- [ RunTime:0.001199s ]
SQL: select COUNT(*) as count from message where targetType = 0 and isRead = 0 [ RunTime:0.0004s ]
SQL: SHOW COLUMNS FROM `reply` [ RunTime:0.0154s ]
SQL: INSERT INTO `reply` (`senderName`,`targetName`,`content`,`time`,`isRead`,`referId`) VALUES ('admin','admin','&lt;p&gt;收到请回复&lt;/p&gt;&lt;p&gt;
						&lt;/p&gt;','2016-10-09 19:33:16','0','29') [ RunTime:0.1873s ]
INFO: [ view_parse ] --START--
INFO: [ template_filter ] --START--
INFO: Run Behavior\ContentReplaceBehavior [ RunTime:0.000214s ]
INFO: [ template_filter ] --END-- [ RunTime:0.000562s ]
INFO: Run Behavior\ParseTemplateBehavior [ RunTime:0.024039s ]
INFO: [ view_parse ] --END-- [ RunTime:0.024669s ]
INFO: [ view_filter ] --START--
INFO: Run Behavior\WriteHtmlCacheBehavior [ RunTime:0.001659s ]
INFO: [ view_filter ] --END-- [ RunTime:0.002090s ]
INFO: [ app_end ] --START--
INFO: Run Behavior\ShowPageTraceBehavior [ RunTime:0.002166s ]
INFO: [ app_end ] --END-- [ RunTime:0.002402s ]

[ 2016-10-09T19:33:18+08:00 ] ::1 /jiaolianyuan/admin.php/Home/Message/index
INFO: [ app_init ] --START--
INFO: Run Behavior\BuildLiteBehavior [ RunTime:0.000023s ]
INFO: [ app_init ] --END-- [ RunTime:0.000423s ]
INFO: [ app_begin ] --START--
INFO: Run Behavior\ReadHtmlCacheBehavior [ RunTime:0.000579s ]
INFO: [ app_begin ] --END-- [ RunTime:0.000701s ]
SQL: select COUNT(*) as count from message where targetType = 0 and isRead = 0 [ RunTime:0.0005s ]
SQL: SHOW COLUMNS FROM `message` [ RunTime:0.1146s ]
SQL: SELECT COUNT(*) AS tp_count FROM `message` LIMIT 1   [ RunTime:0.0008s ]
SQL: SELECT `id`,`senderType`,`senderName`,`content`,`isRead` FROM `message` WHERE ( senderType != 0 ) ORDER BY id LIMIT 0,3   [ RunTime:0.0009s ]
INFO: [ view_parse ] --START--
INFO: [ template_filter ] --START--
INFO: Run Behavior\ContentReplaceBehavior [ RunTime:0.000481s ]
INFO: [ template_filter ] --END-- [ RunTime:0.000785s ]
INFO: Run Behavior\ParseTemplateBehavior [ RunTime:0.043676s ]
INFO: [ view_parse ] --END-- [ RunTime:0.043976s ]
INFO: [ view_filter ] --START--
INFO: Run Behavior\WriteHtmlCacheBehavior [ RunTime:0.000707s ]
INFO: [ view_filter ] --END-- [ RunTime:0.000880s ]
INFO: [ app_end ] --START--
INFO: Run Behavior\ShowPageTraceBehavior [ RunTime:0.001578s ]
INFO: [ app_end ] --END-- [ RunTime:0.001988s ]

[ 2016-10-09T19:34:18+08:00 ] ::1 /jiaolianyuan/admin.php/Home/Message/index/p/3.html
INFO: [ app_init ] --START--
INFO: Run Behavior\BuildLiteBehavior [ RunTime:0.000027s ]
INFO: [ app_init ] --END-- [ RunTime:0.000478s ]
INFO: [ app_begin ] --START--
INFO: Run Behavior\ReadHtmlCacheBehavior [ RunTime:0.000686s ]
INFO: [ app_begin ] --END-- [ RunTime:0.000825s ]
SQL: select COUNT(*) as count from message where targetType = 0 and isRead = 0 [ RunTime:0.0003s ]
SQL: SHOW COLUMNS FROM `message` [ RunTime:0.0228s ]
SQL: SELECT COUNT(*) AS tp_count FROM `message` LIMIT 1   [ RunTime:0.0003s ]
SQL: SELECT `id`,`senderType`,`senderName`,`content`,`isRead` FROM `message` WHERE ( senderType != 0 ) ORDER BY id LIMIT 6,3   [ RunTime:0.0003s ]
INFO: [ view_parse ] --START--
INFO: [ template_filter ] --START--
INFO: Run Behavior\ContentReplaceBehavior [ RunTime:0.000206s ]
INFO: [ template_filter ] --END-- [ RunTime:0.000337s ]
INFO: Run Behavior\ParseTemplateBehavior [ RunTime:0.014668s ]
INFO: [ view_parse ] --END-- [ RunTime:0.014794s ]
INFO: [ view_filter ] --START--
INFO: Run Behavior\WriteHtmlCacheBehavior [ RunTime:0.000497s ]
INFO: [ view_filter ] --END-- [ RunTime:0.000634s ]
INFO: [ app_end ] --START--
INFO: Run Behavior\ShowPageTraceBehavior [ RunTime:0.000894s ]
INFO: [ app_end ] --END-- [ RunTime:0.001065s ]

[ 2016-10-09T19:34:20+08:00 ] ::1 /jiaolianyuan/admin.php/Home/Message/index/p/4.html
INFO: [ app_init ] --START--
INFO: Run Behavior\BuildLiteBehavior [ RunTime:0.000033s ]
INFO: [ app_init ] --END-- [ RunTime:0.000528s ]
INFO: [ app_begin ] --START--
INFO: Run Behavior\ReadHtmlCacheBehavior [ RunTime:0.000657s ]
INFO: [ app_begin ] --END-- [ RunTime:0.000789s ]
SQL: select COUNT(*) as count from message where targetType = 0 and isRead = 0 [ RunTime:0.0003s ]
SQL: SHOW COLUMNS FROM `message` [ RunTime:0.0037s ]
SQL: SELECT COUNT(*) AS tp_count FROM `message` LIMIT 1   [ RunTime:0.0002s ]
SQL: SELECT `id`,`senderType`,`senderName`,`content`,`isRead` FROM `message` WHERE ( senderType != 0 ) ORDER BY id LIMIT 9,3   [ RunTime:0.0002s ]
INFO: [ view_parse ] --START--
INFO: [ template_filter ] --START--
INFO: Run Behavior\ContentReplaceBehavior [ RunTime:0.000162s ]
INFO: [ template_filter ] --END-- [ RunTime:0.000274s ]
INFO: Run Behavior\ParseTemplateBehavior [ RunTime:0.016725s ]
INFO: [ view_parse ] --END-- [ RunTime:0.016837s ]
INFO: [ view_filter ] --START--
INFO: Run Behavior\WriteHtmlCacheBehavior [ RunTime:0.000424s ]
INFO: [ view_filter ] --END-- [ RunTime:0.000551s ]
INFO: [ app_end ] --START--
INFO: Run Behavior\ShowPageTraceBehavior [ RunTime:0.000994s ]
INFO: [ app_end ] --END-- [ RunTime:0.001171s ]

[ 2016-10-09T19:34:22+08:00 ] ::1 /jiaolianyuan/admin.php/Home/Message/index/p/5.html
INFO: [ app_init ] --START--
INFO: Run Behavior\BuildLiteBehavior [ RunTime:0.000028s ]
INFO: [ app_init ] --END-- [ RunTime:0.000481s ]
INFO: [ app_begin ] --START--
INFO: Run Behavior\ReadHtmlCacheBehavior [ RunTime:0.000650s ]
INFO: [ app_begin ] --END-- [ RunTime:0.000772s ]
SQL: select COUNT(*) as count from message where targetType = 0 and isRead = 0 [ RunTime:0.0003s ]
SQL: SHOW COLUMNS FROM `message` [ RunTime:0.0042s ]
SQL: SELECT COUNT(*) AS tp_count FROM `message` LIMIT 1   [ RunTime:0.0002s ]
SQL: SELECT `id`,`senderType`,`senderName`,`content`,`isRead` FROM `message` WHERE ( senderType != 0 ) ORDER BY id LIMIT 12,3   [ RunTime:0.0003s ]
INFO: [ view_parse ] --START--
INFO: [ template_filter ] --START--
INFO: Run Behavior\ContentReplaceBehavior [ RunTime:0.000160s ]
INFO: [ template_filter ] --END-- [ RunTime:0.000264s ]
INFO: Run Behavior\ParseTemplateBehavior [ RunTime:0.013133s ]
INFO: [ view_parse ] --END-- [ RunTime:0.013251s ]
INFO: [ view_filter ] --START--
INFO: Run Behavior\WriteHtmlCacheBehavior [ RunTime:0.000568s ]
INFO: [ view_filter ] --END-- [ RunTime:0.000703s ]
INFO: [ app_end ] --START--
INFO: Run Behavior\ShowPageTraceBehavior [ RunTime:0.000769s ]
INFO: [ app_end ] --END-- [ RunTime:0.000902s ]

[ 2016-10-09T19:34:23+08:00 ] ::1 /jiaolianyuan/admin.php/Home/Message/index/p/3.html
INFO: [ app_init ] --START--
INFO: Run Behavior\BuildLiteBehavior [ RunTime:0.000024s ]
INFO: [ app_init ] --END-- [ RunTime:0.000492s ]
INFO: [ app_begin ] --START--
INFO: Run Behavior\ReadHtmlCacheBehavior [ RunTime:0.000541s ]
INFO: [ app_begin ] --END-- [ RunTime:0.000671s ]
SQL: select COUNT(*) as count from message where targetType = 0 and isRead = 0 [ RunTime:0.0003s ]
SQL: SHOW COLUMNS FROM `message` [ RunTime:0.0043s ]
SQL: SELECT COUNT(*) AS tp_count FROM `message` LIMIT 1   [ RunTime:0.0002s ]
SQL: SELECT `id`,`senderType`,`senderName`,`content`,`isRead` FROM `message` WHERE ( senderType != 0 ) ORDER BY id LIMIT 6,3   [ RunTime:0.0004s ]
INFO: [ view_parse ] --START--
INFO: [ template_filter ] --START--
INFO: Run Behavior\ContentReplaceBehavior [ RunTime:0.000192s ]
INFO: [ template_filter ] --END-- [ RunTime:0.000303s ]
INFO: Run Behavior\ParseTemplateBehavior [ RunTime:0.013632s ]
INFO: [ view_parse ] --END-- [ RunTime:0.013744s ]
INFO: [ view_filter ] --START--
INFO: Run Behavior\WriteHtmlCacheBehavior [ RunTime:0.000418s ]
INFO: [ view_filter ] --END-- [ RunTime:0.000516s ]
INFO: [ app_end ] --START--
INFO: Run Behavior\ShowPageTraceBehavior [ RunTime:0.000849s ]
INFO: [ app_end ] --END-- [ RunTime:0.000993s ]

[ 2016-10-09T19:34:25+08:00 ] ::1 /jiaolianyuan/admin.php/Home/Message/index/p/1.html
INFO: [ app_init ] --START--
INFO: Run Behavior\BuildLiteBehavior [ RunTime:0.000028s ]
INFO: [ app_init ] --END-- [ RunTime:0.000516s ]
INFO: [ app_begin ] --START--
INFO: Run Behavior\ReadHtmlCacheBehavior [ RunTime:0.000705s ]
INFO: [ app_begin ] --END-- [ RunTime:0.000855s ]
SQL: select COUNT(*) as count from message where targetType = 0 and isRead = 0 [ RunTime:0.0004s ]
SQL: SHOW COLUMNS FROM `message` [ RunTime:0.0559s ]
SQL: SELECT COUNT(*) AS tp_count FROM `message` LIMIT 1   [ RunTime:0.0003s ]
SQL: SELECT `id`,`senderType`,`senderName`,`content`,`isRead` FROM `message` WHERE ( senderType != 0 ) ORDER BY id LIMIT 0,3   [ RunTime:0.0004s ]
INFO: [ view_parse ] --START--
INFO: [ template_filter ] --START--
INFO: Run Behavior\ContentReplaceBehavior [ RunTime:0.000205s ]
INFO: [ template_filter ] --END-- [ RunTime:0.000336s ]
INFO: Run Behavior\ParseTemplateBehavior [ RunTime:0.016767s ]
INFO: [ view_parse ] --END-- [ RunTime:0.016945s ]
INFO: [ view_filter ] --START--
INFO: Run Behavior\WriteHtmlCacheBehavior [ RunTime:0.000535s ]
INFO: [ view_filter ] --END-- [ RunTime:0.000690s ]
INFO: [ app_end ] --START--
INFO: Run Behavior\ShowPageTraceBehavior [ RunTime:0.000891s ]
INFO: [ app_end ] --END-- [ RunTime:0.001050s ]

[ 2016-10-09T19:34:27+08:00 ] ::1 /jiaolianyuan/admin.php/Home/Message/index/p/2.html
INFO: [ app_init ] --START--
INFO: Run Behavior\BuildLiteBehavior [ RunTime:0.000029s ]
INFO: [ app_init ] --END-- [ RunTime:0.000519s ]
INFO: [ app_begin ] --START--
INFO: Run Behavior\ReadHtmlCacheBehavior [ RunTime:0.000681s ]
INFO: [ app_begin ] --END-- [ RunTime:0.000811s ]
SQL: select COUNT(*) as count from message where targetType = 0 and isRead = 0 [ RunTime:0.0008s ]
SQL: SHOW COLUMNS FROM `message` [ RunTime:0.0042s ]
SQL: SELECT COUNT(*) AS tp_count FROM `message` LIMIT 1   [ RunTime:0.0003s ]
SQL: SELECT `id`,`senderType`,`senderName`,`content`,`isRead` FROM `message` WHERE ( senderType != 0 ) ORDER BY id LIMIT 3,3   [ RunTime:0.0003s ]
INFO: [ view_parse ] --START--
INFO: [ template_filter ] --START--
INFO: Run Behavior\ContentReplaceBehavior [ RunTime:0.000162s ]
INFO: [ template_filter ] --END-- [ RunTime:0.000274s ]
INFO: Run Behavior\ParseTemplateBehavior [ RunTime:0.014440s ]
INFO: [ view_parse ] --END-- [ RunTime:0.014589s ]
INFO: [ view_filter ] --START--
INFO: Run Behavior\WriteHtmlCacheBehavior [ RunTime:0.000449s ]
INFO: [ view_filter ] --END-- [ RunTime:0.000552s ]
INFO: [ app_end ] --START--
INFO: Run Behavior\ShowPageTraceBehavior [ RunTime:0.000844s ]
INFO: [ app_end ] --END-- [ RunTime:0.001034s ]

[ 2016-10-09T19:34:29+08:00 ] ::1 /jiaolianyuan/admin.php/Home/Message/index/p/3.html
INFO: [ app_init ] --START--
INFO: Run Behavior\BuildLiteBehavior [ RunTime:0.000029s ]
INFO: [ app_init ] --END-- [ RunTime:0.000518s ]
INFO: [ app_begin ] --START--
INFO: Run Behavior\ReadHtmlCacheBehavior [ RunTime:0.000650s ]
INFO: [ app_begin ] --END-- [ RunTime:0.000776s ]
SQL: select COUNT(*) as count from message where targetType = 0 and isRead = 0 [ RunTime:0.0003s ]
SQL: SHOW COLUMNS FROM `message` [ RunTime:0.0131s ]
SQL: SELECT COUNT(*) AS tp_count FROM `message` LIMIT 1   [ RunTime:0.0005s ]
SQL: SELECT `id`,`senderType`,`senderName`,`content`,`isRead` FROM `message` WHERE ( senderType != 0 ) ORDER BY id LIMIT 6,3   [ RunTime:0.0006s ]
INFO: [ view_parse ] --START--
INFO: [ template_filter ] --START--
INFO: Run Behavior\ContentReplaceBehavior [ RunTime:0.000166s ]
INFO: [ template_filter ] --END-- [ RunTime:0.000277s ]
INFO: Run Behavior\ParseTemplateBehavior [ RunTime:0.015052s ]
INFO: [ view_parse ] --END-- [ RunTime:0.015171s ]
INFO: [ view_filter ] --START--
INFO: Run Behavior\WriteHtmlCacheBehavior [ RunTime:0.000411s ]
INFO: [ view_filter ] --END-- [ RunTime:0.000537s ]
INFO: [ app_end ] --START--
INFO: Run Behavior\ShowPageTraceBehavior [ RunTime:0.000639s ]
INFO: [ app_end ] --END-- [ RunTime:0.000769s ]

[ 2016-10-09T19:34:30+08:00 ] ::1 /jiaolianyuan/admin.php/Home/Message/index/p/4.html
INFO: [ app_init ] --START--
INFO: Run Behavior\BuildLiteBehavior [ RunTime:0.000022s ]
INFO: [ app_init ] --END-- [ RunTime:0.000378s ]
INFO: [ app_begin ] --START--
INFO: Run Behavior\ReadHtmlCacheBehavior [ RunTime:0.001252s ]
INFO: [ app_begin ] --END-- [ RunTime:0.001469s ]
SQL: select COUNT(*) as count from message where targetType = 0 and isRead = 0 [ RunTime:0.0003s ]
SQL: SHOW COLUMNS FROM `message` [ RunTime:0.0043s ]
SQL: SELECT COUNT(*) AS tp_count FROM `message` LIMIT 1   [ RunTime:0.0009s ]
SQL: SELECT `id`,`senderType`,`senderName`,`content`,`isRead` FROM `message` WHERE ( senderType != 0 ) ORDER BY id LIMIT 9,3   [ RunTime:0.0004s ]
INFO: [ view_parse ] --START--
INFO: [ template_filter ] --START--
INFO: Run Behavior\ContentReplaceBehavior [ RunTime:0.000372s ]
INFO: [ template_filter ] --END-- [ RunTime:0.000767s ]
INFO: Run Behavior\ParseTemplateBehavior [ RunTime:0.017422s ]
INFO: [ view_parse ] --END-- [ RunTime:0.017587s ]
INFO: [ view_filter ] --START--
INFO: Run Behavior\WriteHtmlCacheBehavior [ RunTime:0.000550s ]
INFO: [ view_filter ] --END-- [ RunTime:0.000689s ]
INFO: [ app_end ] --START--
INFO: Run Behavior\ShowPageTraceBehavior [ RunTime:0.000854s ]
INFO: [ app_end ] --END-- [ RunTime:0.001005s ]

[ 2016-10-09T19:34:32+08:00 ] ::1 /jiaolianyuan/admin.php/Home/Message/index/p/1.html
INFO: [ app_init ] --START--
INFO: Run Behavior\BuildLiteBehavior [ RunTime:0.000025s ]
INFO: [ app_init ] --END-- [ RunTime:0.000434s ]
INFO: [ app_begin ] --START--
INFO: Run Behavior\ReadHtmlCacheBehavior [ RunTime:0.000704s ]
INFO: [ app_begin ] --END-- [ RunTime:0.000814s ]
SQL: select COUNT(*) as count from message where targetType = 0 and isRead = 0 [ RunTime:0.0003s ]
SQL: SHOW COLUMNS FROM `message` [ RunTime:0.0035s ]
SQL: SELECT COUNT(*) AS tp_count FROM `message` LIMIT 1   [ RunTime:0.0003s ]
SQL: SELECT `id`,`senderType`,`senderName`,`content`,`isRead` FROM `message` WHERE ( senderType != 0 ) ORDER BY id LIMIT 0,3   [ RunTime:0.0003s ]
INFO: [ view_parse ] --START--
INFO: [ template_filter ] --START--
INFO: Run Behavior\ContentReplaceBehavior [ RunTime:0.000184s ]
INFO: [ template_filter ] --END-- [ RunTime:0.000323s ]
INFO: Run Behavior\ParseTemplateBehavior [ RunTime:0.013940s ]
INFO: [ view_parse ] --END-- [ RunTime:0.014056s ]
INFO: [ view_filter ] --START--
INFO: Run Behavior\WriteHtmlCacheBehavior [ RunTime:0.000413s ]
INFO: [ view_filter ] --END-- [ RunTime:0.000514s ]
INFO: [ app_end ] --START--
INFO: Run Behavior\ShowPageTraceBehavior [ RunTime:0.000823s ]
INFO: [ app_end ] --END-- [ RunTime:0.000975s ]

[ 2016-10-09T19:34:35+08:00 ] ::1 /jiaolianyuan/admin.php/Home/Message/outBox
INFO: [ app_init ] --START--
INFO: Run Behavior\BuildLiteBehavior [ RunTime:0.000028s ]
INFO: [ app_init ] --END-- [ RunTime:0.000477s ]
INFO: [ app_begin ] --START--
INFO: Run Behavior\ReadHtmlCacheBehavior [ RunTime:0.000665s ]
INFO: [ app_begin ] --END-- [ RunTime:0.000795s ]
SQL: select COUNT(*) as count from message where targetType = 0 and isRead = 0 [ RunTime:0.0003s ]
SQL: SHOW COLUMNS FROM `message` [ RunTime:0.1138s ]
SQL: SELECT COUNT(*) AS tp_count FROM `message` LIMIT 1   [ RunTime:0.0006s ]
SQL: SELECT `id`,`targetType`,`targetName`,`content`,`isRead` FROM `message` WHERE ( targetType != 0 ) ORDER BY id LIMIT 0,3   [ RunTime:0.0009s ]
INFO: [ view_parse ] --START--
INFO: [ template_filter ] --START--
INFO: Run Behavior\ContentReplaceBehavior [ RunTime:0.000394s ]
INFO: [ template_filter ] --END-- [ RunTime:0.000572s ]
NOTIC: [8] Undefined index: sendertype E:\software\wamp\www\jiaolianyuan\Admin\Runtime\Cache\Home\17ec1e9486f1556af25a568c55b2a735.php 第 626 行.
NOTIC: [8] Undefined index: sendertype E:\software\wamp\www\jiaolianyuan\Admin\Runtime\Cache\Home\17ec1e9486f1556af25a568c55b2a735.php 第 627 行.
NOTIC: [8] Undefined index: sendertype E:\software\wamp\www\jiaolianyuan\Admin\Runtime\Cache\Home\17ec1e9486f1556af25a568c55b2a735.php 第 626 行.
NOTIC: [8] Undefined index: sendertype E:\software\wamp\www\jiaolianyuan\Admin\Runtime\Cache\Home\17ec1e9486f1556af25a568c55b2a735.php 第 627 行.
NOTIC: [8] Undefined index: sendertype E:\software\wamp\www\jiaolianyuan\Admin\Runtime\Cache\Home\17ec1e9486f1556af25a568c55b2a735.php 第 626 行.
NOTIC: [8] Undefined index: sendertype E:\software\wamp\www\jiaolianyuan\Admin\Runtime\Cache\Home\17ec1e9486f1556af25a568c55b2a735.php 第 627 行.
INFO: Run Behavior\ParseTemplateBehavior [ RunTime:0.043924s ]
INFO: [ view_parse ] --END-- [ RunTime:0.044193s ]
INFO: [ view_filter ] --START--
INFO: Run Behavior\WriteHtmlCacheBehavior [ RunTime:0.000679s ]
INFO: [ view_filter ] --END-- [ RunTime:0.000815s ]
INFO: [ app_end ] --START--
INFO: Run Behavior\ShowPageTraceBehavior [ RunTime:0.000882s ]
INFO: [ app_end ] --END-- [ RunTime:0.001085s ]

[ 2016-10-09T19:34:38+08:00 ] ::1 /jiaolianyuan/admin.php/Home/Message/outBox/p/3.html
INFO: [ app_init ] --START--
INFO: Run Behavior\BuildLiteBehavior [ RunTime:0.000024s ]
INFO: [ app_init ] --END-- [ RunTime:0.000408s ]
INFO: [ app_begin ] --START--
INFO: Run Behavior\ReadHtmlCacheBehavior [ RunTime:0.000641s ]
INFO: [ app_begin ] --END-- [ RunTime:0.000788s ]
SQL: select COUNT(*) as count from message where targetType = 0 and isRead = 0 [ RunTime:0.0003s ]
SQL: SHOW COLUMNS FROM `message` [ RunTime:0.2105s ]
SQL: SELECT COUNT(*) AS tp_count FROM `message` LIMIT 1   [ RunTime:0.0003s ]
SQL: SELECT `id`,`targetType`,`targetName`,`content`,`isRead` FROM `message` WHERE ( targetType != 0 ) ORDER BY id LIMIT 6,3   [ RunTime:0.0003s ]
INFO: [ view_parse ] --START--
INFO: [ template_filter ] --START--
INFO: Run Behavior\ContentReplaceBehavior [ RunTime:0.000198s ]
INFO: [ template_filter ] --END-- [ RunTime:0.000321s ]
NOTIC: [8] Undefined index: sendertype E:\software\wamp\www\jiaolianyuan\Admin\Runtime\Cache\Home\17ec1e9486f1556af25a568c55b2a735.php 第 626 行.
NOTIC: [8] Undefined index: sendertype E:\software\wamp\www\jiaolianyuan\Admin\Runtime\Cache\Home\17ec1e9486f1556af25a568c55b2a735.php 第 627 行.
NOTIC: [8] Undefined index: sendertype E:\software\wamp\www\jiaolianyuan\Admin\Runtime\Cache\Home\17ec1e9486f1556af25a568c55b2a735.php 第 626 行.
NOTIC: [8] Undefined index: sendertype E:\software\wamp\www\jiaolianyuan\Admin\Runtime\Cache\Home\17ec1e9486f1556af25a568c55b2a735.php 第 627 行.
NOTIC: [8] Undefined index: sendertype E:\software\wamp\www\jiaolianyuan\Admin\Runtime\Cache\Home\17ec1e9486f1556af25a568c55b2a735.php 第 626 行.
NOTIC: [8] Undefined index: sendertype E:\software\wamp\www\jiaolianyuan\Admin\Runtime\Cache\Home\17ec1e9486f1556af25a568c55b2a735.php 第 627 行.
INFO: Run Behavior\ParseTemplateBehavior [ RunTime:0.014846s ]
INFO: [ view_parse ] --END-- [ RunTime:0.014952s ]
INFO: [ view_filter ] --START--
INFO: Run Behavior\WriteHtmlCacheBehavior [ RunTime:0.000482s ]
INFO: [ view_filter ] --END-- [ RunTime:0.000577s ]
INFO: [ app_end ] --START--
INFO: Run Behavior\ShowPageTraceBehavior [ RunTime:0.000879s ]
INFO: [ app_end ] --END-- [ RunTime:0.001048s ]

[ 2016-10-09T19:34:44+08:00 ] ::1 /jiaolianyuan/admin.php/Home/Message/detail?id=29
INFO: [ app_init ] --START--
INFO: Run Behavior\BuildLiteBehavior [ RunTime:0.000028s ]
INFO: [ app_init ] --END-- [ RunTime:0.000478s ]
INFO: [ app_begin ] --START--
INFO: Run Behavior\ReadHtmlCacheBehavior [ RunTime:0.000676s ]
INFO: [ app_begin ] --END-- [ RunTime:0.000803s ]
SQL: select COUNT(*) as count from message where targetType = 0 and isRead = 0 [ RunTime:0.0003s ]
SQL: select id, senderName, senderType, targetName, targetType, content, time, isRead from message where id = 29 [ RunTime:0.0002s ]
SQL: select id, senderName, targetName, content, time, isRead from reply where referId = 29 [ RunTime:0.0002s ]
SQL: update message set isRead = 1 where id = 29 [ RunTime:0.0379s ]
INFO: [ view_parse ] --START--
INFO: [ template_filter ] --START--
INFO: Run Behavior\ContentReplaceBehavior [ RunTime:0.000210s ]
INFO: [ template_filter ] --END-- [ RunTime:0.000343s ]
INFO: Run Behavior\ParseTemplateBehavior [ RunTime:0.019183s ]
INFO: [ view_parse ] --END-- [ RunTime:0.019336s ]
INFO: [ view_filter ] --START--
INFO: Run Behavior\WriteHtmlCacheBehavior [ RunTime:0.000707s ]
INFO: [ view_filter ] --END-- [ RunTime:0.000847s ]
INFO: [ app_end ] --START--
INFO: Run Behavior\ShowPageTraceBehavior [ RunTime:0.000945s ]
INFO: [ app_end ] --END-- [ RunTime:0.001121s ]

[ 2016-10-09T19:34:52+08:00 ] ::1 /jiaolianyuan/admin.php/Home/Message/addReply
INFO: [ app_init ] --START--
INFO: Run Behavior\BuildLiteBehavior [ RunTime:0.000027s ]
INFO: [ app_init ] --END-- [ RunTime:0.000477s ]
INFO: [ app_begin ] --START--
INFO: Run Behavior\ReadHtmlCacheBehavior [ RunTime:0.000659s ]
INFO: [ app_begin ] --END-- [ RunTime:0.000789s ]
SQL: select COUNT(*) as count from message where targetType = 0 and isRead = 0 [ RunTime:0.0003s ]
SQL: SHOW COLUMNS FROM `reply` [ RunTime:0.0269s ]
SQL: INSERT INTO `reply` (`senderName`,`targetName`,`content`,`time`,`isRead`,`referId`) VALUES ('admin','admin','喂喂喂&lt;p&gt;
						&lt;/p&gt;','2016-10-09 19:34:51','0','29') [ RunTime:0.0796s ]
INFO: [ view_parse ] --START--
INFO: [ template_filter ] --START--
INFO: Run Behavior\ContentReplaceBehavior [ RunTime:0.000056s ]
INFO: [ template_filter ] --END-- [ RunTime:0.000162s ]
INFO: Run Behavior\ParseTemplateBehavior [ RunTime:0.006852s ]
INFO: [ view_parse ] --END-- [ RunTime:0.006973s ]
INFO: [ view_filter ] --START--
INFO: Run Behavior\WriteHtmlCacheBehavior [ RunTime:0.000413s ]
INFO: [ view_filter ] --END-- [ RunTime:0.000515s ]
INFO: [ app_end ] --START--
INFO: Run Behavior\ShowPageTraceBehavior [ RunTime:0.000565s ]
INFO: [ app_end ] --END-- [ RunTime:0.000677s ]

[ 2016-10-09T19:34:53+08:00 ] ::1 /jiaolianyuan/admin.php/Home/Message/index
INFO: [ app_init ] --START--
INFO: Run Behavior\BuildLiteBehavior [ RunTime:0.000031s ]
INFO: [ app_init ] --END-- [ RunTime:0.000456s ]
INFO: [ app_begin ] --START--
INFO: Run Behavior\ReadHtmlCacheBehavior [ RunTime:0.000578s ]
INFO: [ app_begin ] --END-- [ RunTime:0.000693s ]
SQL: select COUNT(*) as count from message where targetType = 0 and isRead = 0 [ RunTime:0.0004s ]
SQL: SHOW COLUMNS FROM `message` [ RunTime:0.0033s ]
SQL: SELECT COUNT(*) AS tp_count FROM `message` LIMIT 1   [ RunTime:0.0002s ]
SQL: SELECT `id`,`senderType`,`senderName`,`content`,`isRead` FROM `message` WHERE ( senderType != 0 ) ORDER BY id LIMIT 0,3   [ RunTime:0.0003s ]
INFO: [ view_parse ] --START--
INFO: [ template_filter ] --START--
INFO: Run Behavior\ContentReplaceBehavior [ RunTime:0.000314s ]
INFO: [ template_filter ] --END-- [ RunTime:0.000510s ]
INFO: Run Behavior\ParseTemplateBehavior [ RunTime:0.016893s ]
INFO: [ view_parse ] --END-- [ RunTime:0.017014s ]
INFO: [ view_filter ] --START--
INFO: Run Behavior\WriteHtmlCacheBehavior [ RunTime:0.000440s ]
INFO: [ view_filter ] --END-- [ RunTime:0.000538s ]
INFO: [ app_end ] --START--
INFO: Run Behavior\ShowPageTraceBehavior [ RunTime:0.000906s ]
INFO: [ app_end ] --END-- [ RunTime:0.001062s ]

[ 2016-10-09T21:19:11+08:00 ] ::1 /jiaolianyuan/admin.php/Home/Message/index/p/2.html
INFO: [ app_init ] --START--
INFO: Run Behavior\BuildLiteBehavior [ RunTime:0.000026s ]
INFO: [ app_init ] --END-- [ RunTime:0.000466s ]
INFO: [ app_begin ] --START--
INFO: Run Behavior\ReadHtmlCacheBehavior [ RunTime:0.000479s ]
INFO: [ app_begin ] --END-- [ RunTime:0.000600s ]
SQL: select COUNT(*) as count from message where targetType = 0 and isRead = 0 [ RunTime:0.0003s ]
SQL: SHOW COLUMNS FROM `message` [ RunTime:0.0033s ]
SQL: SELECT COUNT(*) AS tp_count FROM `message` LIMIT 1   [ RunTime:0.0002s ]
SQL: SELECT `id`,`senderType`,`senderName`,`content`,`isRead` FROM `message` WHERE ( senderType != 0 ) ORDER BY id LIMIT 3,3   [ RunTime:0.0153s ]
INFO: [ view_parse ] --START--
INFO: [ template_filter ] --START--
INFO: Run Behavior\ContentReplaceBehavior [ RunTime:0.000161s ]
INFO: [ template_filter ] --END-- [ RunTime:0.000270s ]
INFO: Run Behavior\ParseTemplateBehavior [ RunTime:0.035671s ]
INFO: [ view_parse ] --END-- [ RunTime:0.035791s ]
INFO: [ view_filter ] --START--
INFO: Run Behavior\WriteHtmlCacheBehavior [ RunTime:0.000260s ]
INFO: [ view_filter ] --END-- [ RunTime:0.000363s ]
INFO: [ app_end ] --START--
INFO: Run Behavior\ShowPageTraceBehavior [ RunTime:0.000484s ]
INFO: [ app_end ] --END-- [ RunTime:0.000644s ]

[ 2016-10-09T21:25:17+08:00 ] ::1 /jiaolianyuan/admin.php
INFO: [ app_init ] --START--
INFO: Run Behavior\BuildLiteBehavior [ RunTime:0.000022s ]
INFO: [ app_init ] --END-- [ RunTime:0.000367s ]
INFO: [ app_begin ] --START--
INFO: Run Behavior\ReadHtmlCacheBehavior [ RunTime:0.000441s ]
INFO: [ app_begin ] --END-- [ RunTime:0.000547s ]
INFO: [ view_parse ] --START--
INFO: [ template_filter ] --START--
INFO: Run Behavior\ContentReplaceBehavior [ RunTime:0.000113s ]
INFO: [ template_filter ] --END-- [ RunTime:0.000316s ]
INFO: Run Behavior\ParseTemplateBehavior [ RunTime:0.012233s ]
INFO: [ view_parse ] --END-- [ RunTime:0.012364s ]
INFO: [ view_filter ] --START--
INFO: Run Behavior\WriteHtmlCacheBehavior [ RunTime:0.000279s ]
INFO: [ view_filter ] --END-- [ RunTime:0.000373s ]
INFO: [ app_end ] --START--
INFO: Run Behavior\ShowPageTraceBehavior [ RunTime:0.000434s ]
INFO: [ app_end ] --END-- [ RunTime:0.000533s ]

