[ 2016-08-05T14:38:26+08:00 ] ::1 /jiaolianyuan/index.php/images/web%E9%A6%96%E9%A1%B5%E7%B4%A0%E6%9D%90/php%E5%B7%A5%E7%A8%8B%E5%B8%88/%E5%B9%BF%E5%91%8A.png
INFO: [ app_init ] --START--
INFO: Run Behavior\BuildLiteBehavior [ RunTime:0.000049s ]
INFO: [ app_init ] --END-- [ RunTime:0.001547s ]
ERR: 无法加载模块:Images

[ 2016-08-05T14:38:29+08:00 ] ::1 /jiaolianyuan/index.php/images/web%E9%A6%96%E9%A1%B5%E7%B4%A0%E6%9D%90/php%E5%B7%A5%E7%A8%8B%E5%B8%88/%E5%B9%BF%E5%91%8A.png
INFO: [ app_init ] --START--
INFO: Run Behavior\BuildLiteBehavior [ RunTime:0.000056s ]
INFO: [ app_init ] --END-- [ RunTime:0.002082s ]
ERR: 无法加载模块:Images

[ 2016-08-05T14:38:31+08:00 ] ::1 /jiaolianyuan/index.php/images/web%E9%A6%96%E9%A1%B5%E7%B4%A0%E6%9D%90/php%E5%B7%A5%E7%A8%8B%E5%B8%88/%E5%B9%BF%E5%91%8A.png
INFO: [ app_init ] --START--
INFO: Run Behavior\BuildLiteBehavior [ RunTime:0.000055s ]
INFO: [ app_init ] --END-- [ RunTime:0.002060s ]
ERR: 无法加载模块:Images

[ 2016-08-05T14:39:18+08:00 ] ::1 /jiaolianyuan/index.php/images/web%E9%A6%96%E9%A1%B5%E7%B4%A0%E6%9D%90/php%E5%B7%A5%E7%A8%8B%E5%B8%88/%E5%B9%BF%E5%91%8A.png
INFO: [ app_init ] --START--
INFO: Run Behavior\BuildLiteBehavior [ RunTime:0.000159s ]
INFO: [ app_init ] --END-- [ RunTime:0.003347s ]
ERR: 无法加载模块:Images

[ 2016-08-05T14:39:22+08:00 ] ::1 /jiaolianyuan/index.php/images/web%E9%A6%96%E9%A1%B5%E7%B4%A0%E6%9D%90/php%E5%B7%A5%E7%A8%8B%E5%B8%88/%E5%B9%BF%E5%91%8A.png
INFO: [ app_init ] --START--
INFO: Run Behavior\BuildLiteBehavior [ RunTime:0.000037s ]
INFO: [ app_init ] --END-- [ RunTime:0.001441s ]
ERR: 无法加载模块:Images

[ 2016-08-05T14:39:32+08:00 ] ::1 /jiaolianyuan/index.php/images/web%E9%A6%96%E9%A1%B5%E7%B4%A0%E6%9D%90/php%E5%B7%A5%E7%A8%8B%E5%B8%88/%E5%B9%BF%E5%91%8A.png
INFO: [ app_init ] --START--
INFO: Run Behavior\BuildLiteBehavior [ RunTime:0.000058s ]
INFO: [ app_init ] --END-- [ RunTime:0.003131s ]
ERR: 无法加载模块:Images

[ 2016-08-05T14:41:19+08:00 ] ::1 /jiaolianyuan/index.php/images/web%E9%A6%96%E9%A1%B5%E7%B4%A0%E6%9D%90/php%E5%B7%A5%E7%A8%8B%E5%B8%88/%E5%B9%BF%E5%91%8A.png
INFO: [ app_init ] --START--
INFO: Run Behavior\BuildLiteBehavior [ RunTime:0.000067s ]
INFO: [ app_init ] --END-- [ RunTime:0.005955s ]
ERR: 无法加载模块:Images

[ 2016-08-05T14:42:02+08:00 ] ::1 /jiaolianyuan/index.php/images/web%E9%A6%96%E9%A1%B5%E7%B4%A0%E6%9D%90/php%E5%B7%A5%E7%A8%8B%E5%B8%88/%E5%B9%BF%E5%91%8A.png
INFO: [ app_init ] --START--
INFO: Run Behavior\BuildLiteBehavior [ RunTime:0.000038s ]
INFO: [ app_init ] --END-- [ RunTime:0.001812s ]
ERR: 无法加载模块:Images

[ 2016-08-05T14:42:05+08:00 ] ::1 /jiaolianyuan/index.php/images/web%E9%A6%96%E9%A1%B5%E7%B4%A0%E6%9D%90/php%E5%B7%A5%E7%A8%8B%E5%B8%88/%E5%B9%BF%E5%91%8A.png
INFO: [ app_init ] --START--
INFO: Run Behavior\BuildLiteBehavior [ RunTime:0.000037s ]
INFO: [ app_init ] --END-- [ RunTime:0.001594s ]
ERR: 无法加载模块:Images

[ 2016-08-05T14:42:07+08:00 ] ::1 /jiaolianyuan/index.php/images/web%E9%A6%96%E9%A1%B5%E7%B4%A0%E6%9D%90/php%E5%B7%A5%E7%A8%8B%E5%B8%88/%E5%B9%BF%E5%91%8A.png
INFO: [ app_init ] --START--
INFO: Run Behavior\BuildLiteBehavior [ RunTime:0.000054s ]
INFO: [ app_init ] --END-- [ RunTime:0.002194s ]
ERR: 无法加载模块:Images

[ 2016-08-05T14:42:56+08:00 ] ::1 /jiaolianyuan/index.php/images/web%E9%A6%96%E9%A1%B5%E7%B4%A0%E6%9D%90/php%E5%B7%A5%E7%A8%8B%E5%B8%88/%E5%B9%BF%E5%91%8A.png
INFO: [ app_init ] --START--
INFO: Run Behavior\BuildLiteBehavior [ RunTime:0.000039s ]
INFO: [ app_init ] --END-- [ RunTime:0.001554s ]
ERR: 无法加载模块:Images

[ 2016-08-05T14:42:58+08:00 ] ::1 /jiaolianyuan/index.php/images/web%E9%A6%96%E9%A1%B5%E7%B4%A0%E6%9D%90/php%E5%B7%A5%E7%A8%8B%E5%B8%88/%E5%B9%BF%E5%91%8A.png
INFO: [ app_init ] --START--
INFO: Run Behavior\BuildLiteBehavior [ RunTime:0.000051s ]
INFO: [ app_init ] --END-- [ RunTime:0.002428s ]
ERR: 无法加载模块:Images

[ 2016-08-05T14:42:59+08:00 ] ::1 /jiaolianyuan/index.php/images/web%E9%A6%96%E9%A1%B5%E7%B4%A0%E6%9D%90/php%E5%B7%A5%E7%A8%8B%E5%B8%88/%E5%B9%BF%E5%91%8A.png
INFO: [ app_init ] --START--
INFO: Run Behavior\BuildLiteBehavior [ RunTime:0.000036s ]
INFO: [ app_init ] --END-- [ RunTime:0.001829s ]
ERR: 无法加载模块:Images

[ 2016-08-05T14:46:14+08:00 ] ::1 /jiaolianyuan/index.php/images/web%E9%A6%96%E9%A1%B5%E7%B4%A0%E6%9D%90/php%E5%B7%A5%E7%A8%8B%E5%B8%88/%E5%B9%BF%E5%91%8A.png
INFO: [ app_init ] --START--
INFO: Run Behavior\BuildLiteBehavior [ RunTime:0.000057s ]
INFO: [ app_init ] --END-- [ RunTime:0.003378s ]
ERR: 无法加载模块:Images

[ 2016-08-05T14:47:47+08:00 ] ::1 /jiaolianyuan/index.php/images/web%E9%A6%96%E9%A1%B5%E7%B4%A0%E6%9D%90/php%E5%B7%A5%E7%A8%8B%E5%B8%88/%E5%B9%BF%E5%91%8A.png
INFO: [ app_init ] --START--
INFO: Run Behavior\BuildLiteBehavior [ RunTime:0.000046s ]
INFO: [ app_init ] --END-- [ RunTime:0.002236s ]
ERR: 无法加载模块:Images

[ 2016-08-05T14:47:50+08:00 ] ::1 /jiaolianyuan/index.php/images/web%E9%A6%96%E9%A1%B5%E7%B4%A0%E6%9D%90/php%E5%B7%A5%E7%A8%8B%E5%B8%88/%E5%B9%BF%E5%91%8A.png
INFO: [ app_init ] --START--
INFO: Run Behavior\BuildLiteBehavior [ RunTime:0.000046s ]
INFO: [ app_init ] --END-- [ RunTime:0.001671s ]
ERR: 无法加载模块:Images

[ 2016-08-05T14:49:04+08:00 ] ::1 /jiaolianyuan/index.php/images/web%E9%A6%96%E9%A1%B5%E7%B4%A0%E6%9D%90/php%E5%B7%A5%E7%A8%8B%E5%B8%88/%E5%B9%BF%E5%91%8A.png
INFO: [ app_init ] --START--
INFO: Run Behavior\BuildLiteBehavior [ RunTime:0.000052s ]
INFO: [ app_init ] --END-- [ RunTime:0.001982s ]
ERR: 无法加载模块:Images

[ 2016-08-05T14:51:37+08:00 ] ::1 /jiaolianyuan/index.php/images/web%E9%A6%96%E9%A1%B5%E7%B4%A0%E6%9D%90/php%E5%B7%A5%E7%A8%8B%E5%B8%88/%E5%B9%BF%E5%91%8A.png
INFO: [ app_init ] --START--
INFO: Run Behavior\BuildLiteBehavior [ RunTime:0.000054s ]
INFO: [ app_init ] --END-- [ RunTime:0.002300s ]
ERR: 无法加载模块:Images

[ 2016-08-05T14:52:17+08:00 ] ::1 /jiaolianyuan/index.php/images/web%E9%A6%96%E9%A1%B5%E7%B4%A0%E6%9D%90/php%E5%B7%A5%E7%A8%8B%E5%B8%88/%E5%B9%BF%E5%91%8A.png
INFO: [ app_init ] --START--
INFO: Run Behavior\BuildLiteBehavior [ RunTime:0.000057s ]
INFO: [ app_init ] --END-- [ RunTime:0.002388s ]
ERR: 无法加载模块:Images

[ 2016-08-05T14:52:35+08:00 ] ::1 /jiaolianyuan/index.php/images/web%E9%A6%96%E9%A1%B5%E7%B4%A0%E6%9D%90/php%E5%B7%A5%E7%A8%8B%E5%B8%88/%E5%B9%BF%E5%91%8A.png
INFO: [ app_init ] --START--
INFO: Run Behavior\BuildLiteBehavior [ RunTime:0.000056s ]
INFO: [ app_init ] --END-- [ RunTime:0.005180s ]
ERR: 无法加载模块:Images

[ 2016-08-05T14:54:57+08:00 ] ::1 /jiaolianyuan/index.php/images/web%E9%A6%96%E9%A1%B5%E7%B4%A0%E6%9D%90/php%E5%B7%A5%E7%A8%8B%E5%B8%88/%E5%B9%BF%E5%91%8A.png
INFO: [ app_init ] --START--
INFO: Run Behavior\BuildLiteBehavior [ RunTime:0.000048s ]
INFO: [ app_init ] --END-- [ RunTime:0.003906s ]
ERR: 无法加载模块:Images

[ 2016-08-05T14:54:59+08:00 ] ::1 /jiaolianyuan/index.php/images/web%E9%A6%96%E9%A1%B5%E7%B4%A0%E6%9D%90/php%E5%B7%A5%E7%A8%8B%E5%B8%88/%E5%B9%BF%E5%91%8A.png
INFO: [ app_init ] --START--
INFO: Run Behavior\BuildLiteBehavior [ RunTime:0.000051s ]
INFO: [ app_init ] --END-- [ RunTime:0.002093s ]
ERR: 无法加载模块:Images

[ 2016-08-05T14:56:21+08:00 ] ::1 /jiaolianyuan/index.php/images/web%E9%A6%96%E9%A1%B5%E7%B4%A0%E6%9D%90/php%E5%B7%A5%E7%A8%8B%E5%B8%88/%E5%B9%BF%E5%91%8A.png
INFO: [ app_init ] --START--
INFO: Run Behavior\BuildLiteBehavior [ RunTime:0.000053s ]
INFO: [ app_init ] --END-- [ RunTime:0.002659s ]
ERR: 无法加载模块:Images

[ 2016-08-05T14:56:24+08:00 ] ::1 /jiaolianyuan/index.php/images/web%E9%A6%96%E9%A1%B5%E7%B4%A0%E6%9D%90/php%E5%B7%A5%E7%A8%8B%E5%B8%88/%E5%B9%BF%E5%91%8A.png
INFO: [ app_init ] --START--
INFO: Run Behavior\BuildLiteBehavior [ RunTime:0.000054s ]
INFO: [ app_init ] --END-- [ RunTime:0.002069s ]
ERR: 无法加载模块:Images

[ 2016-08-05T14:56:32+08:00 ] ::1 /jiaolianyuan/index.php/images/web%E9%A6%96%E9%A1%B5%E7%B4%A0%E6%9D%90/php%E5%B7%A5%E7%A8%8B%E5%B8%88/%E5%B9%BF%E5%91%8A.png
INFO: [ app_init ] --START--
INFO: Run Behavior\BuildLiteBehavior [ RunTime:0.000058s ]
INFO: [ app_init ] --END-- [ RunTime:0.001733s ]
ERR: 无法加载模块:Images

[ 2016-08-05T14:56:33+08:00 ] ::1 /jiaolianyuan/index.php/images/web%E9%A6%96%E9%A1%B5%E7%B4%A0%E6%9D%90/php%E5%B7%A5%E7%A8%8B%E5%B8%88/%E5%B9%BF%E5%91%8A.png
INFO: [ app_init ] --START--
INFO: Run Behavior\BuildLiteBehavior [ RunTime:0.000064s ]
INFO: [ app_init ] --END-- [ RunTime:0.005418s ]
ERR: 无法加载模块:Images

[ 2016-08-05T14:56:35+08:00 ] ::1 /jiaolianyuan/index.php/images/web%E9%A6%96%E9%A1%B5%E7%B4%A0%E6%9D%90/php%E5%B7%A5%E7%A8%8B%E5%B8%88/%E5%B9%BF%E5%91%8A.png
INFO: [ app_init ] --START--
INFO: Run Behavior\BuildLiteBehavior [ RunTime:0.000076s ]
INFO: [ app_init ] --END-- [ RunTime:0.002071s ]
ERR: 无法加载模块:Images

[ 2016-08-05T14:57:28+08:00 ] ::1 /jiaolianyuan/index.php/images/web%E9%A6%96%E9%A1%B5%E7%B4%A0%E6%9D%90/php%E5%B7%A5%E7%A8%8B%E5%B8%88/%E5%B9%BF%E5%91%8A.png
INFO: [ app_init ] --START--
INFO: Run Behavior\BuildLiteBehavior [ RunTime:0.000062s ]
INFO: [ app_init ] --END-- [ RunTime:0.003360s ]
ERR: 无法加载模块:Images

[ 2016-08-05T14:57:59+08:00 ] ::1 /jiaolianyuan/index.php/images/web%E9%A6%96%E9%A1%B5%E7%B4%A0%E6%9D%90/php%E5%B7%A5%E7%A8%8B%E5%B8%88/%E5%B9%BF%E5%91%8A.png
INFO: [ app_init ] --START--
INFO: Run Behavior\BuildLiteBehavior [ RunTime:0.000389s ]
INFO: [ app_init ] --END-- [ RunTime:0.004695s ]
ERR: 无法加载模块:Images

[ 2016-08-05T14:58:01+08:00 ] ::1 /jiaolianyuan/index.php/images/web%E9%A6%96%E9%A1%B5%E7%B4%A0%E6%9D%90/php%E5%B7%A5%E7%A8%8B%E5%B8%88/%E5%B9%BF%E5%91%8A.png
INFO: [ app_init ] --START--
INFO: Run Behavior\BuildLiteBehavior [ RunTime:0.000056s ]
INFO: [ app_init ] --END-- [ RunTime:0.002407s ]
ERR: 无法加载模块:Images

[ 2016-08-05T15:04:46+08:00 ] ::1 /jiaolianyuan/index.php/images/web%E9%A6%96%E9%A1%B5%E7%B4%A0%E6%9D%90/php%E5%B7%A5%E7%A8%8B%E5%B8%88/%E5%B9%BF%E5%91%8A.png
INFO: [ app_init ] --START--
INFO: Run Behavior\BuildLiteBehavior [ RunTime:0.000096s ]
INFO: [ app_init ] --END-- [ RunTime:0.009946s ]
ERR: 无法加载模块:Images

[ 2016-08-05T15:08:31+08:00 ] ::1 /jiaolianyuan/index.php/images/web%E9%A6%96%E9%A1%B5%E7%B4%A0%E6%9D%90/php%E5%B7%A5%E7%A8%8B%E5%B8%88/%E5%B9%BF%E5%91%8A.png
INFO: [ app_init ] --START--
INFO: Run Behavior\BuildLiteBehavior [ RunTime:0.000092s ]
INFO: [ app_init ] --END-- [ RunTime:0.002097s ]
ERR: 无法加载模块:Images

[ 2016-08-05T15:08:43+08:00 ] ::1 /jiaolianyuan/index.php/images/web%E9%A6%96%E9%A1%B5%E7%B4%A0%E6%9D%90/php%E5%B7%A5%E7%A8%8B%E5%B8%88/%E5%B9%BF%E5%91%8A.png
INFO: [ app_init ] --START--
INFO: Run Behavior\BuildLiteBehavior [ RunTime:0.000051s ]
INFO: [ app_init ] --END-- [ RunTime:0.002602s ]
ERR: 无法加载模块:Images

[ 2016-08-05T15:17:11+08:00 ] ::1 /jiaolianyuan/index.php/images/web%E9%A6%96%E9%A1%B5%E7%B4%A0%E6%9D%90/php%E5%B7%A5%E7%A8%8B%E5%B8%88/%E5%B9%BF%E5%91%8A.png
INFO: [ app_init ] --START--
INFO: Run Behavior\BuildLiteBehavior [ RunTime:0.000058s ]
INFO: [ app_init ] --END-- [ RunTime:0.002265s ]
ERR: 无法加载模块:Images

[ 2016-08-05T15:19:51+08:00 ] ::1 /jiaolianyuan/index.php/images/web%E9%A6%96%E9%A1%B5%E7%B4%A0%E6%9D%90/php%E5%B7%A5%E7%A8%8B%E5%B8%88/%E5%B9%BF%E5%91%8A.png
INFO: [ app_init ] --START--
INFO: Run Behavior\BuildLiteBehavior [ RunTime:0.000058s ]
INFO: [ app_init ] --END-- [ RunTime:0.002319s ]
ERR: 无法加载模块:Images

[ 2016-08-05T15:20:01+08:00 ] ::1 /jiaolianyuan/index.php/images/web%E9%A6%96%E9%A1%B5%E7%B4%A0%E6%9D%90/php%E5%B7%A5%E7%A8%8B%E5%B8%88/%E5%B9%BF%E5%91%8A.png
INFO: [ app_init ] --START--
INFO: Run Behavior\BuildLiteBehavior [ RunTime:0.000040s ]
INFO: [ app_init ] --END-- [ RunTime:0.004013s ]
ERR: 无法加载模块:Images

[ 2016-08-05T15:21:06+08:00 ] ::1 /jiaolianyuan/index.php/images/web%E9%A6%96%E9%A1%B5%E7%B4%A0%E6%9D%90/php%E5%B7%A5%E7%A8%8B%E5%B8%88/%E5%B9%BF%E5%91%8A.png
INFO: [ app_init ] --START--
INFO: Run Behavior\BuildLiteBehavior [ RunTime:0.000057s ]
INFO: [ app_init ] --END-- [ RunTime:0.002655s ]
ERR: 无法加载模块:Images

[ 2016-08-05T15:21:49+08:00 ] ::1 /jiaolianyuan/index.php/images/web%E9%A6%96%E9%A1%B5%E7%B4%A0%E6%9D%90/php%E5%B7%A5%E7%A8%8B%E5%B8%88/%E5%B9%BF%E5%91%8A.png
INFO: [ app_init ] --START--
INFO: Run Behavior\BuildLiteBehavior [ RunTime:0.000386s ]
INFO: [ app_init ] --END-- [ RunTime:0.003217s ]
ERR: 无法加载模块:Images

[ 2016-08-05T15:27:50+08:00 ] ::1 /jiaolianyuan/index.php/images/web%E9%A6%96%E9%A1%B5%E7%B4%A0%E6%9D%90/php%E5%B7%A5%E7%A8%8B%E5%B8%88/%E5%B9%BF%E5%91%8A.png
INFO: [ app_init ] --START--
INFO: Run Behavior\BuildLiteBehavior [ RunTime:0.000036s ]
INFO: [ app_init ] --END-- [ RunTime:0.001435s ]
ERR: 无法加载模块:Images

[ 2016-08-05T15:31:11+08:00 ] ::1 /jiaolianyuan/index.php/images/web%E9%A6%96%E9%A1%B5%E7%B4%A0%E6%9D%90/php%E5%B7%A5%E7%A8%8B%E5%B8%88/%E5%B9%BF%E5%91%8A.png
INFO: [ app_init ] --START--
INFO: Run Behavior\BuildLiteBehavior [ RunTime:0.000058s ]
INFO: [ app_init ] --END-- [ RunTime:0.015688s ]
ERR: 无法加载模块:Images

[ 2016-08-05T15:31:23+08:00 ] ::1 /jiaolianyuan/index.php/images/web%E9%A6%96%E9%A1%B5%E7%B4%A0%E6%9D%90/php%E5%B7%A5%E7%A8%8B%E5%B8%88/%E5%B9%BF%E5%91%8A.png
INFO: [ app_init ] --START--
INFO: Run Behavior\BuildLiteBehavior [ RunTime:0.000049s ]
INFO: [ app_init ] --END-- [ RunTime:0.002360s ]
ERR: 无法加载模块:Images

[ 2016-08-05T15:31:47+08:00 ] ::1 /jiaolianyuan/index.php/images/web%E9%A6%96%E9%A1%B5%E7%B4%A0%E6%9D%90/php%E5%B7%A5%E7%A8%8B%E5%B8%88/%E5%B9%BF%E5%91%8A.png
INFO: [ app_init ] --START--
INFO: Run Behavior\BuildLiteBehavior [ RunTime:0.000057s ]
INFO: [ app_init ] --END-- [ RunTime:0.002262s ]
ERR: 无法加载模块:Images

[ 2016-08-05T15:31:55+08:00 ] ::1 /jiaolianyuan/index.php/images/web%E9%A6%96%E9%A1%B5%E7%B4%A0%E6%9D%90/php%E5%B7%A5%E7%A8%8B%E5%B8%88/%E5%B9%BF%E5%91%8A.png
INFO: [ app_init ] --START--
INFO: Run Behavior\BuildLiteBehavior [ RunTime:0.000053s ]
INFO: [ app_init ] --END-- [ RunTime:0.002300s ]
ERR: 无法加载模块:Images

[ 2016-08-05T15:36:36+08:00 ] ::1 /jiaolianyuan/index.php/images/web%E9%A6%96%E9%A1%B5%E7%B4%A0%E6%9D%90/php%E5%B7%A5%E7%A8%8B%E5%B8%88/%E5%B9%BF%E5%91%8A.png
INFO: [ app_init ] --START--
INFO: Run Behavior\BuildLiteBehavior [ RunTime:0.000040s ]
INFO: [ app_init ] --END-- [ RunTime:0.002832s ]
ERR: 无法加载模块:Images

[ 2016-08-05T15:37:06+08:00 ] ::1 /jiaolianyuan/index.php/images/web%E9%A6%96%E9%A1%B5%E7%B4%A0%E6%9D%90/php%E5%B7%A5%E7%A8%8B%E5%B8%88/%E5%B9%BF%E5%91%8A.png
INFO: [ app_init ] --START--
INFO: Run Behavior\BuildLiteBehavior [ RunTime:0.000051s ]
INFO: [ app_init ] --END-- [ RunTime:0.002018s ]
ERR: 无法加载模块:Images

[ 2016-08-05T15:37:08+08:00 ] ::1 /jiaolianyuan/index.php/images/web%E9%A6%96%E9%A1%B5%E7%B4%A0%E6%9D%90/php%E5%B7%A5%E7%A8%8B%E5%B8%88/%E5%B9%BF%E5%91%8A.png
INFO: [ app_init ] --START--
INFO: Run Behavior\BuildLiteBehavior [ RunTime:0.000143s ]
INFO: [ app_init ] --END-- [ RunTime:0.007879s ]
ERR: 无法加载模块:Images

[ 2016-08-05T15:37:21+08:00 ] ::1 /jiaolianyuan/index.php/images/web%E9%A6%96%E9%A1%B5%E7%B4%A0%E6%9D%90/php%E5%B7%A5%E7%A8%8B%E5%B8%88/%E5%B9%BF%E5%91%8A.png
INFO: [ app_init ] --START--
INFO: Run Behavior\BuildLiteBehavior [ RunTime:0.000053s ]
INFO: [ app_init ] --END-- [ RunTime:0.002280s ]
ERR: 无法加载模块:Images

[ 2016-08-05T15:37:26+08:00 ] ::1 /jiaolianyuan/index.php/images/web%E9%A6%96%E9%A1%B5%E7%B4%A0%E6%9D%90/php%E5%B7%A5%E7%A8%8B%E5%B8%88/%E5%B9%BF%E5%91%8A.png
INFO: [ app_init ] --START--
INFO: Run Behavior\BuildLiteBehavior [ RunTime:0.000061s ]
INFO: [ app_init ] --END-- [ RunTime:0.002345s ]
ERR: 无法加载模块:Images

[ 2016-08-05T15:38:25+08:00 ] ::1 /jiaolianyuan/index.php/images/web%E9%A6%96%E9%A1%B5%E7%B4%A0%E6%9D%90/php%E5%B7%A5%E7%A8%8B%E5%B8%88/%E5%B9%BF%E5%91%8A.png
INFO: [ app_init ] --START--
INFO: Run Behavior\BuildLiteBehavior [ RunTime:0.000053s ]
INFO: [ app_init ] --END-- [ RunTime:0.003483s ]
ERR: 无法加载模块:Images

[ 2016-08-05T15:38:45+08:00 ] ::1 /jiaolianyuan/index.php/images/web%E9%A6%96%E9%A1%B5%E7%B4%A0%E6%9D%90/php%E5%B7%A5%E7%A8%8B%E5%B8%88/%E5%B9%BF%E5%91%8A.png
INFO: [ app_init ] --START--
INFO: Run Behavior\BuildLiteBehavior [ RunTime:0.000039s ]
INFO: [ app_init ] --END-- [ RunTime:0.002538s ]
ERR: 无法加载模块:Images

[ 2016-08-05T15:38:51+08:00 ] ::1 /jiaolianyuan/index.php/images/web%E9%A6%96%E9%A1%B5%E7%B4%A0%E6%9D%90/php%E5%B7%A5%E7%A8%8B%E5%B8%88/%E5%B9%BF%E5%91%8A.png
INFO: [ app_init ] --START--
INFO: Run Behavior\BuildLiteBehavior [ RunTime:0.000081s ]
INFO: [ app_init ] --END-- [ RunTime:0.003151s ]
ERR: 无法加载模块:Images

[ 2016-08-05T15:38:58+08:00 ] ::1 /jiaolianyuan/index.php/images/web%E9%A6%96%E9%A1%B5%E7%B4%A0%E6%9D%90/php%E5%B7%A5%E7%A8%8B%E5%B8%88/%E5%B9%BF%E5%91%8A.png
INFO: [ app_init ] --START--
INFO: Run Behavior\BuildLiteBehavior [ RunTime:0.000027s ]
INFO: [ app_init ] --END-- [ RunTime:0.000871s ]
ERR: 无法加载模块:Images

[ 2016-08-05T15:39:56+08:00 ] ::1 /jiaolianyuan/index.php/images/web%E9%A6%96%E9%A1%B5%E7%B4%A0%E6%9D%90/php%E5%B7%A5%E7%A8%8B%E5%B8%88/%E5%B9%BF%E5%91%8A.png
INFO: [ app_init ] --START--
INFO: Run Behavior\BuildLiteBehavior [ RunTime:0.000052s ]
INFO: [ app_init ] --END-- [ RunTime:0.002241s ]
ERR: 无法加载模块:Images

[ 2016-08-05T15:39:59+08:00 ] ::1 /jiaolianyuan/index.php/images/web%E9%A6%96%E9%A1%B5%E7%B4%A0%E6%9D%90/php%E5%B7%A5%E7%A8%8B%E5%B8%88/%E5%B9%BF%E5%91%8A.png
INFO: [ app_init ] --START--
INFO: Run Behavior\BuildLiteBehavior [ RunTime:0.000055s ]
INFO: [ app_init ] --END-- [ RunTime:0.002578s ]
ERR: 无法加载模块:Images

[ 2016-08-05T15:44:20+08:00 ] ::1 /jiaolianyuan/index.php/images/web%E9%A6%96%E9%A1%B5%E7%B4%A0%E6%9D%90/php%E5%B7%A5%E7%A8%8B%E5%B8%88/%E5%B9%BF%E5%91%8A.png
INFO: [ app_init ] --START--
INFO: Run Behavior\BuildLiteBehavior [ RunTime:0.000056s ]
INFO: [ app_init ] --END-- [ RunTime:0.003133s ]
ERR: 无法加载模块:Images

[ 2016-08-05T15:44:23+08:00 ] ::1 /jiaolianyuan/index.php/images/web%E9%A6%96%E9%A1%B5%E7%B4%A0%E6%9D%90/php%E5%B7%A5%E7%A8%8B%E5%B8%88/%E5%B9%BF%E5%91%8A.png
INFO: [ app_init ] --START--
INFO: Run Behavior\BuildLiteBehavior [ RunTime:0.000060s ]
INFO: [ app_init ] --END-- [ RunTime:0.008726s ]
ERR: 无法加载模块:Images

[ 2016-08-05T15:45:12+08:00 ] ::1 /jiaolianyuan/index.php/images/web%E9%A6%96%E9%A1%B5%E7%B4%A0%E6%9D%90/php%E5%B7%A5%E7%A8%8B%E5%B8%88/%E5%B9%BF%E5%91%8A.png
INFO: [ app_init ] --START--
INFO: Run Behavior\BuildLiteBehavior [ RunTime:0.000038s ]
INFO: [ app_init ] --END-- [ RunTime:0.002305s ]
ERR: 无法加载模块:Images

[ 2016-08-05T15:45:28+08:00 ] ::1 /jiaolianyuan/index.php/images/web%E9%A6%96%E9%A1%B5%E7%B4%A0%E6%9D%90/php%E5%B7%A5%E7%A8%8B%E5%B8%88/%E5%B9%BF%E5%91%8A.png
INFO: [ app_init ] --START--
INFO: Run Behavior\BuildLiteBehavior [ RunTime:0.000058s ]
INFO: [ app_init ] --END-- [ RunTime:0.002591s ]
ERR: 无法加载模块:Images

[ 2016-08-05T15:46:03+08:00 ] ::1 /jiaolianyuan/index.php/images/web%E9%A6%96%E9%A1%B5%E7%B4%A0%E6%9D%90/php%E5%B7%A5%E7%A8%8B%E5%B8%88/%E5%B9%BF%E5%91%8A.png
INFO: [ app_init ] --START--
INFO: Run Behavior\BuildLiteBehavior [ RunTime:0.000080s ]
INFO: [ app_init ] --END-- [ RunTime:0.004460s ]
ERR: 无法加载模块:Images

[ 2016-08-05T15:46:28+08:00 ] ::1 /jiaolianyuan/index.php/images/web%E9%A6%96%E9%A1%B5%E7%B4%A0%E6%9D%90/php%E5%B7%A5%E7%A8%8B%E5%B8%88/%E5%B9%BF%E5%91%8A.png
INFO: [ app_init ] --START--
INFO: Run Behavior\BuildLiteBehavior [ RunTime:0.000037s ]
INFO: [ app_init ] --END-- [ RunTime:0.001539s ]
ERR: 无法加载模块:Images

[ 2016-08-05T15:46:53+08:00 ] ::1 /jiaolianyuan/index.php/images/web%E9%A6%96%E9%A1%B5%E7%B4%A0%E6%9D%90/php%E5%B7%A5%E7%A8%8B%E5%B8%88/%E5%B9%BF%E5%91%8A.png
INFO: [ app_init ] --START--
INFO: Run Behavior\BuildLiteBehavior [ RunTime:0.000051s ]
INFO: [ app_init ] --END-- [ RunTime:0.004886s ]
ERR: 无法加载模块:Images

[ 2016-08-05T15:49:22+08:00 ] ::1 /jiaolianyuan/index.php/images/web%E9%A6%96%E9%A1%B5%E7%B4%A0%E6%9D%90/php%E5%B7%A5%E7%A8%8B%E5%B8%88/%E5%B9%BF%E5%91%8A.png
INFO: [ app_init ] --START--
INFO: Run Behavior\BuildLiteBehavior [ RunTime:0.000053s ]
INFO: [ app_init ] --END-- [ RunTime:0.002197s ]
ERR: 无法加载模块:Images

[ 2016-08-05T15:49:24+08:00 ] ::1 /jiaolianyuan/index.php/images/web%E9%A6%96%E9%A1%B5%E7%B4%A0%E6%9D%90/php%E5%B7%A5%E7%A8%8B%E5%B8%88/%E5%B9%BF%E5%91%8A.png
INFO: [ app_init ] --START--
INFO: Run Behavior\BuildLiteBehavior [ RunTime:0.000045s ]
INFO: [ app_init ] --END-- [ RunTime:0.001806s ]
ERR: 无法加载模块:Images

[ 2016-08-05T15:59:35+08:00 ] ::1 /jiaolianyuan/index.php/images/web%E9%A6%96%E9%A1%B5%E7%B4%A0%E6%9D%90/php%E5%B7%A5%E7%A8%8B%E5%B8%88/%E5%B9%BF%E5%91%8A.png
INFO: [ app_init ] --START--
INFO: Run Behavior\BuildLiteBehavior [ RunTime:0.000061s ]
INFO: [ app_init ] --END-- [ RunTime:0.002113s ]
ERR: 无法加载模块:Images

[ 2016-08-05T16:00:35+08:00 ] ::1 /jiaolianyuan/index.php/images/web%E9%A6%96%E9%A1%B5%E7%B4%A0%E6%9D%90/php%E5%B7%A5%E7%A8%8B%E5%B8%88/%E5%B9%BF%E5%91%8A.png
INFO: [ app_init ] --START--
INFO: Run Behavior\BuildLiteBehavior [ RunTime:0.000053s ]
INFO: [ app_init ] --END-- [ RunTime:0.002534s ]
ERR: 无法加载模块:Images

[ 2016-08-05T16:08:32+08:00 ] ::1 /jiaolianyuan/index.php/images/web%E9%A6%96%E9%A1%B5%E7%B4%A0%E6%9D%90/php%E5%B7%A5%E7%A8%8B%E5%B8%88/%E5%B9%BF%E5%91%8A.png
INFO: [ app_init ] --START--
INFO: Run Behavior\BuildLiteBehavior [ RunTime:0.000021s ]
INFO: [ app_init ] --END-- [ RunTime:0.000741s ]
ERR: 无法加载模块:Images

[ 2016-08-05T16:22:51+08:00 ] ::1 /jiaolianyuan/index.php/images/web%E9%A6%96%E9%A1%B5%E7%B4%A0%E6%9D%90/php%E5%B7%A5%E7%A8%8B%E5%B8%88/%E5%B9%BF%E5%91%8A.png
INFO: [ app_init ] --START--
INFO: Run Behavior\BuildLiteBehavior [ RunTime:0.000060s ]
INFO: [ app_init ] --END-- [ RunTime:0.003027s ]
ERR: 无法加载模块:Images

[ 2016-08-05T16:23:54+08:00 ] ::1 /jiaolianyuan/index.php/images/web%E9%A6%96%E9%A1%B5%E7%B4%A0%E6%9D%90/php%E5%B7%A5%E7%A8%8B%E5%B8%88/%E5%B9%BF%E5%91%8A.png
INFO: [ app_init ] --START--
INFO: Run Behavior\BuildLiteBehavior [ RunTime:0.000059s ]
INFO: [ app_init ] --END-- [ RunTime:0.002183s ]
ERR: 无法加载模块:Images

[ 2016-08-05T16:24:57+08:00 ] ::1 /jiaolianyuan/index.php/images/web%E9%A6%96%E9%A1%B5%E7%B4%A0%E6%9D%90/php%E5%B7%A5%E7%A8%8B%E5%B8%88/%E5%B9%BF%E5%91%8A.png
INFO: [ app_init ] --START--
INFO: Run Behavior\BuildLiteBehavior [ RunTime:0.000053s ]
INFO: [ app_init ] --END-- [ RunTime:0.002073s ]
ERR: 无法加载模块:Images

[ 2016-08-05T16:25:13+08:00 ] ::1 /jiaolianyuan/index.php/images/web%E9%A6%96%E9%A1%B5%E7%B4%A0%E6%9D%90/php%E5%B7%A5%E7%A8%8B%E5%B8%88/%E5%B9%BF%E5%91%8A.png
INFO: [ app_init ] --START--
INFO: Run Behavior\BuildLiteBehavior [ RunTime:0.000095s ]
INFO: [ app_init ] --END-- [ RunTime:0.006343s ]
ERR: 无法加载模块:Images

[ 2016-08-05T16:26:59+08:00 ] ::1 /jiaolianyuan/index.php/images/web%E9%A6%96%E9%A1%B5%E7%B4%A0%E6%9D%90/php%E5%B7%A5%E7%A8%8B%E5%B8%88/%E5%B9%BF%E5%91%8A.png
INFO: [ app_init ] --START--
INFO: Run Behavior\BuildLiteBehavior [ RunTime:0.000125s ]
INFO: [ app_init ] --END-- [ RunTime:0.002656s ]
ERR: 无法加载模块:Images

[ 2016-08-05T16:28:49+08:00 ] ::1 /jiaolianyuan/index.php/images/web%E9%A6%96%E9%A1%B5%E7%B4%A0%E6%9D%90/php%E5%B7%A5%E7%A8%8B%E5%B8%88/%E5%B9%BF%E5%91%8A.png
INFO: [ app_init ] --START--
INFO: Run Behavior\BuildLiteBehavior [ RunTime:0.000092s ]
INFO: [ app_init ] --END-- [ RunTime:0.003520s ]
ERR: 无法加载模块:Images

[ 2016-08-05T16:29:30+08:00 ] ::1 /jiaolianyuan/index.php/images/web%E9%A6%96%E9%A1%B5%E7%B4%A0%E6%9D%90/php%E5%B7%A5%E7%A8%8B%E5%B8%88/%E5%B9%BF%E5%91%8A.png
INFO: [ app_init ] --START--
INFO: Run Behavior\BuildLiteBehavior [ RunTime:0.000062s ]
INFO: [ app_init ] --END-- [ RunTime:0.002038s ]
ERR: 无法加载模块:Images

[ 2016-08-05T16:29:33+08:00 ] ::1 /jiaolianyuan/index.php/images/web%E9%A6%96%E9%A1%B5%E7%B4%A0%E6%9D%90/php%E5%B7%A5%E7%A8%8B%E5%B8%88/%E5%B9%BF%E5%91%8A.png
INFO: [ app_init ] --START--
INFO: Run Behavior\BuildLiteBehavior [ RunTime:0.000058s ]
INFO: [ app_init ] --END-- [ RunTime:0.002593s ]
ERR: 无法加载模块:Images

[ 2016-08-05T16:29:48+08:00 ] ::1 /jiaolianyuan/index.php/images/web%E9%A6%96%E9%A1%B5%E7%B4%A0%E6%9D%90/php%E5%B7%A5%E7%A8%8B%E5%B8%88/%E5%B9%BF%E5%91%8A.png
INFO: [ app_init ] --START--
INFO: Run Behavior\BuildLiteBehavior [ RunTime:0.000139s ]
INFO: [ app_init ] --END-- [ RunTime:0.014526s ]
ERR: 无法加载模块:Images

[ 2016-08-05T16:29:50+08:00 ] ::1 /jiaolianyuan/index.php/images/web%E9%A6%96%E9%A1%B5%E7%B4%A0%E6%9D%90/php%E5%B7%A5%E7%A8%8B%E5%B8%88/%E5%B9%BF%E5%91%8A.png
INFO: [ app_init ] --START--
INFO: Run Behavior\BuildLiteBehavior [ RunTime:0.000057s ]
INFO: [ app_init ] --END-- [ RunTime:0.002527s ]
ERR: 无法加载模块:Images

[ 2016-08-05T16:31:26+08:00 ] ::1 /jiaolianyuan/index.php/images/web%E9%A6%96%E9%A1%B5%E7%B4%A0%E6%9D%90/php%E5%B7%A5%E7%A8%8B%E5%B8%88/%E5%B9%BF%E5%91%8A.png
INFO: [ app_init ] --START--
INFO: Run Behavior\BuildLiteBehavior [ RunTime:0.000064s ]
INFO: [ app_init ] --END-- [ RunTime:0.005471s ]
ERR: 无法加载模块:Images

[ 2016-08-05T16:35:08+08:00 ] ::1 /jiaolianyuan/index.php/images/web%E9%A6%96%E9%A1%B5%E7%B4%A0%E6%9D%90/php%E5%B7%A5%E7%A8%8B%E5%B8%88/%E5%B9%BF%E5%91%8A.png
INFO: [ app_init ] --START--
INFO: Run Behavior\BuildLiteBehavior [ RunTime:0.000374s ]
INFO: [ app_init ] --END-- [ RunTime:0.003353s ]
ERR: 无法加载模块:Images

[ 2016-08-05T16:49:10+08:00 ] ::1 /jiaolianyuan/index.php/%7BhotClassList['classpic']%7D
INFO: [ app_init ] --START--
INFO: Run Behavior\BuildLiteBehavior [ RunTime:0.000057s ]
INFO: [ app_init ] --END-- [ RunTime:0.004366s ]
ERR: 无法加载模块:{hotClassList['classpic']}

[ 2016-08-05T16:49:10+08:00 ] ::1 /jiaolianyuan/index.php/images/web%E9%A6%96%E9%A1%B5%E7%B4%A0%E6%9D%90/php%E5%B7%A5%E7%A8%8B%E5%B8%88/%E5%B9%BF%E5%91%8A.png
INFO: [ app_init ] --START--
INFO: Run Behavior\BuildLiteBehavior [ RunTime:0.000078s ]
INFO: [ app_init ] --END-- [ RunTime:0.002565s ]
ERR: 无法加载模块:Images

[ 2016-08-05T16:49:14+08:00 ] ::1 /jiaolianyuan/index.php/images/web%E9%A6%96%E9%A1%B5%E7%B4%A0%E6%9D%90/php%E5%B7%A5%E7%A8%8B%E5%B8%88/%E5%B9%BF%E5%91%8A.png
INFO: [ app_init ] --START--
INFO: Run Behavior\BuildLiteBehavior [ RunTime:0.000055s ]
INFO: [ app_init ] --END-- [ RunTime:0.002414s ]
ERR: 无法加载模块:Images

[ 2016-08-05T16:49:14+08:00 ] ::1 /jiaolianyuan/index.php/%7BhotClassList['classpic']%7D
INFO: [ app_init ] --START--
INFO: Run Behavior\BuildLiteBehavior [ RunTime:0.000066s ]
INFO: [ app_init ] --END-- [ RunTime:0.002700s ]
ERR: 无法加载模块:{hotClassList['classpic']}

[ 2016-08-05T16:49:45+08:00 ] ::1 /jiaolianyuan/index.php/%7BhotClassList['classpic']%7D
INFO: [ app_init ] --START--
INFO: Run Behavior\BuildLiteBehavior [ RunTime:0.000055s ]
INFO: [ app_init ] --END-- [ RunTime:0.003738s ]
ERR: 无法加载模块:{hotClassList['classpic']}

[ 2016-08-05T16:49:45+08:00 ] ::1 /jiaolianyuan/index.php/images/web%E9%A6%96%E9%A1%B5%E7%B4%A0%E6%9D%90/php%E5%B7%A5%E7%A8%8B%E5%B8%88/%E5%B9%BF%E5%91%8A.png
INFO: [ app_init ] --START--
INFO: Run Behavior\BuildLiteBehavior [ RunTime:0.000055s ]
INFO: [ app_init ] --END-- [ RunTime:0.002714s ]
ERR: 无法加载模块:Images

[ 2016-08-05T16:53:59+08:00 ] ::1 /jiaolianyuan/index.php/images/web%E9%A6%96%E9%A1%B5%E7%B4%A0%E6%9D%90/php%E5%B7%A5%E7%A8%8B%E5%B8%88/%E5%B9%BF%E5%91%8A.png
INFO: [ app_init ] --START--
INFO: Run Behavior\BuildLiteBehavior [ RunTime:0.000064s ]
INFO: [ app_init ] --END-- [ RunTime:0.003742s ]
ERR: 无法加载模块:Images

[ 2016-08-05T16:54:40+08:00 ] ::1 /jiaolianyuan/index.php/images/web%E9%A6%96%E9%A1%B5%E7%B4%A0%E6%9D%90/php%E5%B7%A5%E7%A8%8B%E5%B8%88/%E5%B9%BF%E5%91%8A.png
INFO: [ app_init ] --START--
INFO: Run Behavior\BuildLiteBehavior [ RunTime:0.000056s ]
INFO: [ app_init ] --END-- [ RunTime:0.002468s ]
ERR: 无法加载模块:Images

[ 2016-08-05T16:55:45+08:00 ] ::1 /jiaolianyuan/index.php/images/web%E9%A6%96%E9%A1%B5%E7%B4%A0%E6%9D%90/php%E5%B7%A5%E7%A8%8B%E5%B8%88/%E5%B9%BF%E5%91%8A.png
INFO: [ app_init ] --START--
INFO: Run Behavior\BuildLiteBehavior [ RunTime:0.000056s ]
INFO: [ app_init ] --END-- [ RunTime:0.005545s ]
ERR: 无法加载模块:Images

[ 2016-08-05T16:55:46+08:00 ] ::1 /jiaolianyuan/index.php/images/web%E9%A6%96%E9%A1%B5%E7%B4%A0%E6%9D%90/php%E5%B7%A5%E7%A8%8B%E5%B8%88/%E5%B9%BF%E5%91%8A.png
INFO: [ app_init ] --START--
INFO: Run Behavior\BuildLiteBehavior [ RunTime:0.000020s ]
INFO: [ app_init ] --END-- [ RunTime:0.000726s ]
ERR: 无法加载模块:Images

[ 2016-08-05T16:55:49+08:00 ] ::1 /jiaolianyuan/index.php/images/web%E9%A6%96%E9%A1%B5%E7%B4%A0%E6%9D%90/php%E5%B7%A5%E7%A8%8B%E5%B8%88/%E5%B9%BF%E5%91%8A.png
INFO: [ app_init ] --START--
INFO: Run Behavior\BuildLiteBehavior [ RunTime:0.000055s ]
INFO: [ app_init ] --END-- [ RunTime:0.009684s ]
ERR: 无法加载模块:Images

[ 2016-08-05T16:57:37+08:00 ] ::1 /jiaolianyuan/index.php/images/web%E9%A6%96%E9%A1%B5%E7%B4%A0%E6%9D%90/php%E5%B7%A5%E7%A8%8B%E5%B8%88/%E5%B9%BF%E5%91%8A.png
INFO: [ app_init ] --START--
INFO: Run Behavior\BuildLiteBehavior [ RunTime:0.000393s ]
INFO: [ app_init ] --END-- [ RunTime:0.002695s ]
ERR: 无法加载模块:Images

[ 2016-08-05T16:59:21+08:00 ] ::1 /jiaolianyuan/index.php/images/web%E9%A6%96%E9%A1%B5%E7%B4%A0%E6%9D%90/php%E5%B7%A5%E7%A8%8B%E5%B8%88/%E5%B9%BF%E5%91%8A.png
INFO: [ app_init ] --START--
INFO: Run Behavior\BuildLiteBehavior [ RunTime:0.000054s ]
INFO: [ app_init ] --END-- [ RunTime:0.002153s ]
ERR: 无法加载模块:Images

[ 2016-08-05T17:00:26+08:00 ] ::1 /jiaolianyuan/index.php/images/web%E9%A6%96%E9%A1%B5%E7%B4%A0%E6%9D%90/php%E5%B7%A5%E7%A8%8B%E5%B8%88/%E5%B9%BF%E5%91%8A.png
INFO: [ app_init ] --START--
INFO: Run Behavior\BuildLiteBehavior [ RunTime:0.000055s ]
INFO: [ app_init ] --END-- [ RunTime:0.002291s ]
ERR: 无法加载模块:Images

[ 2016-08-05T17:00:55+08:00 ] ::1 /jiaolianyuan/index.php/images/web%E9%A6%96%E9%A1%B5%E7%B4%A0%E6%9D%90/php%E5%B7%A5%E7%A8%8B%E5%B8%88/%E5%B9%BF%E5%91%8A.png
INFO: [ app_init ] --START--
INFO: Run Behavior\BuildLiteBehavior [ RunTime:0.000098s ]
INFO: [ app_init ] --END-- [ RunTime:0.013509s ]
ERR: 无法加载模块:Images

[ 2016-08-05T17:44:45+08:00 ] ::1 /jiaolianyuan/index.php/images/web%E9%A6%96%E9%A1%B5%E7%B4%A0%E6%9D%90/php%E5%B7%A5%E7%A8%8B%E5%B8%88/%E5%B9%BF%E5%91%8A.png
INFO: [ app_init ] --START--
INFO: Run Behavior\BuildLiteBehavior [ RunTime:0.000055s ]
INFO: [ app_init ] --END-- [ RunTime:0.002154s ]
ERR: 无法加载模块:Images

[ 2016-08-05T18:00:31+08:00 ] ::1 /jiaolianyuan/index.php/images/web%E9%A6%96%E9%A1%B5%E7%B4%A0%E6%9D%90/php%E5%B7%A5%E7%A8%8B%E5%B8%88/%E5%B9%BF%E5%91%8A.png
INFO: [ app_init ] --START--
INFO: Run Behavior\BuildLiteBehavior [ RunTime:0.000055s ]
INFO: [ app_init ] --END-- [ RunTime:0.002338s ]
ERR: 无法加载模块:Images

[ 2016-08-05T18:01:35+08:00 ] ::1 /jiaolianyuan/index.php/images/web%E9%A6%96%E9%A1%B5%E7%B4%A0%E6%9D%90/php%E5%B7%A5%E7%A8%8B%E5%B8%88/%E5%B9%BF%E5%91%8A.png
INFO: [ app_init ] --START--
INFO: Run Behavior\BuildLiteBehavior [ RunTime:0.000062s ]
INFO: [ app_init ] --END-- [ RunTime:0.005776s ]
ERR: 无法加载模块:Images

[ 2016-08-05T18:01:52+08:00 ] ::1 /jiaolianyuan/index.php/images/web%E9%A6%96%E9%A1%B5%E7%B4%A0%E6%9D%90/php%E5%B7%A5%E7%A8%8B%E5%B8%88/%E5%B9%BF%E5%91%8A.png
INFO: [ app_init ] --START--
INFO: Run Behavior\BuildLiteBehavior [ RunTime:0.000060s ]
INFO: [ app_init ] --END-- [ RunTime:0.002770s ]
ERR: 无法加载模块:Images

[ 2016-08-05T18:03:02+08:00 ] ::1 /jiaolianyuan/index.php/images/web%E9%A6%96%E9%A1%B5%E7%B4%A0%E6%9D%90/php%E5%B7%A5%E7%A8%8B%E5%B8%88/%E5%B9%BF%E5%91%8A.png
INFO: [ app_init ] --START--
INFO: Run Behavior\BuildLiteBehavior [ RunTime:0.000488s ]
INFO: [ app_init ] --END-- [ RunTime:0.002744s ]
ERR: 无法加载模块:Images

[ 2016-08-05T18:04:31+08:00 ] ::1 /jiaolianyuan/index.php/images/web%E9%A6%96%E9%A1%B5%E7%B4%A0%E6%9D%90/php%E5%B7%A5%E7%A8%8B%E5%B8%88/%E5%B9%BF%E5%91%8A.png
INFO: [ app_init ] --START--
INFO: Run Behavior\BuildLiteBehavior [ RunTime:0.000253s ]
INFO: [ app_init ] --END-- [ RunTime:0.004388s ]
ERR: 无法加载模块:Images

[ 2016-08-05T18:05:13+08:00 ] ::1 /jiaolianyuan/index.php/images/web%E9%A6%96%E9%A1%B5%E7%B4%A0%E6%9D%90/php%E5%B7%A5%E7%A8%8B%E5%B8%88/%E5%B9%BF%E5%91%8A.png
INFO: [ app_init ] --START--
INFO: Run Behavior\BuildLiteBehavior [ RunTime:0.000052s ]
INFO: [ app_init ] --END-- [ RunTime:0.002599s ]
ERR: 无法加载模块:Images

