[ 2016-09-28T16:14:58+08:00 ] ::1 /jiaolianyuan/Public/images/guide-background/UI%E8%AE%BE%E8%AE%A1.jpg
INFO: [ app_init ] --START--
INFO: Run Behavior\BuildLiteBehavior [ RunTime:0.000000s ]
INFO: [ app_init ] --END-- [ RunTime:0.001000s ]
ERR: 无法加载模块:Public

[ 2016-09-28T16:15:04+08:00 ] ::1 /jiaolianyuan/Public/images/guide-background/UI%E8%AE%BE%E8%AE%A1.jpg
INFO: [ app_init ] --START--
INFO: Run Behavior\BuildLiteBehavior [ RunTime:0.000000s ]
INFO: [ app_init ] --END-- [ RunTime:0.001000s ]
ERR: 无法加载模块:Public

[ 2016-09-28T16:17:27+08:00 ] ::1 /jiaolianyuan/Public/images/guide-background/UI%E8%AE%BE%E8%AE%A1.jpg
INFO: [ app_init ] --START--
INFO: Run Behavior\BuildLiteBehavior [ RunTime:0.000000s ]
INFO: [ app_init ] --END-- [ RunTime:0.001000s ]
ERR: 无法加载模块:Public

[ 2016-09-28T16:17:41+08:00 ] ::1 /jiaolianyuan/Public/images/guide-background/UI%E8%AE%BE%E8%AE%A1.jpg
INFO: [ app_init ] --START--
INFO: Run Behavior\BuildLiteBehavior [ RunTime:0.000000s ]
INFO: [ app_init ] --END-- [ RunTime:0.000000s ]
ERR: 无法加载模块:Public

[ 2016-09-28T16:17:45+08:00 ] ::1 /jiaolianyuan/Public/images/guide-background/UI%E8%AE%BE%E8%AE%A1.jpg
INFO: [ app_init ] --START--
INFO: Run Behavior\BuildLiteBehavior [ RunTime:0.000000s ]
INFO: [ app_init ] --END-- [ RunTime:0.001000s ]
ERR: 无法加载模块:Public

[ 2016-09-28T16:18:09+08:00 ] ::1 /jiaolianyuan/Public/images/guide-background/UI%E8%AE%BE%E8%AE%A1.jpg
INFO: [ app_init ] --START--
INFO: Run Behavior\BuildLiteBehavior [ RunTime:0.000000s ]
INFO: [ app_init ] --END-- [ RunTime:0.000000s ]
ERR: 无法加载模块:Public

[ 2016-09-28T16:18:19+08:00 ] ::1 /jiaolianyuan/Public/images/guide-background/UI%E8%AE%BE%E8%AE%A1.jpg
INFO: [ app_init ] --START--
INFO: Run Behavior\BuildLiteBehavior [ RunTime:0.000000s ]
INFO: [ app_init ] --END-- [ RunTime:0.001000s ]
ERR: 无法加载模块:Public

[ 2016-09-28T16:18:20+08:00 ] ::1 /jiaolianyuan/Public/images/guide-background/UI%E8%AE%BE%E8%AE%A1.jpg
INFO: [ app_init ] --START--
INFO: Run Behavior\BuildLiteBehavior [ RunTime:0.000000s ]
INFO: [ app_init ] --END-- [ RunTime:0.000000s ]
ERR: 无法加载模块:Public

[ 2016-09-28T16:18:21+08:00 ] ::1 /jiaolianyuan/Public/images/guide-background/UI%E8%AE%BE%E8%AE%A1.jpg
INFO: [ app_init ] --START--
INFO: Run Behavior\BuildLiteBehavior [ RunTime:0.000000s ]
INFO: [ app_init ] --END-- [ RunTime:0.001000s ]
ERR: 无法加载模块:Public

[ 2016-09-28T16:18:22+08:00 ] ::1 /jiaolianyuan/Public/images/guide-background/UI%E8%AE%BE%E8%AE%A1.jpg
INFO: [ app_init ] --START--
INFO: Run Behavior\BuildLiteBehavior [ RunTime:0.000000s ]
INFO: [ app_init ] --END-- [ RunTime:0.000000s ]
ERR: 无法加载模块:Public

[ 2016-09-28T16:18:28+08:00 ] ::1 /jiaolianyuan/Public/images/guide-background/UI%E8%AE%BE%E8%AE%A1.jpg
INFO: [ app_init ] --START--
INFO: Run Behavior\BuildLiteBehavior [ RunTime:0.000000s ]
INFO: [ app_init ] --END-- [ RunTime:0.001000s ]
ERR: 无法加载模块:Public

[ 2016-09-28T16:18:29+08:00 ] ::1 /jiaolianyuan/Public/images/guide-background/UI%E8%AE%BE%E8%AE%A1.jpg
INFO: [ app_init ] --START--
INFO: Run Behavior\BuildLiteBehavior [ RunTime:0.000000s ]
INFO: [ app_init ] --END-- [ RunTime:0.001000s ]
ERR: 无法加载模块:Public

[ 2016-09-28T16:18:30+08:00 ] ::1 /jiaolianyuan/Public/images/guide-background/UI%E8%AE%BE%E8%AE%A1.jpg
INFO: [ app_init ] --START--
INFO: Run Behavior\BuildLiteBehavior [ RunTime:0.000000s ]
INFO: [ app_init ] --END-- [ RunTime:0.001000s ]
ERR: 无法加载模块:Public

[ 2016-09-28T16:18:31+08:00 ] ::1 /jiaolianyuan/Public/images/guide-background/UI%E8%AE%BE%E8%AE%A1.jpg
INFO: [ app_init ] --START--
INFO: Run Behavior\BuildLiteBehavior [ RunTime:0.000000s ]
INFO: [ app_init ] --END-- [ RunTime:0.000000s ]
ERR: 无法加载模块:Public

[ 2016-09-28T16:18:32+08:00 ] ::1 /jiaolianyuan/Public/images/guide-background/UI%E8%AE%BE%E8%AE%A1.jpg
INFO: [ app_init ] --START--
INFO: Run Behavior\BuildLiteBehavior [ RunTime:0.000000s ]
INFO: [ app_init ] --END-- [ RunTime:0.001000s ]
ERR: 无法加载模块:Public

[ 2016-09-28T16:18:33+08:00 ] ::1 /jiaolianyuan/Public/images/guide-background/UI%E8%AE%BE%E8%AE%A1.jpg
INFO: [ app_init ] --START--
INFO: Run Behavior\BuildLiteBehavior [ RunTime:0.000000s ]
INFO: [ app_init ] --END-- [ RunTime:0.000000s ]
ERR: 无法加载模块:Public

[ 2016-09-28T16:18:34+08:00 ] ::1 /jiaolianyuan/Public/images/guide-background/UI%E8%AE%BE%E8%AE%A1.jpg
INFO: [ app_init ] --START--
INFO: Run Behavior\BuildLiteBehavior [ RunTime:0.000000s ]
INFO: [ app_init ] --END-- [ RunTime:0.001001s ]
ERR: 无法加载模块:Public

[ 2016-09-28T16:18:35+08:00 ] ::1 /jiaolianyuan/Public/images/guide-background/UI%E8%AE%BE%E8%AE%A1.jpg
INFO: [ app_init ] --START--
INFO: Run Behavior\BuildLiteBehavior [ RunTime:0.000000s ]
INFO: [ app_init ] --END-- [ RunTime:0.001000s ]
ERR: 无法加载模块:Public

[ 2016-09-28T16:18:39+08:00 ] ::1 /jiaolianyuan/Public/images/guide-background/UI%E8%AE%BE%E8%AE%A1.jpg
INFO: [ app_init ] --START--
INFO: Run Behavior\BuildLiteBehavior [ RunTime:0.001000s ]
INFO: [ app_init ] --END-- [ RunTime:0.001000s ]
ERR: 无法加载模块:Public

[ 2016-09-28T16:19:14+08:00 ] ::1 /jiaolianyuan/Public/images/guide-background/UI%E8%AE%BE%E8%AE%A1.jpg
INFO: [ app_init ] --START--
INFO: Run Behavior\BuildLiteBehavior [ RunTime:0.000000s ]
INFO: [ app_init ] --END-- [ RunTime:0.001000s ]
ERR: 无法加载模块:Public

[ 2016-09-28T16:19:15+08:00 ] ::1 /jiaolianyuan/Public/images/guide-background/UI%E8%AE%BE%E8%AE%A1.jpg
INFO: [ app_init ] --START--
INFO: Run Behavior\BuildLiteBehavior [ RunTime:0.000000s ]
INFO: [ app_init ] --END-- [ RunTime:0.000000s ]
ERR: 无法加载模块:Public

[ 2016-09-28T16:19:19+08:00 ] ::1 /jiaolianyuan/Public/images/guide-background/UI%E8%AE%BE%E8%AE%A1.jpg
INFO: [ app_init ] --START--
INFO: Run Behavior\BuildLiteBehavior [ RunTime:0.000000s ]
INFO: [ app_init ] --END-- [ RunTime:0.001000s ]
ERR: 无法加载模块:Public

[ 2016-09-28T16:19:20+08:00 ] ::1 /jiaolianyuan/Public/images/guide-background/UI%E8%AE%BE%E8%AE%A1.jpg
INFO: [ app_init ] --START--
INFO: Run Behavior\BuildLiteBehavior [ RunTime:0.000000s ]
INFO: [ app_init ] --END-- [ RunTime:0.001000s ]
ERR: 无法加载模块:Public

[ 2016-09-28T16:19:22+08:00 ] ::1 /jiaolianyuan/Public/images/guide-background/UI%E8%AE%BE%E8%AE%A1.jpg
INFO: [ app_init ] --START--
INFO: Run Behavior\BuildLiteBehavior [ RunTime:0.000000s ]
INFO: [ app_init ] --END-- [ RunTime:0.000000s ]
ERR: 无法加载模块:Public

[ 2016-09-28T16:23:34+08:00 ] ::1 /jiaolianyuan/Public/images/guide-background/UI%E8%AE%BE%E8%AE%A1.jpg
INFO: [ app_init ] --START--
INFO: Run Behavior\BuildLiteBehavior [ RunTime:0.000000s ]
INFO: [ app_init ] --END-- [ RunTime:0.000000s ]
ERR: 无法加载模块:Public

[ 2016-09-28T16:23:36+08:00 ] ::1 /jiaolianyuan/Public/images/guide-background/UI%E8%AE%BE%E8%AE%A1.jpg
INFO: [ app_init ] --START--
INFO: Run Behavior\BuildLiteBehavior [ RunTime:0.000000s ]
INFO: [ app_init ] --END-- [ RunTime:0.000000s ]
ERR: 无法加载模块:Public

[ 2016-09-28T16:23:37+08:00 ] ::1 /jiaolianyuan/Public/images/guide-background/UI%E8%AE%BE%E8%AE%A1.jpg
INFO: [ app_init ] --START--
INFO: Run Behavior\BuildLiteBehavior [ RunTime:0.000000s ]
INFO: [ app_init ] --END-- [ RunTime:0.000000s ]
ERR: 无法加载模块:Public

[ 2016-09-28T16:38:38+08:00 ] ::1 /jiaolianyuan/Public/images/guide-background/UI%E8%AE%BE%E8%AE%A1.jpg
INFO: [ app_init ] --START--
INFO: Run Behavior\BuildLiteBehavior [ RunTime:0.000000s ]
INFO: [ app_init ] --END-- [ RunTime:0.001000s ]
ERR: 无法加载模块:Public

[ 2016-09-28T16:39:32+08:00 ] ::1 /jiaolianyuan/Public/images/guide-background/UI%E8%AE%BE%E8%AE%A1.jpg
INFO: [ app_init ] --START--
INFO: Run Behavior\BuildLiteBehavior [ RunTime:0.000000s ]
INFO: [ app_init ] --END-- [ RunTime:0.000000s ]
ERR: 无法加载模块:Public

[ 2016-09-28T16:41:01+08:00 ] ::1 /jiaolianyuan/Public/images/guide-background/UI%E8%AE%BE%E8%AE%A1.jpg
INFO: [ app_init ] --START--
INFO: Run Behavior\BuildLiteBehavior [ RunTime:0.000000s ]
INFO: [ app_init ] --END-- [ RunTime:0.001001s ]
ERR: 无法加载模块:Public

[ 2016-09-28T16:41:05+08:00 ] ::1 /jiaolianyuan/Public/images/guide-background/UI%E8%AE%BE%E8%AE%A1.jpg
INFO: [ app_init ] --START--
INFO: Run Behavior\BuildLiteBehavior [ RunTime:0.001000s ]
INFO: [ app_init ] --END-- [ RunTime:0.001000s ]
ERR: 无法加载模块:Public

[ 2016-09-28T16:42:40+08:00 ] ::1 /jiaolianyuan/Public/images/guide-background/UI%E8%AE%BE%E8%AE%A1.jpg
INFO: [ app_init ] --START--
INFO: Run Behavior\BuildLiteBehavior [ RunTime:0.000000s ]
INFO: [ app_init ] --END-- [ RunTime:0.000000s ]
ERR: 无法加载模块:Public

[ 2016-09-28T16:44:26+08:00 ] ::1 /jiaolianyuan/Public/images/guide-background/UI%E8%AE%BE%E8%AE%A1.jpg
INFO: [ app_init ] --START--
INFO: Run Behavior\BuildLiteBehavior [ RunTime:0.000000s ]
INFO: [ app_init ] --END-- [ RunTime:0.001001s ]
ERR: 无法加载模块:Public

[ 2016-09-28T16:44:28+08:00 ] ::1 /jiaolianyuan/Public/images/guide-background/UI%E8%AE%BE%E8%AE%A1.jpg
INFO: [ app_init ] --START--
INFO: Run Behavior\BuildLiteBehavior [ RunTime:0.000000s ]
INFO: [ app_init ] --END-- [ RunTime:0.000000s ]
ERR: 无法加载模块:Public

[ 2016-09-28T16:48:38+08:00 ] ::1 /jiaolianyuan/Public/images/guide-background/UI%E8%AE%BE%E8%AE%A1.jpg
INFO: [ app_init ] --START--
INFO: Run Behavior\BuildLiteBehavior [ RunTime:0.000000s ]
INFO: [ app_init ] --END-- [ RunTime:0.001000s ]
ERR: 无法加载模块:Public

[ 2016-09-28T16:48:39+08:00 ] ::1 /jiaolianyuan/Public/images/guide-background/UI%E8%AE%BE%E8%AE%A1.jpg
INFO: [ app_init ] --START--
INFO: Run Behavior\BuildLiteBehavior [ RunTime:0.000000s ]
INFO: [ app_init ] --END-- [ RunTime:0.000000s ]
ERR: 无法加载模块:Public

[ 2016-09-28T16:51:30+08:00 ] ::1 /jiaolianyuan/Public/images/guide-background/UI%E8%AE%BE%E8%AE%A1.jpg
INFO: [ app_init ] --START--
INFO: Run Behavior\BuildLiteBehavior [ RunTime:0.000000s ]
INFO: [ app_init ] --END-- [ RunTime:0.000000s ]
ERR: 无法加载模块:Public

[ 2016-09-28T16:53:39+08:00 ] ::1 /jiaolianyuan/Public/images/guide-background/UI%E8%AE%BE%E8%AE%A1.jpg
INFO: [ app_init ] --START--
INFO: Run Behavior\BuildLiteBehavior [ RunTime:0.000000s ]
INFO: [ app_init ] --END-- [ RunTime:0.000000s ]
ERR: 无法加载模块:Public

[ 2016-09-28T16:54:34+08:00 ] ::1 /jiaolianyuan/Public/images/guide-background/UI%E8%AE%BE%E8%AE%A1.jpg
INFO: [ app_init ] --START--
INFO: Run Behavior\BuildLiteBehavior [ RunTime:0.000000s ]
INFO: [ app_init ] --END-- [ RunTime:0.000000s ]
ERR: 无法加载模块:Public

[ 2016-09-28T16:55:35+08:00 ] ::1 /jiaolianyuan/Public/images/guide-background/UI%E8%AE%BE%E8%AE%A1.jpg
INFO: [ app_init ] --START--
INFO: Run Behavior\BuildLiteBehavior [ RunTime:0.000000s ]
INFO: [ app_init ] --END-- [ RunTime:0.000000s ]
ERR: 无法加载模块:Public

[ 2016-09-28T16:55:46+08:00 ] ::1 /jiaolianyuan/Public/images/guide-background/UI%E8%AE%BE%E8%AE%A1.jpg
INFO: [ app_init ] --START--
INFO: Run Behavior\BuildLiteBehavior [ RunTime:0.000000s ]
INFO: [ app_init ] --END-- [ RunTime:0.001000s ]
ERR: 无法加载模块:Public

[ 2016-09-28T16:55:47+08:00 ] ::1 /jiaolianyuan/Public/images/guide-background/UI%E8%AE%BE%E8%AE%A1.jpg
INFO: [ app_init ] --START--
INFO: Run Behavior\BuildLiteBehavior [ RunTime:0.000000s ]
INFO: [ app_init ] --END-- [ RunTime:0.001000s ]
ERR: 无法加载模块:Public

[ 2016-09-28T16:56:20+08:00 ] ::1 /jiaolianyuan/Public/images/guide-background/UI%E8%AE%BE%E8%AE%A1.jpg
INFO: [ app_init ] --START--
INFO: Run Behavior\BuildLiteBehavior [ RunTime:0.000000s ]
INFO: [ app_init ] --END-- [ RunTime:0.000000s ]
ERR: 无法加载模块:Public

[ 2016-09-28T16:56:22+08:00 ] ::1 /jiaolianyuan/Public/images/guide-background/UI%E8%AE%BE%E8%AE%A1.jpg
INFO: [ app_init ] --START--
INFO: Run Behavior\BuildLiteBehavior [ RunTime:0.000000s ]
INFO: [ app_init ] --END-- [ RunTime:0.000000s ]
ERR: 无法加载模块:Public

[ 2016-09-28T16:56:39+08:00 ] ::1 /jiaolianyuan/Public/images/guide-background/UI%E8%AE%BE%E8%AE%A1.jpg
INFO: [ app_init ] --START--
INFO: Run Behavior\BuildLiteBehavior [ RunTime:0.000000s ]
INFO: [ app_init ] --END-- [ RunTime:0.001000s ]
ERR: 无法加载模块:Public

[ 2016-09-28T16:56:43+08:00 ] ::1 /jiaolianyuan/Public/images/guide-background/UI%E8%AE%BE%E8%AE%A1.jpg
INFO: [ app_init ] --START--
INFO: Run Behavior\BuildLiteBehavior [ RunTime:0.000000s ]
INFO: [ app_init ] --END-- [ RunTime:0.000000s ]
ERR: 无法加载模块:Public

[ 2016-09-28T16:56:56+08:00 ] ::1 /jiaolianyuan/Public/images/guide-background/UI%E8%AE%BE%E8%AE%A1.jpg
INFO: [ app_init ] --START--
INFO: Run Behavior\BuildLiteBehavior [ RunTime:0.000000s ]
INFO: [ app_init ] --END-- [ RunTime:0.000000s ]
ERR: 无法加载模块:Public

[ 2016-09-28T17:16:13+08:00 ] ::1 /jiaolianyuan/Public/images/guide-background/UI%E8%AE%BE%E8%AE%A1.jpg
INFO: [ app_init ] --START--
INFO: Run Behavior\BuildLiteBehavior [ RunTime:0.000000s ]
INFO: [ app_init ] --END-- [ RunTime:0.000000s ]
ERR: 无法加载模块:Public

[ 2016-09-28T17:17:14+08:00 ] ::1 /jiaolianyuan/Public/images/guide-background/UI%E8%AE%BE%E8%AE%A1.jpg
INFO: [ app_init ] --START--
INFO: Run Behavior\BuildLiteBehavior [ RunTime:0.000000s ]
INFO: [ app_init ] --END-- [ RunTime:0.000000s ]
ERR: 无法加载模块:Public

[ 2016-09-28T17:23:41+08:00 ] ::1 /jiaolianyuan/Public/js/backtop.js
INFO: [ app_init ] --START--
INFO: Run Behavior\BuildLiteBehavior [ RunTime:0.000000s ]
INFO: [ app_init ] --END-- [ RunTime:0.000000s ]
ERR: 无法加载模块:Public

[ 2016-09-28T17:23:41+08:00 ] ::1 /jiaolianyuan/Public/images/share/%E8%85%BE%E8%AE%AF%E5%BE%AE%E5%8D%9A1.png
INFO: [ app_init ] --START--
INFO: Run Behavior\BuildLiteBehavior [ RunTime:0.000000s ]
INFO: [ app_init ] --END-- [ RunTime:0.000000s ]
ERR: 无法加载模块:Public

[ 2016-09-28T17:23:41+08:00 ] ::1 /jiaolianyuan/Public/images/share/%E7%A9%BA%E9%97%B41.png
INFO: [ app_init ] --START--
INFO: Run Behavior\BuildLiteBehavior [ RunTime:0.000000s ]
INFO: [ app_init ] --END-- [ RunTime:0.000000s ]
ERR: 无法加载模块:Public

[ 2016-09-28T17:23:41+08:00 ] ::1 /jiaolianyuan/Public/images/share/%E5%BE%AE%E5%8D%9A1.png
INFO: [ app_init ] --START--
INFO: Run Behavior\BuildLiteBehavior [ RunTime:0.000000s ]
INFO: [ app_init ] --END-- [ RunTime:0.000000s ]
ERR: 无法加载模块:Public

[ 2016-09-28T17:23:41+08:00 ] ::1 /jiaolianyuan/Public/images/share/%E5%BE%AE%E4%BF%A11.png
INFO: [ app_init ] --START--
INFO: Run Behavior\BuildLiteBehavior [ RunTime:0.000000s ]
INFO: [ app_init ] --END-- [ RunTime:0.001000s ]
ERR: 无法加载模块:Public

[ 2016-09-28T17:23:41+08:00 ] ::1 /jiaolianyuan/Public/js/backtop.js
INFO: [ app_init ] --START--
INFO: Run Behavior\BuildLiteBehavior [ RunTime:0.000000s ]
INFO: [ app_init ] --END-- [ RunTime:0.001000s ]
ERR: 无法加载模块:Public

[ 2016-09-28T17:23:41+08:00 ] ::1 /jiaolianyuan/Public/images/guide-background/UI%E8%AE%BE%E8%AE%A1.jpg
INFO: [ app_init ] --START--
INFO: Run Behavior\BuildLiteBehavior [ RunTime:0.000000s ]
INFO: [ app_init ] --END-- [ RunTime:0.001000s ]
ERR: 无法加载模块:Public

[ 2016-09-28T17:25:23+08:00 ] ::1 /jiaolianyuan/Public/images/share/%E5%BE%AE%E4%BF%A11.png
INFO: [ app_init ] --START--
INFO: Run Behavior\BuildLiteBehavior [ RunTime:0.000000s ]
INFO: [ app_init ] --END-- [ RunTime:0.000000s ]
ERR: 无法加载模块:Public

[ 2016-09-28T17:25:23+08:00 ] ::1 /jiaolianyuan/Public/images/share/%E8%85%BE%E8%AE%AF%E5%BE%AE%E5%8D%9A1.png
INFO: [ app_init ] --START--
INFO: Run Behavior\BuildLiteBehavior [ RunTime:0.000000s ]
INFO: [ app_init ] --END-- [ RunTime:0.000000s ]
ERR: 无法加载模块:Public

[ 2016-09-28T17:25:23+08:00 ] ::1 /jiaolianyuan/Public/images/share/%E5%BE%AE%E5%8D%9A1.png
INFO: [ app_init ] --START--
INFO: Run Behavior\BuildLiteBehavior [ RunTime:0.000000s ]
INFO: [ app_init ] --END-- [ RunTime:0.001000s ]
ERR: 无法加载模块:Public

[ 2016-09-28T17:25:23+08:00 ] ::1 /jiaolianyuan/Public/images/share/%E7%A9%BA%E9%97%B41.png
INFO: [ app_init ] --START--
INFO: Run Behavior\BuildLiteBehavior [ RunTime:0.000000s ]
INFO: [ app_init ] --END-- [ RunTime:0.000000s ]
ERR: 无法加载模块:Public

[ 2016-09-28T17:25:23+08:00 ] ::1 /jiaolianyuan/Public/images/share/code.png
INFO: [ app_init ] --START--
INFO: Run Behavior\BuildLiteBehavior [ RunTime:0.000000s ]
INFO: [ app_init ] --END-- [ RunTime:0.000000s ]
ERR: 无法加载模块:Public

[ 2016-09-28T17:25:23+08:00 ] ::1 /jiaolianyuan/Public/images/guide-background/UI%E8%AE%BE%E8%AE%A1.jpg
INFO: [ app_init ] --START--
INFO: Run Behavior\BuildLiteBehavior [ RunTime:0.000000s ]
INFO: [ app_init ] --END-- [ RunTime:0.000000s ]
ERR: 无法加载模块:Public

[ 2016-09-28T17:25:23+08:00 ] ::1 /jiaolianyuan/Public/images/backtop/erwei.png
INFO: [ app_init ] --START--
INFO: Run Behavior\BuildLiteBehavior [ RunTime:0.000000s ]
INFO: [ app_init ] --END-- [ RunTime:0.003000s ]
ERR: 无法加载模块:Public

[ 2016-09-28T17:25:23+08:00 ] ::1 /jiaolianyuan/Public/images/backtop/side-icon02.png
INFO: [ app_init ] --START--
INFO: Run Behavior\BuildLiteBehavior [ RunTime:0.000000s ]
INFO: [ app_init ] --END-- [ RunTime:0.000000s ]
ERR: 无法加载模块:Public

[ 2016-09-28T17:25:23+08:00 ] ::1 /jiaolianyuan/Public/images/backtop/side-icon01.png
INFO: [ app_init ] --START--
INFO: Run Behavior\BuildLiteBehavior [ RunTime:0.000000s ]
INFO: [ app_init ] --END-- [ RunTime:0.000000s ]
ERR: 无法加载模块:Public

[ 2016-09-28T17:25:36+08:00 ] ::1 /jiaolianyuan/Public/images/share/%E5%BE%AE%E4%BF%A12.png
INFO: [ app_init ] --START--
INFO: Run Behavior\BuildLiteBehavior [ RunTime:0.000000s ]
INFO: [ app_init ] --END-- [ RunTime:0.001000s ]
ERR: 无法加载模块:Public

[ 2016-09-28T17:25:36+08:00 ] ::1 /jiaolianyuan/Public/images/share/%E5%BE%AE%E4%BF%A11.png
INFO: [ app_init ] --START--
INFO: Run Behavior\BuildLiteBehavior [ RunTime:0.000000s ]
INFO: [ app_init ] --END-- [ RunTime:0.001001s ]
ERR: 无法加载模块:Public

[ 2016-09-28T17:25:37+08:00 ] ::1 /jiaolianyuan/Public/images/share/%E5%BE%AE%E5%8D%9A2.png
INFO: [ app_init ] --START--
INFO: Run Behavior\BuildLiteBehavior [ RunTime:0.000000s ]
INFO: [ app_init ] --END-- [ RunTime:0.000000s ]
ERR: 无法加载模块:Public

[ 2016-09-28T17:25:37+08:00 ] ::1 /jiaolianyuan/Public/images/share/%E5%BE%AE%E5%8D%9A1.png
INFO: [ app_init ] --START--
INFO: Run Behavior\BuildLiteBehavior [ RunTime:0.000000s ]
INFO: [ app_init ] --END-- [ RunTime:0.001000s ]
ERR: 无法加载模块:Public

[ 2016-09-28T17:25:37+08:00 ] ::1 /jiaolianyuan/Public/images/share/%E5%BE%AE%E4%BF%A12.png
INFO: [ app_init ] --START--
INFO: Run Behavior\BuildLiteBehavior [ RunTime:0.000000s ]
INFO: [ app_init ] --END-- [ RunTime:0.000000s ]
ERR: 无法加载模块:Public

[ 2016-09-28T17:25:37+08:00 ] ::1 /jiaolianyuan/Public/images/share/%E5%BE%AE%E4%BF%A11.png
INFO: [ app_init ] --START--
INFO: Run Behavior\BuildLiteBehavior [ RunTime:0.000000s ]
INFO: [ app_init ] --END-- [ RunTime:0.001000s ]
ERR: 无法加载模块:Public

[ 2016-09-28T17:25:37+08:00 ] ::1 /jiaolianyuan/Public/images/share/%E8%85%BE%E8%AE%AF%E5%BE%AE%E5%8D%9A2.png
INFO: [ app_init ] --START--
INFO: Run Behavior\BuildLiteBehavior [ RunTime:0.000000s ]
INFO: [ app_init ] --END-- [ RunTime:0.000000s ]
ERR: 无法加载模块:Public

[ 2016-09-28T17:25:37+08:00 ] ::1 /jiaolianyuan/Public/images/share/%E8%85%BE%E8%AE%AF%E5%BE%AE%E5%8D%9A1.png
INFO: [ app_init ] --START--
INFO: Run Behavior\BuildLiteBehavior [ RunTime:0.000000s ]
INFO: [ app_init ] --END-- [ RunTime:0.000000s ]
ERR: 无法加载模块:Public

[ 2016-09-28T17:25:37+08:00 ] ::1 /jiaolianyuan/Public/images/share/%E7%A9%BA%E9%97%B42.png
INFO: [ app_init ] --START--
INFO: Run Behavior\BuildLiteBehavior [ RunTime:0.000000s ]
INFO: [ app_init ] --END-- [ RunTime:0.001000s ]
ERR: 无法加载模块:Public

[ 2016-09-28T17:25:37+08:00 ] ::1 /jiaolianyuan/Public/images/share/%E7%A9%BA%E9%97%B41.png
INFO: [ app_init ] --START--
INFO: Run Behavior\BuildLiteBehavior [ RunTime:0.000000s ]
INFO: [ app_init ] --END-- [ RunTime:0.000000s ]
ERR: 无法加载模块:Public

[ 2016-09-28T17:26:08+08:00 ] ::1 /jiaolianyuan/Public/images/guide-background/UI%E8%AE%BE%E8%AE%A1.jpg
INFO: [ app_init ] --START--
INFO: Run Behavior\BuildLiteBehavior [ RunTime:0.000000s ]
INFO: [ app_init ] --END-- [ RunTime:0.000000s ]
ERR: 无法加载模块:Public

[ 2016-09-28T17:28:14+08:00 ] ::1 /jiaolianyuan/Public/images/guide-background/UI%E8%AE%BE%E8%AE%A1.jpg
INFO: [ app_init ] --START--
INFO: Run Behavior\BuildLiteBehavior [ RunTime:0.000000s ]
INFO: [ app_init ] --END-- [ RunTime:0.001000s ]
ERR: 无法加载模块:Public

[ 2016-09-28T17:29:13+08:00 ] ::1 /jiaolianyuan/Public/images/guide-background/UI%E8%AE%BE%E8%AE%A1.jpg
INFO: [ app_init ] --START--
INFO: Run Behavior\BuildLiteBehavior [ RunTime:0.000000s ]
INFO: [ app_init ] --END-- [ RunTime:0.000000s ]
ERR: 无法加载模块:Public

[ 2016-09-28T17:29:33+08:00 ] ::1 /jiaolianyuan/Public/images/guide-background/UI%E8%AE%BE%E8%AE%A1.jpg
INFO: [ app_init ] --START--
INFO: Run Behavior\BuildLiteBehavior [ RunTime:0.000000s ]
INFO: [ app_init ] --END-- [ RunTime:0.000000s ]
ERR: 无法加载模块:Public

[ 2016-09-28T17:29:51+08:00 ] ::1 /jiaolianyuan/Public/images/guide-background/UI%E8%AE%BE%E8%AE%A1.jpg
INFO: [ app_init ] --START--
INFO: Run Behavior\BuildLiteBehavior [ RunTime:0.000000s ]
INFO: [ app_init ] --END-- [ RunTime:0.000000s ]
ERR: 无法加载模块:Public

[ 2016-09-28T17:30:02+08:00 ] ::1 /jiaolianyuan/Public/images/guide-background/UI%E8%AE%BE%E8%AE%A1.jpg
INFO: [ app_init ] --START--
INFO: Run Behavior\BuildLiteBehavior [ RunTime:0.000000s ]
INFO: [ app_init ] --END-- [ RunTime:0.000000s ]
ERR: 无法加载模块:Public

[ 2016-09-28T17:40:30+08:00 ] ::1 /jiaolianyuan/Public/__PUBLIC__/images/backtop/erwei.png
INFO: [ app_init ] --START--
INFO: Run Behavior\BuildLiteBehavior [ RunTime:0.000000s ]
INFO: [ app_init ] --END-- [ RunTime:0.001000s ]
ERR: 无法加载模块:Public

[ 2016-09-28T17:40:30+08:00 ] ::1 /jiaolianyuan/Public/__PUBLIC__/images/backtop/side-icon01.png
INFO: [ app_init ] --START--
INFO: Run Behavior\BuildLiteBehavior [ RunTime:0.000000s ]
INFO: [ app_init ] --END-- [ RunTime:0.000000s ]
ERR: 无法加载模块:Public

[ 2016-09-28T17:40:30+08:00 ] ::1 /jiaolianyuan/Public/__PUBLIC__/images/backtop/side-icon02.png
INFO: [ app_init ] --START--
INFO: Run Behavior\BuildLiteBehavior [ RunTime:0.000000s ]
INFO: [ app_init ] --END-- [ RunTime:0.000000s ]
ERR: 无法加载模块:Public

[ 2016-09-28T17:40:30+08:00 ] ::1 /jiaolianyuan/Public/images/guide-background/UI%E8%AE%BE%E8%AE%A1.jpg
INFO: [ app_init ] --START--
INFO: Run Behavior\BuildLiteBehavior [ RunTime:0.000000s ]
INFO: [ app_init ] --END-- [ RunTime:0.001000s ]
ERR: 无法加载模块:Public

[ 2016-09-28T17:40:30+08:00 ] ::1 /jiaolianyuan/Public/__PUBLIC__/images/share/code.png
INFO: [ app_init ] --START--
INFO: Run Behavior\BuildLiteBehavior [ RunTime:0.000000s ]
INFO: [ app_init ] --END-- [ RunTime:0.001001s ]
ERR: 无法加载模块:Public

[ 2016-09-28T17:41:41+08:00 ] ::1 /jiaolianyuan/Public/__PUBLIC__/images/backtop/erwei.png
INFO: [ app_init ] --START--
INFO: Run Behavior\BuildLiteBehavior [ RunTime:0.000000s ]
INFO: [ app_init ] --END-- [ RunTime:0.000000s ]
ERR: 无法加载模块:Public

[ 2016-09-28T17:41:41+08:00 ] ::1 /jiaolianyuan/Public/images/guide-background/UI%E8%AE%BE%E8%AE%A1.jpg
INFO: [ app_init ] --START--
INFO: Run Behavior\BuildLiteBehavior [ RunTime:0.000000s ]
INFO: [ app_init ] --END-- [ RunTime:0.001000s ]
ERR: 无法加载模块:Public

[ 2016-09-28T17:41:41+08:00 ] ::1 /jiaolianyuan/Public/__PUBLIC__/images/backtop/side-icon01.png
INFO: [ app_init ] --START--
INFO: Run Behavior\BuildLiteBehavior [ RunTime:0.000000s ]
INFO: [ app_init ] --END-- [ RunTime:0.001000s ]
ERR: 无法加载模块:Public

[ 2016-09-28T17:41:41+08:00 ] ::1 /jiaolianyuan/Public/__PUBLIC__/images/share/code.png
INFO: [ app_init ] --START--
INFO: Run Behavior\BuildLiteBehavior [ RunTime:0.000000s ]
INFO: [ app_init ] --END-- [ RunTime:0.001000s ]
ERR: 无法加载模块:Public

[ 2016-09-28T17:41:41+08:00 ] ::1 /jiaolianyuan/Public/__PUBLIC__/images/backtop/side-icon02.png
INFO: [ app_init ] --START--
INFO: Run Behavior\BuildLiteBehavior [ RunTime:0.000000s ]
INFO: [ app_init ] --END-- [ RunTime:0.000000s ]
ERR: 无法加载模块:Public

[ 2016-09-28T17:42:06+08:00 ] ::1 /jiaolianyuan/Public/images/guide-background/UI%E8%AE%BE%E8%AE%A1.jpg
INFO: [ app_init ] --START--
INFO: Run Behavior\BuildLiteBehavior [ RunTime:0.000000s ]
INFO: [ app_init ] --END-- [ RunTime:0.001001s ]
ERR: 无法加载模块:Public

[ 2016-09-28T17:42:06+08:00 ] ::1 /jiaolianyuan/Public/__PUBLIC__/images/share/code.png
INFO: [ app_init ] --START--
INFO: Run Behavior\BuildLiteBehavior [ RunTime:0.000000s ]
INFO: [ app_init ] --END-- [ RunTime:0.001000s ]
ERR: 无法加载模块:Public

[ 2016-09-28T17:42:06+08:00 ] ::1 /jiaolianyuan/Public/__PUBLIC__/images/backtop/erwei.png
INFO: [ app_init ] --START--
INFO: Run Behavior\BuildLiteBehavior [ RunTime:0.000000s ]
INFO: [ app_init ] --END-- [ RunTime:0.000000s ]
ERR: 无法加载模块:Public

[ 2016-09-28T17:42:06+08:00 ] ::1 /jiaolianyuan/Public/__PUBLIC__/images/backtop/side-icon01.png
INFO: [ app_init ] --START--
INFO: Run Behavior\BuildLiteBehavior [ RunTime:0.000000s ]
INFO: [ app_init ] --END-- [ RunTime:0.001000s ]
ERR: 无法加载模块:Public

[ 2016-09-28T17:42:06+08:00 ] ::1 /jiaolianyuan/Public/__PUBLIC__/images/backtop/side-icon02.png
INFO: [ app_init ] --START--
INFO: Run Behavior\BuildLiteBehavior [ RunTime:0.000000s ]
INFO: [ app_init ] --END-- [ RunTime:0.001000s ]
ERR: 无法加载模块:Public

[ 2016-09-28T17:43:16+08:00 ] ::1 /jiaolianyuan/Public/__PUBLIC__/images/backtop/erwei.png
INFO: [ app_init ] --START--
INFO: Run Behavior\BuildLiteBehavior [ RunTime:0.000000s ]
INFO: [ app_init ] --END-- [ RunTime:0.000000s ]
ERR: 无法加载模块:Public

[ 2016-09-28T17:43:16+08:00 ] ::1 /jiaolianyuan/Public/__PUBLIC__/images/backtop/side-icon01.png
INFO: [ app_init ] --START--
INFO: Run Behavior\BuildLiteBehavior [ RunTime:0.000000s ]
INFO: [ app_init ] --END-- [ RunTime:0.000000s ]
ERR: 无法加载模块:Public

[ 2016-09-28T17:43:16+08:00 ] ::1 /jiaolianyuan/Public/__PUBLIC__/images/backtop/side-icon02.png
INFO: [ app_init ] --START--
INFO: Run Behavior\BuildLiteBehavior [ RunTime:0.000000s ]
INFO: [ app_init ] --END-- [ RunTime:0.000000s ]
ERR: 无法加载模块:Public

[ 2016-09-28T17:43:16+08:00 ] ::1 /jiaolianyuan/Public/images/guide-background/UI%E8%AE%BE%E8%AE%A1.jpg
INFO: [ app_init ] --START--
INFO: Run Behavior\BuildLiteBehavior [ RunTime:0.000000s ]
INFO: [ app_init ] --END-- [ RunTime:0.000000s ]
ERR: 无法加载模块:Public

[ 2016-09-28T17:43:16+08:00 ] ::1 /jiaolianyuan/Public/__PUBLIC__/images/share/code.png
INFO: [ app_init ] --START--
INFO: Run Behavior\BuildLiteBehavior [ RunTime:0.000000s ]
INFO: [ app_init ] --END-- [ RunTime:0.000000s ]
ERR: 无法加载模块:Public

[ 2016-09-28T17:44:09+08:00 ] ::1 /jiaolianyuan/Public/__PUBLIC__/images/backtop/side-icon01.png
INFO: [ app_init ] --START--
INFO: Run Behavior\BuildLiteBehavior [ RunTime:0.000000s ]
INFO: [ app_init ] --END-- [ RunTime:0.000000s ]
ERR: 无法加载模块:Public

[ 2016-09-28T17:45:23+08:00 ] ::1 /jiaolianyuan/Public/images/guide-background/UI%E8%AE%BE%E8%AE%A1.jpg
INFO: [ app_init ] --START--
INFO: Run Behavior\BuildLiteBehavior [ RunTime:0.000000s ]
INFO: [ app_init ] --END-- [ RunTime:0.001000s ]
ERR: 无法加载模块:Public

[ 2016-09-28T20:33:46+08:00 ] ::1 /jiaolianyuan/Public/images/guide-background/UI%E8%AE%BE%E8%AE%A1.jpg
INFO: [ app_init ] --START--
INFO: Run Behavior\BuildLiteBehavior [ RunTime:0.000000s ]
INFO: [ app_init ] --END-- [ RunTime:0.001000s ]
ERR: 无法加载模块:Public

[ 2016-09-28T20:42:32+08:00 ] ::1 /jiaolianyuan/Public/images/guide-background/UI%E8%AE%BE%E8%AE%A1.jpg
INFO: [ app_init ] --START--
INFO: Run Behavior\BuildLiteBehavior [ RunTime:0.000000s ]
INFO: [ app_init ] --END-- [ RunTime:0.000000s ]
ERR: 无法加载模块:Public

[ 2016-09-28T20:54:31+08:00 ] ::1 /jiaolianyuan/Public/images/guide-background/UI%E8%AE%BE%E8%AE%A1.jpg
INFO: [ app_init ] --START--
INFO: Run Behavior\BuildLiteBehavior [ RunTime:0.000000s ]
INFO: [ app_init ] --END-- [ RunTime:0.001000s ]
ERR: 无法加载模块:Public

[ 2016-09-28T21:02:27+08:00 ] ::1 /jiaolianyuan/Public/images/guide-background/UI%E8%AE%BE%E8%AE%A1.jpg
INFO: [ app_init ] --START--
INFO: Run Behavior\BuildLiteBehavior [ RunTime:0.000000s ]
INFO: [ app_init ] --END-- [ RunTime:0.001000s ]
ERR: 无法加载模块:Public

[ 2016-09-28T21:39:05+08:00 ] ::1 /jiaolianyuan/Public/images/guide-background/UI%E8%AE%BE%E8%AE%A1.jpg
INFO: [ app_init ] --START--
INFO: Run Behavior\BuildLiteBehavior [ RunTime:0.000000s ]
INFO: [ app_init ] --END-- [ RunTime:0.001000s ]
ERR: 无法加载模块:Public

