[ 2016-09-27T10:30:23+08:00 ] ::1 /jiaolianyuan/Public/images/guide-background/UI%E8%AE%BE%E8%AE%A1.jpg
INFO: [ app_init ] --START--
INFO: Run Behavior\BuildLiteBehavior [ RunTime:0.000000s ]
INFO: [ app_init ] --END-- [ RunTime:0.000000s ]
ERR: 无法加载模块:Public

[ 2016-09-27T11:32:36+08:00 ] ::1 /jiaolianyuan/Public/images/guide-background/UI%E8%AE%BE%E8%AE%A1.jpg
INFO: [ app_init ] --START--
INFO: Run Behavior\BuildLiteBehavior [ RunTime:0.000000s ]
INFO: [ app_init ] --END-- [ RunTime:0.000000s ]
ERR: 无法加载模块:Public

[ 2016-09-27T11:32:48+08:00 ] ::1 /jiaolianyuan/Public/images/guide-background/UI%E8%AE%BE%E8%AE%A1.jpg
INFO: [ app_init ] --START--
INFO: Run Behavior\BuildLiteBehavior [ RunTime:0.000000s ]
INFO: [ app_init ] --END-- [ RunTime:0.000000s ]
ERR: 无法加载模块:Public

[ 2016-09-27T11:53:41+08:00 ] ::1 /jiaolianyuan/Public/images/guide-background/UI%E8%AE%BE%E8%AE%A1.jpg
INFO: [ app_init ] --START--
INFO: Run Behavior\BuildLiteBehavior [ RunTime:0.000000s ]
INFO: [ app_init ] --END-- [ RunTime:0.001000s ]
ERR: 无法加载模块:Public

[ 2016-09-27T11:54:49+08:00 ] ::1 /jiaolianyuan/Public/images/guide-background/UI%E8%AE%BE%E8%AE%A1.jpg
INFO: [ app_init ] --START--
INFO: Run Behavior\BuildLiteBehavior [ RunTime:0.000000s ]
INFO: [ app_init ] --END-- [ RunTime:0.001000s ]
ERR: 无法加载模块:Public

[ 2016-09-27T12:00:08+08:00 ] ::1 /jiaolianyuan/Public/images/guide-background/UI%E8%AE%BE%E8%AE%A1.jpg
INFO: [ app_init ] --START--
INFO: Run Behavior\BuildLiteBehavior [ RunTime:0.000000s ]
INFO: [ app_init ] --END-- [ RunTime:0.001000s ]
ERR: 无法加载模块:Public

[ 2016-09-27T12:02:47+08:00 ] ::1 /jiaolianyuan/Public/images/guide-background/UI%E8%AE%BE%E8%AE%A1.jpg
INFO: [ app_init ] --START--
INFO: Run Behavior\BuildLiteBehavior [ RunTime:0.000000s ]
INFO: [ app_init ] --END-- [ RunTime:0.001000s ]
ERR: 无法加载模块:Public

[ 2016-09-27T12:09:33+08:00 ] ::1 /jiaolianyuan/Public/images/guide-background/UI%E8%AE%BE%E8%AE%A1.jpg
INFO: [ app_init ] --START--
INFO: Run Behavior\BuildLiteBehavior [ RunTime:0.000000s ]
INFO: [ app_init ] --END-- [ RunTime:0.000000s ]
ERR: 无法加载模块:Public

[ 2016-09-27T12:14:45+08:00 ] ::1 /jiaolianyuan/Public/images/guide-background/UI%E8%AE%BE%E8%AE%A1.jpg
INFO: [ app_init ] --START--
INFO: Run Behavior\BuildLiteBehavior [ RunTime:0.000000s ]
INFO: [ app_init ] --END-- [ RunTime:0.001000s ]
ERR: 无法加载模块:Public

[ 2016-09-27T12:16:03+08:00 ] ::1 /jiaolianyuan/Public/images/guide-background/UI%E8%AE%BE%E8%AE%A1.jpg
INFO: [ app_init ] --START--
INFO: Run Behavior\BuildLiteBehavior [ RunTime:0.000000s ]
INFO: [ app_init ] --END-- [ RunTime:0.001000s ]
ERR: 无法加载模块:Public

[ 2016-09-27T12:21:04+08:00 ] ::1 /jiaolianyuan/Public/images/guide-background/UI%E8%AE%BE%E8%AE%A1.jpg
INFO: [ app_init ] --START--
INFO: Run Behavior\BuildLiteBehavior [ RunTime:0.000000s ]
INFO: [ app_init ] --END-- [ RunTime:0.000000s ]
ERR: 无法加载模块:Public

[ 2016-09-27T12:35:49+08:00 ] ::1 /jiaolianyuan/Public/images/guide-background/UI%E8%AE%BE%E8%AE%A1.jpg
INFO: [ app_init ] --START--
INFO: Run Behavior\BuildLiteBehavior [ RunTime:0.000000s ]
INFO: [ app_init ] --END-- [ RunTime:0.001000s ]
ERR: 无法加载模块:Public

[ 2016-09-27T12:36:02+08:00 ] ::1 /jiaolianyuan/Public/images/guide-background/UI%E8%AE%BE%E8%AE%A1.jpg
INFO: [ app_init ] --START--
INFO: Run Behavior\BuildLiteBehavior [ RunTime:0.000000s ]
INFO: [ app_init ] --END-- [ RunTime:0.001000s ]
ERR: 无法加载模块:Public

[ 2016-09-27T19:51:45+08:00 ] ::1 /jiaolianyuan/Public/images/guide-background/UI%E8%AE%BE%E8%AE%A1.jpg
INFO: [ app_init ] --START--
INFO: Run Behavior\BuildLiteBehavior [ RunTime:0.000000s ]
INFO: [ app_init ] --END-- [ RunTime:0.000000s ]
ERR: 无法加载模块:Public

[ 2016-09-27T20:03:17+08:00 ] ::1 /jiaolianyuan/Public/images/guide-background/UI%E8%AE%BE%E8%AE%A1.jpg
INFO: [ app_init ] --START--
INFO: Run Behavior\BuildLiteBehavior [ RunTime:0.000000s ]
INFO: [ app_init ] --END-- [ RunTime:0.000000s ]
ERR: 无法加载模块:Public

[ 2016-09-27T20:07:07+08:00 ] ::1 /jiaolianyuan/Public/images/guide-background/UI%E8%AE%BE%E8%AE%A1.jpg
INFO: [ app_init ] --START--
INFO: Run Behavior\BuildLiteBehavior [ RunTime:0.000000s ]
INFO: [ app_init ] --END-- [ RunTime:0.000000s ]
ERR: 无法加载模块:Public

[ 2016-09-27T20:07:11+08:00 ] ::1 /jiaolianyuan/Public/images/guide-background/UI%E8%AE%BE%E8%AE%A1.jpg
INFO: [ app_init ] --START--
INFO: Run Behavior\BuildLiteBehavior [ RunTime:0.000000s ]
INFO: [ app_init ] --END-- [ RunTime:0.000000s ]
ERR: 无法加载模块:Public

