[ 2016-09-26T17:01:18+08:00 ] ::1 /jiaolianyuan/Public/images/guide-background/%E5%9F%BA%E7%A1%80%E7%8F%AD.jpg
INFO: [ app_init ] --START--
INFO: Run Behavior\BuildLiteBehavior [ RunTime:0.000000s ]
INFO: [ app_init ] --END-- [ RunTime:0.001000s ]
ERR: 无法加载模块:Public

[ 2016-09-26T17:01:18+08:00 ] ::1 /jiaolianyuan/Public/images/guide-background/%E9%AB%98%E7%BA%A7%E7%8F%AD.jpg
INFO: [ app_init ] --START--
INFO: Run Behavior\BuildLiteBehavior [ RunTime:0.000000s ]
INFO: [ app_init ] --END-- [ RunTime:0.001000s ]
ERR: 无法加载模块:Public

[ 2016-09-26T17:01:18+08:00 ] ::1 /jiaolianyuan/Public/images/guide-background/%E5%B0%B1%E4%B8%9A%E7%8F%AD.jpg
INFO: [ app_init ] --START--
INFO: Run Behavior\BuildLiteBehavior [ RunTime:0.000000s ]
INFO: [ app_init ] --END-- [ RunTime:0.001001s ]
ERR: 无法加载模块:Public

[ 2016-09-26T17:01:25+08:00 ] ::1 /jiaolianyuan/Public/images/guide-background/%E5%9F%BA%E7%A1%80%E7%8F%AD.jpg
INFO: [ app_init ] --START--
INFO: Run Behavior\BuildLiteBehavior [ RunTime:0.000000s ]
INFO: [ app_init ] --END-- [ RunTime:0.000000s ]
ERR: 无法加载模块:Public

[ 2016-09-26T17:01:25+08:00 ] ::1 /jiaolianyuan/Public/images/guide-background/%E8%BF%9B%E9%98%B6%E7%8F%AD.jpg
INFO: [ app_init ] --START--
INFO: Run Behavior\BuildLiteBehavior [ RunTime:0.000000s ]
INFO: [ app_init ] --END-- [ RunTime:0.001000s ]
ERR: 无法加载模块:Public

[ 2016-09-26T17:01:25+08:00 ] ::1 /jiaolianyuan/Public/images/guide-background/%E9%AB%98%E7%BA%A7%E7%8F%AD.jpg
INFO: [ app_init ] --START--
INFO: Run Behavior\BuildLiteBehavior [ RunTime:0.000000s ]
INFO: [ app_init ] --END-- [ RunTime:0.000000s ]
ERR: 无法加载模块:Public

[ 2016-09-26T17:01:25+08:00 ] ::1 /jiaolianyuan/Public/images/guide-background/%E5%B0%B1%E4%B8%9A%E7%8F%AD.jpg
INFO: [ app_init ] --START--
INFO: Run Behavior\BuildLiteBehavior [ RunTime:0.000000s ]
INFO: [ app_init ] --END-- [ RunTime:0.000000s ]
ERR: 无法加载模块:Public

[ 2016-09-26T17:01:38+08:00 ] ::1 /jiaolianyuan/Public/images/guide-background/%E8%BF%9B%E9%98%B6%E7%8F%AD.jpg
INFO: [ app_init ] --START--
INFO: Run Behavior\BuildLiteBehavior [ RunTime:0.000000s ]
INFO: [ app_init ] --END-- [ RunTime:0.001000s ]
ERR: 无法加载模块:Public

[ 2016-09-26T17:01:38+08:00 ] ::1 /jiaolianyuan/Public/images/guide-background/%E5%9F%BA%E7%A1%80%E7%8F%AD.jpg
INFO: [ app_init ] --START--
INFO: Run Behavior\BuildLiteBehavior [ RunTime:0.000000s ]
INFO: [ app_init ] --END-- [ RunTime:0.000000s ]
ERR: 无法加载模块:Public

[ 2016-09-26T17:01:38+08:00 ] ::1 /jiaolianyuan/Public/images/guide-background/%E5%B0%B1%E4%B8%9A%E7%8F%AD.jpg
INFO: [ app_init ] --START--
INFO: Run Behavior\BuildLiteBehavior [ RunTime:0.000000s ]
INFO: [ app_init ] --END-- [ RunTime:0.000000s ]
ERR: 无法加载模块:Public

[ 2016-09-26T17:01:38+08:00 ] ::1 /jiaolianyuan/Public/images/guide-background/%E9%AB%98%E7%BA%A7%E7%8F%AD.jpg
INFO: [ app_init ] --START--
INFO: Run Behavior\BuildLiteBehavior [ RunTime:0.000000s ]
INFO: [ app_init ] --END-- [ RunTime:0.000000s ]
ERR: 无法加载模块:Public

[ 2016-09-26T17:02:54+08:00 ] ::1 /jiaolianyuan/Public/images/guide-background/%E5%9F%BA%E7%A1%80%E7%8F%AD.jpg
INFO: [ app_init ] --START--
INFO: Run Behavior\BuildLiteBehavior [ RunTime:0.000000s ]
INFO: [ app_init ] --END-- [ RunTime:0.001000s ]
ERR: 无法加载模块:Public

[ 2016-09-26T17:02:55+08:00 ] ::1 /jiaolianyuan/Public/images/guide-background/%E5%B0%B1%E4%B8%9A%E7%8F%AD.jpg
INFO: [ app_init ] --START--
INFO: Run Behavior\BuildLiteBehavior [ RunTime:0.000000s ]
INFO: [ app_init ] --END-- [ RunTime:0.000000s ]
ERR: 无法加载模块:Public

[ 2016-09-26T17:02:55+08:00 ] ::1 /jiaolianyuan/Public/images/guide-background/%E8%BF%9B%E9%98%B6%E7%8F%AD.jpg
INFO: [ app_init ] --START--
INFO: Run Behavior\BuildLiteBehavior [ RunTime:0.000000s ]
INFO: [ app_init ] --END-- [ RunTime:0.000000s ]
ERR: 无法加载模块:Public

[ 2016-09-26T17:02:55+08:00 ] ::1 /jiaolianyuan/Public/images/guide-background/%E9%AB%98%E7%BA%A7%E7%8F%AD.jpg
INFO: [ app_init ] --START--
INFO: Run Behavior\BuildLiteBehavior [ RunTime:0.000000s ]
INFO: [ app_init ] --END-- [ RunTime:0.001000s ]
ERR: 无法加载模块:Public

[ 2016-09-26T17:03:19+08:00 ] ::1 /jiaolianyuan/Public/images/guide-background/%E5%9F%BA%E7%A1%80%E7%8F%AD.jpg
INFO: [ app_init ] --START--
INFO: Run Behavior\BuildLiteBehavior [ RunTime:0.000000s ]
INFO: [ app_init ] --END-- [ RunTime:0.001000s ]
ERR: 无法加载模块:Public

[ 2016-09-26T17:03:19+08:00 ] ::1 /jiaolianyuan/Public/images/guide-background/%E5%B0%B1%E4%B8%9A%E7%8F%AD.jpg
INFO: [ app_init ] --START--
INFO: Run Behavior\BuildLiteBehavior [ RunTime:0.000000s ]
INFO: [ app_init ] --END-- [ RunTime:0.001000s ]
ERR: 无法加载模块:Public

[ 2016-09-26T17:03:19+08:00 ] ::1 /jiaolianyuan/Public/images/guide-background/%E9%AB%98%E7%BA%A7%E7%8F%AD.jpg
INFO: [ app_init ] --START--
INFO: Run Behavior\BuildLiteBehavior [ RunTime:0.000000s ]
INFO: [ app_init ] --END-- [ RunTime:0.000000s ]
ERR: 无法加载模块:Public

[ 2016-09-26T17:03:19+08:00 ] ::1 /jiaolianyuan/Public/images/guide-background/%E8%BF%9B%E9%98%B6%E7%8F%AD.jpg
INFO: [ app_init ] --START--
INFO: Run Behavior\BuildLiteBehavior [ RunTime:0.000000s ]
INFO: [ app_init ] --END-- [ RunTime:0.001000s ]
ERR: 无法加载模块:Public

[ 2016-09-26T17:05:37+08:00 ] ::1 /jiaolianyuan/Public/images/guide-background/%E9%AB%98%E7%BA%A7%E7%8F%AD.jpg
INFO: [ app_init ] --START--
INFO: Run Behavior\BuildLiteBehavior [ RunTime:0.000000s ]
INFO: [ app_init ] --END-- [ RunTime:0.001000s ]
ERR: 无法加载模块:Public

[ 2016-09-26T17:05:37+08:00 ] ::1 /jiaolianyuan/Public/images/guide-background/%E5%B0%B1%E4%B8%9A%E7%8F%AD.jpg
INFO: [ app_init ] --START--
INFO: Run Behavior\BuildLiteBehavior [ RunTime:0.000000s ]
INFO: [ app_init ] --END-- [ RunTime:0.000000s ]
ERR: 无法加载模块:Public

[ 2016-09-26T17:05:37+08:00 ] ::1 /jiaolianyuan/Public/images/guide-background/%E8%BF%9B%E9%98%B6%E7%8F%AD.jpg
INFO: [ app_init ] --START--
INFO: Run Behavior\BuildLiteBehavior [ RunTime:0.000000s ]
INFO: [ app_init ] --END-- [ RunTime:0.001000s ]
ERR: 无法加载模块:Public

[ 2016-09-26T17:05:37+08:00 ] ::1 /jiaolianyuan/Public/images/guide-background/%E5%9F%BA%E7%A1%80%E7%8F%AD.jpg
INFO: [ app_init ] --START--
INFO: Run Behavior\BuildLiteBehavior [ RunTime:0.000000s ]
INFO: [ app_init ] --END-- [ RunTime:0.001000s ]
ERR: 无法加载模块:Public

[ 2016-09-26T17:06:24+08:00 ] ::1 /jiaolianyuan/Public/images/guide-background/%E8%BF%9B%E9%98%B6%E7%8F%AD.jpg
INFO: [ app_init ] --START--
INFO: Run Behavior\BuildLiteBehavior [ RunTime:0.000000s ]
INFO: [ app_init ] --END-- [ RunTime:0.001000s ]
ERR: 无法加载模块:Public

[ 2016-09-26T17:06:24+08:00 ] ::1 /jiaolianyuan/Public/images/guide-background/%E9%AB%98%E7%BA%A7%E7%8F%AD.jpg
INFO: [ app_init ] --START--
INFO: Run Behavior\BuildLiteBehavior [ RunTime:0.000000s ]
INFO: [ app_init ] --END-- [ RunTime:0.001000s ]
ERR: 无法加载模块:Public

[ 2016-09-26T17:06:24+08:00 ] ::1 /jiaolianyuan/Public/images/guide-background/%E5%9F%BA%E7%A1%80%E7%8F%AD.jpg
INFO: [ app_init ] --START--
INFO: Run Behavior\BuildLiteBehavior [ RunTime:0.000000s ]
INFO: [ app_init ] --END-- [ RunTime:0.001000s ]
ERR: 无法加载模块:Public

[ 2016-09-26T17:06:24+08:00 ] ::1 /jiaolianyuan/Public/images/guide-background/%E5%B0%B1%E4%B8%9A%E7%8F%AD.jpg
INFO: [ app_init ] --START--
INFO: Run Behavior\BuildLiteBehavior [ RunTime:0.000000s ]
INFO: [ app_init ] --END-- [ RunTime:0.000000s ]
ERR: 无法加载模块:Public

[ 2016-09-26T17:06:44+08:00 ] ::1 /jiaolianyuan/Public/images/guide-background/%E5%9F%BA%E7%A1%80%E7%8F%AD.jpg
INFO: [ app_init ] --START--
INFO: Run Behavior\BuildLiteBehavior [ RunTime:0.000000s ]
INFO: [ app_init ] --END-- [ RunTime:0.000000s ]
ERR: 无法加载模块:Public

[ 2016-09-26T17:06:44+08:00 ] ::1 /jiaolianyuan/Public/images/guide-background/%E9%AB%98%E7%BA%A7%E7%8F%AD.jpg
INFO: [ app_init ] --START--
INFO: Run Behavior\BuildLiteBehavior [ RunTime:0.000000s ]
INFO: [ app_init ] --END-- [ RunTime:0.001000s ]
ERR: 无法加载模块:Public

[ 2016-09-26T17:06:44+08:00 ] ::1 /jiaolianyuan/Public/images/guide-background/%E8%BF%9B%E9%98%B6%E7%8F%AD.jpg
INFO: [ app_init ] --START--
INFO: Run Behavior\BuildLiteBehavior [ RunTime:0.000000s ]
INFO: [ app_init ] --END-- [ RunTime:0.001000s ]
ERR: 无法加载模块:Public

[ 2016-09-26T17:06:44+08:00 ] ::1 /jiaolianyuan/Public/images/guide-background/%E5%B0%B1%E4%B8%9A%E7%8F%AD.jpg
INFO: [ app_init ] --START--
INFO: Run Behavior\BuildLiteBehavior [ RunTime:0.000000s ]
INFO: [ app_init ] --END-- [ RunTime:0.001000s ]
ERR: 无法加载模块:Public

[ 2016-09-26T17:07:39+08:00 ] ::1 /jiaolianyuan/Public/images/guide-background/%E5%9F%BA%E7%A1%80%E7%8F%AD.jpg
INFO: [ app_init ] --START--
INFO: Run Behavior\BuildLiteBehavior [ RunTime:0.000000s ]
INFO: [ app_init ] --END-- [ RunTime:0.000000s ]
ERR: 无法加载模块:Public

[ 2016-09-26T17:07:39+08:00 ] ::1 /jiaolianyuan/Public/images/guide-background/%E9%AB%98%E7%BA%A7%E7%8F%AD.jpg
INFO: [ app_init ] --START--
INFO: Run Behavior\BuildLiteBehavior [ RunTime:0.000000s ]
INFO: [ app_init ] --END-- [ RunTime:0.000000s ]
ERR: 无法加载模块:Public

[ 2016-09-26T17:07:39+08:00 ] ::1 /jiaolianyuan/Public/images/guide-background/%E8%BF%9B%E9%98%B6%E7%8F%AD.jpg
INFO: [ app_init ] --START--
INFO: Run Behavior\BuildLiteBehavior [ RunTime:0.000000s ]
INFO: [ app_init ] --END-- [ RunTime:0.000000s ]
ERR: 无法加载模块:Public

[ 2016-09-26T17:07:39+08:00 ] ::1 /jiaolianyuan/Public/images/guide-background/%E5%B0%B1%E4%B8%9A%E7%8F%AD.jpg
INFO: [ app_init ] --START--
INFO: Run Behavior\BuildLiteBehavior [ RunTime:0.000000s ]
INFO: [ app_init ] --END-- [ RunTime:0.000000s ]
ERR: 无法加载模块:Public

[ 2016-09-26T17:08:12+08:00 ] ::1 /jiaolianyuan/Public/images/guide-background/%E5%9F%BA%E7%A1%80%E7%8F%AD.jpg
INFO: [ app_init ] --START--
INFO: Run Behavior\BuildLiteBehavior [ RunTime:0.000000s ]
INFO: [ app_init ] --END-- [ RunTime:0.000000s ]
ERR: 无法加载模块:Public

[ 2016-09-26T17:08:12+08:00 ] ::1 /jiaolianyuan/Public/images/guide-background/%E8%BF%9B%E9%98%B6%E7%8F%AD.jpg
INFO: [ app_init ] --START--
INFO: Run Behavior\BuildLiteBehavior [ RunTime:0.000000s ]
INFO: [ app_init ] --END-- [ RunTime:0.001000s ]
ERR: 无法加载模块:Public

[ 2016-09-26T17:08:12+08:00 ] ::1 /jiaolianyuan/Public/images/guide-background/%E9%AB%98%E7%BA%A7%E7%8F%AD.jpg
INFO: [ app_init ] --START--
INFO: Run Behavior\BuildLiteBehavior [ RunTime:0.000000s ]
INFO: [ app_init ] --END-- [ RunTime:0.000000s ]
ERR: 无法加载模块:Public

[ 2016-09-26T17:08:12+08:00 ] ::1 /jiaolianyuan/Public/images/guide-background/%E5%B0%B1%E4%B8%9A%E7%8F%AD.jpg
INFO: [ app_init ] --START--
INFO: Run Behavior\BuildLiteBehavior [ RunTime:0.000000s ]
INFO: [ app_init ] --END-- [ RunTime:0.000000s ]
ERR: 无法加载模块:Public

[ 2016-09-26T17:09:03+08:00 ] ::1 /jiaolianyuan/Public/images/guide-background/%E5%9F%BA%E7%A1%80%E7%8F%AD.jpg
INFO: [ app_init ] --START--
INFO: Run Behavior\BuildLiteBehavior [ RunTime:0.000000s ]
INFO: [ app_init ] --END-- [ RunTime:0.001000s ]
ERR: 无法加载模块:Public

[ 2016-09-26T17:09:03+08:00 ] ::1 /jiaolianyuan/Public/images/guide-background/%E8%BF%9B%E9%98%B6%E7%8F%AD.jpg
INFO: [ app_init ] --START--
INFO: Run Behavior\BuildLiteBehavior [ RunTime:0.000000s ]
INFO: [ app_init ] --END-- [ RunTime:0.001000s ]
ERR: 无法加载模块:Public

[ 2016-09-26T17:09:03+08:00 ] ::1 /jiaolianyuan/Public/images/guide-background/%E9%AB%98%E7%BA%A7%E7%8F%AD.jpg
INFO: [ app_init ] --START--
INFO: Run Behavior\BuildLiteBehavior [ RunTime:0.000000s ]
INFO: [ app_init ] --END-- [ RunTime:0.001000s ]
ERR: 无法加载模块:Public

[ 2016-09-26T17:09:03+08:00 ] ::1 /jiaolianyuan/Public/images/guide-background/%E5%B0%B1%E4%B8%9A%E7%8F%AD.jpg
INFO: [ app_init ] --START--
INFO: Run Behavior\BuildLiteBehavior [ RunTime:0.000000s ]
INFO: [ app_init ] --END-- [ RunTime:0.000000s ]
ERR: 无法加载模块:Public

[ 2016-09-26T17:16:23+08:00 ] ::1 /jiaolianyuan/Public/images/guide-background/%E5%9F%BA%E7%A1%80%E7%8F%AD.jpg
INFO: [ app_init ] --START--
INFO: Run Behavior\BuildLiteBehavior [ RunTime:0.000000s ]
INFO: [ app_init ] --END-- [ RunTime:0.000000s ]
ERR: 无法加载模块:Public

[ 2016-09-26T17:16:23+08:00 ] ::1 /jiaolianyuan/Public/images/guide-background/%E8%BF%9B%E9%98%B6%E7%8F%AD.jpg
INFO: [ app_init ] --START--
INFO: Run Behavior\BuildLiteBehavior [ RunTime:0.000000s ]
INFO: [ app_init ] --END-- [ RunTime:0.000000s ]
ERR: 无法加载模块:Public

[ 2016-09-26T17:16:23+08:00 ] ::1 /jiaolianyuan/Public/images/guide-background/%E5%B0%B1%E4%B8%9A%E7%8F%AD.jpg
INFO: [ app_init ] --START--
INFO: Run Behavior\BuildLiteBehavior [ RunTime:0.000000s ]
INFO: [ app_init ] --END-- [ RunTime:0.000000s ]
ERR: 无法加载模块:Public

[ 2016-09-26T17:16:23+08:00 ] ::1 /jiaolianyuan/Public/images/guide-background/%E9%AB%98%E7%BA%A7%E7%8F%AD.jpg
INFO: [ app_init ] --START--
INFO: Run Behavior\BuildLiteBehavior [ RunTime:0.000000s ]
INFO: [ app_init ] --END-- [ RunTime:0.001000s ]
ERR: 无法加载模块:Public

[ 2016-09-26T17:16:23+08:00 ] ::1 /jiaolianyuan/Public/images/guide-background/%E5%85%A5%E9%97%A8%E7%8F%AD.jpg
INFO: [ app_init ] --START--
INFO: Run Behavior\BuildLiteBehavior [ RunTime:0.000000s ]
INFO: [ app_init ] --END-- [ RunTime:0.000000s ]
ERR: 无法加载模块:Public

[ 2016-09-26T21:16:20+08:00 ] ::1 /jiaolianyuan/Public/images/guide-background/%E5%9F%BA%E7%A1%80%E7%8F%AD.jpg
INFO: [ app_init ] --START--
INFO: Run Behavior\BuildLiteBehavior [ RunTime:0.000000s ]
INFO: [ app_init ] --END-- [ RunTime:0.001001s ]
ERR: 无法加载模块:Public

[ 2016-09-26T21:16:20+08:00 ] ::1 /jiaolianyuan/Public/images/guide-background/%E8%BF%9B%E9%98%B6%E7%8F%AD.jpg
INFO: [ app_init ] --START--
INFO: Run Behavior\BuildLiteBehavior [ RunTime:0.000000s ]
INFO: [ app_init ] --END-- [ RunTime:0.000000s ]
ERR: 无法加载模块:Public

[ 2016-09-26T21:16:20+08:00 ] ::1 /jiaolianyuan/Public/images/guide-background/%E9%AB%98%E7%BA%A7%E7%8F%AD.jpg
INFO: [ app_init ] --START--
INFO: Run Behavior\BuildLiteBehavior [ RunTime:0.000000s ]
INFO: [ app_init ] --END-- [ RunTime:0.000000s ]
ERR: 无法加载模块:Public

[ 2016-09-26T21:16:20+08:00 ] ::1 /jiaolianyuan/Public/images/guide-background/%E5%B0%B1%E4%B8%9A%E7%8F%AD.jpg
INFO: [ app_init ] --START--
INFO: Run Behavior\BuildLiteBehavior [ RunTime:0.000000s ]
INFO: [ app_init ] --END-- [ RunTime:0.000000s ]
ERR: 无法加载模块:Public

[ 2016-09-26T21:16:20+08:00 ] ::1 /jiaolianyuan/Public/images/guide-background/%E5%85%A5%E9%97%A8%E7%8F%AD.jpg
INFO: [ app_init ] --START--
INFO: Run Behavior\BuildLiteBehavior [ RunTime:0.000000s ]
INFO: [ app_init ] --END-- [ RunTime:0.000000s ]
ERR: 无法加载模块:Public

[ 2016-09-26T21:35:23+08:00 ] ::1 /jiaolianyuan/Public/images/guide-background/%E5%9F%BA%E7%A1%80%E7%8F%AD.jpg
INFO: [ app_init ] --START--
INFO: Run Behavior\BuildLiteBehavior [ RunTime:0.000000s ]
INFO: [ app_init ] --END-- [ RunTime:0.000000s ]
ERR: 无法加载模块:Public

[ 2016-09-26T21:35:23+08:00 ] ::1 /jiaolianyuan/Public/images/guide-background/%E5%B0%B1%E4%B8%9A%E7%8F%AD.jpg
INFO: [ app_init ] --START--
INFO: Run Behavior\BuildLiteBehavior [ RunTime:0.001000s ]
INFO: [ app_init ] --END-- [ RunTime:0.001000s ]
ERR: 无法加载模块:Public

[ 2016-09-26T21:35:23+08:00 ] ::1 /jiaolianyuan/Public/images/guide-background/%E9%AB%98%E7%BA%A7%E7%8F%AD.jpg
INFO: [ app_init ] --START--
INFO: Run Behavior\BuildLiteBehavior [ RunTime:0.000000s ]
INFO: [ app_init ] --END-- [ RunTime:0.000000s ]
ERR: 无法加载模块:Public

[ 2016-09-26T21:35:23+08:00 ] ::1 /jiaolianyuan/Public/images/guide-background/%E8%BF%9B%E9%98%B6%E7%8F%AD.jpg
INFO: [ app_init ] --START--
INFO: Run Behavior\BuildLiteBehavior [ RunTime:0.000000s ]
INFO: [ app_init ] --END-- [ RunTime:0.001000s ]
ERR: 无法加载模块:Public

[ 2016-09-26T21:35:23+08:00 ] ::1 /jiaolianyuan/Public/images/guide-background/%E5%85%A5%E9%97%A8%E7%8F%AD.jpg
INFO: [ app_init ] --START--
INFO: Run Behavior\BuildLiteBehavior [ RunTime:0.000000s ]
INFO: [ app_init ] --END-- [ RunTime:0.000000s ]
ERR: 无法加载模块:Public

[ 2016-09-26T21:36:37+08:00 ] ::1 /jiaolianyuan/Public/images/student-center-img/pass_normal.png
INFO: [ app_init ] --START--
INFO: Run Behavior\BuildLiteBehavior [ RunTime:0.000000s ]
INFO: [ app_init ] --END-- [ RunTime:0.000000s ]
ERR: 无法加载模块:Public

[ 2016-09-26T21:36:41+08:00 ] ::1 /jiaolianyuan/Public/images/student-center-img/pass_normal.png
INFO: [ app_init ] --START--
INFO: Run Behavior\BuildLiteBehavior [ RunTime:0.000000s ]
INFO: [ app_init ] --END-- [ RunTime:0.001000s ]
ERR: 无法加载模块:Public

[ 2016-09-26T21:37:21+08:00 ] ::1 /jiaolianyuan/Public/images/guide-background/%E8%BF%9B%E9%98%B6%E7%8F%AD.jpg
INFO: [ app_init ] --START--
INFO: Run Behavior\BuildLiteBehavior [ RunTime:0.000000s ]
INFO: [ app_init ] --END-- [ RunTime:0.000000s ]
ERR: 无法加载模块:Public

[ 2016-09-26T21:37:21+08:00 ] ::1 /jiaolianyuan/Public/images/guide-background/%E5%9F%BA%E7%A1%80%E7%8F%AD.jpg
INFO: [ app_init ] --START--
INFO: Run Behavior\BuildLiteBehavior [ RunTime:0.000000s ]
INFO: [ app_init ] --END-- [ RunTime:0.000000s ]
ERR: 无法加载模块:Public

[ 2016-09-26T21:37:21+08:00 ] ::1 /jiaolianyuan/Public/images/guide-background/%E5%85%A5%E9%97%A8%E7%8F%AD.jpg
INFO: [ app_init ] --START--
INFO: Run Behavior\BuildLiteBehavior [ RunTime:0.000000s ]
INFO: [ app_init ] --END-- [ RunTime:0.001000s ]
ERR: 无法加载模块:Public

[ 2016-09-26T21:37:21+08:00 ] ::1 /jiaolianyuan/Public/images/guide-background/%E5%B0%B1%E4%B8%9A%E7%8F%AD.jpg
INFO: [ app_init ] --START--
INFO: Run Behavior\BuildLiteBehavior [ RunTime:0.000000s ]
INFO: [ app_init ] --END-- [ RunTime:0.000000s ]
ERR: 无法加载模块:Public

[ 2016-09-26T21:37:21+08:00 ] ::1 /jiaolianyuan/Public/images/guide-background/%E9%AB%98%E7%BA%A7%E7%8F%AD.jpg
INFO: [ app_init ] --START--
INFO: Run Behavior\BuildLiteBehavior [ RunTime:0.000000s ]
INFO: [ app_init ] --END-- [ RunTime:0.000000s ]
ERR: 无法加载模块:Public

[ 2016-09-26T21:38:32+08:00 ] ::1 /jiaolianyuan/Public/images/student-center-img/pass_normal.png
INFO: [ app_init ] --START--
INFO: Run Behavior\BuildLiteBehavior [ RunTime:0.000000s ]
INFO: [ app_init ] --END-- [ RunTime:0.000000s ]
ERR: 无法加载模块:Public

[ 2016-09-26T21:38:39+08:00 ] ::1 /jiaolianyuan/Public/images/student-center-img/pass_normal.png
INFO: [ app_init ] --START--
INFO: Run Behavior\BuildLiteBehavior [ RunTime:0.000000s ]
INFO: [ app_init ] --END-- [ RunTime:0.000000s ]
ERR: 无法加载模块:Public

[ 2016-09-26T21:39:48+08:00 ] ::1 /jiaolianyuan/Public/images/guide-background/%E5%9F%BA%E7%A1%80%E7%8F%AD.jpg
INFO: [ app_init ] --START--
INFO: Run Behavior\BuildLiteBehavior [ RunTime:0.000000s ]
INFO: [ app_init ] --END-- [ RunTime:0.001001s ]
ERR: 无法加载模块:Public

[ 2016-09-26T21:39:48+08:00 ] ::1 /jiaolianyuan/Public/images/guide-background/%E9%AB%98%E7%BA%A7%E7%8F%AD.jpg
INFO: [ app_init ] --START--
INFO: Run Behavior\BuildLiteBehavior [ RunTime:0.000000s ]
INFO: [ app_init ] --END-- [ RunTime:0.001000s ]
ERR: 无法加载模块:Public

[ 2016-09-26T21:39:48+08:00 ] ::1 /jiaolianyuan/Public/images/guide-background/%E5%B0%B1%E4%B8%9A%E7%8F%AD.jpg
INFO: [ app_init ] --START--
INFO: Run Behavior\BuildLiteBehavior [ RunTime:0.000000s ]
INFO: [ app_init ] --END-- [ RunTime:0.001000s ]
ERR: 无法加载模块:Public

[ 2016-09-26T21:39:48+08:00 ] ::1 /jiaolianyuan/Public/images/guide-background/%E8%BF%9B%E9%98%B6%E7%8F%AD.jpg
INFO: [ app_init ] --START--
INFO: Run Behavior\BuildLiteBehavior [ RunTime:0.000000s ]
INFO: [ app_init ] --END-- [ RunTime:0.001000s ]
ERR: 无法加载模块:Public

[ 2016-09-26T21:39:48+08:00 ] ::1 /jiaolianyuan/Public/images/guide-background/%E5%85%A5%E9%97%A8%E7%8F%AD.jpg
INFO: [ app_init ] --START--
INFO: Run Behavior\BuildLiteBehavior [ RunTime:0.000000s ]
INFO: [ app_init ] --END-- [ RunTime:0.000000s ]
ERR: 无法加载模块:Public

[ 2016-09-26T21:41:51+08:00 ] ::1 /jiaolianyuan/Public/images/student-center-img/pass_normal.png
INFO: [ app_init ] --START--
INFO: Run Behavior\BuildLiteBehavior [ RunTime:0.000000s ]
INFO: [ app_init ] --END-- [ RunTime:0.000000s ]
ERR: 无法加载模块:Public

[ 2016-09-26T21:44:27+08:00 ] ::1 /jiaolianyuan/Public/images/guide-background/%E5%9F%BA%E7%A1%80%E7%8F%AD.jpg
INFO: [ app_init ] --START--
INFO: Run Behavior\BuildLiteBehavior [ RunTime:0.000000s ]
INFO: [ app_init ] --END-- [ RunTime:0.000000s ]
ERR: 无法加载模块:Public

[ 2016-09-26T21:44:27+08:00 ] ::1 /jiaolianyuan/Public/images/guide-background/%E9%AB%98%E7%BA%A7%E7%8F%AD.jpg
INFO: [ app_init ] --START--
INFO: Run Behavior\BuildLiteBehavior [ RunTime:0.000000s ]
INFO: [ app_init ] --END-- [ RunTime:0.001000s ]
ERR: 无法加载模块:Public

[ 2016-09-26T21:44:27+08:00 ] ::1 /jiaolianyuan/Public/images/guide-background/%E8%BF%9B%E9%98%B6%E7%8F%AD.jpg
INFO: [ app_init ] --START--
INFO: Run Behavior\BuildLiteBehavior [ RunTime:0.000000s ]
INFO: [ app_init ] --END-- [ RunTime:0.000000s ]
ERR: 无法加载模块:Public

[ 2016-09-26T21:44:27+08:00 ] ::1 /jiaolianyuan/Public/images/guide-background/%E5%85%A5%E9%97%A8%E7%8F%AD.jpg
INFO: [ app_init ] --START--
INFO: Run Behavior\BuildLiteBehavior [ RunTime:0.000000s ]
INFO: [ app_init ] --END-- [ RunTime:0.001000s ]
ERR: 无法加载模块:Public

[ 2016-09-26T21:44:27+08:00 ] ::1 /jiaolianyuan/Public/images/guide-background/%E5%B0%B1%E4%B8%9A%E7%8F%AD.jpg
INFO: [ app_init ] --START--
INFO: Run Behavior\BuildLiteBehavior [ RunTime:0.000000s ]
INFO: [ app_init ] --END-- [ RunTime:0.000000s ]
ERR: 无法加载模块:Public

[ 2016-09-26T21:45:50+08:00 ] ::1 /jiaolianyuan/Public/images/guide-background/%E8%BF%9B%E9%98%B6%E7%8F%AD.jpg
INFO: [ app_init ] --START--
INFO: Run Behavior\BuildLiteBehavior [ RunTime:0.000000s ]
INFO: [ app_init ] --END-- [ RunTime:0.001000s ]
ERR: 无法加载模块:Public

[ 2016-09-26T21:45:50+08:00 ] ::1 /jiaolianyuan/Public/images/guide-background/%E5%9F%BA%E7%A1%80%E7%8F%AD.jpg
INFO: [ app_init ] --START--
INFO: Run Behavior\BuildLiteBehavior [ RunTime:0.000000s ]
INFO: [ app_init ] --END-- [ RunTime:0.000000s ]
ERR: 无法加载模块:Public

[ 2016-09-26T21:45:50+08:00 ] ::1 /jiaolianyuan/Public/images/guide-background/%E9%AB%98%E7%BA%A7%E7%8F%AD.jpg
INFO: [ app_init ] --START--
INFO: Run Behavior\BuildLiteBehavior [ RunTime:0.000000s ]
INFO: [ app_init ] --END-- [ RunTime:0.001000s ]
ERR: 无法加载模块:Public

[ 2016-09-26T21:45:50+08:00 ] ::1 /jiaolianyuan/Public/images/guide-background/%E5%85%A5%E9%97%A8%E7%8F%AD.jpg
INFO: [ app_init ] --START--
INFO: Run Behavior\BuildLiteBehavior [ RunTime:0.000000s ]
INFO: [ app_init ] --END-- [ RunTime:0.001000s ]
ERR: 无法加载模块:Public

[ 2016-09-26T21:45:50+08:00 ] ::1 /jiaolianyuan/Public/images/guide-background/%E5%B0%B1%E4%B8%9A%E7%8F%AD.jpg
INFO: [ app_init ] --START--
INFO: Run Behavior\BuildLiteBehavior [ RunTime:0.000000s ]
INFO: [ app_init ] --END-- [ RunTime:0.000000s ]
ERR: 无法加载模块:Public

[ 2016-09-26T21:47:21+08:00 ] ::1 /jiaolianyuan/Public/images/guide-background/%E9%AB%98%E7%BA%A7%E7%8F%AD.jpg
INFO: [ app_init ] --START--
INFO: Run Behavior\BuildLiteBehavior [ RunTime:0.000000s ]
INFO: [ app_init ] --END-- [ RunTime:0.000000s ]
ERR: 无法加载模块:Public

[ 2016-09-26T21:47:21+08:00 ] ::1 /jiaolianyuan/Public/images/guide-background/%E5%9F%BA%E7%A1%80%E7%8F%AD.jpg
INFO: [ app_init ] --START--
INFO: Run Behavior\BuildLiteBehavior [ RunTime:0.000000s ]
INFO: [ app_init ] --END-- [ RunTime:0.000000s ]
ERR: 无法加载模块:Public

[ 2016-09-26T21:47:21+08:00 ] ::1 /jiaolianyuan/Public/images/guide-background/%E8%BF%9B%E9%98%B6%E7%8F%AD.jpg
INFO: [ app_init ] --START--
INFO: Run Behavior\BuildLiteBehavior [ RunTime:0.000000s ]
INFO: [ app_init ] --END-- [ RunTime:0.001000s ]
ERR: 无法加载模块:Public

[ 2016-09-26T21:47:21+08:00 ] ::1 /jiaolianyuan/Public/images/guide-background/%E5%85%A5%E9%97%A8%E7%8F%AD.jpg
INFO: [ app_init ] --START--
INFO: Run Behavior\BuildLiteBehavior [ RunTime:0.000000s ]
INFO: [ app_init ] --END-- [ RunTime:0.002000s ]
ERR: 无法加载模块:Public

[ 2016-09-26T21:47:21+08:00 ] ::1 /jiaolianyuan/Public/images/guide-background/%E5%B0%B1%E4%B8%9A%E7%8F%AD.jpg
INFO: [ app_init ] --START--
INFO: Run Behavior\BuildLiteBehavior [ RunTime:0.000000s ]
INFO: [ app_init ] --END-- [ RunTime:0.001000s ]
ERR: 无法加载模块:Public

[ 2016-09-26T22:29:23+08:00 ] ::1 /jiaolianyuan/Public/images/guide-background/%E9%AB%98%E7%BA%A7%E7%8F%AD.jpg
INFO: [ app_init ] --START--
INFO: Run Behavior\BuildLiteBehavior [ RunTime:0.000000s ]
INFO: [ app_init ] --END-- [ RunTime:0.000000s ]
ERR: 无法加载模块:Public

[ 2016-09-26T22:29:23+08:00 ] ::1 /jiaolianyuan/Public/images/guide-background/%E8%BF%9B%E9%98%B6%E7%8F%AD.jpg
INFO: [ app_init ] --START--
INFO: Run Behavior\BuildLiteBehavior [ RunTime:0.000000s ]
INFO: [ app_init ] --END-- [ RunTime:0.000000s ]
ERR: 无法加载模块:Public

[ 2016-09-26T22:29:23+08:00 ] ::1 /jiaolianyuan/Public/images/guide-background/%E5%B0%B1%E4%B8%9A%E7%8F%AD.jpg
INFO: [ app_init ] --START--
INFO: Run Behavior\BuildLiteBehavior [ RunTime:0.000000s ]
INFO: [ app_init ] --END-- [ RunTime:0.000000s ]
ERR: 无法加载模块:Public

[ 2016-09-26T22:29:23+08:00 ] ::1 /jiaolianyuan/Public/images/guide-background/%E5%85%A5%E9%97%A8%E7%8F%AD.jpg
INFO: [ app_init ] --START--
INFO: Run Behavior\BuildLiteBehavior [ RunTime:0.000000s ]
INFO: [ app_init ] --END-- [ RunTime:0.000000s ]
ERR: 无法加载模块:Public

[ 2016-09-26T22:29:23+08:00 ] ::1 /jiaolianyuan/Public/images/guide-background/%E5%9F%BA%E7%A1%80%E7%8F%AD.jpg
INFO: [ app_init ] --START--
INFO: Run Behavior\BuildLiteBehavior [ RunTime:0.000000s ]
INFO: [ app_init ] --END-- [ RunTime:0.000000s ]
ERR: 无法加载模块:Public

[ 2016-09-26T22:40:50+08:00 ] ::1 /jiaolianyuan/Public/images/guide-background/%E5%9F%BA%E7%A1%80%E7%8F%AD.jpg
INFO: [ app_init ] --START--
INFO: Run Behavior\BuildLiteBehavior [ RunTime:0.000000s ]
INFO: [ app_init ] --END-- [ RunTime:0.001000s ]
ERR: 无法加载模块:Public

[ 2016-09-26T22:40:50+08:00 ] ::1 /jiaolianyuan/Public/images/guide-background/%E5%85%A5%E9%97%A8%E7%8F%AD.jpg
INFO: [ app_init ] --START--
INFO: Run Behavior\BuildLiteBehavior [ RunTime:0.000000s ]
INFO: [ app_init ] --END-- [ RunTime:0.001000s ]
ERR: 无法加载模块:Public

[ 2016-09-26T22:40:50+08:00 ] ::1 /jiaolianyuan/Public/images/guide-background/%E5%B0%B1%E4%B8%9A%E7%8F%AD.jpg
INFO: [ app_init ] --START--
INFO: Run Behavior\BuildLiteBehavior [ RunTime:0.000000s ]
INFO: [ app_init ] --END-- [ RunTime:0.000000s ]
ERR: 无法加载模块:Public

[ 2016-09-26T22:40:50+08:00 ] ::1 /jiaolianyuan/Public/images/guide-background/%E8%BF%9B%E9%98%B6%E7%8F%AD.jpg
INFO: [ app_init ] --START--
INFO: Run Behavior\BuildLiteBehavior [ RunTime:0.000000s ]
INFO: [ app_init ] --END-- [ RunTime:0.000000s ]
ERR: 无法加载模块:Public

[ 2016-09-26T22:42:34+08:00 ] ::1 /jiaolianyuan/Public/images/guide-background/%E5%9F%BA%E7%A1%80%E7%8F%AD.jpg
INFO: [ app_init ] --START--
INFO: Run Behavior\BuildLiteBehavior [ RunTime:0.000000s ]
INFO: [ app_init ] --END-- [ RunTime:0.001001s ]
ERR: 无法加载模块:Public

[ 2016-09-26T22:42:34+08:00 ] ::1 /jiaolianyuan/Public/images/guide-background/%E8%BF%9B%E9%98%B6%E7%8F%AD.jpg
INFO: [ app_init ] --START--
INFO: Run Behavior\BuildLiteBehavior [ RunTime:0.000000s ]
INFO: [ app_init ] --END-- [ RunTime:0.000000s ]
ERR: 无法加载模块:Public

[ 2016-09-26T22:42:34+08:00 ] ::1 /jiaolianyuan/Public/images/guide-background/%E5%B0%B1%E4%B8%9A%E7%8F%AD.jpg
INFO: [ app_init ] --START--
INFO: Run Behavior\BuildLiteBehavior [ RunTime:0.000000s ]
INFO: [ app_init ] --END-- [ RunTime:0.001000s ]
ERR: 无法加载模块:Public

[ 2016-09-26T22:42:34+08:00 ] ::1 /jiaolianyuan/Public/images/guide-background/%E9%AB%98%E7%BA%A7%E7%8F%AD.jpg
INFO: [ app_init ] --START--
INFO: Run Behavior\BuildLiteBehavior [ RunTime:0.000000s ]
INFO: [ app_init ] --END-- [ RunTime:0.001000s ]
ERR: 无法加载模块:Public

[ 2016-09-26T22:42:34+08:00 ] ::1 /jiaolianyuan/Public/images/guide-background/%E5%85%A5%E9%97%A8%E7%8F%AD.jpg
INFO: [ app_init ] --START--
INFO: Run Behavior\BuildLiteBehavior [ RunTime:0.000000s ]
INFO: [ app_init ] --END-- [ RunTime:0.001000s ]
ERR: 无法加载模块:Public

[ 2016-09-26T22:42:42+08:00 ] ::1 /jiaolianyuan/Public/images/guide-background/%E5%9F%BA%E7%A1%80%E7%8F%AD.jpg
INFO: [ app_init ] --START--
INFO: Run Behavior\BuildLiteBehavior [ RunTime:0.000000s ]
INFO: [ app_init ] --END-- [ RunTime:0.001000s ]
ERR: 无法加载模块:Public

[ 2016-09-26T22:42:42+08:00 ] ::1 /jiaolianyuan/Public/images/guide-background/%E9%AB%98%E7%BA%A7%E7%8F%AD.jpg
INFO: [ app_init ] --START--
INFO: Run Behavior\BuildLiteBehavior [ RunTime:0.000000s ]
INFO: [ app_init ] --END-- [ RunTime:0.001000s ]
ERR: 无法加载模块:Public

[ 2016-09-26T22:42:42+08:00 ] ::1 /jiaolianyuan/Public/images/guide-background/%E8%BF%9B%E9%98%B6%E7%8F%AD.jpg
INFO: [ app_init ] --START--
INFO: Run Behavior\BuildLiteBehavior [ RunTime:0.000000s ]
INFO: [ app_init ] --END-- [ RunTime:0.000000s ]
ERR: 无法加载模块:Public

[ 2016-09-26T22:42:42+08:00 ] ::1 /jiaolianyuan/Public/images/guide-background/%E5%B0%B1%E4%B8%9A%E7%8F%AD.jpg
INFO: [ app_init ] --START--
INFO: Run Behavior\BuildLiteBehavior [ RunTime:0.000000s ]
INFO: [ app_init ] --END-- [ RunTime:0.000000s ]
ERR: 无法加载模块:Public

[ 2016-09-26T22:42:42+08:00 ] ::1 /jiaolianyuan/Public/images/guide-background/%E5%85%A5%E9%97%A8%E7%8F%AD.jpg
INFO: [ app_init ] --START--
INFO: Run Behavior\BuildLiteBehavior [ RunTime:0.001000s ]
INFO: [ app_init ] --END-- [ RunTime:0.001000s ]
ERR: 无法加载模块:Public

[ 2016-09-26T22:42:43+08:00 ] ::1 /jiaolianyuan/Public/images/guide-background/%E8%BF%9B%E9%98%B6%E7%8F%AD.jpg
INFO: [ app_init ] --START--
INFO: Run Behavior\BuildLiteBehavior [ RunTime:0.000000s ]
INFO: [ app_init ] --END-- [ RunTime:0.000000s ]
ERR: 无法加载模块:Public

[ 2016-09-26T22:42:43+08:00 ] ::1 /jiaolianyuan/Public/images/guide-background/%E5%9F%BA%E7%A1%80%E7%8F%AD.jpg
INFO: [ app_init ] --START--
INFO: Run Behavior\BuildLiteBehavior [ RunTime:0.000000s ]
INFO: [ app_init ] --END-- [ RunTime:0.000000s ]
ERR: 无法加载模块:Public

[ 2016-09-26T22:42:43+08:00 ] ::1 /jiaolianyuan/Public/images/guide-background/%E9%AB%98%E7%BA%A7%E7%8F%AD.jpg
INFO: [ app_init ] --START--
INFO: Run Behavior\BuildLiteBehavior [ RunTime:0.000000s ]
INFO: [ app_init ] --END-- [ RunTime:0.000000s ]
ERR: 无法加载模块:Public

[ 2016-09-26T22:42:43+08:00 ] ::1 /jiaolianyuan/Public/images/guide-background/%E5%B0%B1%E4%B8%9A%E7%8F%AD.jpg
INFO: [ app_init ] --START--
INFO: Run Behavior\BuildLiteBehavior [ RunTime:0.000000s ]
INFO: [ app_init ] --END-- [ RunTime:0.001000s ]
ERR: 无法加载模块:Public

[ 2016-09-26T22:42:43+08:00 ] ::1 /jiaolianyuan/Public/images/guide-background/%E5%85%A5%E9%97%A8%E7%8F%AD.jpg
INFO: [ app_init ] --START--
INFO: Run Behavior\BuildLiteBehavior [ RunTime:0.000000s ]
INFO: [ app_init ] --END-- [ RunTime:0.000000s ]
ERR: 无法加载模块:Public

[ 2016-09-26T22:43:47+08:00 ] ::1 /jiaolianyuan/Public/images/guide-background/%E5%9F%BA%E7%A1%80%E7%8F%AD.jpg
INFO: [ app_init ] --START--
INFO: Run Behavior\BuildLiteBehavior [ RunTime:0.000000s ]
INFO: [ app_init ] --END-- [ RunTime:0.001000s ]
ERR: 无法加载模块:Public

[ 2016-09-26T22:43:47+08:00 ] ::1 /jiaolianyuan/Public/images/guide-background/%E9%AB%98%E7%BA%A7%E7%8F%AD.jpg
INFO: [ app_init ] --START--
INFO: Run Behavior\BuildLiteBehavior [ RunTime:0.000000s ]
INFO: [ app_init ] --END-- [ RunTime:0.001000s ]
ERR: 无法加载模块:Public

[ 2016-09-26T22:43:47+08:00 ] ::1 /jiaolianyuan/Public/images/guide-background/%E5%B0%B1%E4%B8%9A%E7%8F%AD.jpg
INFO: [ app_init ] --START--
INFO: Run Behavior\BuildLiteBehavior [ RunTime:0.000000s ]
INFO: [ app_init ] --END-- [ RunTime:0.000000s ]
ERR: 无法加载模块:Public

[ 2016-09-26T22:43:47+08:00 ] ::1 /jiaolianyuan/Public/images/guide-background/%E8%BF%9B%E9%98%B6%E7%8F%AD.jpg
INFO: [ app_init ] --START--
INFO: Run Behavior\BuildLiteBehavior [ RunTime:0.000000s ]
INFO: [ app_init ] --END-- [ RunTime:0.001000s ]
ERR: 无法加载模块:Public

[ 2016-09-26T22:43:47+08:00 ] ::1 /jiaolianyuan/Public/images/guide-background/%E5%85%A5%E9%97%A8%E7%8F%AD.jpg
INFO: [ app_init ] --START--
INFO: Run Behavior\BuildLiteBehavior [ RunTime:0.000000s ]
INFO: [ app_init ] --END-- [ RunTime:0.001000s ]
ERR: 无法加载模块:Public

[ 2016-09-26T22:44:03+08:00 ] ::1 /jiaolianyuan/Public/images/guide-background/%E8%BF%9B%E9%98%B6%E7%8F%AD.jpg
INFO: [ app_init ] --START--
INFO: Run Behavior\BuildLiteBehavior [ RunTime:0.000000s ]
INFO: [ app_init ] --END-- [ RunTime:0.000000s ]
ERR: 无法加载模块:Public

[ 2016-09-26T22:44:03+08:00 ] ::1 /jiaolianyuan/Public/images/guide-background/%E5%9F%BA%E7%A1%80%E7%8F%AD.jpg
INFO: [ app_init ] --START--
INFO: Run Behavior\BuildLiteBehavior [ RunTime:0.000000s ]
INFO: [ app_init ] --END-- [ RunTime:0.000000s ]
ERR: 无法加载模块:Public

[ 2016-09-26T22:44:03+08:00 ] ::1 /jiaolianyuan/Public/images/guide-background/%E5%85%A5%E9%97%A8%E7%8F%AD.jpg
INFO: [ app_init ] --START--
INFO: Run Behavior\BuildLiteBehavior [ RunTime:0.000000s ]
INFO: [ app_init ] --END-- [ RunTime:0.000000s ]
ERR: 无法加载模块:Public

[ 2016-09-26T22:44:03+08:00 ] ::1 /jiaolianyuan/Public/images/guide-background/%E9%AB%98%E7%BA%A7%E7%8F%AD.jpg
INFO: [ app_init ] --START--
INFO: Run Behavior\BuildLiteBehavior [ RunTime:0.000000s ]
INFO: [ app_init ] --END-- [ RunTime:0.000000s ]
ERR: 无法加载模块:Public

[ 2016-09-26T22:44:03+08:00 ] ::1 /jiaolianyuan/Public/images/guide-background/%E5%B0%B1%E4%B8%9A%E7%8F%AD.jpg
INFO: [ app_init ] --START--
INFO: Run Behavior\BuildLiteBehavior [ RunTime:0.000000s ]
INFO: [ app_init ] --END-- [ RunTime:0.000000s ]
ERR: 无法加载模块:Public

[ 2016-09-26T22:45:16+08:00 ] ::1 /jiaolianyuan/Public/images/guide-background/%E8%BF%9B%E9%98%B6%E7%8F%AD.jpg
INFO: [ app_init ] --START--
INFO: Run Behavior\BuildLiteBehavior [ RunTime:0.000000s ]
INFO: [ app_init ] --END-- [ RunTime:0.000000s ]
ERR: 无法加载模块:Public

[ 2016-09-26T22:45:16+08:00 ] ::1 /jiaolianyuan/Public/images/guide-background/%E9%AB%98%E7%BA%A7%E7%8F%AD.jpg
INFO: [ app_init ] --START--
INFO: Run Behavior\BuildLiteBehavior [ RunTime:0.000000s ]
INFO: [ app_init ] --END-- [ RunTime:0.001000s ]
ERR: 无法加载模块:Public

[ 2016-09-26T22:45:16+08:00 ] ::1 /jiaolianyuan/Public/images/guide-background/%E5%85%A5%E9%97%A8%E7%8F%AD.jpg
INFO: [ app_init ] --START--
INFO: Run Behavior\BuildLiteBehavior [ RunTime:0.000000s ]
INFO: [ app_init ] --END-- [ RunTime:0.001000s ]
ERR: 无法加载模块:Public

[ 2016-09-26T22:45:16+08:00 ] ::1 /jiaolianyuan/Public/images/guide-background/%E5%B0%B1%E4%B8%9A%E7%8F%AD.jpg
INFO: [ app_init ] --START--
INFO: Run Behavior\BuildLiteBehavior [ RunTime:0.000000s ]
INFO: [ app_init ] --END-- [ RunTime:0.000000s ]
ERR: 无法加载模块:Public

[ 2016-09-26T22:45:16+08:00 ] ::1 /jiaolianyuan/Public/images/guide-background/%E5%9F%BA%E7%A1%80%E7%8F%AD.jpg
INFO: [ app_init ] --START--
INFO: Run Behavior\BuildLiteBehavior [ RunTime:0.000000s ]
INFO: [ app_init ] --END-- [ RunTime:0.000000s ]
ERR: 无法加载模块:Public

[ 2016-09-26T22:45:35+08:00 ] ::1 /jiaolianyuan/Public/images/web%C3%A9%C2%A6%E2%80%93%C3%A9%C2%A1%C2%B5%C3%A7%C2%B4%C2%A0%C3%A6%C2%9D%C2%90/search.png
INFO: [ app_init ] --START--
INFO: Run Behavior\BuildLiteBehavior [ RunTime:0.000000s ]
INFO: [ app_init ] --END-- [ RunTime:0.000000s ]
ERR: 无法加载模块:Public

[ 2016-09-26T22:54:17+08:00 ] ::1 /jiaolianyuan/Public/images/guide-background/%E5%9F%BA%E7%A1%80%E7%8F%AD.jpg
INFO: [ app_init ] --START--
INFO: Run Behavior\BuildLiteBehavior [ RunTime:0.000000s ]
INFO: [ app_init ] --END-- [ RunTime:0.001000s ]
ERR: 无法加载模块:Public

[ 2016-09-26T22:54:17+08:00 ] ::1 /jiaolianyuan/Public/images/guide-background/%E5%B0%B1%E4%B8%9A%E7%8F%AD.jpg
INFO: [ app_init ] --START--
INFO: Run Behavior\BuildLiteBehavior [ RunTime:0.000000s ]
INFO: [ app_init ] --END-- [ RunTime:0.001000s ]
ERR: 无法加载模块:Public

[ 2016-09-26T22:54:17+08:00 ] ::1 /jiaolianyuan/Public/images/guide-background/%E5%85%A5%E9%97%A8%E7%8F%AD.jpg
INFO: [ app_init ] --START--
INFO: Run Behavior\BuildLiteBehavior [ RunTime:0.000000s ]
INFO: [ app_init ] --END-- [ RunTime:0.000000s ]
ERR: 无法加载模块:Public

[ 2016-09-26T22:54:17+08:00 ] ::1 /jiaolianyuan/Public/images/guide-background/%E8%BF%9B%E9%98%B6%E7%8F%AD.jpg
INFO: [ app_init ] --START--
INFO: Run Behavior\BuildLiteBehavior [ RunTime:0.000000s ]
INFO: [ app_init ] --END-- [ RunTime:0.000000s ]
ERR: 无法加载模块:Public

[ 2016-09-26T22:54:17+08:00 ] ::1 /jiaolianyuan/Public/images/guide-background/%E9%AB%98%E7%BA%A7%E7%8F%AD.jpg
INFO: [ app_init ] --START--
INFO: Run Behavior\BuildLiteBehavior [ RunTime:0.000000s ]
INFO: [ app_init ] --END-- [ RunTime:0.000000s ]
ERR: 无法加载模块:Public

[ 2016-09-26T22:54:51+08:00 ] ::1 /jiaolianyuan/Public/images/guide-background/%E5%9F%BA%E7%A1%80%E7%8F%AD.jpg
INFO: [ app_init ] --START--
INFO: Run Behavior\BuildLiteBehavior [ RunTime:0.000000s ]
INFO: [ app_init ] --END-- [ RunTime:0.000000s ]
ERR: 无法加载模块:Public

[ 2016-09-26T22:54:51+08:00 ] ::1 /jiaolianyuan/Public/images/guide-background/%E8%BF%9B%E9%98%B6%E7%8F%AD.jpg
INFO: [ app_init ] --START--
INFO: Run Behavior\BuildLiteBehavior [ RunTime:0.000000s ]
INFO: [ app_init ] --END-- [ RunTime:0.000000s ]
ERR: 无法加载模块:Public

[ 2016-09-26T22:54:51+08:00 ] ::1 /jiaolianyuan/Public/images/guide-background/%E5%B0%B1%E4%B8%9A%E7%8F%AD.jpg
INFO: [ app_init ] --START--
INFO: Run Behavior\BuildLiteBehavior [ RunTime:0.000000s ]
INFO: [ app_init ] --END-- [ RunTime:0.000000s ]
ERR: 无法加载模块:Public

[ 2016-09-26T22:54:51+08:00 ] ::1 /jiaolianyuan/Public/images/guide-background/%E5%85%A5%E9%97%A8%E7%8F%AD.jpg
INFO: [ app_init ] --START--
INFO: Run Behavior\BuildLiteBehavior [ RunTime:0.000000s ]
INFO: [ app_init ] --END-- [ RunTime:0.000000s ]
ERR: 无法加载模块:Public

[ 2016-09-26T22:54:51+08:00 ] ::1 /jiaolianyuan/Public/images/guide-background/%E9%AB%98%E7%BA%A7%E7%8F%AD.jpg
INFO: [ app_init ] --START--
INFO: Run Behavior\BuildLiteBehavior [ RunTime:0.000000s ]
INFO: [ app_init ] --END-- [ RunTime:0.000000s ]
ERR: 无法加载模块:Public

[ 2016-09-26T22:55:06+08:00 ] ::1 /jiaolianyuan/Public/images/guide-background/%E5%9F%BA%E7%A1%80%E7%8F%AD.jpg
INFO: [ app_init ] --START--
INFO: Run Behavior\BuildLiteBehavior [ RunTime:0.000000s ]
INFO: [ app_init ] --END-- [ RunTime:0.000000s ]
ERR: 无法加载模块:Public

[ 2016-09-26T22:55:06+08:00 ] ::1 /jiaolianyuan/Public/images/guide-background/%E8%BF%9B%E9%98%B6%E7%8F%AD.jpg
INFO: [ app_init ] --START--
INFO: Run Behavior\BuildLiteBehavior [ RunTime:0.000000s ]
INFO: [ app_init ] --END-- [ RunTime:0.000000s ]
ERR: 无法加载模块:Public

[ 2016-09-26T22:55:06+08:00 ] ::1 /jiaolianyuan/Public/images/guide-background/%E5%B0%B1%E4%B8%9A%E7%8F%AD.jpg
INFO: [ app_init ] --START--
INFO: Run Behavior\BuildLiteBehavior [ RunTime:0.000000s ]
INFO: [ app_init ] --END-- [ RunTime:0.000000s ]
ERR: 无法加载模块:Public

[ 2016-09-26T22:55:06+08:00 ] ::1 /jiaolianyuan/Public/images/guide-background/%E5%85%A5%E9%97%A8%E7%8F%AD.jpg
INFO: [ app_init ] --START--
INFO: Run Behavior\BuildLiteBehavior [ RunTime:0.000000s ]
INFO: [ app_init ] --END-- [ RunTime:0.000000s ]
ERR: 无法加载模块:Public

[ 2016-09-26T22:55:06+08:00 ] ::1 /jiaolianyuan/Public/images/guide-background/%E9%AB%98%E7%BA%A7%E7%8F%AD.jpg
INFO: [ app_init ] --START--
INFO: Run Behavior\BuildLiteBehavior [ RunTime:0.000000s ]
INFO: [ app_init ] --END-- [ RunTime:0.010000s ]
ERR: 无法加载模块:Public

[ 2016-09-26T22:56:41+08:00 ] ::1 /jiaolianyuan/Public/images/guide-background/%E8%BF%9B%E9%98%B6%E7%8F%AD.jpg
INFO: [ app_init ] --START--
INFO: Run Behavior\BuildLiteBehavior [ RunTime:0.000000s ]
INFO: [ app_init ] --END-- [ RunTime:0.001000s ]
ERR: 无法加载模块:Public

[ 2016-09-26T22:56:41+08:00 ] ::1 /jiaolianyuan/Public/images/guide-background/%E5%B0%B1%E4%B8%9A%E7%8F%AD.jpg
INFO: [ app_init ] --START--
INFO: Run Behavior\BuildLiteBehavior [ RunTime:0.000000s ]
INFO: [ app_init ] --END-- [ RunTime:0.000000s ]
ERR: 无法加载模块:Public

[ 2016-09-26T22:56:41+08:00 ] ::1 /jiaolianyuan/Public/images/guide-background/%E5%9F%BA%E7%A1%80%E7%8F%AD.jpg
INFO: [ app_init ] --START--
INFO: Run Behavior\BuildLiteBehavior [ RunTime:0.000000s ]
INFO: [ app_init ] --END-- [ RunTime:0.001000s ]
ERR: 无法加载模块:Public

[ 2016-09-26T22:56:41+08:00 ] ::1 /jiaolianyuan/Public/images/guide-background/%E5%85%A5%E9%97%A8%E7%8F%AD.jpg
INFO: [ app_init ] --START--
INFO: Run Behavior\BuildLiteBehavior [ RunTime:0.000000s ]
INFO: [ app_init ] --END-- [ RunTime:0.001000s ]
ERR: 无法加载模块:Public

[ 2016-09-26T22:56:41+08:00 ] ::1 /jiaolianyuan/Public/images/guide-background/%E9%AB%98%E7%BA%A7%E7%8F%AD.jpg
INFO: [ app_init ] --START--
INFO: Run Behavior\BuildLiteBehavior [ RunTime:0.001001s ]
INFO: [ app_init ] --END-- [ RunTime:0.001001s ]
ERR: 无法加载模块:Public

[ 2016-09-26T22:59:21+08:00 ] ::1 /jiaolianyuan/Public/images/guide-background/%E9%AB%98%E7%BA%A7%E7%8F%AD.jpg
INFO: [ app_init ] --START--
INFO: Run Behavior\BuildLiteBehavior [ RunTime:0.000000s ]
INFO: [ app_init ] --END-- [ RunTime:0.001000s ]
ERR: 无法加载模块:Public

[ 2016-09-26T22:59:21+08:00 ] ::1 /jiaolianyuan/Public/images/guide-background/%E5%B0%B1%E4%B8%9A%E7%8F%AD.jpg
INFO: [ app_init ] --START--
INFO: Run Behavior\BuildLiteBehavior [ RunTime:0.000000s ]
INFO: [ app_init ] --END-- [ RunTime:0.000000s ]
ERR: 无法加载模块:Public

[ 2016-09-26T22:59:21+08:00 ] ::1 /jiaolianyuan/Public/images/guide-background/%E8%BF%9B%E9%98%B6%E7%8F%AD.jpg
INFO: [ app_init ] --START--
INFO: Run Behavior\BuildLiteBehavior [ RunTime:0.000000s ]
INFO: [ app_init ] --END-- [ RunTime:0.000000s ]
ERR: 无法加载模块:Public

[ 2016-09-26T22:59:22+08:00 ] ::1 /jiaolianyuan/Public/images/guide-background/%E5%9F%BA%E7%A1%80%E7%8F%AD.jpg
INFO: [ app_init ] --START--
INFO: Run Behavior\BuildLiteBehavior [ RunTime:0.000000s ]
INFO: [ app_init ] --END-- [ RunTime:0.000000s ]
ERR: 无法加载模块:Public

[ 2016-09-26T22:59:23+08:00 ] ::1 /jiaolianyuan/Public/images/guide-background/%E5%85%A5%E9%97%A8%E7%8F%AD.jpg
INFO: [ app_init ] --START--
INFO: Run Behavior\BuildLiteBehavior [ RunTime:0.000000s ]
INFO: [ app_init ] --END-- [ RunTime:0.000000s ]
ERR: 无法加载模块:Public

[ 2016-09-26T23:29:41+08:00 ] ::1 /jiaolianyuan/Public/images/guide-background/%E5%9F%BA%E7%A1%80%E7%8F%AD.jpg
INFO: [ app_init ] --START--
INFO: Run Behavior\BuildLiteBehavior [ RunTime:0.000000s ]
INFO: [ app_init ] --END-- [ RunTime:0.000000s ]
ERR: 无法加载模块:Public

[ 2016-09-26T23:29:42+08:00 ] ::1 /jiaolianyuan/Public/images/guide-background/%E8%BF%9B%E9%98%B6%E7%8F%AD.jpg
INFO: [ app_init ] --START--
INFO: Run Behavior\BuildLiteBehavior [ RunTime:0.000000s ]
INFO: [ app_init ] --END-- [ RunTime:0.000000s ]
ERR: 无法加载模块:Public

[ 2016-09-26T23:29:42+08:00 ] ::1 /jiaolianyuan/Public/images/guide-background/%E9%AB%98%E7%BA%A7%E7%8F%AD.jpg
INFO: [ app_init ] --START--
INFO: Run Behavior\BuildLiteBehavior [ RunTime:0.000000s ]
INFO: [ app_init ] --END-- [ RunTime:0.000000s ]
ERR: 无法加载模块:Public

[ 2016-09-26T23:29:42+08:00 ] ::1 /jiaolianyuan/Public/images/guide-background/%E5%B0%B1%E4%B8%9A%E7%8F%AD.jpg
INFO: [ app_init ] --START--
INFO: Run Behavior\BuildLiteBehavior [ RunTime:0.000000s ]
INFO: [ app_init ] --END-- [ RunTime:0.015600s ]
ERR: 无法加载模块:Public

