[ 2016-10-05T11:14:58+08:00 ] ::1 /jiaolianyuan/Public/images/guide-background/UI%E8%AE%BE%E8%AE%A1.jpg
INFO: [ app_init ] --START--
INFO: Run Behavior\BuildLiteBehavior [ RunTime:0.000013s ]
INFO: [ app_init ] --END-- [ RunTime:0.000564s ]
ERR: 无法加载模块:Public

[ 2016-10-05T14:51:14+08:00 ] ::1 /jiaolianyuan/Public/images/backtop/side-icon02.png
INFO: [ app_init ] --START--
INFO: Run Behavior\BuildLiteBehavior [ RunTime:0.000013s ]
INFO: [ app_init ] --END-- [ RunTime:0.000548s ]
ERR: 无法加载模块:Public

[ 2016-10-05T14:51:14+08:00 ] ::1 /jiaolianyuan/Public/images/backtop/erwei.png
INFO: [ app_init ] --START--
INFO: Run Behavior\BuildLiteBehavior [ RunTime:0.000014s ]
INFO: [ app_init ] --END-- [ RunTime:0.000611s ]
ERR: 无法加载模块:Public

[ 2016-10-05T15:18:13+08:00 ] ::1 /jiaolianyuan/Public/images/second_sort/logo.png
INFO: [ app_init ] --START--
INFO: Run Behavior\BuildLiteBehavior [ RunTime:0.000010s ]
INFO: [ app_init ] --END-- [ RunTime:0.000465s ]
ERR: 无法加载模块:Public

[ 2016-10-05T15:31:15+08:00 ] ::1 /jiaolianyuan/Public/images/second_sort/logo.png
INFO: [ app_init ] --START--
INFO: Run Behavior\BuildLiteBehavior [ RunTime:0.000015s ]
INFO: [ app_init ] --END-- [ RunTime:0.000670s ]
ERR: 无法加载模块:Public

[ 2016-10-05T15:31:15+08:00 ] ::1 /jiaolianyuan/Public/images/second_sort/logo.png
INFO: [ app_init ] --START--
INFO: Run Behavior\BuildLiteBehavior [ RunTime:0.000013s ]
INFO: [ app_init ] --END-- [ RunTime:0.000492s ]
ERR: 无法加载模块:Public

[ 2016-10-05T15:31:39+08:00 ] ::1 /jiaolianyuan/Public/images/second_sort/logo.png
INFO: [ app_init ] --START--
INFO: Run Behavior\BuildLiteBehavior [ RunTime:0.000015s ]
INFO: [ app_init ] --END-- [ RunTime:0.000606s ]
ERR: 无法加载模块:Public

[ 2016-10-05T15:31:39+08:00 ] ::1 /jiaolianyuan/Public/images/second_sort/logo.png
INFO: [ app_init ] --START--
INFO: Run Behavior\BuildLiteBehavior [ RunTime:0.000013s ]
INFO: [ app_init ] --END-- [ RunTime:0.000462s ]
ERR: 无法加载模块:Public

[ 2016-10-05T15:31:53+08:00 ] ::1 /jiaolianyuan/Public/images/second_sort/logo.png
INFO: [ app_init ] --START--
INFO: Run Behavior\BuildLiteBehavior [ RunTime:0.000010s ]
INFO: [ app_init ] --END-- [ RunTime:0.000436s ]
ERR: 无法加载模块:Public

[ 2016-10-05T15:32:10+08:00 ] ::1 /jiaolianyuan/Public/images/second_sort/logo.png
INFO: [ app_init ] --START--
INFO: Run Behavior\BuildLiteBehavior [ RunTime:0.000014s ]
INFO: [ app_init ] --END-- [ RunTime:0.000646s ]
ERR: 无法加载模块:Public

[ 2016-10-05T15:32:10+08:00 ] ::1 /jiaolianyuan/Public/images/second_sort/logo.png
INFO: [ app_init ] --START--
INFO: Run Behavior\BuildLiteBehavior [ RunTime:0.000013s ]
INFO: [ app_init ] --END-- [ RunTime:0.000452s ]
ERR: 无法加载模块:Public

[ 2016-10-05T15:43:00+08:00 ] ::1 /jiaolianyuan/Public/images/web%E9%A6%96%E9%A1%B5%E7%B4%A0%E6%9D%90/%E7%83%AD%E9%97%A8%E8%AF%BE%E7%A8%8B/3.jpg
INFO: [ app_init ] --START--
INFO: Run Behavior\BuildLiteBehavior [ RunTime:0.000025s ]
INFO: [ app_init ] --END-- [ RunTime:0.001234s ]
ERR: 无法加载模块:Public

[ 2016-10-05T15:43:00+08:00 ] ::1 /jiaolianyuan/Public/images/web%E9%A6%96%E9%A1%B5%E7%B4%A0%E6%9D%90/%E7%83%AD%E9%97%A8%E8%AF%BE%E7%A8%8B/2.jpg
INFO: [ app_init ] --START--
INFO: Run Behavior\BuildLiteBehavior [ RunTime:0.000024s ]
INFO: [ app_init ] --END-- [ RunTime:0.001113s ]
ERR: 无法加载模块:Public

[ 2016-10-05T15:43:01+08:00 ] ::1 /jiaolianyuan/Public/images/web%E9%A6%96%E9%A1%B5%E7%B4%A0%E6%9D%90/%E7%83%AD%E9%97%A8%E8%AF%BE%E7%A8%8B/3.jpg
INFO: [ app_init ] --START--
INFO: Run Behavior\BuildLiteBehavior [ RunTime:0.000025s ]
INFO: [ app_init ] --END-- [ RunTime:0.000940s ]
ERR: 无法加载模块:Public

[ 2016-10-05T15:43:01+08:00 ] ::1 /jiaolianyuan/Public/images/web%E9%A6%96%E9%A1%B5%E7%B4%A0%E6%9D%90/%E7%83%AD%E9%97%A8%E8%AF%BE%E7%A8%8B/2.jpg
INFO: [ app_init ] --START--
INFO: Run Behavior\BuildLiteBehavior [ RunTime:0.000024s ]
INFO: [ app_init ] --END-- [ RunTime:0.000935s ]
ERR: 无法加载模块:Public

[ 2016-10-05T15:44:53+08:00 ] ::1 /jiaolianyuan/Public/images/carousel/1.jpg
INFO: [ app_init ] --START--
INFO: Run Behavior\BuildLiteBehavior [ RunTime:0.000013s ]
INFO: [ app_init ] --END-- [ RunTime:0.000507s ]
ERR: 无法加载模块:Public

[ 2016-10-05T15:44:53+08:00 ] ::1 /jiaolianyuan/Public/images/carousel/2.jpg
INFO: [ app_init ] --START--
INFO: Run Behavior\BuildLiteBehavior [ RunTime:0.000014s ]
INFO: [ app_init ] --END-- [ RunTime:0.000548s ]
ERR: 无法加载模块:Public

[ 2016-10-05T15:44:53+08:00 ] ::1 /jiaolianyuan/Public/images/carousel/3.jpg
INFO: [ app_init ] --START--
INFO: Run Behavior\BuildLiteBehavior [ RunTime:0.000014s ]
INFO: [ app_init ] --END-- [ RunTime:0.000569s ]
ERR: 无法加载模块:Public

[ 2016-10-05T15:44:53+08:00 ] ::1 /jiaolianyuan/Public/images/carousel/1.jpg
INFO: [ app_init ] --START--
INFO: Run Behavior\BuildLiteBehavior [ RunTime:0.000014s ]
INFO: [ app_init ] --END-- [ RunTime:0.000465s ]
ERR: 无法加载模块:Public

[ 2016-10-05T15:55:08+08:00 ] ::1 /jiaolianyuan/Public/images/buy-page-img/thinkphp.png
INFO: [ app_init ] --START--
INFO: Run Behavior\BuildLiteBehavior [ RunTime:0.000013s ]
INFO: [ app_init ] --END-- [ RunTime:0.000652s ]
ERR: 无法加载模块:Public

[ 2016-10-05T15:55:48+08:00 ] ::1 /jiaolianyuan/Public/images/buy-page-img/thinkphp.png
INFO: [ app_init ] --START--
INFO: Run Behavior\BuildLiteBehavior [ RunTime:0.000013s ]
INFO: [ app_init ] --END-- [ RunTime:0.000551s ]
ERR: 无法加载模块:Public

[ 2016-10-05T15:55:48+08:00 ] ::1 /jiaolianyuan/Public/images/buy-page-img/thinkphp.png
INFO: [ app_init ] --START--
INFO: Run Behavior\BuildLiteBehavior [ RunTime:0.000013s ]
INFO: [ app_init ] --END-- [ RunTime:0.000497s ]
ERR: 无法加载模块:Public

[ 2016-10-05T15:55:51+08:00 ] ::1 /jiaolianyuan/Public/images/carousel/2.jpg
INFO: [ app_init ] --START--
INFO: Run Behavior\BuildLiteBehavior [ RunTime:0.000012s ]
INFO: [ app_init ] --END-- [ RunTime:0.000708s ]
ERR: 无法加载模块:Public

[ 2016-10-05T15:55:51+08:00 ] ::1 /jiaolianyuan/Public/images/carousel/1.jpg
INFO: [ app_init ] --START--
INFO: Run Behavior\BuildLiteBehavior [ RunTime:0.000014s ]
INFO: [ app_init ] --END-- [ RunTime:0.000550s ]
ERR: 无法加载模块:Public

[ 2016-10-05T15:55:51+08:00 ] ::1 /jiaolianyuan/Public/images/carousel/3.jpg
INFO: [ app_init ] --START--
INFO: Run Behavior\BuildLiteBehavior [ RunTime:0.000013s ]
INFO: [ app_init ] --END-- [ RunTime:0.000594s ]
ERR: 无法加载模块:Public

[ 2016-10-05T15:55:51+08:00 ] ::1 /jiaolianyuan/Public/images/carousel/1.jpg
INFO: [ app_init ] --START--
INFO: Run Behavior\BuildLiteBehavior [ RunTime:0.000013s ]
INFO: [ app_init ] --END-- [ RunTime:0.000468s ]
ERR: 无法加载模块:Public

[ 2016-10-05T15:55:51+08:00 ] ::1 /jiaolianyuan/Public/images/carousel/3.jpg
INFO: [ app_init ] --START--
INFO: Run Behavior\BuildLiteBehavior [ RunTime:0.000012s ]
INFO: [ app_init ] --END-- [ RunTime:0.000466s ]
ERR: 无法加载模块:Public

[ 2016-10-05T15:55:51+08:00 ] ::1 /jiaolianyuan/Public/images/carousel/2.jpg
INFO: [ app_init ] --START--
INFO: Run Behavior\BuildLiteBehavior [ RunTime:0.000017s ]
INFO: [ app_init ] --END-- [ RunTime:0.000515s ]
ERR: 无法加载模块:Public

[ 2016-10-05T15:56:14+08:00 ] ::1 /jiaolianyuan/Public/images/carousel/2.jpg
INFO: [ app_init ] --START--
INFO: Run Behavior\BuildLiteBehavior [ RunTime:0.000013s ]
INFO: [ app_init ] --END-- [ RunTime:0.000481s ]
ERR: 无法加载模块:Public

[ 2016-10-05T15:56:14+08:00 ] ::1 /jiaolianyuan/Public/images/carousel/1.jpg
INFO: [ app_init ] --START--
INFO: Run Behavior\BuildLiteBehavior [ RunTime:0.000012s ]
INFO: [ app_init ] --END-- [ RunTime:0.001075s ]
ERR: 无法加载模块:Public

[ 2016-10-05T15:56:14+08:00 ] ::1 /jiaolianyuan/Public/images/carousel/3.jpg
INFO: [ app_init ] --START--
INFO: Run Behavior\BuildLiteBehavior [ RunTime:0.000012s ]
INFO: [ app_init ] --END-- [ RunTime:0.000435s ]
ERR: 无法加载模块:Public

[ 2016-10-05T15:56:14+08:00 ] ::1 /jiaolianyuan/Public/images/carousel/1.jpg
INFO: [ app_init ] --START--
INFO: Run Behavior\BuildLiteBehavior [ RunTime:0.000022s ]
INFO: [ app_init ] --END-- [ RunTime:0.000455s ]
ERR: 无法加载模块:Public

[ 2016-10-05T15:56:14+08:00 ] ::1 /jiaolianyuan/Public/images/carousel/2.jpg
INFO: [ app_init ] --START--
INFO: Run Behavior\BuildLiteBehavior [ RunTime:0.000016s ]
INFO: [ app_init ] --END-- [ RunTime:0.000956s ]
ERR: 无法加载模块:Public

[ 2016-10-05T15:56:14+08:00 ] ::1 /jiaolianyuan/Public/images/carousel/3.jpg
INFO: [ app_init ] --START--
INFO: Run Behavior\BuildLiteBehavior [ RunTime:0.000014s ]
INFO: [ app_init ] --END-- [ RunTime:0.000439s ]
ERR: 无法加载模块:Public

[ 2016-10-05T15:56:14+08:00 ] ::1 /jiaolianyuan/Public/images/web%E9%A6%96%E9%A1%B5%E7%B4%A0%E6%9D%90/%E7%83%AD%E9%97%A8%E8%AF%BE%E7%A8%8B/2.jpg
INFO: [ app_init ] --START--
INFO: Run Behavior\BuildLiteBehavior [ RunTime:0.000012s ]
INFO: [ app_init ] --END-- [ RunTime:0.000436s ]
ERR: 无法加载模块:Public

[ 2016-10-05T15:56:14+08:00 ] ::1 /jiaolianyuan/Public/images/web%E9%A6%96%E9%A1%B5%E7%B4%A0%E6%9D%90/logo.png
INFO: [ app_init ] --START--
INFO: Run Behavior\BuildLiteBehavior [ RunTime:0.000014s ]
INFO: [ app_init ] --END-- [ RunTime:0.000468s ]
ERR: 无法加载模块:Public

[ 2016-10-05T15:57:28+08:00 ] ::1 /jiaolianyuan/Public/images/guide-background/UI%E8%AE%BE%E8%AE%A1.jpg
INFO: [ app_init ] --START--
INFO: Run Behavior\BuildLiteBehavior [ RunTime:0.000012s ]
INFO: [ app_init ] --END-- [ RunTime:0.000584s ]
ERR: 无法加载模块:Public

[ 2016-10-05T15:57:29+08:00 ] ::1 /jiaolianyuan/Public/images/carousel/2.jpg
INFO: [ app_init ] --START--
INFO: Run Behavior\BuildLiteBehavior [ RunTime:0.000018s ]
INFO: [ app_init ] --END-- [ RunTime:0.000478s ]
ERR: 无法加载模块:Public

[ 2016-10-05T15:57:29+08:00 ] ::1 /jiaolianyuan/Public/images/carousel/1.jpg
INFO: [ app_init ] --START--
INFO: Run Behavior\BuildLiteBehavior [ RunTime:0.000012s ]
INFO: [ app_init ] --END-- [ RunTime:0.000455s ]
ERR: 无法加载模块:Public

[ 2016-10-05T15:57:29+08:00 ] ::1 /jiaolianyuan/Public/images/carousel/3.jpg
INFO: [ app_init ] --START--
INFO: Run Behavior\BuildLiteBehavior [ RunTime:0.000012s ]
INFO: [ app_init ] --END-- [ RunTime:0.000429s ]
ERR: 无法加载模块:Public

[ 2016-10-05T15:57:29+08:00 ] ::1 /jiaolianyuan/Public/images/web%E9%A6%96%E9%A1%B5%E7%B4%A0%E6%9D%90/%E7%83%AD%E9%97%A8%E8%AF%BE%E7%A8%8B/2.jpg
INFO: [ app_init ] --START--
INFO: Run Behavior\BuildLiteBehavior [ RunTime:0.000014s ]
INFO: [ app_init ] --END-- [ RunTime:0.000479s ]
ERR: 无法加载模块:Public

[ 2016-10-05T15:57:30+08:00 ] ::1 /jiaolianyuan/Public/images/carousel/1.jpg
INFO: [ app_init ] --START--
INFO: Run Behavior\BuildLiteBehavior [ RunTime:0.000013s ]
INFO: [ app_init ] --END-- [ RunTime:0.000589s ]
ERR: 无法加载模块:Public

[ 2016-10-05T15:57:30+08:00 ] ::1 /jiaolianyuan/Public/images/carousel/3.jpg
INFO: [ app_init ] --START--
INFO: Run Behavior\BuildLiteBehavior [ RunTime:0.000015s ]
INFO: [ app_init ] --END-- [ RunTime:0.001291s ]
ERR: 无法加载模块:Public

[ 2016-10-05T15:57:30+08:00 ] ::1 /jiaolianyuan/Public/images/carousel/2.jpg
INFO: [ app_init ] --START--
INFO: Run Behavior\BuildLiteBehavior [ RunTime:0.000013s ]
INFO: [ app_init ] --END-- [ RunTime:0.000484s ]
ERR: 无法加载模块:Public

[ 2016-10-05T15:57:30+08:00 ] ::1 /jiaolianyuan/Public/images/web%E9%A6%96%E9%A1%B5%E7%B4%A0%E6%9D%90/%E7%83%AD%E9%97%A8%E8%AF%BE%E7%A8%8B/2.jpg
INFO: [ app_init ] --START--
INFO: Run Behavior\BuildLiteBehavior [ RunTime:0.000014s ]
INFO: [ app_init ] --END-- [ RunTime:0.000468s ]
ERR: 无法加载模块:Public

[ 2016-10-05T15:58:01+08:00 ] ::1 /jiaolianyuan/Public/images/guide-background/UI%E8%AE%BE%E8%AE%A1.jpg
INFO: [ app_init ] --START--
INFO: Run Behavior\BuildLiteBehavior [ RunTime:0.000013s ]
INFO: [ app_init ] --END-- [ RunTime:0.000448s ]
ERR: 无法加载模块:Public

[ 2016-10-05T15:58:03+08:00 ] ::1 /jiaolianyuan/Public/images/web%E9%A6%96%E9%A1%B5%E7%B4%A0%E6%9D%90/%E7%83%AD%E9%97%A8%E8%AF%BE%E7%A8%8B/2.jpg
INFO: [ app_init ] --START--
INFO: Run Behavior\BuildLiteBehavior [ RunTime:0.000021s ]
INFO: [ app_init ] --END-- [ RunTime:0.000602s ]
ERR: 无法加载模块:Public

[ 2016-10-05T15:58:03+08:00 ] ::1 /jiaolianyuan/Public/images/web%E9%A6%96%E9%A1%B5%E7%B4%A0%E6%9D%90/%E7%83%AD%E9%97%A8%E8%AF%BE%E7%A8%8B/2.jpg
INFO: [ app_init ] --START--
INFO: Run Behavior\BuildLiteBehavior [ RunTime:0.000013s ]
INFO: [ app_init ] --END-- [ RunTime:0.000493s ]
ERR: 无法加载模块:Public

[ 2016-10-05T15:58:20+08:00 ] ::1 /jiaolianyuan/Public/images/buy-page-img/thinkphp.png
INFO: [ app_init ] --START--
INFO: Run Behavior\BuildLiteBehavior [ RunTime:0.000017s ]
INFO: [ app_init ] --END-- [ RunTime:0.000601s ]
ERR: 无法加载模块:Public

[ 2016-10-05T15:58:20+08:00 ] ::1 /jiaolianyuan/Public/images/buy-page-img/thinkphp.png
INFO: [ app_init ] --START--
INFO: Run Behavior\BuildLiteBehavior [ RunTime:0.000013s ]
INFO: [ app_init ] --END-- [ RunTime:0.000428s ]
ERR: 无法加载模块:Public

[ 2016-10-05T15:58:29+08:00 ] ::1 /jiaolianyuan/Public/images/buy-page-img/thinkphp.png
INFO: [ app_init ] --START--
INFO: Run Behavior\BuildLiteBehavior [ RunTime:0.000014s ]
INFO: [ app_init ] --END-- [ RunTime:0.000457s ]
ERR: 无法加载模块:Public

[ 2016-10-05T15:58:37+08:00 ] ::1 /jiaolianyuan/Public/images/buy-page-img/thinkphp.png
INFO: [ app_init ] --START--
INFO: Run Behavior\BuildLiteBehavior [ RunTime:0.000014s ]
INFO: [ app_init ] --END-- [ RunTime:0.000525s ]
ERR: 无法加载模块:Public

[ 2016-10-05T16:08:56+08:00 ] ::1 /jiaolianyuan/Public/images/publiclogo.ico
INFO: [ app_init ] --START--
INFO: Run Behavior\BuildLiteBehavior [ RunTime:0.000014s ]
INFO: [ app_init ] --END-- [ RunTime:0.000478s ]
ERR: 无法加载模块:Public

[ 2016-10-05T16:09:21+08:00 ] ::1 /jiaolianyuan/Public/images/web%E9%A6%96%E9%A1%B5%E7%B4%A0%E6%9D%90/%E7%83%AD%E9%97%A8%E8%AF%BE%E7%A8%8B/2.jpg
INFO: [ app_init ] --START--
INFO: Run Behavior\BuildLiteBehavior [ RunTime:0.000013s ]
INFO: [ app_init ] --END-- [ RunTime:0.000554s ]
ERR: 无法加载模块:Public

[ 2016-10-05T16:09:22+08:00 ] ::1 /jiaolianyuan/Public/images/web%E9%A6%96%E9%A1%B5%E7%B4%A0%E6%9D%90/%E7%83%AD%E9%97%A8%E8%AF%BE%E7%A8%8B/2.jpg
INFO: [ app_init ] --START--
INFO: Run Behavior\BuildLiteBehavior [ RunTime:0.000013s ]
INFO: [ app_init ] --END-- [ RunTime:0.000551s ]
ERR: 无法加载模块:Public

[ 2016-10-05T16:09:58+08:00 ] ::1 /jiaolianyuan/Public/images/web%E9%A6%96%E9%A1%B5%E7%B4%A0%E6%9D%90/%E7%83%AD%E9%97%A8%E8%AF%BE%E7%A8%8B/2.jpg
INFO: [ app_init ] --START--
INFO: Run Behavior\BuildLiteBehavior [ RunTime:0.000013s ]
INFO: [ app_init ] --END-- [ RunTime:0.000474s ]
ERR: 无法加载模块:Public

[ 2016-10-05T22:45:19+08:00 ] ::1 /jiaolianyuan/Public/images/select_coach_img/coach_detail.png
INFO: [ app_init ] --START--
INFO: Run Behavior\BuildLiteBehavior [ RunTime:0.000012s ]
INFO: [ app_init ] --END-- [ RunTime:0.000564s ]
ERR: 无法加载模块:Public

[ 2016-10-05T22:47:20+08:00 ] ::1 /jiaolianyuan/Public/images/guide-background/UI%E8%AE%BE%E8%AE%A1.jpg
INFO: [ app_init ] --START--
INFO: Run Behavior\BuildLiteBehavior [ RunTime:0.000012s ]
INFO: [ app_init ] --END-- [ RunTime:0.000499s ]
ERR: 无法加载模块:Public

[ 2016-10-05T22:50:23+08:00 ] ::1 /jiaolianyuan/Public/images/guide-background/UI%E8%AE%BE%E8%AE%A1.jpg
INFO: [ app_init ] --START--
INFO: Run Behavior\BuildLiteBehavior [ RunTime:0.000015s ]
INFO: [ app_init ] --END-- [ RunTime:0.000567s ]
ERR: 无法加载模块:Public

[ 2016-10-05T22:51:18+08:00 ] ::1 /jiaolianyuan/Public/images/guide-background/UI%E8%AE%BE%E8%AE%A1.jpg
INFO: [ app_init ] --START--
INFO: Run Behavior\BuildLiteBehavior [ RunTime:0.000012s ]
INFO: [ app_init ] --END-- [ RunTime:0.000499s ]
ERR: 无法加载模块:Public

[ 2016-10-05T22:51:26+08:00 ] ::1 /jiaolianyuan/Public/images/guide-background/UI%E8%AE%BE%E8%AE%A1.jpg
INFO: [ app_init ] --START--
INFO: Run Behavior\BuildLiteBehavior [ RunTime:0.000014s ]
INFO: [ app_init ] --END-- [ RunTime:0.000624s ]
ERR: 无法加载模块:Public

[ 2016-10-05T22:51:43+08:00 ] ::1 /jiaolianyuan/Public/images/guide-background/UI%E8%AE%BE%E8%AE%A1.jpg
INFO: [ app_init ] --START--
INFO: Run Behavior\BuildLiteBehavior [ RunTime:0.000013s ]
INFO: [ app_init ] --END-- [ RunTime:0.000529s ]
ERR: 无法加载模块:Public

