[ 2018-01-02T11:36:16+08:00 ] ::1 /jiaolianyuan/__PUBLIC__/js/jquery-2.2.1.min.js
INFO: [ app_init ] --START--
INFO: Run Behavior\BuildLiteBehavior [ RunTime:0.000015s ]
INFO: [ app_init ] --END-- [ RunTime:0.020250s ]
ERR: 无法加载模块:__PUBLIC__

[ 2018-01-02T11:36:16+08:00 ] ::1 /jiaolianyuan/__PUBLIC__/js/coach.js
INFO: [ app_init ] --START--
INFO: Run Behavior\BuildLiteBehavior [ RunTime:0.000022s ]
INFO: [ app_init ] --END-- [ RunTime:0.024087s ]
ERR: 无法加载模块:__PUBLIC__

[ 2018-01-02T11:36:16+08:00 ] ::1 /jiaolianyuan/__PUBLIC__/js/coach.js
INFO: [ app_init ] --START--
INFO: Run Behavior\BuildLiteBehavior [ RunTime:0.000015s ]
INFO: [ app_init ] --END-- [ RunTime:0.000517s ]
ERR: 无法加载模块:__PUBLIC__

[ 2018-01-02T11:36:16+08:00 ] ::1 /jiaolianyuan/__PUBLIC__/images/web%E9%A6%96%E9%A1%B5%E7%B4%A0%E6%9D%90/logo.png
INFO: [ app_init ] --START--
INFO: Run Behavior\BuildLiteBehavior [ RunTime:0.000013s ]
INFO: [ app_init ] --END-- [ RunTime:0.000450s ]
ERR: 无法加载模块:__PUBLIC__

[ 2018-01-02T11:36:16+08:00 ] ::1 /jiaolianyuan/__PUBLIC__/CSS/style.css
INFO: [ app_init ] --START--
INFO: Run Behavior\BuildLiteBehavior [ RunTime:0.000013s ]
INFO: [ app_init ] --END-- [ RunTime:0.000472s ]
ERR: 无法加载模块:__PUBLIC__

[ 2018-01-02T11:36:16+08:00 ] ::1 /jiaolianyuan/__PUBLIC__/images/web%E9%A6%96%E9%A1%B5%E7%B4%A0%E6%9D%90/%E5%85%A8%E9%83%A8%E8%AF%BE%E7%A8%8B.png
INFO: [ app_init ] --START--
INFO: Run Behavior\BuildLiteBehavior [ RunTime:0.000019s ]
INFO: [ app_init ] --END-- [ RunTime:0.000640s ]
ERR: 无法加载模块:__PUBLIC__

[ 2018-01-02T11:36:16+08:00 ] ::1 /jiaolianyuan/__PUBLIC__/images/web%E9%A6%96%E9%A1%B5%E7%B4%A0%E6%9D%90/%E5%A4%A7%E8%BD%AE%E6%92%AD.jpg
INFO: [ app_init ] --START--
INFO: Run Behavior\BuildLiteBehavior [ RunTime:0.000021s ]
INFO: [ app_init ] --END-- [ RunTime:0.000853s ]
ERR: 无法加载模块:__PUBLIC__

[ 2018-01-02T11:36:16+08:00 ] ::1 /jiaolianyuan/__PUBLIC__/images/web%E9%A6%96%E9%A1%B5%E7%B4%A0%E6%9D%90/29.jpg
INFO: [ app_init ] --START--
INFO: Run Behavior\BuildLiteBehavior [ RunTime:0.000024s ]
INFO: [ app_init ] --END-- [ RunTime:0.000740s ]
ERR: 无法加载模块:__PUBLIC__

[ 2018-01-02T11:36:16+08:00 ] ::1 /jiaolianyuan/__PUBLIC__/images/web%E9%A6%96%E9%A1%B5%E7%B4%A0%E6%9D%90/1.jpg
INFO: [ app_init ] --START--
INFO: Run Behavior\BuildLiteBehavior [ RunTime:0.000018s ]
INFO: [ app_init ] --END-- [ RunTime:0.000948s ]
ERR: 无法加载模块:__PUBLIC__

[ 2018-01-02T11:36:16+08:00 ] ::1 /jiaolianyuan/__PUBLIC__/images/web%E9%A6%96%E9%A1%B5%E7%B4%A0%E6%9D%90/%E5%9B%BE%E6%A0%87%E5%B9%BF%E5%91%8A/%E6%8F%90%E5%8D%87%E7%A9%BA%E9%97%B4%E5%A4%A7.png
INFO: [ app_init ] --START--
INFO: Run Behavior\BuildLiteBehavior [ RunTime:0.000020s ]
INFO: [ app_init ] --END-- [ RunTime:0.000667s ]
ERR: 无法加载模块:__PUBLIC__

[ 2018-01-02T11:36:16+08:00 ] ::1 /jiaolianyuan/__PUBLIC__/images/web%E9%A6%96%E9%A1%B5%E7%B4%A0%E6%9D%90/%E5%9B%BE%E6%A0%87%E5%B9%BF%E5%91%8A/%E6%95%99%E7%BB%83%E6%8C%87%E5%AF%BC%E5%AD%A6%E5%91%98.png
INFO: [ app_init ] --START--
INFO: Run Behavior\BuildLiteBehavior [ RunTime:0.000020s ]
INFO: [ app_init ] --END-- [ RunTime:0.000732s ]
ERR: 无法加载模块:__PUBLIC__

[ 2018-01-02T11:36:16+08:00 ] ::1 /jiaolianyuan/__PUBLIC__/images/%7B$hotClassList['classpic']%7D
INFO: [ app_init ] --START--
INFO: Run Behavior\BuildLiteBehavior [ RunTime:0.000021s ]
INFO: [ app_init ] --END-- [ RunTime:0.000726s ]
ERR: 无法加载模块:__PUBLIC__

[ 2018-01-02T11:36:16+08:00 ] ::1 /jiaolianyuan/__PUBLIC__/images/web%E9%A6%96%E9%A1%B5%E7%B4%A0%E6%9D%90/php%E5%B7%A5%E7%A8%8B%E5%B8%88/%E5%B9%BF%E5%91%8A.png
INFO: [ app_init ] --START--
INFO: Run Behavior\BuildLiteBehavior [ RunTime:0.000021s ]
INFO: [ app_init ] --END-- [ RunTime:0.000713s ]
ERR: 无法加载模块:__PUBLIC__

[ 2018-01-02T11:36:16+08:00 ] ::1 /jiaolianyuan/__PUBLIC__/images/web%E9%A6%96%E9%A1%B5%E7%B4%A0%E6%9D%90/%E5%9B%BE%E6%A0%87%E5%B9%BF%E5%91%8A/%E5%A4%9A%E6%B8%A0%E9%81%93%E8%A7%A3%E5%86%B3%E9%97%AE%E9%A2%98.png
INFO: [ app_init ] --START--
INFO: Run Behavior\BuildLiteBehavior [ RunTime:0.000021s ]
INFO: [ app_init ] --END-- [ RunTime:0.000655s ]
ERR: 无法加载模块:__PUBLIC__

[ 2018-01-02T11:36:16+08:00 ] ::1 /jiaolianyuan/__PUBLIC__/images/web%E9%A6%96%E9%A1%B5%E7%B4%A0%E6%9D%90/%E5%9B%BE%E6%A0%87%E5%B9%BF%E5%91%8A/%E4%BA%91%E7%9B%98%E4%B8%80%E9%94%AE%E4%B8%8B%E8%BD%BD.png
INFO: [ app_init ] --START--
INFO: Run Behavior\BuildLiteBehavior [ RunTime:0.000019s ]
INFO: [ app_init ] --END-- [ RunTime:0.000724s ]
ERR: 无法加载模块:__PUBLIC__

[ 2018-01-02T11:36:16+08:00 ] ::1 /jiaolianyuan/__PUBLIC__/images/%7B$phpData['classpic']%7D
INFO: [ app_init ] --START--
INFO: Run Behavior\BuildLiteBehavior [ RunTime:0.000022s ]
INFO: [ app_init ] --END-- [ RunTime:0.000736s ]
ERR: 无法加载模块:__PUBLIC__

[ 2018-01-02T11:36:21+08:00 ] ::1 /jiaolianyuan/__PUBLIC__/js/jquery-2.1.4.min.js
INFO: [ app_init ] --START--
INFO: Run Behavior\BuildLiteBehavior [ RunTime:0.000021s ]
INFO: [ app_init ] --END-- [ RunTime:0.000692s ]
ERR: 无法加载模块:__PUBLIC__

[ 2018-01-02T11:36:21+08:00 ] ::1 /jiaolianyuan/__PUBLIC__/js/coach.js
INFO: [ app_init ] --START--
INFO: Run Behavior\BuildLiteBehavior [ RunTime:0.000077s ]
INFO: [ app_init ] --END-- [ RunTime:0.001950s ]
ERR: 无法加载模块:__PUBLIC__

[ 2018-01-02T11:36:21+08:00 ] ::1 /jiaolianyuan/__PUBLIC__/js/jquery-2.2.1.min.js
INFO: [ app_init ] --START--
INFO: Run Behavior\BuildLiteBehavior [ RunTime:0.000015s ]
INFO: [ app_init ] --END-- [ RunTime:0.000529s ]
ERR: 无法加载模块:__PUBLIC__

[ 2018-01-02T11:36:21+08:00 ] ::1 /jiaolianyuan/__PUBLIC__/CSS/style.css
INFO: [ app_init ] --START--
INFO: Run Behavior\BuildLiteBehavior [ RunTime:0.000012s ]
INFO: [ app_init ] --END-- [ RunTime:0.000506s ]
ERR: 无法加载模块:__PUBLIC__

[ 2018-01-02T11:36:21+08:00 ] ::1 /jiaolianyuan/__PUBLIC__/images/web%E9%A6%96%E9%A1%B5%E7%B4%A0%E6%9D%90/logo.png
INFO: [ app_init ] --START--
INFO: Run Behavior\BuildLiteBehavior [ RunTime:0.000015s ]
INFO: [ app_init ] --END-- [ RunTime:0.000486s ]
ERR: 无法加载模块:__PUBLIC__

[ 2018-01-02T11:36:21+08:00 ] ::1 /jiaolianyuan/__PUBLIC__/js/coach.js
INFO: [ app_init ] --START--
INFO: Run Behavior\BuildLiteBehavior [ RunTime:0.000013s ]
INFO: [ app_init ] --END-- [ RunTime:0.000467s ]
ERR: 无法加载模块:__PUBLIC__

[ 2018-01-02T11:36:21+08:00 ] ::1 /jiaolianyuan/__PUBLIC__/images/web%E9%A6%96%E9%A1%B5%E7%B4%A0%E6%9D%90/%E5%A4%A7%E8%BD%AE%E6%92%AD.jpg
INFO: [ app_init ] --START--
INFO: Run Behavior\BuildLiteBehavior [ RunTime:0.000018s ]
INFO: [ app_init ] --END-- [ RunTime:0.000696s ]
ERR: 无法加载模块:__PUBLIC__

LIC__

[ 2018-01-02T11:36:21+08:00 ] ::1 /jiaolianyuan/__PUBLIC__/CSS/style.css
INFO: [ app_init ] --START--
INFO: Run Behavior\BuildLiteBehavior [ RunTime:0.000021s ]
INFO: [ app_init ] --END-- [ RunTime:0.000710s ]
ERR: 无法加载模块:__PUBLIC__

[ 2018-01-02T11:36:21+08:00 ] ::1 /jiaolianyuan/__PUBLIC__/images/web%E9%A6%96%E9%A1%B5%E7%B4%A0%E6%9D%90/%E5%9B%BE%E6%A0%87%E5%B9%BF%E5%91%8A/%E6%95%99%E7%BB%83%E6%8C%87%E5%AF%BC%E5%AD%A6%E5%91%98.png
INFO: [ app_init ] --START--
INFO: Run Behavior\BuildLiteBehavior [ RunTime:0.000045s ]
INFO: [ app_init ] --END-- [ RunTime:0.000767s ]
ERR: 无法加载模块:__PUBLIC__

[ 2018-01-02T11:36:21+08:00 ] ::1 /jiaolianyuan/__PUBLIC__/images/web%E9%A6%96%E9%A1%B5%E7%B4%A0%E6%9D%90/%E5%9B%BE%E6%A0%87%E5%B9%BF%E5%91%8A/%E5%A4%9A%E6%B8%A0%E9%81%93%E8%A7%A3%E5%86%B3%E9%97%AE%E9%A2%98.png
INFO: [ app_init ] --START--
INFO: Run Behavior\BuildLiteBehavior [ RunTime:0.000024s ]
INFO: [ app_init ] --END-- [ RunTime:0.005566s ]
ERR: 无法加载模块:__PUBLIC__

[ 2018-01-02T11:36:21+08:00 ] ::1 /jiaolianyuan/__PUBLIC__/images/%7B$hotClassList['classpic']%7D
INFO: [ app_init ] --START--
INFO: Run Behavior\BuildLiteBehavior [ RunTime:0.000042s ]
INFO: [ app_init ] --END-- [ RunTime:0.000692s ]
ERR: 无法加载模块:__PUBLIC__

[ 2018-01-02T11:36:21+08:00 ] ::1 /jiaolianyuan/__PUBLIC__/images/web%E9%A6%96%E9%A1%B5%E7%B4%A0%E6%9D%90/%E5%9B%BE%E6%A0%87%E5%B9%BF%E5%91%8A/%E4%BA%91%E7%9B%98%E4%B8%80%E9%94%AE%E4%B8%8B%E8%BD%BD.png
INFO: [ app_init ] --START--
INFO: Run Behavior\BuildLiteBehavior [ RunTime:0.000022s ]
INFO: [ app_init ] --END-- [ RunTime:0.000654s ]
ERR: 无法加载模块:__PUBLIC__

[ 2018-01-02T11:36:21+08:00 ] ::1 /jiaolianyuan/__PUBLIC__/images/web%E9%A6%96%E9%A1%B5%E7%B4%A0%E6%9D%90/%E5%9B%BE%E6%A0%87%E5%B9%BF%E5%91%8A/%E6%8F%90%E5%8D%87%E7%A9%BA%E9%97%B4%E5%A4%A7.png
INFO: [ app_init ] --START--
INFO: Run Behavior\BuildLiteBehavior [ RunTime:0.000021s ]
INFO: [ app_init ] --END-- [ RunTime:0.000657s ]
ERR: 无法加载模块:__PUBLIC__

[ 2018-01-02T11:36:21+08:00 ] ::1 /jiaolianyuan/__PUBLIC__/images/%7B$phpData['classpic']%7D
INFO: [ app_init ] --START--
INFO: Run Behavior\BuildLiteBehavior [ RunTime:0.000020s ]
INFO: [ app_init ] --END-- [ RunTime:0.000689s ]
ERR: 无法加载模块:__PUBLIC__

[ 2018-01-02T11:36:21+08:00 ] ::1 /jiaolianyuan/__PUBLIC__/images/web%E9%A6%96%E9%A1%B5%E7%B4%A0%E6%9D%90/29.jpg
INFO: [ app_init ] --START--
INFO: Run Behavior\BuildLiteBehavior [ RunTime:0.000078s ]
INFO: [ app_init ] --END-- [ RunTime:0.004804s ]
ERR: 无法加载模块:__PUBLIC__

[ 2018-01-02T11:36:21+08:00 ] ::1 /jiaolianyuan/__PUBLIC__/images/web%E9%A6%96%E9%A1%B5%E7%B4%A0%E6%9D%90/1.jpg
INFO: [ app_init ] --START--
INFO: Run Behavior\BuildLiteBehavior [ RunTime:0.000022s ]
INFO: [ app_init ] --END-- [ RunTime:0.005673s ]
ERR: 无法加载模块:__PUBLIC__

[ 2018-01-02T11:36:21+08:00 ] ::1 /jiaolianyuan/__PUBLIC__/images/web%E9%A6%96%E9%A1%B5%E7%B4%A0%E6%9D%90/php%E5%B7%A5%E7%A8%8B%E5%B8%88/%E5%B9%BF%E5%91%8A.png
INFO: [ app_init ] --START--
INFO: Run Behavior\BuildLiteBehavior [ RunTime:0.000047s ]
INFO: [ app_init ] --END-- [ RunTime:0.001828s ]
ERR: 无法加载模块:__PUBLIC__

